[2025-10-30T21:53:43.592-0700] {local_task_job_runner.py:120} INFO - ::group::Pre task execution logs
[2025-10-30T21:53:43.688-0700] {taskinstance.py:2076} INFO - Dependencies all met for dep_context=non-requeueable deps ti=<TaskInstance: x_market_etl_dag.textblob_sentiment manual__2025-10-31T04:53:29.538876+00:00 [queued]>
[2025-10-30T21:53:43.720-0700] {taskinstance.py:2076} INFO - Dependencies all met for dep_context=requeueable deps ti=<TaskInstance: x_market_etl_dag.textblob_sentiment manual__2025-10-31T04:53:29.538876+00:00 [queued]>
[2025-10-30T21:53:43.724-0700] {taskinstance.py:2306} INFO - Starting attempt 1 of 2
[2025-10-30T21:53:43.820-0700] {taskinstance.py:2330} INFO - Executing <Task(BashOperator): textblob_sentiment> on 2025-10-31 04:53:29.538876+00:00
[2025-10-30T21:53:43.832-0700] {standard_task_runner.py:64} INFO - Started process 3835 to run task
[2025-10-30T21:53:43.839-0700] {standard_task_runner.py:90} INFO - Running: ['airflow', 'tasks', 'run', 'x_market_etl_dag', 'textblob_sentiment', 'manual__2025-10-31T04:53:29.538876+00:00', '--job-id', '14', '--raw', '--subdir', 'DAGS_FOLDER/x_market_etl_dag.py', '--cfg-path', '/tmp/tmp183uigyy']
[2025-10-30T21:53:43.846-0700] {standard_task_runner.py:91} INFO - Job 14: Subtask textblob_sentiment
[2025-10-30T21:53:44.064-0700] {task_command.py:426} INFO - Running <TaskInstance: x_market_etl_dag.textblob_sentiment manual__2025-10-31T04:53:29.538876+00:00 [running]> on host MY-PC.localdomain
[2025-10-30T21:53:45.242-0700] {taskinstance.py:2648} INFO - Exporting env vars: AIRFLOW_CTX_DAG_OWNER='vishn' AIRFLOW_CTX_DAG_ID='x_market_etl_dag' AIRFLOW_CTX_TASK_ID='textblob_sentiment' AIRFLOW_CTX_EXECUTION_DATE='2025-10-31T04:53:29.538876+00:00' AIRFLOW_CTX_TRY_NUMBER='1' AIRFLOW_CTX_DAG_RUN_ID='manual__2025-10-31T04:53:29.538876+00:00'
[2025-10-30T21:53:45.248-0700] {taskinstance.py:430} INFO - ::endgroup::
[2025-10-30T21:53:45.250-0700] {subprocess.py:63} INFO - Tmp dir root location: /tmp
[2025-10-30T21:53:45.251-0700] {subprocess.py:75} INFO - Running command: ['/usr/bin/bash', '-c', "python '/mnt/c/Users/vishn/Downloads/Shift/Programming/code+lab/X_Market_Analysis/scripts/textblob_sentiment.py'"]
[2025-10-30T21:53:45.263-0700] {subprocess.py:86} INFO - Output:
[2025-10-30T21:53:47.239-0700] {subprocess.py:93} INFO - 🌐 Running in WSL — using Windows host IP: 172.23.240.1
[2025-10-30T21:53:47.241-0700] {subprocess.py:93} INFO - 🔗 Connected to PostgreSQL at 172.23.240.1:5432
[2025-10-30T21:53:47.246-0700] {subprocess.py:93} INFO - 📂 Loaded 100 tweets from /mnt/c/Users/vishn/Downloads/Shift/Programming/code+lab/X_Market_Analysis/fed_sentiment_tweets.csv
[2025-10-30T21:53:47.248-0700] {subprocess.py:93} INFO - 🧮 Found 210 existing analyzed tweets.
[2025-10-30T21:53:47.249-0700] {subprocess.py:93} INFO - ✅ No new tweets to analyze.
[2025-10-30T21:53:47.465-0700] {subprocess.py:97} INFO - Command exited with return code 0
[2025-10-30T21:53:47.469-0700] {taskinstance.py:441} INFO - ::group::Post task execution logs
[2025-10-30T21:53:47.569-0700] {taskinstance.py:1206} INFO - Marking task as SUCCESS. dag_id=x_market_etl_dag, task_id=textblob_sentiment, run_id=manual__2025-10-31T04:53:29.538876+00:00, execution_date=20251031T045329, start_date=20251031T045343, end_date=20251031T045347
[2025-10-30T21:53:47.687-0700] {local_task_job_runner.py:243} INFO - Task exited with return code 0
[2025-10-30T21:53:47.760-0700] {taskinstance.py:3503} INFO - 1 downstream tasks scheduled from follow-on schedule check
[2025-10-30T21:53:47.784-0700] {local_task_job_runner.py:222} INFO - ::endgroup::
