[2025-10-30T21:49:32.642-0700] {local_task_job_runner.py:120} INFO - ::group::Pre task execution logs
[2025-10-30T21:49:32.690-0700] {taskinstance.py:2076} INFO - Dependencies all met for dep_context=non-requeueable deps ti=<TaskInstance: x_market_etl_dag.network_analysis manual__2025-10-31T04:45:04.360434+00:00 [queued]>
[2025-10-30T21:49:32.709-0700] {taskinstance.py:2076} INFO - Dependencies all met for dep_context=requeueable deps ti=<TaskInstance: x_market_etl_dag.network_analysis manual__2025-10-31T04:45:04.360434+00:00 [queued]>
[2025-10-30T21:49:32.710-0700] {taskinstance.py:2306} INFO - Starting attempt 1 of 2
[2025-10-30T21:49:32.939-0700] {taskinstance.py:2330} INFO - Executing <Task(BashOperator): network_analysis> on 2025-10-31 04:45:04.360434+00:00
[2025-10-30T21:49:32.955-0700] {standard_task_runner.py:64} INFO - Started process 3572 to run task
[2025-10-30T21:49:32.969-0700] {standard_task_runner.py:90} INFO - Running: ['airflow', 'tasks', 'run', 'x_market_etl_dag', 'network_analysis', 'manual__2025-10-31T04:45:04.360434+00:00', '--job-id', '11', '--raw', '--subdir', 'DAGS_FOLDER/x_market_etl_dag.py', '--cfg-path', '/tmp/tmpa_a2_39p']
[2025-10-30T21:49:32.973-0700] {standard_task_runner.py:91} INFO - Job 11: Subtask network_analysis
[2025-10-30T21:49:33.478-0700] {task_command.py:426} INFO - Running <TaskInstance: x_market_etl_dag.network_analysis manual__2025-10-31T04:45:04.360434+00:00 [running]> on host MY-PC.localdomain
[2025-10-30T21:49:34.024-0700] {taskinstance.py:2648} INFO - Exporting env vars: AIRFLOW_CTX_DAG_OWNER='vishn' AIRFLOW_CTX_DAG_ID='x_market_etl_dag' AIRFLOW_CTX_TASK_ID='network_analysis' AIRFLOW_CTX_EXECUTION_DATE='2025-10-31T04:45:04.360434+00:00' AIRFLOW_CTX_TRY_NUMBER='1' AIRFLOW_CTX_DAG_RUN_ID='manual__2025-10-31T04:45:04.360434+00:00'
[2025-10-30T21:49:34.027-0700] {taskinstance.py:430} INFO - ::endgroup::
[2025-10-30T21:49:34.029-0700] {subprocess.py:63} INFO - Tmp dir root location: /tmp
[2025-10-30T21:49:34.031-0700] {subprocess.py:75} INFO - Running command: ['/usr/bin/bash', '-c', "python '/mnt/c/Users/vishn/Downloads/Shift/Programming/code+lab/X_Market_Analysis/scripts/network_analysis.py'"]
[2025-10-30T21:49:34.062-0700] {subprocess.py:86} INFO - Output:
[2025-10-30T21:49:36.818-0700] {subprocess.py:93} INFO - 🌐 Running in WSL — using Windows host IP: 172.23.240.1
[2025-10-30T21:49:36.819-0700] {subprocess.py:93} INFO - 🔗 Connected to PostgreSQL at 172.23.240.1:5432
[2025-10-30T21:49:36.819-0700] {subprocess.py:93} INFO - 📂 Loaded 210 tweets from database
[2025-10-30T21:49:36.820-0700] {subprocess.py:93} INFO - 🏷️ Saved nodes with auto-tagging → nodes_metrics.csv
[2025-10-30T21:49:36.820-0700] {subprocess.py:93} INFO - ⭐ Exported top_accounts.csv and top_hashtags.csv
[2025-10-30T21:49:36.821-0700] {subprocess.py:93} INFO - 🌐 Interactive network saved → /mnt/c/Users/vishn/Downloads/Shift/Programming/code+lab/X_Market_Analysis/data/network/network_overview.html
[2025-10-30T21:49:37.053-0700] {subprocess.py:97} INFO - Command exited with return code 0
[2025-10-30T21:49:37.055-0700] {taskinstance.py:441} INFO - ::group::Post task execution logs
[2025-10-30T21:49:37.165-0700] {taskinstance.py:1206} INFO - Marking task as SUCCESS. dag_id=x_market_etl_dag, task_id=network_analysis, run_id=manual__2025-10-31T04:45:04.360434+00:00, execution_date=20251031T044504, start_date=20251031T044932, end_date=20251031T044937
[2025-10-30T21:49:37.292-0700] {local_task_job_runner.py:243} INFO - Task exited with return code 0
[2025-10-30T21:49:37.379-0700] {taskinstance.py:3503} INFO - 1 downstream tasks scheduled from follow-on schedule check
[2025-10-30T21:49:37.407-0700] {local_task_job_runner.py:222} INFO - ::endgroup::
