[2025-10-30T20:58:35.779-0700] {processor.py:161} INFO - Started process (PID=563) to work on /usr/local/lib/python3.10/dist-packages/airflow/example_dags/example_kubernetes_executor.py
[2025-10-30T20:58:35.781-0700] {processor.py:830} INFO - Processing file /usr/local/lib/python3.10/dist-packages/airflow/example_dags/example_kubernetes_executor.py for tasks to queue
[2025-10-30T20:58:35.783-0700] {logging_mixin.py:188} INFO - [2025-10-30T20:58:35.783-0700] {dagbag.py:545} INFO - Filling up the DagBag from /usr/local/lib/python3.10/dist-packages/airflow/example_dags/example_kubernetes_executor.py
[2025-10-30T20:58:35.787-0700] {logging_mixin.py:188} INFO - [2025-10-30T20:58:35.786-0700] {example_kubernetes_executor.py:39} WARNING - The example_kubernetes_executor example DAG requires the kubernetes provider. Please install it with: pip install apache-airflow[cncf.kubernetes]
[2025-10-30T20:58:35.788-0700] {processor.py:842} WARNING - No viable dags retrieved from /usr/local/lib/python3.10/dist-packages/airflow/example_dags/example_kubernetes_executor.py
[2025-10-30T20:58:35.815-0700] {processor.py:183} INFO - Processing /usr/local/lib/python3.10/dist-packages/airflow/example_dags/example_kubernetes_executor.py took 0.045 seconds
[2025-10-30T20:59:54.465-0700] {processor.py:161} INFO - Started process (PID=640) to work on /usr/local/lib/python3.10/dist-packages/airflow/example_dags/example_kubernetes_executor.py
[2025-10-30T20:59:54.467-0700] {processor.py:830} INFO - Processing file /usr/local/lib/python3.10/dist-packages/airflow/example_dags/example_kubernetes_executor.py for tasks to queue
[2025-10-30T20:59:54.468-0700] {logging_mixin.py:188} INFO - [2025-10-30T20:59:54.468-0700] {dagbag.py:545} INFO - Filling up the DagBag from /usr/local/lib/python3.10/dist-packages/airflow/example_dags/example_kubernetes_executor.py
[2025-10-30T20:59:54.471-0700] {logging_mixin.py:188} INFO - [2025-10-30T20:59:54.471-0700] {example_kubernetes_executor.py:39} WARNING - The example_kubernetes_executor example DAG requires the kubernetes provider. Please install it with: pip install apache-airflow[cncf.kubernetes]
[2025-10-30T20:59:54.472-0700] {processor.py:842} WARNING - No viable dags retrieved from /usr/local/lib/python3.10/dist-packages/airflow/example_dags/example_kubernetes_executor.py
[2025-10-30T20:59:54.506-0700] {processor.py:183} INFO - Processing /usr/local/lib/python3.10/dist-packages/airflow/example_dags/example_kubernetes_executor.py took 0.047 seconds
[2025-10-30T21:01:06.013-0700] {processor.py:161} INFO - Started process (PID=714) to work on /usr/local/lib/python3.10/dist-packages/airflow/example_dags/example_kubernetes_executor.py
[2025-10-30T21:01:06.015-0700] {processor.py:830} INFO - Processing file /usr/local/lib/python3.10/dist-packages/airflow/example_dags/example_kubernetes_executor.py for tasks to queue
[2025-10-30T21:01:06.016-0700] {logging_mixin.py:188} INFO - [2025-10-30T21:01:06.016-0700] {dagbag.py:545} INFO - Filling up the DagBag from /usr/local/lib/python3.10/dist-packages/airflow/example_dags/example_kubernetes_executor.py
[2025-10-30T21:01:06.019-0700] {logging_mixin.py:188} INFO - [2025-10-30T21:01:06.019-0700] {example_kubernetes_executor.py:39} WARNING - The example_kubernetes_executor example DAG requires the kubernetes provider. Please install it with: pip install apache-airflow[cncf.kubernetes]
[2025-10-30T21:01:06.019-0700] {processor.py:842} WARNING - No viable dags retrieved from /usr/local/lib/python3.10/dist-packages/airflow/example_dags/example_kubernetes_executor.py
[2025-10-30T21:01:06.046-0700] {processor.py:183} INFO - Processing /usr/local/lib/python3.10/dist-packages/airflow/example_dags/example_kubernetes_executor.py took 0.039 seconds
[2025-10-30T21:02:12.720-0700] {processor.py:161} INFO - Started process (PID=788) to work on /usr/local/lib/python3.10/dist-packages/airflow/example_dags/example_kubernetes_executor.py
[2025-10-30T21:02:12.721-0700] {processor.py:830} INFO - Processing file /usr/local/lib/python3.10/dist-packages/airflow/example_dags/example_kubernetes_executor.py for tasks to queue
[2025-10-30T21:02:12.722-0700] {logging_mixin.py:188} INFO - [2025-10-30T21:02:12.722-0700] {dagbag.py:545} INFO - Filling up the DagBag from /usr/local/lib/python3.10/dist-packages/airflow/example_dags/example_kubernetes_executor.py
[2025-10-30T21:02:12.725-0700] {logging_mixin.py:188} INFO - [2025-10-30T21:02:12.724-0700] {example_kubernetes_executor.py:39} WARNING - The example_kubernetes_executor example DAG requires the kubernetes provider. Please install it with: pip install apache-airflow[cncf.kubernetes]
[2025-10-30T21:02:12.725-0700] {processor.py:842} WARNING - No viable dags retrieved from /usr/local/lib/python3.10/dist-packages/airflow/example_dags/example_kubernetes_executor.py
[2025-10-30T21:02:12.749-0700] {processor.py:183} INFO - Processing /usr/local/lib/python3.10/dist-packages/airflow/example_dags/example_kubernetes_executor.py took 0.034 seconds
[2025-10-30T21:03:22.865-0700] {processor.py:161} INFO - Started process (PID=860) to work on /usr/local/lib/python3.10/dist-packages/airflow/example_dags/example_kubernetes_executor.py
[2025-10-30T21:03:22.866-0700] {processor.py:830} INFO - Processing file /usr/local/lib/python3.10/dist-packages/airflow/example_dags/example_kubernetes_executor.py for tasks to queue
[2025-10-30T21:03:22.867-0700] {logging_mixin.py:188} INFO - [2025-10-30T21:03:22.867-0700] {dagbag.py:545} INFO - Filling up the DagBag from /usr/local/lib/python3.10/dist-packages/airflow/example_dags/example_kubernetes_executor.py
[2025-10-30T21:03:22.870-0700] {logging_mixin.py:188} INFO - [2025-10-30T21:03:22.870-0700] {example_kubernetes_executor.py:39} WARNING - The example_kubernetes_executor example DAG requires the kubernetes provider. Please install it with: pip install apache-airflow[cncf.kubernetes]
[2025-10-30T21:03:22.870-0700] {processor.py:842} WARNING - No viable dags retrieved from /usr/local/lib/python3.10/dist-packages/airflow/example_dags/example_kubernetes_executor.py
[2025-10-30T21:03:22.915-0700] {processor.py:183} INFO - Processing /usr/local/lib/python3.10/dist-packages/airflow/example_dags/example_kubernetes_executor.py took 0.054 seconds
[2025-10-30T21:04:38.256-0700] {processor.py:161} INFO - Started process (PID=936) to work on /usr/local/lib/python3.10/dist-packages/airflow/example_dags/example_kubernetes_executor.py
[2025-10-30T21:04:38.257-0700] {processor.py:830} INFO - Processing file /usr/local/lib/python3.10/dist-packages/airflow/example_dags/example_kubernetes_executor.py for tasks to queue
[2025-10-30T21:04:38.258-0700] {logging_mixin.py:188} INFO - [2025-10-30T21:04:38.258-0700] {dagbag.py:545} INFO - Filling up the DagBag from /usr/local/lib/python3.10/dist-packages/airflow/example_dags/example_kubernetes_executor.py
[2025-10-30T21:04:38.261-0700] {logging_mixin.py:188} INFO - [2025-10-30T21:04:38.260-0700] {example_kubernetes_executor.py:39} WARNING - The example_kubernetes_executor example DAG requires the kubernetes provider. Please install it with: pip install apache-airflow[cncf.kubernetes]
[2025-10-30T21:04:38.261-0700] {processor.py:842} WARNING - No viable dags retrieved from /usr/local/lib/python3.10/dist-packages/airflow/example_dags/example_kubernetes_executor.py
[2025-10-30T21:04:38.287-0700] {processor.py:183} INFO - Processing /usr/local/lib/python3.10/dist-packages/airflow/example_dags/example_kubernetes_executor.py took 0.036 seconds
[2025-10-30T21:05:44.101-0700] {processor.py:161} INFO - Started process (PID=1005) to work on /usr/local/lib/python3.10/dist-packages/airflow/example_dags/example_kubernetes_executor.py
[2025-10-30T21:05:44.102-0700] {processor.py:830} INFO - Processing file /usr/local/lib/python3.10/dist-packages/airflow/example_dags/example_kubernetes_executor.py for tasks to queue
[2025-10-30T21:05:44.103-0700] {logging_mixin.py:188} INFO - [2025-10-30T21:05:44.103-0700] {dagbag.py:545} INFO - Filling up the DagBag from /usr/local/lib/python3.10/dist-packages/airflow/example_dags/example_kubernetes_executor.py
[2025-10-30T21:05:44.107-0700] {logging_mixin.py:188} INFO - [2025-10-30T21:05:44.107-0700] {example_kubernetes_executor.py:39} WARNING - The example_kubernetes_executor example DAG requires the kubernetes provider. Please install it with: pip install apache-airflow[cncf.kubernetes]
[2025-10-30T21:05:44.108-0700] {processor.py:842} WARNING - No viable dags retrieved from /usr/local/lib/python3.10/dist-packages/airflow/example_dags/example_kubernetes_executor.py
[2025-10-30T21:05:44.141-0700] {processor.py:183} INFO - Processing /usr/local/lib/python3.10/dist-packages/airflow/example_dags/example_kubernetes_executor.py took 0.045 seconds
[2025-10-30T21:08:28.811-0700] {processor.py:161} INFO - Started process (PID=1108) to work on /usr/local/lib/python3.10/dist-packages/airflow/example_dags/example_kubernetes_executor.py
[2025-10-30T21:08:28.813-0700] {processor.py:830} INFO - Processing file /usr/local/lib/python3.10/dist-packages/airflow/example_dags/example_kubernetes_executor.py for tasks to queue
[2025-10-30T21:08:28.815-0700] {logging_mixin.py:188} INFO - [2025-10-30T21:08:28.815-0700] {dagbag.py:545} INFO - Filling up the DagBag from /usr/local/lib/python3.10/dist-packages/airflow/example_dags/example_kubernetes_executor.py
[2025-10-30T21:08:28.822-0700] {logging_mixin.py:188} INFO - [2025-10-30T21:08:28.821-0700] {example_kubernetes_executor.py:39} WARNING - The example_kubernetes_executor example DAG requires the kubernetes provider. Please install it with: pip install apache-airflow[cncf.kubernetes]
[2025-10-30T21:08:28.822-0700] {processor.py:842} WARNING - No viable dags retrieved from /usr/local/lib/python3.10/dist-packages/airflow/example_dags/example_kubernetes_executor.py
[2025-10-30T21:08:28.849-0700] {processor.py:183} INFO - Processing /usr/local/lib/python3.10/dist-packages/airflow/example_dags/example_kubernetes_executor.py took 0.051 seconds
[2025-10-30T21:09:40.766-0700] {processor.py:161} INFO - Started process (PID=1181) to work on /usr/local/lib/python3.10/dist-packages/airflow/example_dags/example_kubernetes_executor.py
[2025-10-30T21:09:40.768-0700] {processor.py:830} INFO - Processing file /usr/local/lib/python3.10/dist-packages/airflow/example_dags/example_kubernetes_executor.py for tasks to queue
[2025-10-30T21:09:40.771-0700] {logging_mixin.py:188} INFO - [2025-10-30T21:09:40.770-0700] {dagbag.py:545} INFO - Filling up the DagBag from /usr/local/lib/python3.10/dist-packages/airflow/example_dags/example_kubernetes_executor.py
[2025-10-30T21:09:40.780-0700] {logging_mixin.py:188} INFO - [2025-10-30T21:09:40.779-0700] {example_kubernetes_executor.py:39} WARNING - The example_kubernetes_executor example DAG requires the kubernetes provider. Please install it with: pip install apache-airflow[cncf.kubernetes]
[2025-10-30T21:09:40.781-0700] {processor.py:842} WARNING - No viable dags retrieved from /usr/local/lib/python3.10/dist-packages/airflow/example_dags/example_kubernetes_executor.py
[2025-10-30T21:09:40.832-0700] {processor.py:183} INFO - Processing /usr/local/lib/python3.10/dist-packages/airflow/example_dags/example_kubernetes_executor.py took 0.073 seconds
[2025-10-30T21:10:59.985-0700] {processor.py:161} INFO - Started process (PID=1256) to work on /usr/local/lib/python3.10/dist-packages/airflow/example_dags/example_kubernetes_executor.py
[2025-10-30T21:10:59.987-0700] {processor.py:830} INFO - Processing file /usr/local/lib/python3.10/dist-packages/airflow/example_dags/example_kubernetes_executor.py for tasks to queue
[2025-10-30T21:10:59.990-0700] {logging_mixin.py:188} INFO - [2025-10-30T21:10:59.990-0700] {dagbag.py:545} INFO - Filling up the DagBag from /usr/local/lib/python3.10/dist-packages/airflow/example_dags/example_kubernetes_executor.py
[2025-10-30T21:10:59.998-0700] {logging_mixin.py:188} INFO - [2025-10-30T21:10:59.998-0700] {example_kubernetes_executor.py:39} WARNING - The example_kubernetes_executor example DAG requires the kubernetes provider. Please install it with: pip install apache-airflow[cncf.kubernetes]
[2025-10-30T21:10:59.999-0700] {processor.py:842} WARNING - No viable dags retrieved from /usr/local/lib/python3.10/dist-packages/airflow/example_dags/example_kubernetes_executor.py
[2025-10-30T21:11:00.036-0700] {processor.py:183} INFO - Processing /usr/local/lib/python3.10/dist-packages/airflow/example_dags/example_kubernetes_executor.py took 0.057 seconds
[2025-10-30T21:12:23.450-0700] {processor.py:161} INFO - Started process (PID=1340) to work on /usr/local/lib/python3.10/dist-packages/airflow/example_dags/example_kubernetes_executor.py
[2025-10-30T21:12:23.452-0700] {processor.py:830} INFO - Processing file /usr/local/lib/python3.10/dist-packages/airflow/example_dags/example_kubernetes_executor.py for tasks to queue
[2025-10-30T21:12:23.457-0700] {logging_mixin.py:188} INFO - [2025-10-30T21:12:23.456-0700] {dagbag.py:545} INFO - Filling up the DagBag from /usr/local/lib/python3.10/dist-packages/airflow/example_dags/example_kubernetes_executor.py
[2025-10-30T21:12:23.470-0700] {logging_mixin.py:188} INFO - [2025-10-30T21:12:23.467-0700] {example_kubernetes_executor.py:39} WARNING - The example_kubernetes_executor example DAG requires the kubernetes provider. Please install it with: pip install apache-airflow[cncf.kubernetes]
[2025-10-30T21:12:23.474-0700] {processor.py:842} WARNING - No viable dags retrieved from /usr/local/lib/python3.10/dist-packages/airflow/example_dags/example_kubernetes_executor.py
[2025-10-30T21:12:23.530-0700] {processor.py:183} INFO - Processing /usr/local/lib/python3.10/dist-packages/airflow/example_dags/example_kubernetes_executor.py took 0.090 seconds
[2025-10-30T21:13:46.356-0700] {processor.py:161} INFO - Started process (PID=1417) to work on /usr/local/lib/python3.10/dist-packages/airflow/example_dags/example_kubernetes_executor.py
[2025-10-30T21:13:46.359-0700] {processor.py:830} INFO - Processing file /usr/local/lib/python3.10/dist-packages/airflow/example_dags/example_kubernetes_executor.py for tasks to queue
[2025-10-30T21:13:46.375-0700] {logging_mixin.py:188} INFO - [2025-10-30T21:13:46.374-0700] {dagbag.py:545} INFO - Filling up the DagBag from /usr/local/lib/python3.10/dist-packages/airflow/example_dags/example_kubernetes_executor.py
[2025-10-30T21:13:46.388-0700] {logging_mixin.py:188} INFO - [2025-10-30T21:13:46.388-0700] {example_kubernetes_executor.py:39} WARNING - The example_kubernetes_executor example DAG requires the kubernetes provider. Please install it with: pip install apache-airflow[cncf.kubernetes]
[2025-10-30T21:13:46.389-0700] {processor.py:842} WARNING - No viable dags retrieved from /usr/local/lib/python3.10/dist-packages/airflow/example_dags/example_kubernetes_executor.py
[2025-10-30T21:13:46.426-0700] {processor.py:183} INFO - Processing /usr/local/lib/python3.10/dist-packages/airflow/example_dags/example_kubernetes_executor.py took 0.090 seconds
[2025-10-30T21:15:50.196-0700] {processor.py:161} INFO - Started process (PID=1507) to work on /usr/local/lib/python3.10/dist-packages/airflow/example_dags/example_kubernetes_executor.py
[2025-10-30T21:15:50.198-0700] {processor.py:830} INFO - Processing file /usr/local/lib/python3.10/dist-packages/airflow/example_dags/example_kubernetes_executor.py for tasks to queue
[2025-10-30T21:15:50.201-0700] {logging_mixin.py:188} INFO - [2025-10-30T21:15:50.200-0700] {dagbag.py:545} INFO - Filling up the DagBag from /usr/local/lib/python3.10/dist-packages/airflow/example_dags/example_kubernetes_executor.py
[2025-10-30T21:15:50.206-0700] {logging_mixin.py:188} INFO - [2025-10-30T21:15:50.206-0700] {example_kubernetes_executor.py:39} WARNING - The example_kubernetes_executor example DAG requires the kubernetes provider. Please install it with: pip install apache-airflow[cncf.kubernetes]
[2025-10-30T21:15:50.207-0700] {processor.py:842} WARNING - No viable dags retrieved from /usr/local/lib/python3.10/dist-packages/airflow/example_dags/example_kubernetes_executor.py
[2025-10-30T21:15:50.236-0700] {processor.py:183} INFO - Processing /usr/local/lib/python3.10/dist-packages/airflow/example_dags/example_kubernetes_executor.py took 0.050 seconds
[2025-10-30T21:17:13.418-0700] {processor.py:161} INFO - Started process (PID=1584) to work on /usr/local/lib/python3.10/dist-packages/airflow/example_dags/example_kubernetes_executor.py
[2025-10-30T21:17:13.420-0700] {processor.py:830} INFO - Processing file /usr/local/lib/python3.10/dist-packages/airflow/example_dags/example_kubernetes_executor.py for tasks to queue
[2025-10-30T21:17:13.422-0700] {logging_mixin.py:188} INFO - [2025-10-30T21:17:13.422-0700] {dagbag.py:545} INFO - Filling up the DagBag from /usr/local/lib/python3.10/dist-packages/airflow/example_dags/example_kubernetes_executor.py
[2025-10-30T21:17:13.429-0700] {logging_mixin.py:188} INFO - [2025-10-30T21:17:13.429-0700] {example_kubernetes_executor.py:39} WARNING - The example_kubernetes_executor example DAG requires the kubernetes provider. Please install it with: pip install apache-airflow[cncf.kubernetes]
[2025-10-30T21:17:13.430-0700] {processor.py:842} WARNING - No viable dags retrieved from /usr/local/lib/python3.10/dist-packages/airflow/example_dags/example_kubernetes_executor.py
[2025-10-30T21:17:13.463-0700] {processor.py:183} INFO - Processing /usr/local/lib/python3.10/dist-packages/airflow/example_dags/example_kubernetes_executor.py took 0.054 seconds
[2025-10-30T21:18:37.179-0700] {processor.py:161} INFO - Started process (PID=1659) to work on /usr/local/lib/python3.10/dist-packages/airflow/example_dags/example_kubernetes_executor.py
[2025-10-30T21:18:37.182-0700] {processor.py:830} INFO - Processing file /usr/local/lib/python3.10/dist-packages/airflow/example_dags/example_kubernetes_executor.py for tasks to queue
[2025-10-30T21:18:37.185-0700] {logging_mixin.py:188} INFO - [2025-10-30T21:18:37.185-0700] {dagbag.py:545} INFO - Filling up the DagBag from /usr/local/lib/python3.10/dist-packages/airflow/example_dags/example_kubernetes_executor.py
[2025-10-30T21:18:37.193-0700] {logging_mixin.py:188} INFO - [2025-10-30T21:18:37.192-0700] {example_kubernetes_executor.py:39} WARNING - The example_kubernetes_executor example DAG requires the kubernetes provider. Please install it with: pip install apache-airflow[cncf.kubernetes]
[2025-10-30T21:18:37.194-0700] {processor.py:842} WARNING - No viable dags retrieved from /usr/local/lib/python3.10/dist-packages/airflow/example_dags/example_kubernetes_executor.py
[2025-10-30T21:18:37.227-0700] {processor.py:183} INFO - Processing /usr/local/lib/python3.10/dist-packages/airflow/example_dags/example_kubernetes_executor.py took 0.058 seconds
[2025-10-30T21:20:01.002-0700] {processor.py:161} INFO - Started process (PID=1736) to work on /usr/local/lib/python3.10/dist-packages/airflow/example_dags/example_kubernetes_executor.py
[2025-10-30T21:20:01.005-0700] {processor.py:830} INFO - Processing file /usr/local/lib/python3.10/dist-packages/airflow/example_dags/example_kubernetes_executor.py for tasks to queue
[2025-10-30T21:20:01.008-0700] {logging_mixin.py:188} INFO - [2025-10-30T21:20:01.007-0700] {dagbag.py:545} INFO - Filling up the DagBag from /usr/local/lib/python3.10/dist-packages/airflow/example_dags/example_kubernetes_executor.py
[2025-10-30T21:20:01.019-0700] {logging_mixin.py:188} INFO - [2025-10-30T21:20:01.019-0700] {example_kubernetes_executor.py:39} WARNING - The example_kubernetes_executor example DAG requires the kubernetes provider. Please install it with: pip install apache-airflow[cncf.kubernetes]
[2025-10-30T21:20:01.020-0700] {processor.py:842} WARNING - No viable dags retrieved from /usr/local/lib/python3.10/dist-packages/airflow/example_dags/example_kubernetes_executor.py
[2025-10-30T21:20:01.057-0700] {processor.py:183} INFO - Processing /usr/local/lib/python3.10/dist-packages/airflow/example_dags/example_kubernetes_executor.py took 0.065 seconds
[2025-10-30T21:21:21.991-0700] {processor.py:161} INFO - Started process (PID=1811) to work on /usr/local/lib/python3.10/dist-packages/airflow/example_dags/example_kubernetes_executor.py
[2025-10-30T21:21:21.993-0700] {processor.py:830} INFO - Processing file /usr/local/lib/python3.10/dist-packages/airflow/example_dags/example_kubernetes_executor.py for tasks to queue
[2025-10-30T21:21:21.995-0700] {logging_mixin.py:188} INFO - [2025-10-30T21:21:21.995-0700] {dagbag.py:545} INFO - Filling up the DagBag from /usr/local/lib/python3.10/dist-packages/airflow/example_dags/example_kubernetes_executor.py
[2025-10-30T21:21:22.002-0700] {logging_mixin.py:188} INFO - [2025-10-30T21:21:22.002-0700] {example_kubernetes_executor.py:39} WARNING - The example_kubernetes_executor example DAG requires the kubernetes provider. Please install it with: pip install apache-airflow[cncf.kubernetes]
[2025-10-30T21:21:22.004-0700] {processor.py:842} WARNING - No viable dags retrieved from /usr/local/lib/python3.10/dist-packages/airflow/example_dags/example_kubernetes_executor.py
[2025-10-30T21:21:22.036-0700] {processor.py:183} INFO - Processing /usr/local/lib/python3.10/dist-packages/airflow/example_dags/example_kubernetes_executor.py took 0.053 seconds
[2025-10-30T21:22:42.224-0700] {processor.py:161} INFO - Started process (PID=1894) to work on /usr/local/lib/python3.10/dist-packages/airflow/example_dags/example_kubernetes_executor.py
[2025-10-30T21:22:42.226-0700] {processor.py:830} INFO - Processing file /usr/local/lib/python3.10/dist-packages/airflow/example_dags/example_kubernetes_executor.py for tasks to queue
[2025-10-30T21:22:42.228-0700] {logging_mixin.py:188} INFO - [2025-10-30T21:22:42.228-0700] {dagbag.py:545} INFO - Filling up the DagBag from /usr/local/lib/python3.10/dist-packages/airflow/example_dags/example_kubernetes_executor.py
[2025-10-30T21:22:42.238-0700] {logging_mixin.py:188} INFO - [2025-10-30T21:22:42.237-0700] {example_kubernetes_executor.py:39} WARNING - The example_kubernetes_executor example DAG requires the kubernetes provider. Please install it with: pip install apache-airflow[cncf.kubernetes]
[2025-10-30T21:22:42.239-0700] {processor.py:842} WARNING - No viable dags retrieved from /usr/local/lib/python3.10/dist-packages/airflow/example_dags/example_kubernetes_executor.py
[2025-10-30T21:22:42.290-0700] {processor.py:183} INFO - Processing /usr/local/lib/python3.10/dist-packages/airflow/example_dags/example_kubernetes_executor.py took 0.076 seconds
[2025-10-30T21:24:04.829-0700] {processor.py:161} INFO - Started process (PID=1979) to work on /usr/local/lib/python3.10/dist-packages/airflow/example_dags/example_kubernetes_executor.py
[2025-10-30T21:24:04.832-0700] {processor.py:830} INFO - Processing file /usr/local/lib/python3.10/dist-packages/airflow/example_dags/example_kubernetes_executor.py for tasks to queue
[2025-10-30T21:24:04.835-0700] {logging_mixin.py:188} INFO - [2025-10-30T21:24:04.835-0700] {dagbag.py:545} INFO - Filling up the DagBag from /usr/local/lib/python3.10/dist-packages/airflow/example_dags/example_kubernetes_executor.py
[2025-10-30T21:24:04.844-0700] {logging_mixin.py:188} INFO - [2025-10-30T21:24:04.843-0700] {example_kubernetes_executor.py:39} WARNING - The example_kubernetes_executor example DAG requires the kubernetes provider. Please install it with: pip install apache-airflow[cncf.kubernetes]
[2025-10-30T21:24:04.845-0700] {processor.py:842} WARNING - No viable dags retrieved from /usr/local/lib/python3.10/dist-packages/airflow/example_dags/example_kubernetes_executor.py
[2025-10-30T21:24:04.877-0700] {processor.py:183} INFO - Processing /usr/local/lib/python3.10/dist-packages/airflow/example_dags/example_kubernetes_executor.py took 0.060 seconds
[2025-10-30T21:25:24.698-0700] {processor.py:161} INFO - Started process (PID=2053) to work on /usr/local/lib/python3.10/dist-packages/airflow/example_dags/example_kubernetes_executor.py
[2025-10-30T21:25:24.700-0700] {processor.py:830} INFO - Processing file /usr/local/lib/python3.10/dist-packages/airflow/example_dags/example_kubernetes_executor.py for tasks to queue
[2025-10-30T21:25:24.703-0700] {logging_mixin.py:188} INFO - [2025-10-30T21:25:24.702-0700] {dagbag.py:545} INFO - Filling up the DagBag from /usr/local/lib/python3.10/dist-packages/airflow/example_dags/example_kubernetes_executor.py
[2025-10-30T21:25:24.716-0700] {logging_mixin.py:188} INFO - [2025-10-30T21:25:24.715-0700] {example_kubernetes_executor.py:39} WARNING - The example_kubernetes_executor example DAG requires the kubernetes provider. Please install it with: pip install apache-airflow[cncf.kubernetes]
[2025-10-30T21:25:24.717-0700] {processor.py:842} WARNING - No viable dags retrieved from /usr/local/lib/python3.10/dist-packages/airflow/example_dags/example_kubernetes_executor.py
[2025-10-30T21:25:24.755-0700] {processor.py:183} INFO - Processing /usr/local/lib/python3.10/dist-packages/airflow/example_dags/example_kubernetes_executor.py took 0.067 seconds
[2025-10-30T21:26:50.446-0700] {processor.py:161} INFO - Started process (PID=2130) to work on /usr/local/lib/python3.10/dist-packages/airflow/example_dags/example_kubernetes_executor.py
[2025-10-30T21:26:50.448-0700] {processor.py:830} INFO - Processing file /usr/local/lib/python3.10/dist-packages/airflow/example_dags/example_kubernetes_executor.py for tasks to queue
[2025-10-30T21:26:50.451-0700] {logging_mixin.py:188} INFO - [2025-10-30T21:26:50.450-0700] {dagbag.py:545} INFO - Filling up the DagBag from /usr/local/lib/python3.10/dist-packages/airflow/example_dags/example_kubernetes_executor.py
[2025-10-30T21:26:50.461-0700] {logging_mixin.py:188} INFO - [2025-10-30T21:26:50.460-0700] {example_kubernetes_executor.py:39} WARNING - The example_kubernetes_executor example DAG requires the kubernetes provider. Please install it with: pip install apache-airflow[cncf.kubernetes]
[2025-10-30T21:26:50.461-0700] {processor.py:842} WARNING - No viable dags retrieved from /usr/local/lib/python3.10/dist-packages/airflow/example_dags/example_kubernetes_executor.py
[2025-10-30T21:26:50.492-0700] {processor.py:183} INFO - Processing /usr/local/lib/python3.10/dist-packages/airflow/example_dags/example_kubernetes_executor.py took 0.052 seconds
[2025-10-30T21:28:13.498-0700] {processor.py:161} INFO - Started process (PID=2206) to work on /usr/local/lib/python3.10/dist-packages/airflow/example_dags/example_kubernetes_executor.py
[2025-10-30T21:28:13.500-0700] {processor.py:830} INFO - Processing file /usr/local/lib/python3.10/dist-packages/airflow/example_dags/example_kubernetes_executor.py for tasks to queue
[2025-10-30T21:28:13.503-0700] {logging_mixin.py:188} INFO - [2025-10-30T21:28:13.502-0700] {dagbag.py:545} INFO - Filling up the DagBag from /usr/local/lib/python3.10/dist-packages/airflow/example_dags/example_kubernetes_executor.py
[2025-10-30T21:28:13.517-0700] {logging_mixin.py:188} INFO - [2025-10-30T21:28:13.517-0700] {example_kubernetes_executor.py:39} WARNING - The example_kubernetes_executor example DAG requires the kubernetes provider. Please install it with: pip install apache-airflow[cncf.kubernetes]
[2025-10-30T21:28:13.518-0700] {processor.py:842} WARNING - No viable dags retrieved from /usr/local/lib/python3.10/dist-packages/airflow/example_dags/example_kubernetes_executor.py
[2025-10-30T21:28:13.561-0700] {processor.py:183} INFO - Processing /usr/local/lib/python3.10/dist-packages/airflow/example_dags/example_kubernetes_executor.py took 0.071 seconds
[2025-10-30T21:29:38.407-0700] {processor.py:161} INFO - Started process (PID=2281) to work on /usr/local/lib/python3.10/dist-packages/airflow/example_dags/example_kubernetes_executor.py
[2025-10-30T21:29:38.409-0700] {processor.py:830} INFO - Processing file /usr/local/lib/python3.10/dist-packages/airflow/example_dags/example_kubernetes_executor.py for tasks to queue
[2025-10-30T21:29:38.412-0700] {logging_mixin.py:188} INFO - [2025-10-30T21:29:38.412-0700] {dagbag.py:545} INFO - Filling up the DagBag from /usr/local/lib/python3.10/dist-packages/airflow/example_dags/example_kubernetes_executor.py
[2025-10-30T21:29:38.425-0700] {logging_mixin.py:188} INFO - [2025-10-30T21:29:38.425-0700] {example_kubernetes_executor.py:39} WARNING - The example_kubernetes_executor example DAG requires the kubernetes provider. Please install it with: pip install apache-airflow[cncf.kubernetes]
[2025-10-30T21:29:38.427-0700] {processor.py:842} WARNING - No viable dags retrieved from /usr/local/lib/python3.10/dist-packages/airflow/example_dags/example_kubernetes_executor.py
[2025-10-30T21:29:38.475-0700] {processor.py:183} INFO - Processing /usr/local/lib/python3.10/dist-packages/airflow/example_dags/example_kubernetes_executor.py took 0.078 seconds
[2025-10-30T21:30:58.843-0700] {processor.py:161} INFO - Started process (PID=2355) to work on /usr/local/lib/python3.10/dist-packages/airflow/example_dags/example_kubernetes_executor.py
[2025-10-30T21:30:58.845-0700] {processor.py:830} INFO - Processing file /usr/local/lib/python3.10/dist-packages/airflow/example_dags/example_kubernetes_executor.py for tasks to queue
[2025-10-30T21:30:58.847-0700] {logging_mixin.py:188} INFO - [2025-10-30T21:30:58.847-0700] {dagbag.py:545} INFO - Filling up the DagBag from /usr/local/lib/python3.10/dist-packages/airflow/example_dags/example_kubernetes_executor.py
[2025-10-30T21:30:58.862-0700] {logging_mixin.py:188} INFO - [2025-10-30T21:30:58.861-0700] {example_kubernetes_executor.py:39} WARNING - The example_kubernetes_executor example DAG requires the kubernetes provider. Please install it with: pip install apache-airflow[cncf.kubernetes]
[2025-10-30T21:30:58.863-0700] {processor.py:842} WARNING - No viable dags retrieved from /usr/local/lib/python3.10/dist-packages/airflow/example_dags/example_kubernetes_executor.py
[2025-10-30T21:30:58.903-0700] {processor.py:183} INFO - Processing /usr/local/lib/python3.10/dist-packages/airflow/example_dags/example_kubernetes_executor.py took 0.067 seconds
[2025-10-30T21:32:18.832-0700] {processor.py:161} INFO - Started process (PID=2431) to work on /usr/local/lib/python3.10/dist-packages/airflow/example_dags/example_kubernetes_executor.py
[2025-10-30T21:32:18.834-0700] {processor.py:830} INFO - Processing file /usr/local/lib/python3.10/dist-packages/airflow/example_dags/example_kubernetes_executor.py for tasks to queue
[2025-10-30T21:32:18.839-0700] {logging_mixin.py:188} INFO - [2025-10-30T21:32:18.838-0700] {dagbag.py:545} INFO - Filling up the DagBag from /usr/local/lib/python3.10/dist-packages/airflow/example_dags/example_kubernetes_executor.py
[2025-10-30T21:32:18.854-0700] {logging_mixin.py:188} INFO - [2025-10-30T21:32:18.853-0700] {example_kubernetes_executor.py:39} WARNING - The example_kubernetes_executor example DAG requires the kubernetes provider. Please install it with: pip install apache-airflow[cncf.kubernetes]
[2025-10-30T21:32:18.855-0700] {processor.py:842} WARNING - No viable dags retrieved from /usr/local/lib/python3.10/dist-packages/airflow/example_dags/example_kubernetes_executor.py
[2025-10-30T21:32:18.891-0700] {processor.py:183} INFO - Processing /usr/local/lib/python3.10/dist-packages/airflow/example_dags/example_kubernetes_executor.py took 0.071 seconds
[2025-10-30T21:35:21.533-0700] {processor.py:161} INFO - Started process (PID=2568) to work on /usr/local/lib/python3.10/dist-packages/airflow/example_dags/example_kubernetes_executor.py
[2025-10-30T21:35:21.536-0700] {processor.py:830} INFO - Processing file /usr/local/lib/python3.10/dist-packages/airflow/example_dags/example_kubernetes_executor.py for tasks to queue
[2025-10-30T21:35:21.538-0700] {logging_mixin.py:188} INFO - [2025-10-30T21:35:21.538-0700] {dagbag.py:545} INFO - Filling up the DagBag from /usr/local/lib/python3.10/dist-packages/airflow/example_dags/example_kubernetes_executor.py
[2025-10-30T21:35:21.544-0700] {logging_mixin.py:188} INFO - [2025-10-30T21:35:21.544-0700] {example_kubernetes_executor.py:39} WARNING - The example_kubernetes_executor example DAG requires the kubernetes provider. Please install it with: pip install apache-airflow[cncf.kubernetes]
[2025-10-30T21:35:21.545-0700] {processor.py:842} WARNING - No viable dags retrieved from /usr/local/lib/python3.10/dist-packages/airflow/example_dags/example_kubernetes_executor.py
[2025-10-30T21:35:21.583-0700] {processor.py:183} INFO - Processing /usr/local/lib/python3.10/dist-packages/airflow/example_dags/example_kubernetes_executor.py took 0.058 seconds
[2025-10-30T21:36:49.640-0700] {processor.py:161} INFO - Started process (PID=2654) to work on /usr/local/lib/python3.10/dist-packages/airflow/example_dags/example_kubernetes_executor.py
[2025-10-30T21:36:49.642-0700] {processor.py:830} INFO - Processing file /usr/local/lib/python3.10/dist-packages/airflow/example_dags/example_kubernetes_executor.py for tasks to queue
[2025-10-30T21:36:49.645-0700] {logging_mixin.py:188} INFO - [2025-10-30T21:36:49.645-0700] {dagbag.py:545} INFO - Filling up the DagBag from /usr/local/lib/python3.10/dist-packages/airflow/example_dags/example_kubernetes_executor.py
[2025-10-30T21:36:49.651-0700] {logging_mixin.py:188} INFO - [2025-10-30T21:36:49.651-0700] {example_kubernetes_executor.py:39} WARNING - The example_kubernetes_executor example DAG requires the kubernetes provider. Please install it with: pip install apache-airflow[cncf.kubernetes]
[2025-10-30T21:36:49.652-0700] {processor.py:842} WARNING - No viable dags retrieved from /usr/local/lib/python3.10/dist-packages/airflow/example_dags/example_kubernetes_executor.py
[2025-10-30T21:36:49.761-0700] {processor.py:183} INFO - Processing /usr/local/lib/python3.10/dist-packages/airflow/example_dags/example_kubernetes_executor.py took 0.131 seconds
[2025-10-30T21:38:25.358-0700] {processor.py:161} INFO - Started process (PID=2735) to work on /usr/local/lib/python3.10/dist-packages/airflow/example_dags/example_kubernetes_executor.py
[2025-10-30T21:38:25.361-0700] {processor.py:830} INFO - Processing file /usr/local/lib/python3.10/dist-packages/airflow/example_dags/example_kubernetes_executor.py for tasks to queue
[2025-10-30T21:38:25.365-0700] {logging_mixin.py:188} INFO - [2025-10-30T21:38:25.364-0700] {dagbag.py:545} INFO - Filling up the DagBag from /usr/local/lib/python3.10/dist-packages/airflow/example_dags/example_kubernetes_executor.py
[2025-10-30T21:38:25.374-0700] {logging_mixin.py:188} INFO - [2025-10-30T21:38:25.374-0700] {example_kubernetes_executor.py:39} WARNING - The example_kubernetes_executor example DAG requires the kubernetes provider. Please install it with: pip install apache-airflow[cncf.kubernetes]
[2025-10-30T21:38:25.375-0700] {processor.py:842} WARNING - No viable dags retrieved from /usr/local/lib/python3.10/dist-packages/airflow/example_dags/example_kubernetes_executor.py
[2025-10-30T21:38:25.428-0700] {processor.py:183} INFO - Processing /usr/local/lib/python3.10/dist-packages/airflow/example_dags/example_kubernetes_executor.py took 0.086 seconds
[2025-10-30T21:39:58.070-0700] {processor.py:161} INFO - Started process (PID=2837) to work on /usr/local/lib/python3.10/dist-packages/airflow/example_dags/example_kubernetes_executor.py
[2025-10-30T21:39:58.072-0700] {processor.py:830} INFO - Processing file /usr/local/lib/python3.10/dist-packages/airflow/example_dags/example_kubernetes_executor.py for tasks to queue
[2025-10-30T21:39:58.075-0700] {logging_mixin.py:188} INFO - [2025-10-30T21:39:58.074-0700] {dagbag.py:545} INFO - Filling up the DagBag from /usr/local/lib/python3.10/dist-packages/airflow/example_dags/example_kubernetes_executor.py
[2025-10-30T21:39:58.085-0700] {logging_mixin.py:188} INFO - [2025-10-30T21:39:58.085-0700] {example_kubernetes_executor.py:39} WARNING - The example_kubernetes_executor example DAG requires the kubernetes provider. Please install it with: pip install apache-airflow[cncf.kubernetes]
[2025-10-30T21:39:58.086-0700] {processor.py:842} WARNING - No viable dags retrieved from /usr/local/lib/python3.10/dist-packages/airflow/example_dags/example_kubernetes_executor.py
[2025-10-30T21:39:58.129-0700] {processor.py:183} INFO - Processing /usr/local/lib/python3.10/dist-packages/airflow/example_dags/example_kubernetes_executor.py took 0.066 seconds
[2025-10-30T21:41:27.597-0700] {processor.py:161} INFO - Started process (PID=2915) to work on /usr/local/lib/python3.10/dist-packages/airflow/example_dags/example_kubernetes_executor.py
[2025-10-30T21:41:27.599-0700] {processor.py:830} INFO - Processing file /usr/local/lib/python3.10/dist-packages/airflow/example_dags/example_kubernetes_executor.py for tasks to queue
[2025-10-30T21:41:27.601-0700] {logging_mixin.py:188} INFO - [2025-10-30T21:41:27.601-0700] {dagbag.py:545} INFO - Filling up the DagBag from /usr/local/lib/python3.10/dist-packages/airflow/example_dags/example_kubernetes_executor.py
[2025-10-30T21:41:27.610-0700] {logging_mixin.py:188} INFO - [2025-10-30T21:41:27.610-0700] {example_kubernetes_executor.py:39} WARNING - The example_kubernetes_executor example DAG requires the kubernetes provider. Please install it with: pip install apache-airflow[cncf.kubernetes]
[2025-10-30T21:41:27.611-0700] {processor.py:842} WARNING - No viable dags retrieved from /usr/local/lib/python3.10/dist-packages/airflow/example_dags/example_kubernetes_executor.py
[2025-10-30T21:41:27.652-0700] {processor.py:183} INFO - Processing /usr/local/lib/python3.10/dist-packages/airflow/example_dags/example_kubernetes_executor.py took 0.062 seconds
[2025-10-30T21:42:58.892-0700] {processor.py:161} INFO - Started process (PID=2994) to work on /usr/local/lib/python3.10/dist-packages/airflow/example_dags/example_kubernetes_executor.py
[2025-10-30T21:42:58.894-0700] {processor.py:830} INFO - Processing file /usr/local/lib/python3.10/dist-packages/airflow/example_dags/example_kubernetes_executor.py for tasks to queue
[2025-10-30T21:42:58.898-0700] {logging_mixin.py:188} INFO - [2025-10-30T21:42:58.897-0700] {dagbag.py:545} INFO - Filling up the DagBag from /usr/local/lib/python3.10/dist-packages/airflow/example_dags/example_kubernetes_executor.py
[2025-10-30T21:42:58.907-0700] {logging_mixin.py:188} INFO - [2025-10-30T21:42:58.907-0700] {example_kubernetes_executor.py:39} WARNING - The example_kubernetes_executor example DAG requires the kubernetes provider. Please install it with: pip install apache-airflow[cncf.kubernetes]
[2025-10-30T21:42:58.908-0700] {processor.py:842} WARNING - No viable dags retrieved from /usr/local/lib/python3.10/dist-packages/airflow/example_dags/example_kubernetes_executor.py
[2025-10-30T21:42:58.948-0700] {processor.py:183} INFO - Processing /usr/local/lib/python3.10/dist-packages/airflow/example_dags/example_kubernetes_executor.py took 0.068 seconds
[2025-10-30T21:44:25.619-0700] {processor.py:161} INFO - Started process (PID=3071) to work on /usr/local/lib/python3.10/dist-packages/airflow/example_dags/example_kubernetes_executor.py
[2025-10-30T21:44:25.628-0700] {processor.py:830} INFO - Processing file /usr/local/lib/python3.10/dist-packages/airflow/example_dags/example_kubernetes_executor.py for tasks to queue
[2025-10-30T21:44:25.632-0700] {logging_mixin.py:188} INFO - [2025-10-30T21:44:25.631-0700] {dagbag.py:545} INFO - Filling up the DagBag from /usr/local/lib/python3.10/dist-packages/airflow/example_dags/example_kubernetes_executor.py
[2025-10-30T21:44:25.641-0700] {logging_mixin.py:188} INFO - [2025-10-30T21:44:25.640-0700] {example_kubernetes_executor.py:39} WARNING - The example_kubernetes_executor example DAG requires the kubernetes provider. Please install it with: pip install apache-airflow[cncf.kubernetes]
[2025-10-30T21:44:25.642-0700] {processor.py:842} WARNING - No viable dags retrieved from /usr/local/lib/python3.10/dist-packages/airflow/example_dags/example_kubernetes_executor.py
[2025-10-30T21:44:25.678-0700] {processor.py:183} INFO - Processing /usr/local/lib/python3.10/dist-packages/airflow/example_dags/example_kubernetes_executor.py took 0.069 seconds
[2025-10-30T21:46:13.635-0700] {processor.py:161} INFO - Started process (PID=3181) to work on /usr/local/lib/python3.10/dist-packages/airflow/example_dags/example_kubernetes_executor.py
[2025-10-30T21:46:13.638-0700] {processor.py:830} INFO - Processing file /usr/local/lib/python3.10/dist-packages/airflow/example_dags/example_kubernetes_executor.py for tasks to queue
[2025-10-30T21:46:13.641-0700] {logging_mixin.py:188} INFO - [2025-10-30T21:46:13.641-0700] {dagbag.py:545} INFO - Filling up the DagBag from /usr/local/lib/python3.10/dist-packages/airflow/example_dags/example_kubernetes_executor.py
[2025-10-30T21:46:13.650-0700] {logging_mixin.py:188} INFO - [2025-10-30T21:46:13.650-0700] {example_kubernetes_executor.py:39} WARNING - The example_kubernetes_executor example DAG requires the kubernetes provider. Please install it with: pip install apache-airflow[cncf.kubernetes]
[2025-10-30T21:46:13.651-0700] {processor.py:842} WARNING - No viable dags retrieved from /usr/local/lib/python3.10/dist-packages/airflow/example_dags/example_kubernetes_executor.py
[2025-10-30T21:46:13.690-0700] {processor.py:183} INFO - Processing /usr/local/lib/python3.10/dist-packages/airflow/example_dags/example_kubernetes_executor.py took 0.062 seconds
[2025-10-30T21:47:40.871-0700] {processor.py:161} INFO - Started process (PID=3376) to work on /usr/local/lib/python3.10/dist-packages/airflow/example_dags/example_kubernetes_executor.py
[2025-10-30T21:47:40.873-0700] {processor.py:830} INFO - Processing file /usr/local/lib/python3.10/dist-packages/airflow/example_dags/example_kubernetes_executor.py for tasks to queue
[2025-10-30T21:47:40.876-0700] {logging_mixin.py:188} INFO - [2025-10-30T21:47:40.875-0700] {dagbag.py:545} INFO - Filling up the DagBag from /usr/local/lib/python3.10/dist-packages/airflow/example_dags/example_kubernetes_executor.py
[2025-10-30T21:47:40.884-0700] {logging_mixin.py:188} INFO - [2025-10-30T21:47:40.883-0700] {example_kubernetes_executor.py:39} WARNING - The example_kubernetes_executor example DAG requires the kubernetes provider. Please install it with: pip install apache-airflow[cncf.kubernetes]
[2025-10-30T21:47:40.884-0700] {processor.py:842} WARNING - No viable dags retrieved from /usr/local/lib/python3.10/dist-packages/airflow/example_dags/example_kubernetes_executor.py
[2025-10-30T21:47:40.917-0700] {processor.py:183} INFO - Processing /usr/local/lib/python3.10/dist-packages/airflow/example_dags/example_kubernetes_executor.py took 0.056 seconds
[2025-10-30T21:50:47.615-0700] {processor.py:161} INFO - Started process (PID=3651) to work on /usr/local/lib/python3.10/dist-packages/airflow/example_dags/example_kubernetes_executor.py
[2025-10-30T21:50:47.617-0700] {processor.py:830} INFO - Processing file /usr/local/lib/python3.10/dist-packages/airflow/example_dags/example_kubernetes_executor.py for tasks to queue
[2025-10-30T21:50:47.620-0700] {logging_mixin.py:188} INFO - [2025-10-30T21:50:47.619-0700] {dagbag.py:545} INFO - Filling up the DagBag from /usr/local/lib/python3.10/dist-packages/airflow/example_dags/example_kubernetes_executor.py
[2025-10-30T21:50:47.627-0700] {logging_mixin.py:188} INFO - [2025-10-30T21:50:47.627-0700] {example_kubernetes_executor.py:39} WARNING - The example_kubernetes_executor example DAG requires the kubernetes provider. Please install it with: pip install apache-airflow[cncf.kubernetes]
[2025-10-30T21:50:47.628-0700] {processor.py:842} WARNING - No viable dags retrieved from /usr/local/lib/python3.10/dist-packages/airflow/example_dags/example_kubernetes_executor.py
[2025-10-30T21:50:47.673-0700] {processor.py:183} INFO - Processing /usr/local/lib/python3.10/dist-packages/airflow/example_dags/example_kubernetes_executor.py took 0.067 seconds
[2025-10-30T21:52:13.410-0700] {processor.py:161} INFO - Started process (PID=3728) to work on /usr/local/lib/python3.10/dist-packages/airflow/example_dags/example_kubernetes_executor.py
[2025-10-30T21:52:13.411-0700] {processor.py:830} INFO - Processing file /usr/local/lib/python3.10/dist-packages/airflow/example_dags/example_kubernetes_executor.py for tasks to queue
[2025-10-30T21:52:13.414-0700] {logging_mixin.py:188} INFO - [2025-10-30T21:52:13.414-0700] {dagbag.py:545} INFO - Filling up the DagBag from /usr/local/lib/python3.10/dist-packages/airflow/example_dags/example_kubernetes_executor.py
[2025-10-30T21:52:13.422-0700] {logging_mixin.py:188} INFO - [2025-10-30T21:52:13.421-0700] {example_kubernetes_executor.py:39} WARNING - The example_kubernetes_executor example DAG requires the kubernetes provider. Please install it with: pip install apache-airflow[cncf.kubernetes]
[2025-10-30T21:52:13.423-0700] {processor.py:842} WARNING - No viable dags retrieved from /usr/local/lib/python3.10/dist-packages/airflow/example_dags/example_kubernetes_executor.py
[2025-10-30T21:52:13.456-0700] {processor.py:183} INFO - Processing /usr/local/lib/python3.10/dist-packages/airflow/example_dags/example_kubernetes_executor.py took 0.054 seconds
[2025-10-30T21:55:11.103-0700] {processor.py:161} INFO - Started process (PID=3983) to work on /usr/local/lib/python3.10/dist-packages/airflow/example_dags/example_kubernetes_executor.py
[2025-10-30T21:55:11.107-0700] {processor.py:830} INFO - Processing file /usr/local/lib/python3.10/dist-packages/airflow/example_dags/example_kubernetes_executor.py for tasks to queue
[2025-10-30T21:55:11.111-0700] {logging_mixin.py:188} INFO - [2025-10-30T21:55:11.111-0700] {dagbag.py:545} INFO - Filling up the DagBag from /usr/local/lib/python3.10/dist-packages/airflow/example_dags/example_kubernetes_executor.py
[2025-10-30T21:55:11.123-0700] {logging_mixin.py:188} INFO - [2025-10-30T21:55:11.122-0700] {example_kubernetes_executor.py:39} WARNING - The example_kubernetes_executor example DAG requires the kubernetes provider. Please install it with: pip install apache-airflow[cncf.kubernetes]
[2025-10-30T21:55:11.124-0700] {processor.py:842} WARNING - No viable dags retrieved from /usr/local/lib/python3.10/dist-packages/airflow/example_dags/example_kubernetes_executor.py
[2025-10-30T21:55:11.184-0700] {processor.py:183} INFO - Processing /usr/local/lib/python3.10/dist-packages/airflow/example_dags/example_kubernetes_executor.py took 0.095 seconds
[2025-10-30T21:57:01.112-0700] {processor.py:161} INFO - Started process (PID=4077) to work on /usr/local/lib/python3.10/dist-packages/airflow/example_dags/example_kubernetes_executor.py
[2025-10-30T21:57:01.115-0700] {processor.py:830} INFO - Processing file /usr/local/lib/python3.10/dist-packages/airflow/example_dags/example_kubernetes_executor.py for tasks to queue
[2025-10-30T21:57:01.117-0700] {logging_mixin.py:188} INFO - [2025-10-30T21:57:01.117-0700] {dagbag.py:545} INFO - Filling up the DagBag from /usr/local/lib/python3.10/dist-packages/airflow/example_dags/example_kubernetes_executor.py
[2025-10-30T21:57:01.127-0700] {logging_mixin.py:188} INFO - [2025-10-30T21:57:01.127-0700] {example_kubernetes_executor.py:39} WARNING - The example_kubernetes_executor example DAG requires the kubernetes provider. Please install it with: pip install apache-airflow[cncf.kubernetes]
[2025-10-30T21:57:01.128-0700] {processor.py:842} WARNING - No viable dags retrieved from /usr/local/lib/python3.10/dist-packages/airflow/example_dags/example_kubernetes_executor.py
[2025-10-30T21:57:01.179-0700] {processor.py:183} INFO - Processing /usr/local/lib/python3.10/dist-packages/airflow/example_dags/example_kubernetes_executor.py took 0.074 seconds
[2025-10-30T21:58:26.235-0700] {processor.py:161} INFO - Started process (PID=4154) to work on /usr/local/lib/python3.10/dist-packages/airflow/example_dags/example_kubernetes_executor.py
[2025-10-30T21:58:26.237-0700] {processor.py:830} INFO - Processing file /usr/local/lib/python3.10/dist-packages/airflow/example_dags/example_kubernetes_executor.py for tasks to queue
[2025-10-30T21:58:26.239-0700] {logging_mixin.py:188} INFO - [2025-10-30T21:58:26.239-0700] {dagbag.py:545} INFO - Filling up the DagBag from /usr/local/lib/python3.10/dist-packages/airflow/example_dags/example_kubernetes_executor.py
[2025-10-30T21:58:26.247-0700] {logging_mixin.py:188} INFO - [2025-10-30T21:58:26.247-0700] {example_kubernetes_executor.py:39} WARNING - The example_kubernetes_executor example DAG requires the kubernetes provider. Please install it with: pip install apache-airflow[cncf.kubernetes]
[2025-10-30T21:58:26.248-0700] {processor.py:842} WARNING - No viable dags retrieved from /usr/local/lib/python3.10/dist-packages/airflow/example_dags/example_kubernetes_executor.py
[2025-10-30T21:58:26.291-0700] {processor.py:183} INFO - Processing /usr/local/lib/python3.10/dist-packages/airflow/example_dags/example_kubernetes_executor.py took 0.065 seconds
[2025-10-30T21:59:47.258-0700] {processor.py:161} INFO - Started process (PID=4229) to work on /usr/local/lib/python3.10/dist-packages/airflow/example_dags/example_kubernetes_executor.py
[2025-10-30T21:59:47.261-0700] {processor.py:830} INFO - Processing file /usr/local/lib/python3.10/dist-packages/airflow/example_dags/example_kubernetes_executor.py for tasks to queue
[2025-10-30T21:59:47.264-0700] {logging_mixin.py:188} INFO - [2025-10-30T21:59:47.264-0700] {dagbag.py:545} INFO - Filling up the DagBag from /usr/local/lib/python3.10/dist-packages/airflow/example_dags/example_kubernetes_executor.py
[2025-10-30T21:59:47.274-0700] {logging_mixin.py:188} INFO - [2025-10-30T21:59:47.274-0700] {example_kubernetes_executor.py:39} WARNING - The example_kubernetes_executor example DAG requires the kubernetes provider. Please install it with: pip install apache-airflow[cncf.kubernetes]
[2025-10-30T21:59:47.275-0700] {processor.py:842} WARNING - No viable dags retrieved from /usr/local/lib/python3.10/dist-packages/airflow/example_dags/example_kubernetes_executor.py
[2025-10-30T21:59:47.332-0700] {processor.py:183} INFO - Processing /usr/local/lib/python3.10/dist-packages/airflow/example_dags/example_kubernetes_executor.py took 0.087 seconds
[2025-10-30T22:01:12.153-0700] {processor.py:161} INFO - Started process (PID=4306) to work on /usr/local/lib/python3.10/dist-packages/airflow/example_dags/example_kubernetes_executor.py
[2025-10-30T22:01:12.155-0700] {processor.py:830} INFO - Processing file /usr/local/lib/python3.10/dist-packages/airflow/example_dags/example_kubernetes_executor.py for tasks to queue
[2025-10-30T22:01:12.159-0700] {logging_mixin.py:188} INFO - [2025-10-30T22:01:12.158-0700] {dagbag.py:545} INFO - Filling up the DagBag from /usr/local/lib/python3.10/dist-packages/airflow/example_dags/example_kubernetes_executor.py
[2025-10-30T22:01:12.171-0700] {logging_mixin.py:188} INFO - [2025-10-30T22:01:12.171-0700] {example_kubernetes_executor.py:39} WARNING - The example_kubernetes_executor example DAG requires the kubernetes provider. Please install it with: pip install apache-airflow[cncf.kubernetes]
[2025-10-30T22:01:12.172-0700] {processor.py:842} WARNING - No viable dags retrieved from /usr/local/lib/python3.10/dist-packages/airflow/example_dags/example_kubernetes_executor.py
[2025-10-30T22:01:12.212-0700] {processor.py:183} INFO - Processing /usr/local/lib/python3.10/dist-packages/airflow/example_dags/example_kubernetes_executor.py took 0.072 seconds
[2025-10-30T22:02:34.635-0700] {processor.py:161} INFO - Started process (PID=4382) to work on /usr/local/lib/python3.10/dist-packages/airflow/example_dags/example_kubernetes_executor.py
[2025-10-30T22:02:34.637-0700] {processor.py:830} INFO - Processing file /usr/local/lib/python3.10/dist-packages/airflow/example_dags/example_kubernetes_executor.py for tasks to queue
[2025-10-30T22:02:34.641-0700] {logging_mixin.py:188} INFO - [2025-10-30T22:02:34.641-0700] {dagbag.py:545} INFO - Filling up the DagBag from /usr/local/lib/python3.10/dist-packages/airflow/example_dags/example_kubernetes_executor.py
[2025-10-30T22:02:34.648-0700] {logging_mixin.py:188} INFO - [2025-10-30T22:02:34.647-0700] {example_kubernetes_executor.py:39} WARNING - The example_kubernetes_executor example DAG requires the kubernetes provider. Please install it with: pip install apache-airflow[cncf.kubernetes]
[2025-10-30T22:02:34.648-0700] {processor.py:842} WARNING - No viable dags retrieved from /usr/local/lib/python3.10/dist-packages/airflow/example_dags/example_kubernetes_executor.py
[2025-10-30T22:02:34.681-0700] {processor.py:183} INFO - Processing /usr/local/lib/python3.10/dist-packages/airflow/example_dags/example_kubernetes_executor.py took 0.053 seconds
[2025-10-30T22:04:04.187-0700] {processor.py:161} INFO - Started process (PID=4459) to work on /usr/local/lib/python3.10/dist-packages/airflow/example_dags/example_kubernetes_executor.py
[2025-10-30T22:04:04.188-0700] {processor.py:830} INFO - Processing file /usr/local/lib/python3.10/dist-packages/airflow/example_dags/example_kubernetes_executor.py for tasks to queue
[2025-10-30T22:04:04.191-0700] {logging_mixin.py:188} INFO - [2025-10-30T22:04:04.191-0700] {dagbag.py:545} INFO - Filling up the DagBag from /usr/local/lib/python3.10/dist-packages/airflow/example_dags/example_kubernetes_executor.py
[2025-10-30T22:04:04.198-0700] {logging_mixin.py:188} INFO - [2025-10-30T22:04:04.198-0700] {example_kubernetes_executor.py:39} WARNING - The example_kubernetes_executor example DAG requires the kubernetes provider. Please install it with: pip install apache-airflow[cncf.kubernetes]
[2025-10-30T22:04:04.199-0700] {processor.py:842} WARNING - No viable dags retrieved from /usr/local/lib/python3.10/dist-packages/airflow/example_dags/example_kubernetes_executor.py
[2025-10-30T22:04:04.229-0700] {processor.py:183} INFO - Processing /usr/local/lib/python3.10/dist-packages/airflow/example_dags/example_kubernetes_executor.py took 0.050 seconds
