[2025-10-30T20:58:28.676-0700] {processor.py:161} INFO - Started process (PID=557) to work on /usr/local/lib/python3.10/dist-packages/airflow/example_dags/example_branch_datetime_operator.py
[2025-10-30T20:58:28.678-0700] {processor.py:830} INFO - Processing file /usr/local/lib/python3.10/dist-packages/airflow/example_dags/example_branch_datetime_operator.py for tasks to queue
[2025-10-30T20:58:28.679-0700] {logging_mixin.py:188} INFO - [2025-10-30T20:58:28.679-0700] {dagbag.py:545} INFO - Filling up the DagBag from /usr/local/lib/python3.10/dist-packages/airflow/example_dags/example_branch_datetime_operator.py
[2025-10-30T20:58:28.696-0700] {processor.py:840} INFO - DAG(s) 'example_branch_datetime_operator', 'example_branch_datetime_operator_2', 'example_branch_datetime_operator_3' retrieved from /usr/local/lib/python3.10/dist-packages/airflow/example_dags/example_branch_datetime_operator.py
[2025-10-30T20:58:28.882-0700] {logging_mixin.py:188} INFO - [2025-10-30T20:58:28.881-0700] {override.py:1858} INFO - Created Permission View: can delete on DAG:example_branch_datetime_operator
[2025-10-30T20:58:28.928-0700] {logging_mixin.py:188} INFO - [2025-10-30T20:58:28.927-0700] {override.py:1858} INFO - Created Permission View: can edit on DAG:example_branch_datetime_operator
[2025-10-30T20:58:28.971-0700] {logging_mixin.py:188} INFO - [2025-10-30T20:58:28.970-0700] {override.py:1858} INFO - Created Permission View: can read on DAG:example_branch_datetime_operator
[2025-10-30T20:58:29.048-0700] {logging_mixin.py:188} INFO - [2025-10-30T20:58:29.047-0700] {override.py:1858} INFO - Created Permission View: can delete on DAG:example_branch_datetime_operator_2
[2025-10-30T20:58:29.085-0700] {logging_mixin.py:188} INFO - [2025-10-30T20:58:29.085-0700] {override.py:1858} INFO - Created Permission View: can edit on DAG:example_branch_datetime_operator_2
[2025-10-30T20:58:29.122-0700] {logging_mixin.py:188} INFO - [2025-10-30T20:58:29.122-0700] {override.py:1858} INFO - Created Permission View: can read on DAG:example_branch_datetime_operator_2
[2025-10-30T20:58:29.225-0700] {logging_mixin.py:188} INFO - [2025-10-30T20:58:29.225-0700] {override.py:1858} INFO - Created Permission View: can delete on DAG:example_branch_datetime_operator_3
[2025-10-30T20:58:29.273-0700] {logging_mixin.py:188} INFO - [2025-10-30T20:58:29.273-0700] {override.py:1858} INFO - Created Permission View: can edit on DAG:example_branch_datetime_operator_3
[2025-10-30T20:58:29.314-0700] {logging_mixin.py:188} INFO - [2025-10-30T20:58:29.313-0700] {override.py:1858} INFO - Created Permission View: can read on DAG:example_branch_datetime_operator_3
[2025-10-30T20:58:29.315-0700] {logging_mixin.py:188} INFO - [2025-10-30T20:58:29.314-0700] {dag.py:3089} INFO - Sync 3 DAGs
[2025-10-30T20:58:29.332-0700] {logging_mixin.py:188} INFO - [2025-10-30T20:58:29.331-0700] {dag.py:3111} INFO - Creating ORM DAG for example_branch_datetime_operator_2
[2025-10-30T20:58:29.333-0700] {logging_mixin.py:188} INFO - [2025-10-30T20:58:29.332-0700] {dag.py:3111} INFO - Creating ORM DAG for example_branch_datetime_operator_3
[2025-10-30T20:58:29.334-0700] {logging_mixin.py:188} INFO - [2025-10-30T20:58:29.334-0700] {dag.py:3111} INFO - Creating ORM DAG for example_branch_datetime_operator
[2025-10-30T20:58:29.347-0700] {logging_mixin.py:188} INFO - [2025-10-30T20:58:29.347-0700] {dag.py:3947} INFO - Setting next_dagrun for example_branch_datetime_operator to 2025-10-30 00:00:00+00:00, run_after=2025-10-31 00:00:00+00:00
[2025-10-30T20:58:29.349-0700] {logging_mixin.py:188} INFO - [2025-10-30T20:58:29.349-0700] {dag.py:3947} INFO - Setting next_dagrun for example_branch_datetime_operator_2 to 2025-10-30 00:00:00+00:00, run_after=2025-10-31 00:00:00+00:00
[2025-10-30T20:58:29.351-0700] {logging_mixin.py:188} INFO - [2025-10-30T20:58:29.351-0700] {dag.py:3947} INFO - Setting next_dagrun for example_branch_datetime_operator_3 to 2025-10-30 00:00:00+00:00, run_after=2025-10-31 00:00:00+00:00
[2025-10-30T20:58:29.416-0700] {processor.py:183} INFO - Processing /usr/local/lib/python3.10/dist-packages/airflow/example_dags/example_branch_datetime_operator.py took 0.749 seconds
[2025-10-30T20:59:37.967-0700] {processor.py:161} INFO - Started process (PID=619) to work on /usr/local/lib/python3.10/dist-packages/airflow/example_dags/example_branch_datetime_operator.py
[2025-10-30T20:59:37.968-0700] {processor.py:830} INFO - Processing file /usr/local/lib/python3.10/dist-packages/airflow/example_dags/example_branch_datetime_operator.py for tasks to queue
[2025-10-30T20:59:37.969-0700] {logging_mixin.py:188} INFO - [2025-10-30T20:59:37.969-0700] {dagbag.py:545} INFO - Filling up the DagBag from /usr/local/lib/python3.10/dist-packages/airflow/example_dags/example_branch_datetime_operator.py
[2025-10-30T20:59:37.977-0700] {processor.py:840} INFO - DAG(s) 'example_branch_datetime_operator_3', 'example_branch_datetime_operator_2', 'example_branch_datetime_operator' retrieved from /usr/local/lib/python3.10/dist-packages/airflow/example_dags/example_branch_datetime_operator.py
[2025-10-30T20:59:38.035-0700] {logging_mixin.py:188} INFO - [2025-10-30T20:59:38.034-0700] {dag.py:3089} INFO - Sync 3 DAGs
[2025-10-30T20:59:38.063-0700] {logging_mixin.py:188} INFO - [2025-10-30T20:59:38.063-0700] {dag.py:3947} INFO - Setting next_dagrun for example_branch_datetime_operator to 2025-10-30 00:00:00+00:00, run_after=2025-10-31 00:00:00+00:00
[2025-10-30T20:59:38.069-0700] {logging_mixin.py:188} INFO - [2025-10-30T20:59:38.068-0700] {dag.py:3947} INFO - Setting next_dagrun for example_branch_datetime_operator_2 to 2025-10-30 00:00:00+00:00, run_after=2025-10-31 00:00:00+00:00
[2025-10-30T20:59:38.072-0700] {logging_mixin.py:188} INFO - [2025-10-30T20:59:38.072-0700] {dag.py:3947} INFO - Setting next_dagrun for example_branch_datetime_operator_3 to 2025-10-30 00:00:00+00:00, run_after=2025-10-31 00:00:00+00:00
[2025-10-30T20:59:38.135-0700] {processor.py:183} INFO - Processing /usr/local/lib/python3.10/dist-packages/airflow/example_dags/example_branch_datetime_operator.py took 0.173 seconds
[2025-10-30T21:00:48.025-0700] {processor.py:161} INFO - Started process (PID=691) to work on /usr/local/lib/python3.10/dist-packages/airflow/example_dags/example_branch_datetime_operator.py
[2025-10-30T21:00:48.027-0700] {processor.py:830} INFO - Processing file /usr/local/lib/python3.10/dist-packages/airflow/example_dags/example_branch_datetime_operator.py for tasks to queue
[2025-10-30T21:00:48.028-0700] {logging_mixin.py:188} INFO - [2025-10-30T21:00:48.028-0700] {dagbag.py:545} INFO - Filling up the DagBag from /usr/local/lib/python3.10/dist-packages/airflow/example_dags/example_branch_datetime_operator.py
[2025-10-30T21:00:48.037-0700] {processor.py:840} INFO - DAG(s) 'example_branch_datetime_operator', 'example_branch_datetime_operator_2', 'example_branch_datetime_operator_3' retrieved from /usr/local/lib/python3.10/dist-packages/airflow/example_dags/example_branch_datetime_operator.py
[2025-10-30T21:00:48.078-0700] {logging_mixin.py:188} INFO - [2025-10-30T21:00:48.078-0700] {dag.py:3089} INFO - Sync 3 DAGs
[2025-10-30T21:00:48.108-0700] {logging_mixin.py:188} INFO - [2025-10-30T21:00:48.108-0700] {dag.py:3947} INFO - Setting next_dagrun for example_branch_datetime_operator to 2025-10-30 00:00:00+00:00, run_after=2025-10-31 00:00:00+00:00
[2025-10-30T21:00:48.116-0700] {logging_mixin.py:188} INFO - [2025-10-30T21:00:48.116-0700] {dag.py:3947} INFO - Setting next_dagrun for example_branch_datetime_operator_2 to 2025-10-30 00:00:00+00:00, run_after=2025-10-31 00:00:00+00:00
[2025-10-30T21:00:48.121-0700] {logging_mixin.py:188} INFO - [2025-10-30T21:00:48.121-0700] {dag.py:3947} INFO - Setting next_dagrun for example_branch_datetime_operator_3 to 2025-10-30 00:00:00+00:00, run_after=2025-10-31 00:00:00+00:00
[2025-10-30T21:00:48.216-0700] {processor.py:183} INFO - Processing /usr/local/lib/python3.10/dist-packages/airflow/example_dags/example_branch_datetime_operator.py took 0.196 seconds
[2025-10-30T21:01:56.820-0700] {processor.py:161} INFO - Started process (PID=768) to work on /usr/local/lib/python3.10/dist-packages/airflow/example_dags/example_branch_datetime_operator.py
[2025-10-30T21:01:56.821-0700] {processor.py:830} INFO - Processing file /usr/local/lib/python3.10/dist-packages/airflow/example_dags/example_branch_datetime_operator.py for tasks to queue
[2025-10-30T21:01:56.822-0700] {logging_mixin.py:188} INFO - [2025-10-30T21:01:56.822-0700] {dagbag.py:545} INFO - Filling up the DagBag from /usr/local/lib/python3.10/dist-packages/airflow/example_dags/example_branch_datetime_operator.py
[2025-10-30T21:01:56.830-0700] {processor.py:840} INFO - DAG(s) 'example_branch_datetime_operator_3', 'example_branch_datetime_operator', 'example_branch_datetime_operator_2' retrieved from /usr/local/lib/python3.10/dist-packages/airflow/example_dags/example_branch_datetime_operator.py
[2025-10-30T21:01:56.891-0700] {logging_mixin.py:188} INFO - [2025-10-30T21:01:56.891-0700] {dag.py:3089} INFO - Sync 3 DAGs
[2025-10-30T21:01:56.918-0700] {logging_mixin.py:188} INFO - [2025-10-30T21:01:56.918-0700] {dag.py:3947} INFO - Setting next_dagrun for example_branch_datetime_operator to 2025-10-30 00:00:00+00:00, run_after=2025-10-31 00:00:00+00:00
[2025-10-30T21:01:56.926-0700] {logging_mixin.py:188} INFO - [2025-10-30T21:01:56.926-0700] {dag.py:3947} INFO - Setting next_dagrun for example_branch_datetime_operator_2 to 2025-10-30 00:00:00+00:00, run_after=2025-10-31 00:00:00+00:00
[2025-10-30T21:01:56.933-0700] {logging_mixin.py:188} INFO - [2025-10-30T21:01:56.933-0700] {dag.py:3947} INFO - Setting next_dagrun for example_branch_datetime_operator_3 to 2025-10-30 00:00:00+00:00, run_after=2025-10-31 00:00:00+00:00
[2025-10-30T21:01:57.041-0700] {processor.py:183} INFO - Processing /usr/local/lib/python3.10/dist-packages/airflow/example_dags/example_branch_datetime_operator.py took 0.227 seconds
[2025-10-30T21:03:05.147-0700] {processor.py:161} INFO - Started process (PID=839) to work on /usr/local/lib/python3.10/dist-packages/airflow/example_dags/example_branch_datetime_operator.py
[2025-10-30T21:03:05.148-0700] {processor.py:830} INFO - Processing file /usr/local/lib/python3.10/dist-packages/airflow/example_dags/example_branch_datetime_operator.py for tasks to queue
[2025-10-30T21:03:05.149-0700] {logging_mixin.py:188} INFO - [2025-10-30T21:03:05.149-0700] {dagbag.py:545} INFO - Filling up the DagBag from /usr/local/lib/python3.10/dist-packages/airflow/example_dags/example_branch_datetime_operator.py
[2025-10-30T21:03:05.157-0700] {processor.py:840} INFO - DAG(s) 'example_branch_datetime_operator_2', 'example_branch_datetime_operator', 'example_branch_datetime_operator_3' retrieved from /usr/local/lib/python3.10/dist-packages/airflow/example_dags/example_branch_datetime_operator.py
[2025-10-30T21:03:05.214-0700] {logging_mixin.py:188} INFO - [2025-10-30T21:03:05.213-0700] {dag.py:3089} INFO - Sync 3 DAGs
[2025-10-30T21:03:05.245-0700] {logging_mixin.py:188} INFO - [2025-10-30T21:03:05.244-0700] {dag.py:3947} INFO - Setting next_dagrun for example_branch_datetime_operator to 2025-10-30 00:00:00+00:00, run_after=2025-10-31 00:00:00+00:00
[2025-10-30T21:03:05.251-0700] {logging_mixin.py:188} INFO - [2025-10-30T21:03:05.251-0700] {dag.py:3947} INFO - Setting next_dagrun for example_branch_datetime_operator_2 to 2025-10-30 00:00:00+00:00, run_after=2025-10-31 00:00:00+00:00
[2025-10-30T21:03:05.257-0700] {logging_mixin.py:188} INFO - [2025-10-30T21:03:05.257-0700] {dag.py:3947} INFO - Setting next_dagrun for example_branch_datetime_operator_3 to 2025-10-30 00:00:00+00:00, run_after=2025-10-31 00:00:00+00:00
[2025-10-30T21:03:05.311-0700] {processor.py:183} INFO - Processing /usr/local/lib/python3.10/dist-packages/airflow/example_dags/example_branch_datetime_operator.py took 0.169 seconds
[2025-10-30T21:04:18.352-0700] {processor.py:161} INFO - Started process (PID=912) to work on /usr/local/lib/python3.10/dist-packages/airflow/example_dags/example_branch_datetime_operator.py
[2025-10-30T21:04:18.353-0700] {processor.py:830} INFO - Processing file /usr/local/lib/python3.10/dist-packages/airflow/example_dags/example_branch_datetime_operator.py for tasks to queue
[2025-10-30T21:04:18.355-0700] {logging_mixin.py:188} INFO - [2025-10-30T21:04:18.354-0700] {dagbag.py:545} INFO - Filling up the DagBag from /usr/local/lib/python3.10/dist-packages/airflow/example_dags/example_branch_datetime_operator.py
[2025-10-30T21:04:18.363-0700] {processor.py:840} INFO - DAG(s) 'example_branch_datetime_operator_3', 'example_branch_datetime_operator_2', 'example_branch_datetime_operator' retrieved from /usr/local/lib/python3.10/dist-packages/airflow/example_dags/example_branch_datetime_operator.py
[2025-10-30T21:04:18.433-0700] {logging_mixin.py:188} INFO - [2025-10-30T21:04:18.433-0700] {dag.py:3089} INFO - Sync 3 DAGs
[2025-10-30T21:04:18.487-0700] {logging_mixin.py:188} INFO - [2025-10-30T21:04:18.486-0700] {dag.py:3947} INFO - Setting next_dagrun for example_branch_datetime_operator to 2025-10-30 00:00:00+00:00, run_after=2025-10-31 00:00:00+00:00
[2025-10-30T21:04:18.498-0700] {logging_mixin.py:188} INFO - [2025-10-30T21:04:18.497-0700] {dag.py:3947} INFO - Setting next_dagrun for example_branch_datetime_operator_2 to 2025-10-30 00:00:00+00:00, run_after=2025-10-31 00:00:00+00:00
[2025-10-30T21:04:18.505-0700] {logging_mixin.py:188} INFO - [2025-10-30T21:04:18.504-0700] {dag.py:3947} INFO - Setting next_dagrun for example_branch_datetime_operator_3 to 2025-10-30 00:00:00+00:00, run_after=2025-10-31 00:00:00+00:00
[2025-10-30T21:04:18.639-0700] {processor.py:183} INFO - Processing /usr/local/lib/python3.10/dist-packages/airflow/example_dags/example_branch_datetime_operator.py took 0.292 seconds
[2025-10-30T21:05:26.424-0700] {processor.py:161} INFO - Started process (PID=984) to work on /usr/local/lib/python3.10/dist-packages/airflow/example_dags/example_branch_datetime_operator.py
[2025-10-30T21:05:26.426-0700] {processor.py:830} INFO - Processing file /usr/local/lib/python3.10/dist-packages/airflow/example_dags/example_branch_datetime_operator.py for tasks to queue
[2025-10-30T21:05:26.428-0700] {logging_mixin.py:188} INFO - [2025-10-30T21:05:26.427-0700] {dagbag.py:545} INFO - Filling up the DagBag from /usr/local/lib/python3.10/dist-packages/airflow/example_dags/example_branch_datetime_operator.py
[2025-10-30T21:05:26.440-0700] {processor.py:840} INFO - DAG(s) 'example_branch_datetime_operator_2', 'example_branch_datetime_operator', 'example_branch_datetime_operator_3' retrieved from /usr/local/lib/python3.10/dist-packages/airflow/example_dags/example_branch_datetime_operator.py
[2025-10-30T21:05:26.493-0700] {logging_mixin.py:188} INFO - [2025-10-30T21:05:26.493-0700] {dag.py:3089} INFO - Sync 3 DAGs
[2025-10-30T21:05:26.525-0700] {logging_mixin.py:188} INFO - [2025-10-30T21:05:26.525-0700] {dag.py:3947} INFO - Setting next_dagrun for example_branch_datetime_operator to 2025-10-30 00:00:00+00:00, run_after=2025-10-31 00:00:00+00:00
[2025-10-30T21:05:26.532-0700] {logging_mixin.py:188} INFO - [2025-10-30T21:05:26.532-0700] {dag.py:3947} INFO - Setting next_dagrun for example_branch_datetime_operator_2 to 2025-10-30 00:00:00+00:00, run_after=2025-10-31 00:00:00+00:00
[2025-10-30T21:05:26.538-0700] {logging_mixin.py:188} INFO - [2025-10-30T21:05:26.538-0700] {dag.py:3947} INFO - Setting next_dagrun for example_branch_datetime_operator_3 to 2025-10-30 00:00:00+00:00, run_after=2025-10-31 00:00:00+00:00
[2025-10-30T21:05:26.624-0700] {processor.py:183} INFO - Processing /usr/local/lib/python3.10/dist-packages/airflow/example_dags/example_branch_datetime_operator.py took 0.207 seconds
[2025-10-30T21:08:23.182-0700] {processor.py:161} INFO - Started process (PID=1103) to work on /usr/local/lib/python3.10/dist-packages/airflow/example_dags/example_branch_datetime_operator.py
[2025-10-30T21:08:23.184-0700] {processor.py:830} INFO - Processing file /usr/local/lib/python3.10/dist-packages/airflow/example_dags/example_branch_datetime_operator.py for tasks to queue
[2025-10-30T21:08:23.186-0700] {logging_mixin.py:188} INFO - [2025-10-30T21:08:23.185-0700] {dagbag.py:545} INFO - Filling up the DagBag from /usr/local/lib/python3.10/dist-packages/airflow/example_dags/example_branch_datetime_operator.py
[2025-10-30T21:08:23.197-0700] {processor.py:840} INFO - DAG(s) 'example_branch_datetime_operator', 'example_branch_datetime_operator_2', 'example_branch_datetime_operator_3' retrieved from /usr/local/lib/python3.10/dist-packages/airflow/example_dags/example_branch_datetime_operator.py
[2025-10-30T21:08:23.260-0700] {logging_mixin.py:188} INFO - [2025-10-30T21:08:23.259-0700] {dag.py:3089} INFO - Sync 3 DAGs
[2025-10-30T21:08:23.309-0700] {logging_mixin.py:188} INFO - [2025-10-30T21:08:23.309-0700] {dag.py:3947} INFO - Setting next_dagrun for example_branch_datetime_operator to 2025-10-30 00:00:00+00:00, run_after=2025-10-31 00:00:00+00:00
[2025-10-30T21:08:23.318-0700] {logging_mixin.py:188} INFO - [2025-10-30T21:08:23.318-0700] {dag.py:3947} INFO - Setting next_dagrun for example_branch_datetime_operator_2 to 2025-10-30 00:00:00+00:00, run_after=2025-10-31 00:00:00+00:00
[2025-10-30T21:08:23.325-0700] {logging_mixin.py:188} INFO - [2025-10-30T21:08:23.325-0700] {dag.py:3947} INFO - Setting next_dagrun for example_branch_datetime_operator_3 to 2025-10-30 00:00:00+00:00, run_after=2025-10-31 00:00:00+00:00
[2025-10-30T21:08:23.415-0700] {processor.py:183} INFO - Processing /usr/local/lib/python3.10/dist-packages/airflow/example_dags/example_branch_datetime_operator.py took 0.238 seconds
[2025-10-30T21:09:32.639-0700] {processor.py:161} INFO - Started process (PID=1176) to work on /usr/local/lib/python3.10/dist-packages/airflow/example_dags/example_branch_datetime_operator.py
[2025-10-30T21:09:32.641-0700] {processor.py:830} INFO - Processing file /usr/local/lib/python3.10/dist-packages/airflow/example_dags/example_branch_datetime_operator.py for tasks to queue
[2025-10-30T21:09:32.642-0700] {logging_mixin.py:188} INFO - [2025-10-30T21:09:32.642-0700] {dagbag.py:545} INFO - Filling up the DagBag from /usr/local/lib/python3.10/dist-packages/airflow/example_dags/example_branch_datetime_operator.py
[2025-10-30T21:09:32.650-0700] {processor.py:840} INFO - DAG(s) 'example_branch_datetime_operator_2', 'example_branch_datetime_operator', 'example_branch_datetime_operator_3' retrieved from /usr/local/lib/python3.10/dist-packages/airflow/example_dags/example_branch_datetime_operator.py
[2025-10-30T21:09:33.036-0700] {logging_mixin.py:188} INFO - [2025-10-30T21:09:33.034-0700] {dag.py:3089} INFO - Sync 3 DAGs
[2025-10-30T21:09:33.123-0700] {logging_mixin.py:188} INFO - [2025-10-30T21:09:33.122-0700] {dag.py:3947} INFO - Setting next_dagrun for example_branch_datetime_operator to 2025-10-30 00:00:00+00:00, run_after=2025-10-31 00:00:00+00:00
[2025-10-30T21:09:33.139-0700] {logging_mixin.py:188} INFO - [2025-10-30T21:09:33.139-0700] {dag.py:3947} INFO - Setting next_dagrun for example_branch_datetime_operator_2 to 2025-10-30 00:00:00+00:00, run_after=2025-10-31 00:00:00+00:00
[2025-10-30T21:09:33.150-0700] {logging_mixin.py:188} INFO - [2025-10-30T21:09:33.150-0700] {dag.py:3947} INFO - Setting next_dagrun for example_branch_datetime_operator_3 to 2025-10-30 00:00:00+00:00, run_after=2025-10-31 00:00:00+00:00
[2025-10-30T21:09:33.271-0700] {processor.py:183} INFO - Processing /usr/local/lib/python3.10/dist-packages/airflow/example_dags/example_branch_datetime_operator.py took 0.638 seconds
[2025-10-30T21:10:52.400-0700] {processor.py:161} INFO - Started process (PID=1251) to work on /usr/local/lib/python3.10/dist-packages/airflow/example_dags/example_branch_datetime_operator.py
[2025-10-30T21:10:52.401-0700] {processor.py:830} INFO - Processing file /usr/local/lib/python3.10/dist-packages/airflow/example_dags/example_branch_datetime_operator.py for tasks to queue
[2025-10-30T21:10:52.405-0700] {logging_mixin.py:188} INFO - [2025-10-30T21:10:52.404-0700] {dagbag.py:545} INFO - Filling up the DagBag from /usr/local/lib/python3.10/dist-packages/airflow/example_dags/example_branch_datetime_operator.py
[2025-10-30T21:10:52.418-0700] {processor.py:840} INFO - DAG(s) 'example_branch_datetime_operator_2', 'example_branch_datetime_operator_3', 'example_branch_datetime_operator' retrieved from /usr/local/lib/python3.10/dist-packages/airflow/example_dags/example_branch_datetime_operator.py
[2025-10-30T21:10:52.477-0700] {logging_mixin.py:188} INFO - [2025-10-30T21:10:52.476-0700] {dag.py:3089} INFO - Sync 3 DAGs
[2025-10-30T21:10:52.519-0700] {logging_mixin.py:188} INFO - [2025-10-30T21:10:52.519-0700] {dag.py:3947} INFO - Setting next_dagrun for example_branch_datetime_operator to 2025-10-30 00:00:00+00:00, run_after=2025-10-31 00:00:00+00:00
[2025-10-30T21:10:52.529-0700] {logging_mixin.py:188} INFO - [2025-10-30T21:10:52.529-0700] {dag.py:3947} INFO - Setting next_dagrun for example_branch_datetime_operator_2 to 2025-10-30 00:00:00+00:00, run_after=2025-10-31 00:00:00+00:00
[2025-10-30T21:10:52.537-0700] {logging_mixin.py:188} INFO - [2025-10-30T21:10:52.537-0700] {dag.py:3947} INFO - Setting next_dagrun for example_branch_datetime_operator_3 to 2025-10-30 00:00:00+00:00, run_after=2025-10-31 00:00:00+00:00
[2025-10-30T21:10:52.680-0700] {processor.py:183} INFO - Processing /usr/local/lib/python3.10/dist-packages/airflow/example_dags/example_branch_datetime_operator.py took 0.288 seconds
[2025-10-30T21:12:16.216-0700] {processor.py:161} INFO - Started process (PID=1335) to work on /usr/local/lib/python3.10/dist-packages/airflow/example_dags/example_branch_datetime_operator.py
[2025-10-30T21:12:16.218-0700] {processor.py:830} INFO - Processing file /usr/local/lib/python3.10/dist-packages/airflow/example_dags/example_branch_datetime_operator.py for tasks to queue
[2025-10-30T21:12:16.223-0700] {logging_mixin.py:188} INFO - [2025-10-30T21:12:16.223-0700] {dagbag.py:545} INFO - Filling up the DagBag from /usr/local/lib/python3.10/dist-packages/airflow/example_dags/example_branch_datetime_operator.py
[2025-10-30T21:12:16.238-0700] {processor.py:840} INFO - DAG(s) 'example_branch_datetime_operator_3', 'example_branch_datetime_operator', 'example_branch_datetime_operator_2' retrieved from /usr/local/lib/python3.10/dist-packages/airflow/example_dags/example_branch_datetime_operator.py
[2025-10-30T21:12:16.319-0700] {logging_mixin.py:188} INFO - [2025-10-30T21:12:16.318-0700] {dag.py:3089} INFO - Sync 3 DAGs
[2025-10-30T21:12:16.363-0700] {logging_mixin.py:188} INFO - [2025-10-30T21:12:16.363-0700] {dag.py:3947} INFO - Setting next_dagrun for example_branch_datetime_operator to 2025-10-30 00:00:00+00:00, run_after=2025-10-31 00:00:00+00:00
[2025-10-30T21:12:16.377-0700] {logging_mixin.py:188} INFO - [2025-10-30T21:12:16.376-0700] {dag.py:3947} INFO - Setting next_dagrun for example_branch_datetime_operator_2 to 2025-10-30 00:00:00+00:00, run_after=2025-10-31 00:00:00+00:00
[2025-10-30T21:12:16.385-0700] {logging_mixin.py:188} INFO - [2025-10-30T21:12:16.384-0700] {dag.py:3947} INFO - Setting next_dagrun for example_branch_datetime_operator_3 to 2025-10-30 00:00:00+00:00, run_after=2025-10-31 00:00:00+00:00
[2025-10-30T21:12:16.525-0700] {processor.py:183} INFO - Processing /usr/local/lib/python3.10/dist-packages/airflow/example_dags/example_branch_datetime_operator.py took 0.320 seconds
[2025-10-30T21:13:39.244-0700] {processor.py:161} INFO - Started process (PID=1412) to work on /usr/local/lib/python3.10/dist-packages/airflow/example_dags/example_branch_datetime_operator.py
[2025-10-30T21:13:39.246-0700] {processor.py:830} INFO - Processing file /usr/local/lib/python3.10/dist-packages/airflow/example_dags/example_branch_datetime_operator.py for tasks to queue
[2025-10-30T21:13:39.250-0700] {logging_mixin.py:188} INFO - [2025-10-30T21:13:39.250-0700] {dagbag.py:545} INFO - Filling up the DagBag from /usr/local/lib/python3.10/dist-packages/airflow/example_dags/example_branch_datetime_operator.py
[2025-10-30T21:13:39.263-0700] {processor.py:840} INFO - DAG(s) 'example_branch_datetime_operator_2', 'example_branch_datetime_operator', 'example_branch_datetime_operator_3' retrieved from /usr/local/lib/python3.10/dist-packages/airflow/example_dags/example_branch_datetime_operator.py
[2025-10-30T21:13:39.355-0700] {logging_mixin.py:188} INFO - [2025-10-30T21:13:39.354-0700] {dag.py:3089} INFO - Sync 3 DAGs
[2025-10-30T21:13:39.422-0700] {logging_mixin.py:188} INFO - [2025-10-30T21:13:39.421-0700] {dag.py:3947} INFO - Setting next_dagrun for example_branch_datetime_operator to 2025-10-30 00:00:00+00:00, run_after=2025-10-31 00:00:00+00:00
[2025-10-30T21:13:39.441-0700] {logging_mixin.py:188} INFO - [2025-10-30T21:13:39.440-0700] {dag.py:3947} INFO - Setting next_dagrun for example_branch_datetime_operator_2 to 2025-10-30 00:00:00+00:00, run_after=2025-10-31 00:00:00+00:00
[2025-10-30T21:13:39.452-0700] {logging_mixin.py:188} INFO - [2025-10-30T21:13:39.451-0700] {dag.py:3947} INFO - Setting next_dagrun for example_branch_datetime_operator_3 to 2025-10-30 00:00:00+00:00, run_after=2025-10-31 00:00:00+00:00
[2025-10-30T21:13:39.633-0700] {processor.py:183} INFO - Processing /usr/local/lib/python3.10/dist-packages/airflow/example_dags/example_branch_datetime_operator.py took 0.404 seconds
[2025-10-30T21:15:43.932-0700] {processor.py:161} INFO - Started process (PID=1502) to work on /usr/local/lib/python3.10/dist-packages/airflow/example_dags/example_branch_datetime_operator.py
[2025-10-30T21:15:43.934-0700] {processor.py:830} INFO - Processing file /usr/local/lib/python3.10/dist-packages/airflow/example_dags/example_branch_datetime_operator.py for tasks to queue
[2025-10-30T21:15:43.937-0700] {logging_mixin.py:188} INFO - [2025-10-30T21:15:43.936-0700] {dagbag.py:545} INFO - Filling up the DagBag from /usr/local/lib/python3.10/dist-packages/airflow/example_dags/example_branch_datetime_operator.py
[2025-10-30T21:15:43.951-0700] {processor.py:840} INFO - DAG(s) 'example_branch_datetime_operator', 'example_branch_datetime_operator_2', 'example_branch_datetime_operator_3' retrieved from /usr/local/lib/python3.10/dist-packages/airflow/example_dags/example_branch_datetime_operator.py
[2025-10-30T21:15:44.015-0700] {logging_mixin.py:188} INFO - [2025-10-30T21:15:44.015-0700] {dag.py:3089} INFO - Sync 3 DAGs
[2025-10-30T21:15:44.063-0700] {logging_mixin.py:188} INFO - [2025-10-30T21:15:44.062-0700] {dag.py:3947} INFO - Setting next_dagrun for example_branch_datetime_operator to 2025-10-30 00:00:00+00:00, run_after=2025-10-31 00:00:00+00:00
[2025-10-30T21:15:44.073-0700] {logging_mixin.py:188} INFO - [2025-10-30T21:15:44.072-0700] {dag.py:3947} INFO - Setting next_dagrun for example_branch_datetime_operator_2 to 2025-10-30 00:00:00+00:00, run_after=2025-10-31 00:00:00+00:00
[2025-10-30T21:15:44.079-0700] {logging_mixin.py:188} INFO - [2025-10-30T21:15:44.079-0700] {dag.py:3947} INFO - Setting next_dagrun for example_branch_datetime_operator_3 to 2025-10-30 00:00:00+00:00, run_after=2025-10-31 00:00:00+00:00
[2025-10-30T21:15:44.176-0700] {processor.py:183} INFO - Processing /usr/local/lib/python3.10/dist-packages/airflow/example_dags/example_branch_datetime_operator.py took 0.253 seconds
[2025-10-30T21:17:06.952-0700] {processor.py:161} INFO - Started process (PID=1579) to work on /usr/local/lib/python3.10/dist-packages/airflow/example_dags/example_branch_datetime_operator.py
[2025-10-30T21:17:06.954-0700] {processor.py:830} INFO - Processing file /usr/local/lib/python3.10/dist-packages/airflow/example_dags/example_branch_datetime_operator.py for tasks to queue
[2025-10-30T21:17:06.956-0700] {logging_mixin.py:188} INFO - [2025-10-30T21:17:06.956-0700] {dagbag.py:545} INFO - Filling up the DagBag from /usr/local/lib/python3.10/dist-packages/airflow/example_dags/example_branch_datetime_operator.py
[2025-10-30T21:17:06.973-0700] {processor.py:840} INFO - DAG(s) 'example_branch_datetime_operator_2', 'example_branch_datetime_operator_3', 'example_branch_datetime_operator' retrieved from /usr/local/lib/python3.10/dist-packages/airflow/example_dags/example_branch_datetime_operator.py
[2025-10-30T21:17:07.036-0700] {logging_mixin.py:188} INFO - [2025-10-30T21:17:07.035-0700] {dag.py:3089} INFO - Sync 3 DAGs
[2025-10-30T21:17:07.099-0700] {logging_mixin.py:188} INFO - [2025-10-30T21:17:07.099-0700] {dag.py:3947} INFO - Setting next_dagrun for example_branch_datetime_operator to 2025-10-30 00:00:00+00:00, run_after=2025-10-31 00:00:00+00:00
[2025-10-30T21:17:07.111-0700] {logging_mixin.py:188} INFO - [2025-10-30T21:17:07.110-0700] {dag.py:3947} INFO - Setting next_dagrun for example_branch_datetime_operator_2 to 2025-10-30 00:00:00+00:00, run_after=2025-10-31 00:00:00+00:00
[2025-10-30T21:17:07.118-0700] {logging_mixin.py:188} INFO - [2025-10-30T21:17:07.118-0700] {dag.py:3947} INFO - Setting next_dagrun for example_branch_datetime_operator_3 to 2025-10-30 00:00:00+00:00, run_after=2025-10-31 00:00:00+00:00
[2025-10-30T21:17:07.239-0700] {processor.py:183} INFO - Processing /usr/local/lib/python3.10/dist-packages/airflow/example_dags/example_branch_datetime_operator.py took 0.294 seconds
[2025-10-30T21:18:30.129-0700] {processor.py:161} INFO - Started process (PID=1654) to work on /usr/local/lib/python3.10/dist-packages/airflow/example_dags/example_branch_datetime_operator.py
[2025-10-30T21:18:30.131-0700] {processor.py:830} INFO - Processing file /usr/local/lib/python3.10/dist-packages/airflow/example_dags/example_branch_datetime_operator.py for tasks to queue
[2025-10-30T21:18:30.133-0700] {logging_mixin.py:188} INFO - [2025-10-30T21:18:30.133-0700] {dagbag.py:545} INFO - Filling up the DagBag from /usr/local/lib/python3.10/dist-packages/airflow/example_dags/example_branch_datetime_operator.py
[2025-10-30T21:18:30.146-0700] {processor.py:840} INFO - DAG(s) 'example_branch_datetime_operator', 'example_branch_datetime_operator_3', 'example_branch_datetime_operator_2' retrieved from /usr/local/lib/python3.10/dist-packages/airflow/example_dags/example_branch_datetime_operator.py
[2025-10-30T21:18:30.202-0700] {logging_mixin.py:188} INFO - [2025-10-30T21:18:30.201-0700] {dag.py:3089} INFO - Sync 3 DAGs
[2025-10-30T21:18:30.238-0700] {logging_mixin.py:188} INFO - [2025-10-30T21:18:30.238-0700] {dag.py:3947} INFO - Setting next_dagrun for example_branch_datetime_operator to 2025-10-30 00:00:00+00:00, run_after=2025-10-31 00:00:00+00:00
[2025-10-30T21:18:30.246-0700] {logging_mixin.py:188} INFO - [2025-10-30T21:18:30.246-0700] {dag.py:3947} INFO - Setting next_dagrun for example_branch_datetime_operator_2 to 2025-10-30 00:00:00+00:00, run_after=2025-10-31 00:00:00+00:00
[2025-10-30T21:18:30.251-0700] {logging_mixin.py:188} INFO - [2025-10-30T21:18:30.251-0700] {dag.py:3947} INFO - Setting next_dagrun for example_branch_datetime_operator_3 to 2025-10-30 00:00:00+00:00, run_after=2025-10-31 00:00:00+00:00
[2025-10-30T21:18:30.355-0700] {processor.py:183} INFO - Processing /usr/local/lib/python3.10/dist-packages/airflow/example_dags/example_branch_datetime_operator.py took 0.234 seconds
[2025-10-30T21:19:53.853-0700] {processor.py:161} INFO - Started process (PID=1731) to work on /usr/local/lib/python3.10/dist-packages/airflow/example_dags/example_branch_datetime_operator.py
[2025-10-30T21:19:53.855-0700] {processor.py:830} INFO - Processing file /usr/local/lib/python3.10/dist-packages/airflow/example_dags/example_branch_datetime_operator.py for tasks to queue
[2025-10-30T21:19:53.857-0700] {logging_mixin.py:188} INFO - [2025-10-30T21:19:53.857-0700] {dagbag.py:545} INFO - Filling up the DagBag from /usr/local/lib/python3.10/dist-packages/airflow/example_dags/example_branch_datetime_operator.py
[2025-10-30T21:19:53.872-0700] {processor.py:840} INFO - DAG(s) 'example_branch_datetime_operator_3', 'example_branch_datetime_operator', 'example_branch_datetime_operator_2' retrieved from /usr/local/lib/python3.10/dist-packages/airflow/example_dags/example_branch_datetime_operator.py
[2025-10-30T21:19:53.929-0700] {logging_mixin.py:188} INFO - [2025-10-30T21:19:53.928-0700] {dag.py:3089} INFO - Sync 3 DAGs
[2025-10-30T21:19:53.965-0700] {logging_mixin.py:188} INFO - [2025-10-30T21:19:53.964-0700] {dag.py:3947} INFO - Setting next_dagrun for example_branch_datetime_operator to 2025-10-30 00:00:00+00:00, run_after=2025-10-31 00:00:00+00:00
[2025-10-30T21:19:53.972-0700] {logging_mixin.py:188} INFO - [2025-10-30T21:19:53.972-0700] {dag.py:3947} INFO - Setting next_dagrun for example_branch_datetime_operator_2 to 2025-10-30 00:00:00+00:00, run_after=2025-10-31 00:00:00+00:00
[2025-10-30T21:19:53.977-0700] {logging_mixin.py:188} INFO - [2025-10-30T21:19:53.977-0700] {dag.py:3947} INFO - Setting next_dagrun for example_branch_datetime_operator_3 to 2025-10-30 00:00:00+00:00, run_after=2025-10-31 00:00:00+00:00
[2025-10-30T21:19:54.080-0700] {processor.py:183} INFO - Processing /usr/local/lib/python3.10/dist-packages/airflow/example_dags/example_branch_datetime_operator.py took 0.234 seconds
[2025-10-30T21:21:14.873-0700] {processor.py:161} INFO - Started process (PID=1806) to work on /usr/local/lib/python3.10/dist-packages/airflow/example_dags/example_branch_datetime_operator.py
[2025-10-30T21:21:14.875-0700] {processor.py:830} INFO - Processing file /usr/local/lib/python3.10/dist-packages/airflow/example_dags/example_branch_datetime_operator.py for tasks to queue
[2025-10-30T21:21:14.880-0700] {logging_mixin.py:188} INFO - [2025-10-30T21:21:14.879-0700] {dagbag.py:545} INFO - Filling up the DagBag from /usr/local/lib/python3.10/dist-packages/airflow/example_dags/example_branch_datetime_operator.py
[2025-10-30T21:21:14.900-0700] {processor.py:840} INFO - DAG(s) 'example_branch_datetime_operator_2', 'example_branch_datetime_operator', 'example_branch_datetime_operator_3' retrieved from /usr/local/lib/python3.10/dist-packages/airflow/example_dags/example_branch_datetime_operator.py
[2025-10-30T21:21:14.962-0700] {logging_mixin.py:188} INFO - [2025-10-30T21:21:14.962-0700] {dag.py:3089} INFO - Sync 3 DAGs
[2025-10-30T21:21:15.006-0700] {logging_mixin.py:188} INFO - [2025-10-30T21:21:15.006-0700] {dag.py:3947} INFO - Setting next_dagrun for example_branch_datetime_operator to 2025-10-30 00:00:00+00:00, run_after=2025-10-31 00:00:00+00:00
[2025-10-30T21:21:15.020-0700] {logging_mixin.py:188} INFO - [2025-10-30T21:21:15.019-0700] {dag.py:3947} INFO - Setting next_dagrun for example_branch_datetime_operator_2 to 2025-10-30 00:00:00+00:00, run_after=2025-10-31 00:00:00+00:00
[2025-10-30T21:21:15.025-0700] {logging_mixin.py:188} INFO - [2025-10-30T21:21:15.025-0700] {dag.py:3947} INFO - Setting next_dagrun for example_branch_datetime_operator_3 to 2025-10-30 00:00:00+00:00, run_after=2025-10-31 00:00:00+00:00
[2025-10-30T21:21:15.128-0700] {processor.py:183} INFO - Processing /usr/local/lib/python3.10/dist-packages/airflow/example_dags/example_branch_datetime_operator.py took 0.263 seconds
[2025-10-30T21:22:35.013-0700] {processor.py:161} INFO - Started process (PID=1889) to work on /usr/local/lib/python3.10/dist-packages/airflow/example_dags/example_branch_datetime_operator.py
[2025-10-30T21:22:35.015-0700] {processor.py:830} INFO - Processing file /usr/local/lib/python3.10/dist-packages/airflow/example_dags/example_branch_datetime_operator.py for tasks to queue
[2025-10-30T21:22:35.018-0700] {logging_mixin.py:188} INFO - [2025-10-30T21:22:35.017-0700] {dagbag.py:545} INFO - Filling up the DagBag from /usr/local/lib/python3.10/dist-packages/airflow/example_dags/example_branch_datetime_operator.py
[2025-10-30T21:22:35.034-0700] {processor.py:840} INFO - DAG(s) 'example_branch_datetime_operator_2', 'example_branch_datetime_operator_3', 'example_branch_datetime_operator' retrieved from /usr/local/lib/python3.10/dist-packages/airflow/example_dags/example_branch_datetime_operator.py
[2025-10-30T21:22:35.091-0700] {logging_mixin.py:188} INFO - [2025-10-30T21:22:35.091-0700] {dag.py:3089} INFO - Sync 3 DAGs
[2025-10-30T21:22:35.125-0700] {logging_mixin.py:188} INFO - [2025-10-30T21:22:35.124-0700] {dag.py:3947} INFO - Setting next_dagrun for example_branch_datetime_operator to 2025-10-30 00:00:00+00:00, run_after=2025-10-31 00:00:00+00:00
[2025-10-30T21:22:35.132-0700] {logging_mixin.py:188} INFO - [2025-10-30T21:22:35.132-0700] {dag.py:3947} INFO - Setting next_dagrun for example_branch_datetime_operator_2 to 2025-10-30 00:00:00+00:00, run_after=2025-10-31 00:00:00+00:00
[2025-10-30T21:22:35.136-0700] {logging_mixin.py:188} INFO - [2025-10-30T21:22:35.136-0700] {dag.py:3947} INFO - Setting next_dagrun for example_branch_datetime_operator_3 to 2025-10-30 00:00:00+00:00, run_after=2025-10-31 00:00:00+00:00
[2025-10-30T21:22:35.251-0700] {processor.py:183} INFO - Processing /usr/local/lib/python3.10/dist-packages/airflow/example_dags/example_branch_datetime_operator.py took 0.246 seconds
[2025-10-30T21:23:59.102-0700] {processor.py:161} INFO - Started process (PID=1974) to work on /usr/local/lib/python3.10/dist-packages/airflow/example_dags/example_branch_datetime_operator.py
[2025-10-30T21:23:59.105-0700] {processor.py:830} INFO - Processing file /usr/local/lib/python3.10/dist-packages/airflow/example_dags/example_branch_datetime_operator.py for tasks to queue
[2025-10-30T21:23:59.108-0700] {logging_mixin.py:188} INFO - [2025-10-30T21:23:59.107-0700] {dagbag.py:545} INFO - Filling up the DagBag from /usr/local/lib/python3.10/dist-packages/airflow/example_dags/example_branch_datetime_operator.py
[2025-10-30T21:23:59.123-0700] {processor.py:840} INFO - DAG(s) 'example_branch_datetime_operator_2', 'example_branch_datetime_operator', 'example_branch_datetime_operator_3' retrieved from /usr/local/lib/python3.10/dist-packages/airflow/example_dags/example_branch_datetime_operator.py
[2025-10-30T21:23:59.184-0700] {logging_mixin.py:188} INFO - [2025-10-30T21:23:59.184-0700] {dag.py:3089} INFO - Sync 3 DAGs
[2025-10-30T21:23:59.225-0700] {logging_mixin.py:188} INFO - [2025-10-30T21:23:59.224-0700] {dag.py:3947} INFO - Setting next_dagrun for example_branch_datetime_operator to 2025-10-30 00:00:00+00:00, run_after=2025-10-31 00:00:00+00:00
[2025-10-30T21:23:59.234-0700] {logging_mixin.py:188} INFO - [2025-10-30T21:23:59.234-0700] {dag.py:3947} INFO - Setting next_dagrun for example_branch_datetime_operator_2 to 2025-10-30 00:00:00+00:00, run_after=2025-10-31 00:00:00+00:00
[2025-10-30T21:23:59.241-0700] {logging_mixin.py:188} INFO - [2025-10-30T21:23:59.241-0700] {dag.py:3947} INFO - Setting next_dagrun for example_branch_datetime_operator_3 to 2025-10-30 00:00:00+00:00, run_after=2025-10-31 00:00:00+00:00
[2025-10-30T21:23:59.420-0700] {processor.py:183} INFO - Processing /usr/local/lib/python3.10/dist-packages/airflow/example_dags/example_branch_datetime_operator.py took 0.324 seconds
[2025-10-30T21:25:17.380-0700] {processor.py:161} INFO - Started process (PID=2048) to work on /usr/local/lib/python3.10/dist-packages/airflow/example_dags/example_branch_datetime_operator.py
[2025-10-30T21:25:17.383-0700] {processor.py:830} INFO - Processing file /usr/local/lib/python3.10/dist-packages/airflow/example_dags/example_branch_datetime_operator.py for tasks to queue
[2025-10-30T21:25:17.386-0700] {logging_mixin.py:188} INFO - [2025-10-30T21:25:17.385-0700] {dagbag.py:545} INFO - Filling up the DagBag from /usr/local/lib/python3.10/dist-packages/airflow/example_dags/example_branch_datetime_operator.py
[2025-10-30T21:25:17.398-0700] {processor.py:840} INFO - DAG(s) 'example_branch_datetime_operator', 'example_branch_datetime_operator_2', 'example_branch_datetime_operator_3' retrieved from /usr/local/lib/python3.10/dist-packages/airflow/example_dags/example_branch_datetime_operator.py
[2025-10-30T21:25:17.455-0700] {logging_mixin.py:188} INFO - [2025-10-30T21:25:17.454-0700] {dag.py:3089} INFO - Sync 3 DAGs
[2025-10-30T21:25:17.494-0700] {logging_mixin.py:188} INFO - [2025-10-30T21:25:17.494-0700] {dag.py:3947} INFO - Setting next_dagrun for example_branch_datetime_operator to 2025-10-30 00:00:00+00:00, run_after=2025-10-31 00:00:00+00:00
[2025-10-30T21:25:17.505-0700] {logging_mixin.py:188} INFO - [2025-10-30T21:25:17.505-0700] {dag.py:3947} INFO - Setting next_dagrun for example_branch_datetime_operator_2 to 2025-10-30 00:00:00+00:00, run_after=2025-10-31 00:00:00+00:00
[2025-10-30T21:25:17.512-0700] {logging_mixin.py:188} INFO - [2025-10-30T21:25:17.512-0700] {dag.py:3947} INFO - Setting next_dagrun for example_branch_datetime_operator_3 to 2025-10-30 00:00:00+00:00, run_after=2025-10-31 00:00:00+00:00
[2025-10-30T21:25:17.667-0700] {processor.py:183} INFO - Processing /usr/local/lib/python3.10/dist-packages/airflow/example_dags/example_branch_datetime_operator.py took 0.296 seconds
[2025-10-30T21:26:30.485-0700] {processor.py:161} INFO - Started process (PID=2107) to work on /usr/local/lib/python3.10/dist-packages/airflow/example_dags/example_branch_datetime_operator.py
[2025-10-30T21:26:30.488-0700] {processor.py:830} INFO - Processing file /usr/local/lib/python3.10/dist-packages/airflow/example_dags/example_branch_datetime_operator.py for tasks to queue
[2025-10-30T21:26:30.491-0700] {logging_mixin.py:188} INFO - [2025-10-30T21:26:30.491-0700] {dagbag.py:545} INFO - Filling up the DagBag from /usr/local/lib/python3.10/dist-packages/airflow/example_dags/example_branch_datetime_operator.py
[2025-10-30T21:26:30.503-0700] {processor.py:840} INFO - DAG(s) 'example_branch_datetime_operator_3', 'example_branch_datetime_operator_2', 'example_branch_datetime_operator' retrieved from /usr/local/lib/python3.10/dist-packages/airflow/example_dags/example_branch_datetime_operator.py
[2025-10-30T21:26:30.572-0700] {logging_mixin.py:188} INFO - [2025-10-30T21:26:30.571-0700] {dag.py:3089} INFO - Sync 3 DAGs
[2025-10-30T21:26:30.612-0700] {logging_mixin.py:188} INFO - [2025-10-30T21:26:30.611-0700] {dag.py:3947} INFO - Setting next_dagrun for example_branch_datetime_operator to 2025-10-30 00:00:00+00:00, run_after=2025-10-31 00:00:00+00:00
[2025-10-30T21:26:30.622-0700] {logging_mixin.py:188} INFO - [2025-10-30T21:26:30.622-0700] {dag.py:3947} INFO - Setting next_dagrun for example_branch_datetime_operator_2 to 2025-10-30 00:00:00+00:00, run_after=2025-10-31 00:00:00+00:00
[2025-10-30T21:26:30.628-0700] {logging_mixin.py:188} INFO - [2025-10-30T21:26:30.628-0700] {dag.py:3947} INFO - Setting next_dagrun for example_branch_datetime_operator_3 to 2025-10-30 00:00:00+00:00, run_after=2025-10-31 00:00:00+00:00
[2025-10-30T21:26:30.800-0700] {processor.py:183} INFO - Processing /usr/local/lib/python3.10/dist-packages/airflow/example_dags/example_branch_datetime_operator.py took 0.323 seconds
[2025-10-30T21:27:53.369-0700] {processor.py:161} INFO - Started process (PID=2183) to work on /usr/local/lib/python3.10/dist-packages/airflow/example_dags/example_branch_datetime_operator.py
[2025-10-30T21:27:53.371-0700] {processor.py:830} INFO - Processing file /usr/local/lib/python3.10/dist-packages/airflow/example_dags/example_branch_datetime_operator.py for tasks to queue
[2025-10-30T21:27:53.374-0700] {logging_mixin.py:188} INFO - [2025-10-30T21:27:53.374-0700] {dagbag.py:545} INFO - Filling up the DagBag from /usr/local/lib/python3.10/dist-packages/airflow/example_dags/example_branch_datetime_operator.py
[2025-10-30T21:27:53.388-0700] {processor.py:840} INFO - DAG(s) 'example_branch_datetime_operator_2', 'example_branch_datetime_operator', 'example_branch_datetime_operator_3' retrieved from /usr/local/lib/python3.10/dist-packages/airflow/example_dags/example_branch_datetime_operator.py
[2025-10-30T21:27:53.432-0700] {logging_mixin.py:188} INFO - [2025-10-30T21:27:53.432-0700] {dag.py:3089} INFO - Sync 3 DAGs
[2025-10-30T21:27:53.498-0700] {logging_mixin.py:188} INFO - [2025-10-30T21:27:53.497-0700] {dag.py:3947} INFO - Setting next_dagrun for example_branch_datetime_operator to 2025-10-30 00:00:00+00:00, run_after=2025-10-31 00:00:00+00:00
[2025-10-30T21:27:53.514-0700] {logging_mixin.py:188} INFO - [2025-10-30T21:27:53.513-0700] {dag.py:3947} INFO - Setting next_dagrun for example_branch_datetime_operator_2 to 2025-10-30 00:00:00+00:00, run_after=2025-10-31 00:00:00+00:00
[2025-10-30T21:27:53.525-0700] {logging_mixin.py:188} INFO - [2025-10-30T21:27:53.525-0700] {dag.py:3947} INFO - Setting next_dagrun for example_branch_datetime_operator_3 to 2025-10-30 00:00:00+00:00, run_after=2025-10-31 00:00:00+00:00
[2025-10-30T21:27:53.671-0700] {processor.py:183} INFO - Processing /usr/local/lib/python3.10/dist-packages/airflow/example_dags/example_branch_datetime_operator.py took 0.311 seconds
[2025-10-30T21:29:15.843-0700] {processor.py:161} INFO - Started process (PID=2258) to work on /usr/local/lib/python3.10/dist-packages/airflow/example_dags/example_branch_datetime_operator.py
[2025-10-30T21:29:15.845-0700] {processor.py:830} INFO - Processing file /usr/local/lib/python3.10/dist-packages/airflow/example_dags/example_branch_datetime_operator.py for tasks to queue
[2025-10-30T21:29:15.847-0700] {logging_mixin.py:188} INFO - [2025-10-30T21:29:15.847-0700] {dagbag.py:545} INFO - Filling up the DagBag from /usr/local/lib/python3.10/dist-packages/airflow/example_dags/example_branch_datetime_operator.py
[2025-10-30T21:29:15.861-0700] {processor.py:840} INFO - DAG(s) 'example_branch_datetime_operator_2', 'example_branch_datetime_operator_3', 'example_branch_datetime_operator' retrieved from /usr/local/lib/python3.10/dist-packages/airflow/example_dags/example_branch_datetime_operator.py
[2025-10-30T21:29:15.938-0700] {logging_mixin.py:188} INFO - [2025-10-30T21:29:15.938-0700] {dag.py:3089} INFO - Sync 3 DAGs
[2025-10-30T21:29:15.990-0700] {logging_mixin.py:188} INFO - [2025-10-30T21:29:15.990-0700] {dag.py:3947} INFO - Setting next_dagrun for example_branch_datetime_operator to 2025-10-30 00:00:00+00:00, run_after=2025-10-31 00:00:00+00:00
[2025-10-30T21:29:16.004-0700] {logging_mixin.py:188} INFO - [2025-10-30T21:29:16.004-0700] {dag.py:3947} INFO - Setting next_dagrun for example_branch_datetime_operator_2 to 2025-10-30 00:00:00+00:00, run_after=2025-10-31 00:00:00+00:00
[2025-10-30T21:29:16.012-0700] {logging_mixin.py:188} INFO - [2025-10-30T21:29:16.012-0700] {dag.py:3947} INFO - Setting next_dagrun for example_branch_datetime_operator_3 to 2025-10-30 00:00:00+00:00, run_after=2025-10-31 00:00:00+00:00
[2025-10-30T21:29:16.183-0700] {processor.py:183} INFO - Processing /usr/local/lib/python3.10/dist-packages/airflow/example_dags/example_branch_datetime_operator.py took 0.348 seconds
[2025-10-30T21:30:39.128-0700] {processor.py:161} INFO - Started process (PID=2333) to work on /usr/local/lib/python3.10/dist-packages/airflow/example_dags/example_branch_datetime_operator.py
[2025-10-30T21:30:39.130-0700] {processor.py:830} INFO - Processing file /usr/local/lib/python3.10/dist-packages/airflow/example_dags/example_branch_datetime_operator.py for tasks to queue
[2025-10-30T21:30:39.133-0700] {logging_mixin.py:188} INFO - [2025-10-30T21:30:39.132-0700] {dagbag.py:545} INFO - Filling up the DagBag from /usr/local/lib/python3.10/dist-packages/airflow/example_dags/example_branch_datetime_operator.py
[2025-10-30T21:30:39.148-0700] {processor.py:840} INFO - DAG(s) 'example_branch_datetime_operator_2', 'example_branch_datetime_operator', 'example_branch_datetime_operator_3' retrieved from /usr/local/lib/python3.10/dist-packages/airflow/example_dags/example_branch_datetime_operator.py
[2025-10-30T21:30:39.213-0700] {logging_mixin.py:188} INFO - [2025-10-30T21:30:39.212-0700] {dag.py:3089} INFO - Sync 3 DAGs
[2025-10-30T21:30:39.259-0700] {logging_mixin.py:188} INFO - [2025-10-30T21:30:39.259-0700] {dag.py:3947} INFO - Setting next_dagrun for example_branch_datetime_operator to 2025-10-30 00:00:00+00:00, run_after=2025-10-31 00:00:00+00:00
[2025-10-30T21:30:39.270-0700] {logging_mixin.py:188} INFO - [2025-10-30T21:30:39.269-0700] {dag.py:3947} INFO - Setting next_dagrun for example_branch_datetime_operator_2 to 2025-10-30 00:00:00+00:00, run_after=2025-10-31 00:00:00+00:00
[2025-10-30T21:30:39.277-0700] {logging_mixin.py:188} INFO - [2025-10-30T21:30:39.277-0700] {dag.py:3947} INFO - Setting next_dagrun for example_branch_datetime_operator_3 to 2025-10-30 00:00:00+00:00, run_after=2025-10-31 00:00:00+00:00
[2025-10-30T21:30:39.376-0700] {processor.py:183} INFO - Processing /usr/local/lib/python3.10/dist-packages/airflow/example_dags/example_branch_datetime_operator.py took 0.259 seconds
[2025-10-30T21:31:59.458-0700] {processor.py:161} INFO - Started process (PID=2407) to work on /usr/local/lib/python3.10/dist-packages/airflow/example_dags/example_branch_datetime_operator.py
[2025-10-30T21:31:59.460-0700] {processor.py:830} INFO - Processing file /usr/local/lib/python3.10/dist-packages/airflow/example_dags/example_branch_datetime_operator.py for tasks to queue
[2025-10-30T21:31:59.464-0700] {logging_mixin.py:188} INFO - [2025-10-30T21:31:59.462-0700] {dagbag.py:545} INFO - Filling up the DagBag from /usr/local/lib/python3.10/dist-packages/airflow/example_dags/example_branch_datetime_operator.py
[2025-10-30T21:31:59.475-0700] {processor.py:840} INFO - DAG(s) 'example_branch_datetime_operator_2', 'example_branch_datetime_operator_3', 'example_branch_datetime_operator' retrieved from /usr/local/lib/python3.10/dist-packages/airflow/example_dags/example_branch_datetime_operator.py
[2025-10-30T21:31:59.544-0700] {logging_mixin.py:188} INFO - [2025-10-30T21:31:59.544-0700] {dag.py:3089} INFO - Sync 3 DAGs
[2025-10-30T21:31:59.587-0700] {logging_mixin.py:188} INFO - [2025-10-30T21:31:59.587-0700] {dag.py:3947} INFO - Setting next_dagrun for example_branch_datetime_operator to 2025-10-30 00:00:00+00:00, run_after=2025-10-31 00:00:00+00:00
[2025-10-30T21:31:59.599-0700] {logging_mixin.py:188} INFO - [2025-10-30T21:31:59.598-0700] {dag.py:3947} INFO - Setting next_dagrun for example_branch_datetime_operator_2 to 2025-10-30 00:00:00+00:00, run_after=2025-10-31 00:00:00+00:00
[2025-10-30T21:31:59.604-0700] {logging_mixin.py:188} INFO - [2025-10-30T21:31:59.604-0700] {dag.py:3947} INFO - Setting next_dagrun for example_branch_datetime_operator_3 to 2025-10-30 00:00:00+00:00, run_after=2025-10-31 00:00:00+00:00
[2025-10-30T21:31:59.726-0700] {processor.py:183} INFO - Processing /usr/local/lib/python3.10/dist-packages/airflow/example_dags/example_branch_datetime_operator.py took 0.274 seconds
[2025-10-30T21:33:19.828-0700] {processor.py:161} INFO - Started process (PID=2487) to work on /usr/local/lib/python3.10/dist-packages/airflow/example_dags/example_branch_datetime_operator.py
[2025-10-30T21:33:19.830-0700] {processor.py:830} INFO - Processing file /usr/local/lib/python3.10/dist-packages/airflow/example_dags/example_branch_datetime_operator.py for tasks to queue
[2025-10-30T21:33:19.832-0700] {logging_mixin.py:188} INFO - [2025-10-30T21:33:19.832-0700] {dagbag.py:545} INFO - Filling up the DagBag from /usr/local/lib/python3.10/dist-packages/airflow/example_dags/example_branch_datetime_operator.py
[2025-10-30T21:33:19.845-0700] {processor.py:840} INFO - DAG(s) 'example_branch_datetime_operator', 'example_branch_datetime_operator_2', 'example_branch_datetime_operator_3' retrieved from /usr/local/lib/python3.10/dist-packages/airflow/example_dags/example_branch_datetime_operator.py
[2025-10-30T21:33:19.899-0700] {logging_mixin.py:188} INFO - [2025-10-30T21:33:19.899-0700] {dag.py:3089} INFO - Sync 3 DAGs
[2025-10-30T21:33:19.937-0700] {logging_mixin.py:188} INFO - [2025-10-30T21:33:19.936-0700] {dag.py:3947} INFO - Setting next_dagrun for example_branch_datetime_operator to 2025-10-30 00:00:00+00:00, run_after=2025-10-31 00:00:00+00:00
[2025-10-30T21:33:19.945-0700] {logging_mixin.py:188} INFO - [2025-10-30T21:33:19.945-0700] {dag.py:3947} INFO - Setting next_dagrun for example_branch_datetime_operator_2 to 2025-10-30 00:00:00+00:00, run_after=2025-10-31 00:00:00+00:00
[2025-10-30T21:33:19.951-0700] {logging_mixin.py:188} INFO - [2025-10-30T21:33:19.951-0700] {dag.py:3947} INFO - Setting next_dagrun for example_branch_datetime_operator_3 to 2025-10-30 00:00:00+00:00, run_after=2025-10-31 00:00:00+00:00
[2025-10-30T21:33:20.072-0700] {processor.py:183} INFO - Processing /usr/local/lib/python3.10/dist-packages/airflow/example_dags/example_branch_datetime_operator.py took 0.251 seconds
[2025-10-30T21:35:14.906-0700] {processor.py:161} INFO - Started process (PID=2563) to work on /usr/local/lib/python3.10/dist-packages/airflow/example_dags/example_branch_datetime_operator.py
[2025-10-30T21:35:14.908-0700] {processor.py:830} INFO - Processing file /usr/local/lib/python3.10/dist-packages/airflow/example_dags/example_branch_datetime_operator.py for tasks to queue
[2025-10-30T21:35:14.911-0700] {logging_mixin.py:188} INFO - [2025-10-30T21:35:14.910-0700] {dagbag.py:545} INFO - Filling up the DagBag from /usr/local/lib/python3.10/dist-packages/airflow/example_dags/example_branch_datetime_operator.py
[2025-10-30T21:35:14.923-0700] {processor.py:840} INFO - DAG(s) 'example_branch_datetime_operator', 'example_branch_datetime_operator_3', 'example_branch_datetime_operator_2' retrieved from /usr/local/lib/python3.10/dist-packages/airflow/example_dags/example_branch_datetime_operator.py
[2025-10-30T21:35:15.128-0700] {logging_mixin.py:188} INFO - [2025-10-30T21:35:15.128-0700] {dag.py:3089} INFO - Sync 3 DAGs
[2025-10-30T21:35:15.176-0700] {logging_mixin.py:188} INFO - [2025-10-30T21:35:15.176-0700] {dag.py:3947} INFO - Setting next_dagrun for example_branch_datetime_operator to 2025-10-30 00:00:00+00:00, run_after=2025-10-31 00:00:00+00:00
[2025-10-30T21:35:15.186-0700] {logging_mixin.py:188} INFO - [2025-10-30T21:35:15.186-0700] {dag.py:3947} INFO - Setting next_dagrun for example_branch_datetime_operator_2 to 2025-10-30 00:00:00+00:00, run_after=2025-10-31 00:00:00+00:00
[2025-10-30T21:35:15.193-0700] {logging_mixin.py:188} INFO - [2025-10-30T21:35:15.193-0700] {dag.py:3947} INFO - Setting next_dagrun for example_branch_datetime_operator_3 to 2025-10-30 00:00:00+00:00, run_after=2025-10-31 00:00:00+00:00
[2025-10-30T21:35:15.312-0700] {processor.py:183} INFO - Processing /usr/local/lib/python3.10/dist-packages/airflow/example_dags/example_branch_datetime_operator.py took 0.417 seconds
[2025-10-30T21:36:42.799-0700] {processor.py:161} INFO - Started process (PID=2649) to work on /usr/local/lib/python3.10/dist-packages/airflow/example_dags/example_branch_datetime_operator.py
[2025-10-30T21:36:42.801-0700] {processor.py:830} INFO - Processing file /usr/local/lib/python3.10/dist-packages/airflow/example_dags/example_branch_datetime_operator.py for tasks to queue
[2025-10-30T21:36:42.804-0700] {logging_mixin.py:188} INFO - [2025-10-30T21:36:42.803-0700] {dagbag.py:545} INFO - Filling up the DagBag from /usr/local/lib/python3.10/dist-packages/airflow/example_dags/example_branch_datetime_operator.py
[2025-10-30T21:36:42.819-0700] {processor.py:840} INFO - DAG(s) 'example_branch_datetime_operator_3', 'example_branch_datetime_operator', 'example_branch_datetime_operator_2' retrieved from /usr/local/lib/python3.10/dist-packages/airflow/example_dags/example_branch_datetime_operator.py
[2025-10-30T21:36:42.884-0700] {logging_mixin.py:188} INFO - [2025-10-30T21:36:42.883-0700] {dag.py:3089} INFO - Sync 3 DAGs
[2025-10-30T21:36:42.930-0700] {logging_mixin.py:188} INFO - [2025-10-30T21:36:42.929-0700] {dag.py:3947} INFO - Setting next_dagrun for example_branch_datetime_operator to 2025-10-30 00:00:00+00:00, run_after=2025-10-31 00:00:00+00:00
[2025-10-30T21:36:42.946-0700] {logging_mixin.py:188} INFO - [2025-10-30T21:36:42.946-0700] {dag.py:3947} INFO - Setting next_dagrun for example_branch_datetime_operator_2 to 2025-10-30 00:00:00+00:00, run_after=2025-10-31 00:00:00+00:00
[2025-10-30T21:36:42.952-0700] {logging_mixin.py:188} INFO - [2025-10-30T21:36:42.952-0700] {dag.py:3947} INFO - Setting next_dagrun for example_branch_datetime_operator_3 to 2025-10-30 00:00:00+00:00, run_after=2025-10-31 00:00:00+00:00
[2025-10-30T21:36:43.070-0700] {processor.py:183} INFO - Processing /usr/local/lib/python3.10/dist-packages/airflow/example_dags/example_branch_datetime_operator.py took 0.283 seconds
[2025-10-30T21:38:19.711-0700] {processor.py:161} INFO - Started process (PID=2730) to work on /usr/local/lib/python3.10/dist-packages/airflow/example_dags/example_branch_datetime_operator.py
[2025-10-30T21:38:19.713-0700] {processor.py:830} INFO - Processing file /usr/local/lib/python3.10/dist-packages/airflow/example_dags/example_branch_datetime_operator.py for tasks to queue
[2025-10-30T21:38:19.715-0700] {logging_mixin.py:188} INFO - [2025-10-30T21:38:19.715-0700] {dagbag.py:545} INFO - Filling up the DagBag from /usr/local/lib/python3.10/dist-packages/airflow/example_dags/example_branch_datetime_operator.py
[2025-10-30T21:38:19.728-0700] {processor.py:840} INFO - DAG(s) 'example_branch_datetime_operator_3', 'example_branch_datetime_operator', 'example_branch_datetime_operator_2' retrieved from /usr/local/lib/python3.10/dist-packages/airflow/example_dags/example_branch_datetime_operator.py
[2025-10-30T21:38:19.786-0700] {logging_mixin.py:188} INFO - [2025-10-30T21:38:19.785-0700] {dag.py:3089} INFO - Sync 3 DAGs
[2025-10-30T21:38:19.828-0700] {logging_mixin.py:188} INFO - [2025-10-30T21:38:19.827-0700] {dag.py:3947} INFO - Setting next_dagrun for example_branch_datetime_operator to 2025-10-30 00:00:00+00:00, run_after=2025-10-31 00:00:00+00:00
[2025-10-30T21:38:19.835-0700] {logging_mixin.py:188} INFO - [2025-10-30T21:38:19.835-0700] {dag.py:3947} INFO - Setting next_dagrun for example_branch_datetime_operator_2 to 2025-10-30 00:00:00+00:00, run_after=2025-10-31 00:00:00+00:00
[2025-10-30T21:38:19.842-0700] {logging_mixin.py:188} INFO - [2025-10-30T21:38:19.841-0700] {dag.py:3947} INFO - Setting next_dagrun for example_branch_datetime_operator_3 to 2025-10-30 00:00:00+00:00, run_after=2025-10-31 00:00:00+00:00
[2025-10-30T21:38:19.941-0700] {processor.py:183} INFO - Processing /usr/local/lib/python3.10/dist-packages/airflow/example_dags/example_branch_datetime_operator.py took 0.240 seconds
[2025-10-30T21:39:51.189-0700] {processor.py:161} INFO - Started process (PID=2832) to work on /usr/local/lib/python3.10/dist-packages/airflow/example_dags/example_branch_datetime_operator.py
[2025-10-30T21:39:51.191-0700] {processor.py:830} INFO - Processing file /usr/local/lib/python3.10/dist-packages/airflow/example_dags/example_branch_datetime_operator.py for tasks to queue
[2025-10-30T21:39:51.194-0700] {logging_mixin.py:188} INFO - [2025-10-30T21:39:51.194-0700] {dagbag.py:545} INFO - Filling up the DagBag from /usr/local/lib/python3.10/dist-packages/airflow/example_dags/example_branch_datetime_operator.py
[2025-10-30T21:39:51.206-0700] {processor.py:840} INFO - DAG(s) 'example_branch_datetime_operator_2', 'example_branch_datetime_operator_3', 'example_branch_datetime_operator' retrieved from /usr/local/lib/python3.10/dist-packages/airflow/example_dags/example_branch_datetime_operator.py
[2025-10-30T21:39:51.278-0700] {logging_mixin.py:188} INFO - [2025-10-30T21:39:51.278-0700] {dag.py:3089} INFO - Sync 3 DAGs
[2025-10-30T21:39:51.315-0700] {logging_mixin.py:188} INFO - [2025-10-30T21:39:51.315-0700] {dag.py:3947} INFO - Setting next_dagrun for example_branch_datetime_operator to 2025-10-30 00:00:00+00:00, run_after=2025-10-31 00:00:00+00:00
[2025-10-30T21:39:51.325-0700] {logging_mixin.py:188} INFO - [2025-10-30T21:39:51.324-0700] {dag.py:3947} INFO - Setting next_dagrun for example_branch_datetime_operator_2 to 2025-10-30 00:00:00+00:00, run_after=2025-10-31 00:00:00+00:00
[2025-10-30T21:39:51.329-0700] {logging_mixin.py:188} INFO - [2025-10-30T21:39:51.329-0700] {dag.py:3947} INFO - Setting next_dagrun for example_branch_datetime_operator_3 to 2025-10-30 00:00:00+00:00, run_after=2025-10-31 00:00:00+00:00
[2025-10-30T21:39:51.436-0700] {processor.py:183} INFO - Processing /usr/local/lib/python3.10/dist-packages/airflow/example_dags/example_branch_datetime_operator.py took 0.253 seconds
[2025-10-30T21:41:20.439-0700] {processor.py:161} INFO - Started process (PID=2910) to work on /usr/local/lib/python3.10/dist-packages/airflow/example_dags/example_branch_datetime_operator.py
[2025-10-30T21:41:20.441-0700] {processor.py:830} INFO - Processing file /usr/local/lib/python3.10/dist-packages/airflow/example_dags/example_branch_datetime_operator.py for tasks to queue
[2025-10-30T21:41:20.444-0700] {logging_mixin.py:188} INFO - [2025-10-30T21:41:20.444-0700] {dagbag.py:545} INFO - Filling up the DagBag from /usr/local/lib/python3.10/dist-packages/airflow/example_dags/example_branch_datetime_operator.py
[2025-10-30T21:41:20.457-0700] {processor.py:840} INFO - DAG(s) 'example_branch_datetime_operator_3', 'example_branch_datetime_operator_2', 'example_branch_datetime_operator' retrieved from /usr/local/lib/python3.10/dist-packages/airflow/example_dags/example_branch_datetime_operator.py
[2025-10-30T21:41:20.536-0700] {logging_mixin.py:188} INFO - [2025-10-30T21:41:20.536-0700] {dag.py:3089} INFO - Sync 3 DAGs
[2025-10-30T21:41:20.578-0700] {logging_mixin.py:188} INFO - [2025-10-30T21:41:20.578-0700] {dag.py:3947} INFO - Setting next_dagrun for example_branch_datetime_operator to 2025-10-30 00:00:00+00:00, run_after=2025-10-31 00:00:00+00:00
[2025-10-30T21:41:20.588-0700] {logging_mixin.py:188} INFO - [2025-10-30T21:41:20.588-0700] {dag.py:3947} INFO - Setting next_dagrun for example_branch_datetime_operator_2 to 2025-10-30 00:00:00+00:00, run_after=2025-10-31 00:00:00+00:00
[2025-10-30T21:41:20.597-0700] {logging_mixin.py:188} INFO - [2025-10-30T21:41:20.596-0700] {dag.py:3947} INFO - Setting next_dagrun for example_branch_datetime_operator_3 to 2025-10-30 00:00:00+00:00, run_after=2025-10-31 00:00:00+00:00
[2025-10-30T21:41:20.750-0700] {processor.py:183} INFO - Processing /usr/local/lib/python3.10/dist-packages/airflow/example_dags/example_branch_datetime_operator.py took 0.318 seconds
[2025-10-30T21:42:51.622-0700] {processor.py:161} INFO - Started process (PID=2989) to work on /usr/local/lib/python3.10/dist-packages/airflow/example_dags/example_branch_datetime_operator.py
[2025-10-30T21:42:51.624-0700] {processor.py:830} INFO - Processing file /usr/local/lib/python3.10/dist-packages/airflow/example_dags/example_branch_datetime_operator.py for tasks to queue
[2025-10-30T21:42:51.628-0700] {logging_mixin.py:188} INFO - [2025-10-30T21:42:51.628-0700] {dagbag.py:545} INFO - Filling up the DagBag from /usr/local/lib/python3.10/dist-packages/airflow/example_dags/example_branch_datetime_operator.py
[2025-10-30T21:42:51.641-0700] {processor.py:840} INFO - DAG(s) 'example_branch_datetime_operator_3', 'example_branch_datetime_operator', 'example_branch_datetime_operator_2' retrieved from /usr/local/lib/python3.10/dist-packages/airflow/example_dags/example_branch_datetime_operator.py
[2025-10-30T21:42:51.699-0700] {logging_mixin.py:188} INFO - [2025-10-30T21:42:51.699-0700] {dag.py:3089} INFO - Sync 3 DAGs
[2025-10-30T21:42:51.740-0700] {logging_mixin.py:188} INFO - [2025-10-30T21:42:51.740-0700] {dag.py:3947} INFO - Setting next_dagrun for example_branch_datetime_operator to 2025-10-30 00:00:00+00:00, run_after=2025-10-31 00:00:00+00:00
[2025-10-30T21:42:51.750-0700] {logging_mixin.py:188} INFO - [2025-10-30T21:42:51.750-0700] {dag.py:3947} INFO - Setting next_dagrun for example_branch_datetime_operator_2 to 2025-10-30 00:00:00+00:00, run_after=2025-10-31 00:00:00+00:00
[2025-10-30T21:42:51.757-0700] {logging_mixin.py:188} INFO - [2025-10-30T21:42:51.756-0700] {dag.py:3947} INFO - Setting next_dagrun for example_branch_datetime_operator_3 to 2025-10-30 00:00:00+00:00, run_after=2025-10-31 00:00:00+00:00
[2025-10-30T21:42:51.899-0700] {processor.py:183} INFO - Processing /usr/local/lib/python3.10/dist-packages/airflow/example_dags/example_branch_datetime_operator.py took 0.287 seconds
[2025-10-30T21:44:19.208-0700] {processor.py:161} INFO - Started process (PID=3066) to work on /usr/local/lib/python3.10/dist-packages/airflow/example_dags/example_branch_datetime_operator.py
[2025-10-30T21:44:19.212-0700] {processor.py:830} INFO - Processing file /usr/local/lib/python3.10/dist-packages/airflow/example_dags/example_branch_datetime_operator.py for tasks to queue
[2025-10-30T21:44:19.217-0700] {logging_mixin.py:188} INFO - [2025-10-30T21:44:19.216-0700] {dagbag.py:545} INFO - Filling up the DagBag from /usr/local/lib/python3.10/dist-packages/airflow/example_dags/example_branch_datetime_operator.py
[2025-10-30T21:44:19.240-0700] {processor.py:840} INFO - DAG(s) 'example_branch_datetime_operator_2', 'example_branch_datetime_operator', 'example_branch_datetime_operator_3' retrieved from /usr/local/lib/python3.10/dist-packages/airflow/example_dags/example_branch_datetime_operator.py
[2025-10-30T21:44:19.315-0700] {logging_mixin.py:188} INFO - [2025-10-30T21:44:19.314-0700] {dag.py:3089} INFO - Sync 3 DAGs
[2025-10-30T21:44:19.354-0700] {logging_mixin.py:188} INFO - [2025-10-30T21:44:19.353-0700] {dag.py:3947} INFO - Setting next_dagrun for example_branch_datetime_operator to 2025-10-30 00:00:00+00:00, run_after=2025-10-31 00:00:00+00:00
[2025-10-30T21:44:19.366-0700] {logging_mixin.py:188} INFO - [2025-10-30T21:44:19.366-0700] {dag.py:3947} INFO - Setting next_dagrun for example_branch_datetime_operator_2 to 2025-10-30 00:00:00+00:00, run_after=2025-10-31 00:00:00+00:00
[2025-10-30T21:44:19.371-0700] {logging_mixin.py:188} INFO - [2025-10-30T21:44:19.371-0700] {dag.py:3947} INFO - Setting next_dagrun for example_branch_datetime_operator_3 to 2025-10-30 00:00:00+00:00, run_after=2025-10-31 00:00:00+00:00
[2025-10-30T21:44:19.494-0700] {processor.py:183} INFO - Processing /usr/local/lib/python3.10/dist-packages/airflow/example_dags/example_branch_datetime_operator.py took 0.313 seconds
[2025-10-30T21:46:06.187-0700] {processor.py:161} INFO - Started process (PID=3176) to work on /usr/local/lib/python3.10/dist-packages/airflow/example_dags/example_branch_datetime_operator.py
[2025-10-30T21:46:06.189-0700] {processor.py:830} INFO - Processing file /usr/local/lib/python3.10/dist-packages/airflow/example_dags/example_branch_datetime_operator.py for tasks to queue
[2025-10-30T21:46:06.192-0700] {logging_mixin.py:188} INFO - [2025-10-30T21:46:06.192-0700] {dagbag.py:545} INFO - Filling up the DagBag from /usr/local/lib/python3.10/dist-packages/airflow/example_dags/example_branch_datetime_operator.py
[2025-10-30T21:46:06.205-0700] {processor.py:840} INFO - DAG(s) 'example_branch_datetime_operator', 'example_branch_datetime_operator_2', 'example_branch_datetime_operator_3' retrieved from /usr/local/lib/python3.10/dist-packages/airflow/example_dags/example_branch_datetime_operator.py
[2025-10-30T21:46:06.273-0700] {logging_mixin.py:188} INFO - [2025-10-30T21:46:06.272-0700] {dag.py:3089} INFO - Sync 3 DAGs
[2025-10-30T21:46:06.314-0700] {logging_mixin.py:188} INFO - [2025-10-30T21:46:06.314-0700] {dag.py:3947} INFO - Setting next_dagrun for example_branch_datetime_operator to 2025-10-30 00:00:00+00:00, run_after=2025-10-31 00:00:00+00:00
[2025-10-30T21:46:06.324-0700] {logging_mixin.py:188} INFO - [2025-10-30T21:46:06.324-0700] {dag.py:3947} INFO - Setting next_dagrun for example_branch_datetime_operator_2 to 2025-10-30 00:00:00+00:00, run_after=2025-10-31 00:00:00+00:00
[2025-10-30T21:46:06.331-0700] {logging_mixin.py:188} INFO - [2025-10-30T21:46:06.331-0700] {dag.py:3947} INFO - Setting next_dagrun for example_branch_datetime_operator_3 to 2025-10-30 00:00:00+00:00, run_after=2025-10-31 00:00:00+00:00
[2025-10-30T21:46:06.483-0700] {processor.py:183} INFO - Processing /usr/local/lib/python3.10/dist-packages/airflow/example_dags/example_branch_datetime_operator.py took 0.307 seconds
[2025-10-30T21:47:33.629-0700] {processor.py:161} INFO - Started process (PID=3253) to work on /usr/local/lib/python3.10/dist-packages/airflow/example_dags/example_branch_datetime_operator.py
[2025-10-30T21:47:33.633-0700] {processor.py:830} INFO - Processing file /usr/local/lib/python3.10/dist-packages/airflow/example_dags/example_branch_datetime_operator.py for tasks to queue
[2025-10-30T21:47:33.636-0700] {logging_mixin.py:188} INFO - [2025-10-30T21:47:33.636-0700] {dagbag.py:545} INFO - Filling up the DagBag from /usr/local/lib/python3.10/dist-packages/airflow/example_dags/example_branch_datetime_operator.py
[2025-10-30T21:47:33.647-0700] {processor.py:840} INFO - DAG(s) 'example_branch_datetime_operator', 'example_branch_datetime_operator_2', 'example_branch_datetime_operator_3' retrieved from /usr/local/lib/python3.10/dist-packages/airflow/example_dags/example_branch_datetime_operator.py
[2025-10-30T21:47:33.705-0700] {logging_mixin.py:188} INFO - [2025-10-30T21:47:33.705-0700] {dag.py:3089} INFO - Sync 3 DAGs
[2025-10-30T21:47:33.744-0700] {logging_mixin.py:188} INFO - [2025-10-30T21:47:33.743-0700] {dag.py:3947} INFO - Setting next_dagrun for example_branch_datetime_operator to 2025-10-30 00:00:00+00:00, run_after=2025-10-31 00:00:00+00:00
[2025-10-30T21:47:33.760-0700] {logging_mixin.py:188} INFO - [2025-10-30T21:47:33.760-0700] {dag.py:3947} INFO - Setting next_dagrun for example_branch_datetime_operator_2 to 2025-10-30 00:00:00+00:00, run_after=2025-10-31 00:00:00+00:00
[2025-10-30T21:47:33.768-0700] {logging_mixin.py:188} INFO - [2025-10-30T21:47:33.768-0700] {dag.py:3947} INFO - Setting next_dagrun for example_branch_datetime_operator_3 to 2025-10-30 00:00:00+00:00, run_after=2025-10-31 00:00:00+00:00
[2025-10-30T21:47:33.897-0700] {processor.py:183} INFO - Processing /usr/local/lib/python3.10/dist-packages/airflow/example_dags/example_branch_datetime_operator.py took 0.278 seconds
[2025-10-30T21:50:40.173-0700] {processor.py:161} INFO - Started process (PID=3646) to work on /usr/local/lib/python3.10/dist-packages/airflow/example_dags/example_branch_datetime_operator.py
[2025-10-30T21:50:40.176-0700] {processor.py:830} INFO - Processing file /usr/local/lib/python3.10/dist-packages/airflow/example_dags/example_branch_datetime_operator.py for tasks to queue
[2025-10-30T21:50:40.179-0700] {logging_mixin.py:188} INFO - [2025-10-30T21:50:40.178-0700] {dagbag.py:545} INFO - Filling up the DagBag from /usr/local/lib/python3.10/dist-packages/airflow/example_dags/example_branch_datetime_operator.py
[2025-10-30T21:50:40.193-0700] {processor.py:840} INFO - DAG(s) 'example_branch_datetime_operator_3', 'example_branch_datetime_operator', 'example_branch_datetime_operator_2' retrieved from /usr/local/lib/python3.10/dist-packages/airflow/example_dags/example_branch_datetime_operator.py
[2025-10-30T21:50:40.274-0700] {logging_mixin.py:188} INFO - [2025-10-30T21:50:40.273-0700] {dag.py:3089} INFO - Sync 3 DAGs
[2025-10-30T21:50:40.319-0700] {logging_mixin.py:188} INFO - [2025-10-30T21:50:40.318-0700] {dag.py:3947} INFO - Setting next_dagrun for example_branch_datetime_operator to 2025-10-30 00:00:00+00:00, run_after=2025-10-31 00:00:00+00:00
[2025-10-30T21:50:40.331-0700] {logging_mixin.py:188} INFO - [2025-10-30T21:50:40.330-0700] {dag.py:3947} INFO - Setting next_dagrun for example_branch_datetime_operator_2 to 2025-10-30 00:00:00+00:00, run_after=2025-10-31 00:00:00+00:00
[2025-10-30T21:50:40.339-0700] {logging_mixin.py:188} INFO - [2025-10-30T21:50:40.339-0700] {dag.py:3947} INFO - Setting next_dagrun for example_branch_datetime_operator_3 to 2025-10-30 00:00:00+00:00, run_after=2025-10-31 00:00:00+00:00
[2025-10-30T21:50:40.499-0700] {processor.py:183} INFO - Processing /usr/local/lib/python3.10/dist-packages/airflow/example_dags/example_branch_datetime_operator.py took 0.334 seconds
[2025-10-30T21:52:06.053-0700] {processor.py:161} INFO - Started process (PID=3723) to work on /usr/local/lib/python3.10/dist-packages/airflow/example_dags/example_branch_datetime_operator.py
[2025-10-30T21:52:06.055-0700] {processor.py:830} INFO - Processing file /usr/local/lib/python3.10/dist-packages/airflow/example_dags/example_branch_datetime_operator.py for tasks to queue
[2025-10-30T21:52:06.057-0700] {logging_mixin.py:188} INFO - [2025-10-30T21:52:06.057-0700] {dagbag.py:545} INFO - Filling up the DagBag from /usr/local/lib/python3.10/dist-packages/airflow/example_dags/example_branch_datetime_operator.py
[2025-10-30T21:52:06.072-0700] {processor.py:840} INFO - DAG(s) 'example_branch_datetime_operator_2', 'example_branch_datetime_operator_3', 'example_branch_datetime_operator' retrieved from /usr/local/lib/python3.10/dist-packages/airflow/example_dags/example_branch_datetime_operator.py
[2025-10-30T21:52:06.128-0700] {logging_mixin.py:188} INFO - [2025-10-30T21:52:06.128-0700] {dag.py:3089} INFO - Sync 3 DAGs
[2025-10-30T21:52:06.161-0700] {logging_mixin.py:188} INFO - [2025-10-30T21:52:06.160-0700] {dag.py:3947} INFO - Setting next_dagrun for example_branch_datetime_operator to 2025-10-30 00:00:00+00:00, run_after=2025-10-31 00:00:00+00:00
[2025-10-30T21:52:06.169-0700] {logging_mixin.py:188} INFO - [2025-10-30T21:52:06.169-0700] {dag.py:3947} INFO - Setting next_dagrun for example_branch_datetime_operator_2 to 2025-10-30 00:00:00+00:00, run_after=2025-10-31 00:00:00+00:00
[2025-10-30T21:52:06.174-0700] {logging_mixin.py:188} INFO - [2025-10-30T21:52:06.174-0700] {dag.py:3947} INFO - Setting next_dagrun for example_branch_datetime_operator_3 to 2025-10-30 00:00:00+00:00, run_after=2025-10-31 00:00:00+00:00
[2025-10-30T21:52:06.289-0700] {processor.py:183} INFO - Processing /usr/local/lib/python3.10/dist-packages/airflow/example_dags/example_branch_datetime_operator.py took 0.246 seconds
[2025-10-30T21:54:16.839-0700] {processor.py:161} INFO - Started process (PID=3912) to work on /usr/local/lib/python3.10/dist-packages/airflow/example_dags/example_branch_datetime_operator.py
[2025-10-30T21:54:16.842-0700] {processor.py:830} INFO - Processing file /usr/local/lib/python3.10/dist-packages/airflow/example_dags/example_branch_datetime_operator.py for tasks to queue
[2025-10-30T21:54:16.847-0700] {logging_mixin.py:188} INFO - [2025-10-30T21:54:16.846-0700] {dagbag.py:545} INFO - Filling up the DagBag from /usr/local/lib/python3.10/dist-packages/airflow/example_dags/example_branch_datetime_operator.py
[2025-10-30T21:54:16.865-0700] {processor.py:840} INFO - DAG(s) 'example_branch_datetime_operator_2', 'example_branch_datetime_operator_3', 'example_branch_datetime_operator' retrieved from /usr/local/lib/python3.10/dist-packages/airflow/example_dags/example_branch_datetime_operator.py
[2025-10-30T21:54:16.929-0700] {logging_mixin.py:188} INFO - [2025-10-30T21:54:16.928-0700] {dag.py:3089} INFO - Sync 3 DAGs
[2025-10-30T21:54:16.988-0700] {logging_mixin.py:188} INFO - [2025-10-30T21:54:16.987-0700] {dag.py:3947} INFO - Setting next_dagrun for example_branch_datetime_operator to 2025-10-30 00:00:00+00:00, run_after=2025-10-31 00:00:00+00:00
[2025-10-30T21:54:17.001-0700] {logging_mixin.py:188} INFO - [2025-10-30T21:54:17.000-0700] {dag.py:3947} INFO - Setting next_dagrun for example_branch_datetime_operator_2 to 2025-10-30 00:00:00+00:00, run_after=2025-10-31 00:00:00+00:00
[2025-10-30T21:54:17.015-0700] {logging_mixin.py:188} INFO - [2025-10-30T21:54:17.015-0700] {dag.py:3947} INFO - Setting next_dagrun for example_branch_datetime_operator_3 to 2025-10-30 00:00:00+00:00, run_after=2025-10-31 00:00:00+00:00
[2025-10-30T21:54:17.133-0700] {processor.py:183} INFO - Processing /usr/local/lib/python3.10/dist-packages/airflow/example_dags/example_branch_datetime_operator.py took 0.311 seconds
[2025-10-30T21:55:56.016-0700] {processor.py:161} INFO - Started process (PID=4023) to work on /usr/local/lib/python3.10/dist-packages/airflow/example_dags/example_branch_datetime_operator.py
[2025-10-30T21:55:56.018-0700] {processor.py:830} INFO - Processing file /usr/local/lib/python3.10/dist-packages/airflow/example_dags/example_branch_datetime_operator.py for tasks to queue
[2025-10-30T21:55:56.022-0700] {logging_mixin.py:188} INFO - [2025-10-30T21:55:56.021-0700] {dagbag.py:545} INFO - Filling up the DagBag from /usr/local/lib/python3.10/dist-packages/airflow/example_dags/example_branch_datetime_operator.py
[2025-10-30T21:55:56.036-0700] {processor.py:840} INFO - DAG(s) 'example_branch_datetime_operator_2', 'example_branch_datetime_operator_3', 'example_branch_datetime_operator' retrieved from /usr/local/lib/python3.10/dist-packages/airflow/example_dags/example_branch_datetime_operator.py
[2025-10-30T21:55:56.113-0700] {logging_mixin.py:188} INFO - [2025-10-30T21:55:56.113-0700] {dag.py:3089} INFO - Sync 3 DAGs
[2025-10-30T21:55:56.151-0700] {logging_mixin.py:188} INFO - [2025-10-30T21:55:56.151-0700] {dag.py:3947} INFO - Setting next_dagrun for example_branch_datetime_operator to 2025-10-30 00:00:00+00:00, run_after=2025-10-31 00:00:00+00:00
[2025-10-30T21:55:56.160-0700] {logging_mixin.py:188} INFO - [2025-10-30T21:55:56.160-0700] {dag.py:3947} INFO - Setting next_dagrun for example_branch_datetime_operator_2 to 2025-10-30 00:00:00+00:00, run_after=2025-10-31 00:00:00+00:00
[2025-10-30T21:55:56.167-0700] {logging_mixin.py:188} INFO - [2025-10-30T21:55:56.167-0700] {dag.py:3947} INFO - Setting next_dagrun for example_branch_datetime_operator_3 to 2025-10-30 00:00:00+00:00, run_after=2025-10-31 00:00:00+00:00
[2025-10-30T21:55:56.290-0700] {processor.py:183} INFO - Processing /usr/local/lib/python3.10/dist-packages/airflow/example_dags/example_branch_datetime_operator.py took 0.282 seconds
[2025-10-30T21:57:23.083-0700] {processor.py:161} INFO - Started process (PID=4100) to work on /usr/local/lib/python3.10/dist-packages/airflow/example_dags/example_branch_datetime_operator.py
[2025-10-30T21:57:23.084-0700] {processor.py:830} INFO - Processing file /usr/local/lib/python3.10/dist-packages/airflow/example_dags/example_branch_datetime_operator.py for tasks to queue
[2025-10-30T21:57:23.087-0700] {logging_mixin.py:188} INFO - [2025-10-30T21:57:23.086-0700] {dagbag.py:545} INFO - Filling up the DagBag from /usr/local/lib/python3.10/dist-packages/airflow/example_dags/example_branch_datetime_operator.py
[2025-10-30T21:57:23.101-0700] {processor.py:840} INFO - DAG(s) 'example_branch_datetime_operator_3', 'example_branch_datetime_operator', 'example_branch_datetime_operator_2' retrieved from /usr/local/lib/python3.10/dist-packages/airflow/example_dags/example_branch_datetime_operator.py
[2025-10-30T21:57:23.179-0700] {logging_mixin.py:188} INFO - [2025-10-30T21:57:23.179-0700] {dag.py:3089} INFO - Sync 3 DAGs
[2025-10-30T21:57:23.218-0700] {logging_mixin.py:188} INFO - [2025-10-30T21:57:23.218-0700] {dag.py:3947} INFO - Setting next_dagrun for example_branch_datetime_operator to 2025-10-30 00:00:00+00:00, run_after=2025-10-31 00:00:00+00:00
[2025-10-30T21:57:23.228-0700] {logging_mixin.py:188} INFO - [2025-10-30T21:57:23.228-0700] {dag.py:3947} INFO - Setting next_dagrun for example_branch_datetime_operator_2 to 2025-10-30 00:00:00+00:00, run_after=2025-10-31 00:00:00+00:00
[2025-10-30T21:57:23.235-0700] {logging_mixin.py:188} INFO - [2025-10-30T21:57:23.235-0700] {dag.py:3947} INFO - Setting next_dagrun for example_branch_datetime_operator_3 to 2025-10-30 00:00:00+00:00, run_after=2025-10-31 00:00:00+00:00
[2025-10-30T21:57:23.382-0700] {processor.py:183} INFO - Processing /usr/local/lib/python3.10/dist-packages/airflow/example_dags/example_branch_datetime_operator.py took 0.307 seconds
[2025-10-30T21:58:44.695-0700] {processor.py:161} INFO - Started process (PID=4176) to work on /usr/local/lib/python3.10/dist-packages/airflow/example_dags/example_branch_datetime_operator.py
[2025-10-30T21:58:44.697-0700] {processor.py:830} INFO - Processing file /usr/local/lib/python3.10/dist-packages/airflow/example_dags/example_branch_datetime_operator.py for tasks to queue
[2025-10-30T21:58:44.700-0700] {logging_mixin.py:188} INFO - [2025-10-30T21:58:44.700-0700] {dagbag.py:545} INFO - Filling up the DagBag from /usr/local/lib/python3.10/dist-packages/airflow/example_dags/example_branch_datetime_operator.py
[2025-10-30T21:58:44.712-0700] {processor.py:840} INFO - DAG(s) 'example_branch_datetime_operator', 'example_branch_datetime_operator_3', 'example_branch_datetime_operator_2' retrieved from /usr/local/lib/python3.10/dist-packages/airflow/example_dags/example_branch_datetime_operator.py
[2025-10-30T21:58:44.777-0700] {logging_mixin.py:188} INFO - [2025-10-30T21:58:44.777-0700] {dag.py:3089} INFO - Sync 3 DAGs
[2025-10-30T21:58:44.811-0700] {logging_mixin.py:188} INFO - [2025-10-30T21:58:44.811-0700] {dag.py:3947} INFO - Setting next_dagrun for example_branch_datetime_operator to 2025-10-30 00:00:00+00:00, run_after=2025-10-31 00:00:00+00:00
[2025-10-30T21:58:44.823-0700] {logging_mixin.py:188} INFO - [2025-10-30T21:58:44.823-0700] {dag.py:3947} INFO - Setting next_dagrun for example_branch_datetime_operator_2 to 2025-10-30 00:00:00+00:00, run_after=2025-10-31 00:00:00+00:00
[2025-10-30T21:58:44.831-0700] {logging_mixin.py:188} INFO - [2025-10-30T21:58:44.830-0700] {dag.py:3947} INFO - Setting next_dagrun for example_branch_datetime_operator_3 to 2025-10-30 00:00:00+00:00, run_after=2025-10-31 00:00:00+00:00
[2025-10-30T21:58:44.932-0700] {processor.py:183} INFO - Processing /usr/local/lib/python3.10/dist-packages/airflow/example_dags/example_branch_datetime_operator.py took 0.246 seconds
[2025-10-30T22:00:07.737-0700] {processor.py:161} INFO - Started process (PID=4252) to work on /usr/local/lib/python3.10/dist-packages/airflow/example_dags/example_branch_datetime_operator.py
[2025-10-30T22:00:07.740-0700] {processor.py:830} INFO - Processing file /usr/local/lib/python3.10/dist-packages/airflow/example_dags/example_branch_datetime_operator.py for tasks to queue
[2025-10-30T22:00:07.746-0700] {logging_mixin.py:188} INFO - [2025-10-30T22:00:07.745-0700] {dagbag.py:545} INFO - Filling up the DagBag from /usr/local/lib/python3.10/dist-packages/airflow/example_dags/example_branch_datetime_operator.py
[2025-10-30T22:00:07.770-0700] {processor.py:840} INFO - DAG(s) 'example_branch_datetime_operator_3', 'example_branch_datetime_operator', 'example_branch_datetime_operator_2' retrieved from /usr/local/lib/python3.10/dist-packages/airflow/example_dags/example_branch_datetime_operator.py
[2025-10-30T22:00:07.847-0700] {logging_mixin.py:188} INFO - [2025-10-30T22:00:07.847-0700] {dag.py:3089} INFO - Sync 3 DAGs
[2025-10-30T22:00:07.891-0700] {logging_mixin.py:188} INFO - [2025-10-30T22:00:07.890-0700] {dag.py:3947} INFO - Setting next_dagrun for example_branch_datetime_operator to 2025-10-30 00:00:00+00:00, run_after=2025-10-31 00:00:00+00:00
[2025-10-30T22:00:07.907-0700] {logging_mixin.py:188} INFO - [2025-10-30T22:00:07.906-0700] {dag.py:3947} INFO - Setting next_dagrun for example_branch_datetime_operator_2 to 2025-10-30 00:00:00+00:00, run_after=2025-10-31 00:00:00+00:00
[2025-10-30T22:00:07.918-0700] {logging_mixin.py:188} INFO - [2025-10-30T22:00:07.917-0700] {dag.py:3947} INFO - Setting next_dagrun for example_branch_datetime_operator_3 to 2025-10-30 00:00:00+00:00, run_after=2025-10-31 00:00:00+00:00
[2025-10-30T22:00:08.064-0700] {processor.py:183} INFO - Processing /usr/local/lib/python3.10/dist-packages/airflow/example_dags/example_branch_datetime_operator.py took 0.344 seconds
[2025-10-30T22:01:31.476-0700] {processor.py:161} INFO - Started process (PID=4328) to work on /usr/local/lib/python3.10/dist-packages/airflow/example_dags/example_branch_datetime_operator.py
[2025-10-30T22:01:31.478-0700] {processor.py:830} INFO - Processing file /usr/local/lib/python3.10/dist-packages/airflow/example_dags/example_branch_datetime_operator.py for tasks to queue
[2025-10-30T22:01:31.480-0700] {logging_mixin.py:188} INFO - [2025-10-30T22:01:31.480-0700] {dagbag.py:545} INFO - Filling up the DagBag from /usr/local/lib/python3.10/dist-packages/airflow/example_dags/example_branch_datetime_operator.py
[2025-10-30T22:01:31.493-0700] {processor.py:840} INFO - DAG(s) 'example_branch_datetime_operator', 'example_branch_datetime_operator_3', 'example_branch_datetime_operator_2' retrieved from /usr/local/lib/python3.10/dist-packages/airflow/example_dags/example_branch_datetime_operator.py
[2025-10-30T22:01:31.545-0700] {logging_mixin.py:188} INFO - [2025-10-30T22:01:31.545-0700] {dag.py:3089} INFO - Sync 3 DAGs
[2025-10-30T22:01:31.583-0700] {logging_mixin.py:188} INFO - [2025-10-30T22:01:31.583-0700] {dag.py:3947} INFO - Setting next_dagrun for example_branch_datetime_operator to 2025-10-30 00:00:00+00:00, run_after=2025-10-31 00:00:00+00:00
[2025-10-30T22:01:31.593-0700] {logging_mixin.py:188} INFO - [2025-10-30T22:01:31.593-0700] {dag.py:3947} INFO - Setting next_dagrun for example_branch_datetime_operator_2 to 2025-10-30 00:00:00+00:00, run_after=2025-10-31 00:00:00+00:00
[2025-10-30T22:01:31.601-0700] {logging_mixin.py:188} INFO - [2025-10-30T22:01:31.600-0700] {dag.py:3947} INFO - Setting next_dagrun for example_branch_datetime_operator_3 to 2025-10-30 00:00:00+00:00, run_after=2025-10-31 00:00:00+00:00
[2025-10-30T22:01:31.709-0700] {processor.py:183} INFO - Processing /usr/local/lib/python3.10/dist-packages/airflow/example_dags/example_branch_datetime_operator.py took 0.244 seconds
[2025-10-30T22:02:54.486-0700] {processor.py:161} INFO - Started process (PID=4404) to work on /usr/local/lib/python3.10/dist-packages/airflow/example_dags/example_branch_datetime_operator.py
[2025-10-30T22:02:54.488-0700] {processor.py:830} INFO - Processing file /usr/local/lib/python3.10/dist-packages/airflow/example_dags/example_branch_datetime_operator.py for tasks to queue
[2025-10-30T22:02:54.491-0700] {logging_mixin.py:188} INFO - [2025-10-30T22:02:54.491-0700] {dagbag.py:545} INFO - Filling up the DagBag from /usr/local/lib/python3.10/dist-packages/airflow/example_dags/example_branch_datetime_operator.py
[2025-10-30T22:02:54.504-0700] {processor.py:840} INFO - DAG(s) 'example_branch_datetime_operator', 'example_branch_datetime_operator_2', 'example_branch_datetime_operator_3' retrieved from /usr/local/lib/python3.10/dist-packages/airflow/example_dags/example_branch_datetime_operator.py
[2025-10-30T22:02:54.586-0700] {logging_mixin.py:188} INFO - [2025-10-30T22:02:54.586-0700] {dag.py:3089} INFO - Sync 3 DAGs
[2025-10-30T22:02:54.632-0700] {logging_mixin.py:188} INFO - [2025-10-30T22:02:54.632-0700] {dag.py:3947} INFO - Setting next_dagrun for example_branch_datetime_operator to 2025-10-30 00:00:00+00:00, run_after=2025-10-31 00:00:00+00:00
[2025-10-30T22:02:54.644-0700] {logging_mixin.py:188} INFO - [2025-10-30T22:02:54.644-0700] {dag.py:3947} INFO - Setting next_dagrun for example_branch_datetime_operator_2 to 2025-10-30 00:00:00+00:00, run_after=2025-10-31 00:00:00+00:00
[2025-10-30T22:02:54.652-0700] {logging_mixin.py:188} INFO - [2025-10-30T22:02:54.651-0700] {dag.py:3947} INFO - Setting next_dagrun for example_branch_datetime_operator_3 to 2025-10-30 00:00:00+00:00, run_after=2025-10-31 00:00:00+00:00
[2025-10-30T22:02:54.809-0700] {processor.py:183} INFO - Processing /usr/local/lib/python3.10/dist-packages/airflow/example_dags/example_branch_datetime_operator.py took 0.330 seconds
[2025-10-30T22:04:27.114-0700] {processor.py:161} INFO - Started process (PID=4483) to work on /usr/local/lib/python3.10/dist-packages/airflow/example_dags/example_branch_datetime_operator.py
[2025-10-30T22:04:27.117-0700] {processor.py:830} INFO - Processing file /usr/local/lib/python3.10/dist-packages/airflow/example_dags/example_branch_datetime_operator.py for tasks to queue
[2025-10-30T22:04:27.121-0700] {logging_mixin.py:188} INFO - [2025-10-30T22:04:27.120-0700] {dagbag.py:545} INFO - Filling up the DagBag from /usr/local/lib/python3.10/dist-packages/airflow/example_dags/example_branch_datetime_operator.py
[2025-10-30T22:04:27.136-0700] {processor.py:840} INFO - DAG(s) 'example_branch_datetime_operator', 'example_branch_datetime_operator_2', 'example_branch_datetime_operator_3' retrieved from /usr/local/lib/python3.10/dist-packages/airflow/example_dags/example_branch_datetime_operator.py
[2025-10-30T22:04:27.190-0700] {logging_mixin.py:188} INFO - [2025-10-30T22:04:27.190-0700] {dag.py:3089} INFO - Sync 3 DAGs
[2025-10-30T22:04:27.224-0700] {logging_mixin.py:188} INFO - [2025-10-30T22:04:27.223-0700] {dag.py:3947} INFO - Setting next_dagrun for example_branch_datetime_operator to 2025-10-30 00:00:00+00:00, run_after=2025-10-31 00:00:00+00:00
[2025-10-30T22:04:27.232-0700] {logging_mixin.py:188} INFO - [2025-10-30T22:04:27.232-0700] {dag.py:3947} INFO - Setting next_dagrun for example_branch_datetime_operator_2 to 2025-10-30 00:00:00+00:00, run_after=2025-10-31 00:00:00+00:00
[2025-10-30T22:04:27.237-0700] {logging_mixin.py:188} INFO - [2025-10-30T22:04:27.237-0700] {dag.py:3947} INFO - Setting next_dagrun for example_branch_datetime_operator_3 to 2025-10-30 00:00:00+00:00, run_after=2025-10-31 00:00:00+00:00
[2025-10-30T22:04:27.330-0700] {processor.py:183} INFO - Processing /usr/local/lib/python3.10/dist-packages/airflow/example_dags/example_branch_datetime_operator.py took 0.228 seconds
