[2025-10-30T20:58:39.624-0700] {processor.py:161} INFO - Started process (PID=565) to work on /usr/local/lib/python3.10/dist-packages/airflow/example_dags/example_dag_decorator.py
[2025-10-30T20:58:39.625-0700] {processor.py:830} INFO - Processing file /usr/local/lib/python3.10/dist-packages/airflow/example_dags/example_dag_decorator.py for tasks to queue
[2025-10-30T20:58:39.626-0700] {logging_mixin.py:188} INFO - [2025-10-30T20:58:39.626-0700] {dagbag.py:545} INFO - Filling up the DagBag from /usr/local/lib/python3.10/dist-packages/airflow/example_dags/example_dag_decorator.py
[2025-10-30T20:58:39.728-0700] {processor.py:840} INFO - DAG(s) 'example_dag_decorator' retrieved from /usr/local/lib/python3.10/dist-packages/airflow/example_dags/example_dag_decorator.py
[2025-10-30T20:58:39.860-0700] {logging_mixin.py:188} INFO - [2025-10-30T20:58:39.859-0700] {override.py:1858} INFO - Created Permission View: can delete on DAG:example_dag_decorator
[2025-10-30T20:58:39.899-0700] {logging_mixin.py:188} INFO - [2025-10-30T20:58:39.899-0700] {override.py:1858} INFO - Created Permission View: can edit on DAG:example_dag_decorator
[2025-10-30T20:58:39.934-0700] {logging_mixin.py:188} INFO - [2025-10-30T20:58:39.934-0700] {override.py:1858} INFO - Created Permission View: can read on DAG:example_dag_decorator
[2025-10-30T20:58:39.935-0700] {logging_mixin.py:188} INFO - [2025-10-30T20:58:39.935-0700] {dag.py:3089} INFO - Sync 1 DAGs
[2025-10-30T20:58:39.972-0700] {logging_mixin.py:188} INFO - [2025-10-30T20:58:39.972-0700] {dag.py:3111} INFO - Creating ORM DAG for example_dag_decorator
[2025-10-30T20:58:39.973-0700] {logging_mixin.py:188} INFO - [2025-10-30T20:58:39.973-0700] {dag.py:3947} INFO - Setting next_dagrun for example_dag_decorator to None, run_after=None
[2025-10-30T20:58:40.041-0700] {processor.py:183} INFO - Processing /usr/local/lib/python3.10/dist-packages/airflow/example_dags/example_dag_decorator.py took 0.423 seconds
[2025-10-30T20:59:57.215-0700] {processor.py:161} INFO - Started process (PID=642) to work on /usr/local/lib/python3.10/dist-packages/airflow/example_dags/example_dag_decorator.py
[2025-10-30T20:59:57.216-0700] {processor.py:830} INFO - Processing file /usr/local/lib/python3.10/dist-packages/airflow/example_dags/example_dag_decorator.py for tasks to queue
[2025-10-30T20:59:57.217-0700] {logging_mixin.py:188} INFO - [2025-10-30T20:59:57.217-0700] {dagbag.py:545} INFO - Filling up the DagBag from /usr/local/lib/python3.10/dist-packages/airflow/example_dags/example_dag_decorator.py
[2025-10-30T20:59:57.285-0700] {processor.py:840} INFO - DAG(s) 'example_dag_decorator' retrieved from /usr/local/lib/python3.10/dist-packages/airflow/example_dags/example_dag_decorator.py
[2025-10-30T20:59:57.420-0700] {logging_mixin.py:188} INFO - [2025-10-30T20:59:57.419-0700] {dag.py:3089} INFO - Sync 1 DAGs
[2025-10-30T20:59:57.435-0700] {logging_mixin.py:188} INFO - [2025-10-30T20:59:57.435-0700] {dag.py:3947} INFO - Setting next_dagrun for example_dag_decorator to None, run_after=None
[2025-10-30T20:59:57.520-0700] {processor.py:183} INFO - Processing /usr/local/lib/python3.10/dist-packages/airflow/example_dags/example_dag_decorator.py took 0.310 seconds
[2025-10-30T21:01:08.718-0700] {processor.py:161} INFO - Started process (PID=716) to work on /usr/local/lib/python3.10/dist-packages/airflow/example_dags/example_dag_decorator.py
[2025-10-30T21:01:08.719-0700] {processor.py:830} INFO - Processing file /usr/local/lib/python3.10/dist-packages/airflow/example_dags/example_dag_decorator.py for tasks to queue
[2025-10-30T21:01:08.720-0700] {logging_mixin.py:188} INFO - [2025-10-30T21:01:08.720-0700] {dagbag.py:545} INFO - Filling up the DagBag from /usr/local/lib/python3.10/dist-packages/airflow/example_dags/example_dag_decorator.py
[2025-10-30T21:01:08.788-0700] {processor.py:840} INFO - DAG(s) 'example_dag_decorator' retrieved from /usr/local/lib/python3.10/dist-packages/airflow/example_dags/example_dag_decorator.py
[2025-10-30T21:01:08.923-0700] {logging_mixin.py:188} INFO - [2025-10-30T21:01:08.923-0700] {dag.py:3089} INFO - Sync 1 DAGs
[2025-10-30T21:01:08.934-0700] {logging_mixin.py:188} INFO - [2025-10-30T21:01:08.934-0700] {dag.py:3947} INFO - Setting next_dagrun for example_dag_decorator to None, run_after=None
[2025-10-30T21:01:09.003-0700] {processor.py:183} INFO - Processing /usr/local/lib/python3.10/dist-packages/airflow/example_dags/example_dag_decorator.py took 0.291 seconds
[2025-10-30T21:02:15.510-0700] {processor.py:161} INFO - Started process (PID=790) to work on /usr/local/lib/python3.10/dist-packages/airflow/example_dags/example_dag_decorator.py
[2025-10-30T21:02:15.511-0700] {processor.py:830} INFO - Processing file /usr/local/lib/python3.10/dist-packages/airflow/example_dags/example_dag_decorator.py for tasks to queue
[2025-10-30T21:02:15.512-0700] {logging_mixin.py:188} INFO - [2025-10-30T21:02:15.512-0700] {dagbag.py:545} INFO - Filling up the DagBag from /usr/local/lib/python3.10/dist-packages/airflow/example_dags/example_dag_decorator.py
[2025-10-30T21:02:15.582-0700] {processor.py:840} INFO - DAG(s) 'example_dag_decorator' retrieved from /usr/local/lib/python3.10/dist-packages/airflow/example_dags/example_dag_decorator.py
[2025-10-30T21:02:15.735-0700] {logging_mixin.py:188} INFO - [2025-10-30T21:02:15.735-0700] {dag.py:3089} INFO - Sync 1 DAGs
[2025-10-30T21:02:15.749-0700] {logging_mixin.py:188} INFO - [2025-10-30T21:02:15.749-0700] {dag.py:3947} INFO - Setting next_dagrun for example_dag_decorator to None, run_after=None
[2025-10-30T21:02:15.830-0700] {processor.py:183} INFO - Processing /usr/local/lib/python3.10/dist-packages/airflow/example_dags/example_dag_decorator.py took 0.326 seconds
[2025-10-30T21:03:25.963-0700] {processor.py:161} INFO - Started process (PID=863) to work on /usr/local/lib/python3.10/dist-packages/airflow/example_dags/example_dag_decorator.py
[2025-10-30T21:03:25.964-0700] {processor.py:830} INFO - Processing file /usr/local/lib/python3.10/dist-packages/airflow/example_dags/example_dag_decorator.py for tasks to queue
[2025-10-30T21:03:25.966-0700] {logging_mixin.py:188} INFO - [2025-10-30T21:03:25.965-0700] {dagbag.py:545} INFO - Filling up the DagBag from /usr/local/lib/python3.10/dist-packages/airflow/example_dags/example_dag_decorator.py
[2025-10-30T21:03:26.030-0700] {processor.py:840} INFO - DAG(s) 'example_dag_decorator' retrieved from /usr/local/lib/python3.10/dist-packages/airflow/example_dags/example_dag_decorator.py
[2025-10-30T21:03:26.145-0700] {logging_mixin.py:188} INFO - [2025-10-30T21:03:26.144-0700] {dag.py:3089} INFO - Sync 1 DAGs
[2025-10-30T21:03:26.154-0700] {logging_mixin.py:188} INFO - [2025-10-30T21:03:26.154-0700] {dag.py:3947} INFO - Setting next_dagrun for example_dag_decorator to None, run_after=None
[2025-10-30T21:03:26.215-0700] {processor.py:183} INFO - Processing /usr/local/lib/python3.10/dist-packages/airflow/example_dags/example_dag_decorator.py took 0.257 seconds
[2025-10-30T21:04:41.125-0700] {processor.py:161} INFO - Started process (PID=938) to work on /usr/local/lib/python3.10/dist-packages/airflow/example_dags/example_dag_decorator.py
[2025-10-30T21:04:41.126-0700] {processor.py:830} INFO - Processing file /usr/local/lib/python3.10/dist-packages/airflow/example_dags/example_dag_decorator.py for tasks to queue
[2025-10-30T21:04:41.127-0700] {logging_mixin.py:188} INFO - [2025-10-30T21:04:41.127-0700] {dagbag.py:545} INFO - Filling up the DagBag from /usr/local/lib/python3.10/dist-packages/airflow/example_dags/example_dag_decorator.py
[2025-10-30T21:04:41.191-0700] {processor.py:840} INFO - DAG(s) 'example_dag_decorator' retrieved from /usr/local/lib/python3.10/dist-packages/airflow/example_dags/example_dag_decorator.py
[2025-10-30T21:04:41.294-0700] {logging_mixin.py:188} INFO - [2025-10-30T21:04:41.294-0700] {dag.py:3089} INFO - Sync 1 DAGs
[2025-10-30T21:04:41.305-0700] {logging_mixin.py:188} INFO - [2025-10-30T21:04:41.305-0700] {dag.py:3947} INFO - Setting next_dagrun for example_dag_decorator to None, run_after=None
[2025-10-30T21:04:41.368-0700] {processor.py:183} INFO - Processing /usr/local/lib/python3.10/dist-packages/airflow/example_dags/example_dag_decorator.py took 0.247 seconds
[2025-10-30T21:05:46.801-0700] {processor.py:161} INFO - Started process (PID=1008) to work on /usr/local/lib/python3.10/dist-packages/airflow/example_dags/example_dag_decorator.py
[2025-10-30T21:05:46.802-0700] {processor.py:830} INFO - Processing file /usr/local/lib/python3.10/dist-packages/airflow/example_dags/example_dag_decorator.py for tasks to queue
[2025-10-30T21:05:46.806-0700] {logging_mixin.py:188} INFO - [2025-10-30T21:05:46.805-0700] {dagbag.py:545} INFO - Filling up the DagBag from /usr/local/lib/python3.10/dist-packages/airflow/example_dags/example_dag_decorator.py
[2025-10-30T21:05:46.905-0700] {processor.py:840} INFO - DAG(s) 'example_dag_decorator' retrieved from /usr/local/lib/python3.10/dist-packages/airflow/example_dags/example_dag_decorator.py
[2025-10-30T21:05:47.029-0700] {logging_mixin.py:188} INFO - [2025-10-30T21:05:47.029-0700] {dag.py:3089} INFO - Sync 1 DAGs
[2025-10-30T21:05:47.045-0700] {logging_mixin.py:188} INFO - [2025-10-30T21:05:47.044-0700] {dag.py:3947} INFO - Setting next_dagrun for example_dag_decorator to None, run_after=None
[2025-10-30T21:05:47.138-0700] {processor.py:183} INFO - Processing /usr/local/lib/python3.10/dist-packages/airflow/example_dags/example_dag_decorator.py took 0.351 seconds
[2025-10-30T21:08:31.238-0700] {processor.py:161} INFO - Started process (PID=1110) to work on /usr/local/lib/python3.10/dist-packages/airflow/example_dags/example_dag_decorator.py
[2025-10-30T21:08:31.240-0700] {processor.py:830} INFO - Processing file /usr/local/lib/python3.10/dist-packages/airflow/example_dags/example_dag_decorator.py for tasks to queue
[2025-10-30T21:08:31.242-0700] {logging_mixin.py:188} INFO - [2025-10-30T21:08:31.241-0700] {dagbag.py:545} INFO - Filling up the DagBag from /usr/local/lib/python3.10/dist-packages/airflow/example_dags/example_dag_decorator.py
[2025-10-30T21:08:31.320-0700] {processor.py:840} INFO - DAG(s) 'example_dag_decorator' retrieved from /usr/local/lib/python3.10/dist-packages/airflow/example_dags/example_dag_decorator.py
[2025-10-30T21:08:31.428-0700] {logging_mixin.py:188} INFO - [2025-10-30T21:08:31.428-0700] {dag.py:3089} INFO - Sync 1 DAGs
[2025-10-30T21:08:31.440-0700] {logging_mixin.py:188} INFO - [2025-10-30T21:08:31.440-0700] {dag.py:3947} INFO - Setting next_dagrun for example_dag_decorator to None, run_after=None
[2025-10-30T21:08:31.505-0700] {processor.py:183} INFO - Processing /usr/local/lib/python3.10/dist-packages/airflow/example_dags/example_dag_decorator.py took 0.273 seconds
[2025-10-30T21:09:44.105-0700] {processor.py:161} INFO - Started process (PID=1183) to work on /usr/local/lib/python3.10/dist-packages/airflow/example_dags/example_dag_decorator.py
[2025-10-30T21:09:44.108-0700] {processor.py:830} INFO - Processing file /usr/local/lib/python3.10/dist-packages/airflow/example_dags/example_dag_decorator.py for tasks to queue
[2025-10-30T21:09:44.111-0700] {logging_mixin.py:188} INFO - [2025-10-30T21:09:44.110-0700] {dagbag.py:545} INFO - Filling up the DagBag from /usr/local/lib/python3.10/dist-packages/airflow/example_dags/example_dag_decorator.py
[2025-10-30T21:09:44.237-0700] {processor.py:840} INFO - DAG(s) 'example_dag_decorator' retrieved from /usr/local/lib/python3.10/dist-packages/airflow/example_dags/example_dag_decorator.py
[2025-10-30T21:09:44.437-0700] {logging_mixin.py:188} INFO - [2025-10-30T21:09:44.436-0700] {dag.py:3089} INFO - Sync 1 DAGs
[2025-10-30T21:09:44.466-0700] {logging_mixin.py:188} INFO - [2025-10-30T21:09:44.466-0700] {dag.py:3947} INFO - Setting next_dagrun for example_dag_decorator to None, run_after=None
[2025-10-30T21:09:44.593-0700] {processor.py:183} INFO - Processing /usr/local/lib/python3.10/dist-packages/airflow/example_dags/example_dag_decorator.py took 0.496 seconds
[2025-10-30T21:11:02.506-0700] {processor.py:161} INFO - Started process (PID=1258) to work on /usr/local/lib/python3.10/dist-packages/airflow/example_dags/example_dag_decorator.py
[2025-10-30T21:11:02.509-0700] {processor.py:830} INFO - Processing file /usr/local/lib/python3.10/dist-packages/airflow/example_dags/example_dag_decorator.py for tasks to queue
[2025-10-30T21:11:02.513-0700] {logging_mixin.py:188} INFO - [2025-10-30T21:11:02.512-0700] {dagbag.py:545} INFO - Filling up the DagBag from /usr/local/lib/python3.10/dist-packages/airflow/example_dags/example_dag_decorator.py
[2025-10-30T21:11:02.683-0700] {processor.py:840} INFO - DAG(s) 'example_dag_decorator' retrieved from /usr/local/lib/python3.10/dist-packages/airflow/example_dags/example_dag_decorator.py
[2025-10-30T21:11:02.906-0700] {logging_mixin.py:188} INFO - [2025-10-30T21:11:02.906-0700] {dag.py:3089} INFO - Sync 1 DAGs
[2025-10-30T21:11:02.946-0700] {logging_mixin.py:188} INFO - [2025-10-30T21:11:02.945-0700] {dag.py:3947} INFO - Setting next_dagrun for example_dag_decorator to None, run_after=None
[2025-10-30T21:11:03.106-0700] {processor.py:183} INFO - Processing /usr/local/lib/python3.10/dist-packages/airflow/example_dags/example_dag_decorator.py took 0.612 seconds
[2025-10-30T21:12:25.755-0700] {processor.py:161} INFO - Started process (PID=1342) to work on /usr/local/lib/python3.10/dist-packages/airflow/example_dags/example_dag_decorator.py
[2025-10-30T21:12:25.757-0700] {processor.py:830} INFO - Processing file /usr/local/lib/python3.10/dist-packages/airflow/example_dags/example_dag_decorator.py for tasks to queue
[2025-10-30T21:12:25.760-0700] {logging_mixin.py:188} INFO - [2025-10-30T21:12:25.759-0700] {dagbag.py:545} INFO - Filling up the DagBag from /usr/local/lib/python3.10/dist-packages/airflow/example_dags/example_dag_decorator.py
[2025-10-30T21:12:25.885-0700] {processor.py:840} INFO - DAG(s) 'example_dag_decorator' retrieved from /usr/local/lib/python3.10/dist-packages/airflow/example_dags/example_dag_decorator.py
[2025-10-30T21:12:26.032-0700] {logging_mixin.py:188} INFO - [2025-10-30T21:12:26.031-0700] {dag.py:3089} INFO - Sync 1 DAGs
[2025-10-30T21:12:26.053-0700] {logging_mixin.py:188} INFO - [2025-10-30T21:12:26.052-0700] {dag.py:3947} INFO - Setting next_dagrun for example_dag_decorator to None, run_after=None
[2025-10-30T21:12:26.212-0700] {processor.py:183} INFO - Processing /usr/local/lib/python3.10/dist-packages/airflow/example_dags/example_dag_decorator.py took 0.466 seconds
[2025-10-30T21:13:49.089-0700] {processor.py:161} INFO - Started process (PID=1419) to work on /usr/local/lib/python3.10/dist-packages/airflow/example_dags/example_dag_decorator.py
[2025-10-30T21:13:49.092-0700] {processor.py:830} INFO - Processing file /usr/local/lib/python3.10/dist-packages/airflow/example_dags/example_dag_decorator.py for tasks to queue
[2025-10-30T21:13:49.095-0700] {logging_mixin.py:188} INFO - [2025-10-30T21:13:49.095-0700] {dagbag.py:545} INFO - Filling up the DagBag from /usr/local/lib/python3.10/dist-packages/airflow/example_dags/example_dag_decorator.py
[2025-10-30T21:13:49.228-0700] {processor.py:840} INFO - DAG(s) 'example_dag_decorator' retrieved from /usr/local/lib/python3.10/dist-packages/airflow/example_dags/example_dag_decorator.py
[2025-10-30T21:13:49.402-0700] {logging_mixin.py:188} INFO - [2025-10-30T21:13:49.402-0700] {dag.py:3089} INFO - Sync 1 DAGs
[2025-10-30T21:13:49.435-0700] {logging_mixin.py:188} INFO - [2025-10-30T21:13:49.435-0700] {dag.py:3947} INFO - Setting next_dagrun for example_dag_decorator to None, run_after=None
[2025-10-30T21:13:49.598-0700] {processor.py:183} INFO - Processing /usr/local/lib/python3.10/dist-packages/airflow/example_dags/example_dag_decorator.py took 0.520 seconds
[2025-10-30T21:15:52.946-0700] {processor.py:161} INFO - Started process (PID=1509) to work on /usr/local/lib/python3.10/dist-packages/airflow/example_dags/example_dag_decorator.py
[2025-10-30T21:15:52.949-0700] {processor.py:830} INFO - Processing file /usr/local/lib/python3.10/dist-packages/airflow/example_dags/example_dag_decorator.py for tasks to queue
[2025-10-30T21:15:52.951-0700] {logging_mixin.py:188} INFO - [2025-10-30T21:15:52.951-0700] {dagbag.py:545} INFO - Filling up the DagBag from /usr/local/lib/python3.10/dist-packages/airflow/example_dags/example_dag_decorator.py
[2025-10-30T21:15:53.070-0700] {processor.py:840} INFO - DAG(s) 'example_dag_decorator' retrieved from /usr/local/lib/python3.10/dist-packages/airflow/example_dags/example_dag_decorator.py
[2025-10-30T21:15:53.237-0700] {logging_mixin.py:188} INFO - [2025-10-30T21:15:53.237-0700] {dag.py:3089} INFO - Sync 1 DAGs
[2025-10-30T21:15:53.256-0700] {logging_mixin.py:188} INFO - [2025-10-30T21:15:53.256-0700] {dag.py:3947} INFO - Setting next_dagrun for example_dag_decorator to None, run_after=None
[2025-10-30T21:15:53.366-0700] {processor.py:183} INFO - Processing /usr/local/lib/python3.10/dist-packages/airflow/example_dags/example_dag_decorator.py took 0.426 seconds
[2025-10-30T21:17:16.457-0700] {processor.py:161} INFO - Started process (PID=1586) to work on /usr/local/lib/python3.10/dist-packages/airflow/example_dags/example_dag_decorator.py
[2025-10-30T21:17:16.460-0700] {processor.py:830} INFO - Processing file /usr/local/lib/python3.10/dist-packages/airflow/example_dags/example_dag_decorator.py for tasks to queue
[2025-10-30T21:17:16.464-0700] {logging_mixin.py:188} INFO - [2025-10-30T21:17:16.463-0700] {dagbag.py:545} INFO - Filling up the DagBag from /usr/local/lib/python3.10/dist-packages/airflow/example_dags/example_dag_decorator.py
[2025-10-30T21:17:16.582-0700] {processor.py:840} INFO - DAG(s) 'example_dag_decorator' retrieved from /usr/local/lib/python3.10/dist-packages/airflow/example_dags/example_dag_decorator.py
[2025-10-30T21:17:16.782-0700] {logging_mixin.py:188} INFO - [2025-10-30T21:17:16.781-0700] {dag.py:3089} INFO - Sync 1 DAGs
[2025-10-30T21:17:16.802-0700] {logging_mixin.py:188} INFO - [2025-10-30T21:17:16.802-0700] {dag.py:3947} INFO - Setting next_dagrun for example_dag_decorator to None, run_after=None
[2025-10-30T21:17:16.923-0700] {processor.py:183} INFO - Processing /usr/local/lib/python3.10/dist-packages/airflow/example_dags/example_dag_decorator.py took 0.475 seconds
[2025-10-30T21:18:40.539-0700] {processor.py:161} INFO - Started process (PID=1661) to work on /usr/local/lib/python3.10/dist-packages/airflow/example_dags/example_dag_decorator.py
[2025-10-30T21:18:40.541-0700] {processor.py:830} INFO - Processing file /usr/local/lib/python3.10/dist-packages/airflow/example_dags/example_dag_decorator.py for tasks to queue
[2025-10-30T21:18:40.544-0700] {logging_mixin.py:188} INFO - [2025-10-30T21:18:40.544-0700] {dagbag.py:545} INFO - Filling up the DagBag from /usr/local/lib/python3.10/dist-packages/airflow/example_dags/example_dag_decorator.py
[2025-10-30T21:18:40.655-0700] {processor.py:840} INFO - DAG(s) 'example_dag_decorator' retrieved from /usr/local/lib/python3.10/dist-packages/airflow/example_dags/example_dag_decorator.py
[2025-10-30T21:18:40.831-0700] {logging_mixin.py:188} INFO - [2025-10-30T21:18:40.831-0700] {dag.py:3089} INFO - Sync 1 DAGs
[2025-10-30T21:18:40.851-0700] {logging_mixin.py:188} INFO - [2025-10-30T21:18:40.850-0700] {dag.py:3947} INFO - Setting next_dagrun for example_dag_decorator to None, run_after=None
[2025-10-30T21:18:41.023-0700] {processor.py:183} INFO - Processing /usr/local/lib/python3.10/dist-packages/airflow/example_dags/example_dag_decorator.py took 0.494 seconds
[2025-10-30T21:20:03.456-0700] {processor.py:161} INFO - Started process (PID=1738) to work on /usr/local/lib/python3.10/dist-packages/airflow/example_dags/example_dag_decorator.py
[2025-10-30T21:20:03.458-0700] {processor.py:830} INFO - Processing file /usr/local/lib/python3.10/dist-packages/airflow/example_dags/example_dag_decorator.py for tasks to queue
[2025-10-30T21:20:03.461-0700] {logging_mixin.py:188} INFO - [2025-10-30T21:20:03.461-0700] {dagbag.py:545} INFO - Filling up the DagBag from /usr/local/lib/python3.10/dist-packages/airflow/example_dags/example_dag_decorator.py
[2025-10-30T21:20:03.588-0700] {processor.py:840} INFO - DAG(s) 'example_dag_decorator' retrieved from /usr/local/lib/python3.10/dist-packages/airflow/example_dags/example_dag_decorator.py
[2025-10-30T21:20:03.807-0700] {logging_mixin.py:188} INFO - [2025-10-30T21:20:03.806-0700] {dag.py:3089} INFO - Sync 1 DAGs
[2025-10-30T21:20:03.831-0700] {logging_mixin.py:188} INFO - [2025-10-30T21:20:03.830-0700] {dag.py:3947} INFO - Setting next_dagrun for example_dag_decorator to None, run_after=None
[2025-10-30T21:20:03.964-0700] {processor.py:183} INFO - Processing /usr/local/lib/python3.10/dist-packages/airflow/example_dags/example_dag_decorator.py took 0.515 seconds
[2025-10-30T21:21:25.017-0700] {processor.py:161} INFO - Started process (PID=1813) to work on /usr/local/lib/python3.10/dist-packages/airflow/example_dags/example_dag_decorator.py
[2025-10-30T21:21:25.019-0700] {processor.py:830} INFO - Processing file /usr/local/lib/python3.10/dist-packages/airflow/example_dags/example_dag_decorator.py for tasks to queue
[2025-10-30T21:21:25.022-0700] {logging_mixin.py:188} INFO - [2025-10-30T21:21:25.022-0700] {dagbag.py:545} INFO - Filling up the DagBag from /usr/local/lib/python3.10/dist-packages/airflow/example_dags/example_dag_decorator.py
[2025-10-30T21:21:25.136-0700] {processor.py:840} INFO - DAG(s) 'example_dag_decorator' retrieved from /usr/local/lib/python3.10/dist-packages/airflow/example_dags/example_dag_decorator.py
[2025-10-30T21:21:25.295-0700] {logging_mixin.py:188} INFO - [2025-10-30T21:21:25.295-0700] {dag.py:3089} INFO - Sync 1 DAGs
[2025-10-30T21:21:25.312-0700] {logging_mixin.py:188} INFO - [2025-10-30T21:21:25.312-0700] {dag.py:3947} INFO - Setting next_dagrun for example_dag_decorator to None, run_after=None
[2025-10-30T21:21:25.441-0700] {processor.py:183} INFO - Processing /usr/local/lib/python3.10/dist-packages/airflow/example_dags/example_dag_decorator.py took 0.431 seconds
[2025-10-30T21:22:44.032-0700] {processor.py:161} INFO - Started process (PID=1896) to work on /usr/local/lib/python3.10/dist-packages/airflow/example_dags/example_dag_decorator.py
[2025-10-30T21:22:44.034-0700] {processor.py:830} INFO - Processing file /usr/local/lib/python3.10/dist-packages/airflow/example_dags/example_dag_decorator.py for tasks to queue
[2025-10-30T21:22:44.037-0700] {logging_mixin.py:188} INFO - [2025-10-30T21:22:44.037-0700] {dagbag.py:545} INFO - Filling up the DagBag from /usr/local/lib/python3.10/dist-packages/airflow/example_dags/example_dag_decorator.py
[2025-10-30T21:22:44.153-0700] {processor.py:840} INFO - DAG(s) 'example_dag_decorator' retrieved from /usr/local/lib/python3.10/dist-packages/airflow/example_dags/example_dag_decorator.py
[2025-10-30T21:22:44.335-0700] {logging_mixin.py:188} INFO - [2025-10-30T21:22:44.335-0700] {dag.py:3089} INFO - Sync 1 DAGs
[2025-10-30T21:22:44.359-0700] {logging_mixin.py:188} INFO - [2025-10-30T21:22:44.359-0700] {dag.py:3947} INFO - Setting next_dagrun for example_dag_decorator to None, run_after=None
[2025-10-30T21:22:44.570-0700] {processor.py:183} INFO - Processing /usr/local/lib/python3.10/dist-packages/airflow/example_dags/example_dag_decorator.py took 0.548 seconds
[2025-10-30T21:24:07.406-0700] {processor.py:161} INFO - Started process (PID=1981) to work on /usr/local/lib/python3.10/dist-packages/airflow/example_dags/example_dag_decorator.py
[2025-10-30T21:24:07.408-0700] {processor.py:830} INFO - Processing file /usr/local/lib/python3.10/dist-packages/airflow/example_dags/example_dag_decorator.py for tasks to queue
[2025-10-30T21:24:07.411-0700] {logging_mixin.py:188} INFO - [2025-10-30T21:24:07.410-0700] {dagbag.py:545} INFO - Filling up the DagBag from /usr/local/lib/python3.10/dist-packages/airflow/example_dags/example_dag_decorator.py
[2025-10-30T21:24:07.524-0700] {processor.py:840} INFO - DAG(s) 'example_dag_decorator' retrieved from /usr/local/lib/python3.10/dist-packages/airflow/example_dags/example_dag_decorator.py
[2025-10-30T21:24:07.567-0700] {logging_mixin.py:188} INFO - [2025-10-30T21:24:07.567-0700] {dag.py:3089} INFO - Sync 1 DAGs
[2025-10-30T21:24:07.590-0700] {logging_mixin.py:188} INFO - [2025-10-30T21:24:07.589-0700] {dag.py:3947} INFO - Setting next_dagrun for example_dag_decorator to None, run_after=None
[2025-10-30T21:24:07.700-0700] {processor.py:183} INFO - Processing /usr/local/lib/python3.10/dist-packages/airflow/example_dags/example_dag_decorator.py took 0.301 seconds
[2025-10-30T21:25:28.092-0700] {processor.py:161} INFO - Started process (PID=2055) to work on /usr/local/lib/python3.10/dist-packages/airflow/example_dags/example_dag_decorator.py
[2025-10-30T21:25:28.095-0700] {processor.py:830} INFO - Processing file /usr/local/lib/python3.10/dist-packages/airflow/example_dags/example_dag_decorator.py for tasks to queue
[2025-10-30T21:25:28.099-0700] {logging_mixin.py:188} INFO - [2025-10-30T21:25:28.098-0700] {dagbag.py:545} INFO - Filling up the DagBag from /usr/local/lib/python3.10/dist-packages/airflow/example_dags/example_dag_decorator.py
[2025-10-30T21:25:28.248-0700] {processor.py:840} INFO - DAG(s) 'example_dag_decorator' retrieved from /usr/local/lib/python3.10/dist-packages/airflow/example_dags/example_dag_decorator.py
[2025-10-30T21:25:28.456-0700] {logging_mixin.py:188} INFO - [2025-10-30T21:25:28.456-0700] {dag.py:3089} INFO - Sync 1 DAGs
[2025-10-30T21:25:28.488-0700] {logging_mixin.py:188} INFO - [2025-10-30T21:25:28.488-0700] {dag.py:3947} INFO - Setting next_dagrun for example_dag_decorator to None, run_after=None
[2025-10-30T21:25:28.604-0700] {processor.py:183} INFO - Processing /usr/local/lib/python3.10/dist-packages/airflow/example_dags/example_dag_decorator.py took 0.520 seconds
[2025-10-30T21:26:52.131-0700] {processor.py:161} INFO - Started process (PID=2132) to work on /usr/local/lib/python3.10/dist-packages/airflow/example_dags/example_dag_decorator.py
[2025-10-30T21:26:52.134-0700] {processor.py:830} INFO - Processing file /usr/local/lib/python3.10/dist-packages/airflow/example_dags/example_dag_decorator.py for tasks to queue
[2025-10-30T21:26:52.139-0700] {logging_mixin.py:188} INFO - [2025-10-30T21:26:52.138-0700] {dagbag.py:545} INFO - Filling up the DagBag from /usr/local/lib/python3.10/dist-packages/airflow/example_dags/example_dag_decorator.py
[2025-10-30T21:26:52.282-0700] {processor.py:840} INFO - DAG(s) 'example_dag_decorator' retrieved from /usr/local/lib/python3.10/dist-packages/airflow/example_dags/example_dag_decorator.py
[2025-10-30T21:26:52.353-0700] {logging_mixin.py:188} INFO - [2025-10-30T21:26:52.352-0700] {dag.py:3089} INFO - Sync 1 DAGs
[2025-10-30T21:26:52.384-0700] {logging_mixin.py:188} INFO - [2025-10-30T21:26:52.384-0700] {dag.py:3947} INFO - Setting next_dagrun for example_dag_decorator to None, run_after=None
[2025-10-30T21:26:52.527-0700] {processor.py:183} INFO - Processing /usr/local/lib/python3.10/dist-packages/airflow/example_dags/example_dag_decorator.py took 0.409 seconds
[2025-10-30T21:28:15.866-0700] {processor.py:161} INFO - Started process (PID=2208) to work on /usr/local/lib/python3.10/dist-packages/airflow/example_dags/example_dag_decorator.py
[2025-10-30T21:28:15.871-0700] {processor.py:830} INFO - Processing file /usr/local/lib/python3.10/dist-packages/airflow/example_dags/example_dag_decorator.py for tasks to queue
[2025-10-30T21:28:15.875-0700] {logging_mixin.py:188} INFO - [2025-10-30T21:28:15.874-0700] {dagbag.py:545} INFO - Filling up the DagBag from /usr/local/lib/python3.10/dist-packages/airflow/example_dags/example_dag_decorator.py
[2025-10-30T21:28:16.006-0700] {processor.py:840} INFO - DAG(s) 'example_dag_decorator' retrieved from /usr/local/lib/python3.10/dist-packages/airflow/example_dags/example_dag_decorator.py
[2025-10-30T21:28:16.149-0700] {logging_mixin.py:188} INFO - [2025-10-30T21:28:16.148-0700] {dag.py:3089} INFO - Sync 1 DAGs
[2025-10-30T21:28:16.166-0700] {logging_mixin.py:188} INFO - [2025-10-30T21:28:16.165-0700] {dag.py:3947} INFO - Setting next_dagrun for example_dag_decorator to None, run_after=None
[2025-10-30T21:28:16.285-0700] {processor.py:183} INFO - Processing /usr/local/lib/python3.10/dist-packages/airflow/example_dags/example_dag_decorator.py took 0.428 seconds
[2025-10-30T21:29:41.317-0700] {processor.py:161} INFO - Started process (PID=2283) to work on /usr/local/lib/python3.10/dist-packages/airflow/example_dags/example_dag_decorator.py
[2025-10-30T21:29:41.319-0700] {processor.py:830} INFO - Processing file /usr/local/lib/python3.10/dist-packages/airflow/example_dags/example_dag_decorator.py for tasks to queue
[2025-10-30T21:29:41.322-0700] {logging_mixin.py:188} INFO - [2025-10-30T21:29:41.321-0700] {dagbag.py:545} INFO - Filling up the DagBag from /usr/local/lib/python3.10/dist-packages/airflow/example_dags/example_dag_decorator.py
[2025-10-30T21:29:41.447-0700] {processor.py:840} INFO - DAG(s) 'example_dag_decorator' retrieved from /usr/local/lib/python3.10/dist-packages/airflow/example_dags/example_dag_decorator.py
[2025-10-30T21:29:41.501-0700] {logging_mixin.py:188} INFO - [2025-10-30T21:29:41.500-0700] {dag.py:3089} INFO - Sync 1 DAGs
[2025-10-30T21:29:41.521-0700] {logging_mixin.py:188} INFO - [2025-10-30T21:29:41.520-0700] {dag.py:3947} INFO - Setting next_dagrun for example_dag_decorator to None, run_after=None
[2025-10-30T21:29:41.657-0700] {processor.py:183} INFO - Processing /usr/local/lib/python3.10/dist-packages/airflow/example_dags/example_dag_decorator.py took 0.349 seconds
[2025-10-30T21:31:01.898-0700] {processor.py:161} INFO - Started process (PID=2357) to work on /usr/local/lib/python3.10/dist-packages/airflow/example_dags/example_dag_decorator.py
[2025-10-30T21:31:01.899-0700] {processor.py:830} INFO - Processing file /usr/local/lib/python3.10/dist-packages/airflow/example_dags/example_dag_decorator.py for tasks to queue
[2025-10-30T21:31:01.902-0700] {logging_mixin.py:188} INFO - [2025-10-30T21:31:01.901-0700] {dagbag.py:545} INFO - Filling up the DagBag from /usr/local/lib/python3.10/dist-packages/airflow/example_dags/example_dag_decorator.py
[2025-10-30T21:31:02.010-0700] {processor.py:840} INFO - DAG(s) 'example_dag_decorator' retrieved from /usr/local/lib/python3.10/dist-packages/airflow/example_dags/example_dag_decorator.py
[2025-10-30T21:31:02.060-0700] {logging_mixin.py:188} INFO - [2025-10-30T21:31:02.059-0700] {dag.py:3089} INFO - Sync 1 DAGs
[2025-10-30T21:31:02.081-0700] {logging_mixin.py:188} INFO - [2025-10-30T21:31:02.080-0700] {dag.py:3947} INFO - Setting next_dagrun for example_dag_decorator to None, run_after=None
[2025-10-30T21:31:02.220-0700] {processor.py:183} INFO - Processing /usr/local/lib/python3.10/dist-packages/airflow/example_dags/example_dag_decorator.py took 0.331 seconds
[2025-10-30T21:32:21.307-0700] {processor.py:161} INFO - Started process (PID=2433) to work on /usr/local/lib/python3.10/dist-packages/airflow/example_dags/example_dag_decorator.py
[2025-10-30T21:32:21.309-0700] {processor.py:830} INFO - Processing file /usr/local/lib/python3.10/dist-packages/airflow/example_dags/example_dag_decorator.py for tasks to queue
[2025-10-30T21:32:21.313-0700] {logging_mixin.py:188} INFO - [2025-10-30T21:32:21.312-0700] {dagbag.py:545} INFO - Filling up the DagBag from /usr/local/lib/python3.10/dist-packages/airflow/example_dags/example_dag_decorator.py
[2025-10-30T21:32:21.456-0700] {processor.py:840} INFO - DAG(s) 'example_dag_decorator' retrieved from /usr/local/lib/python3.10/dist-packages/airflow/example_dags/example_dag_decorator.py
[2025-10-30T21:32:21.511-0700] {logging_mixin.py:188} INFO - [2025-10-30T21:32:21.511-0700] {dag.py:3089} INFO - Sync 1 DAGs
[2025-10-30T21:32:21.536-0700] {logging_mixin.py:188} INFO - [2025-10-30T21:32:21.536-0700] {dag.py:3947} INFO - Setting next_dagrun for example_dag_decorator to None, run_after=None
[2025-10-30T21:32:21.670-0700] {processor.py:183} INFO - Processing /usr/local/lib/python3.10/dist-packages/airflow/example_dags/example_dag_decorator.py took 0.373 seconds
[2025-10-30T21:35:32.669-0700] {processor.py:161} INFO - Started process (PID=2596) to work on /usr/local/lib/python3.10/dist-packages/airflow/example_dags/example_dag_decorator.py
[2025-10-30T21:35:32.671-0700] {processor.py:830} INFO - Processing file /usr/local/lib/python3.10/dist-packages/airflow/example_dags/example_dag_decorator.py for tasks to queue
[2025-10-30T21:35:32.673-0700] {logging_mixin.py:188} INFO - [2025-10-30T21:35:32.673-0700] {dagbag.py:545} INFO - Filling up the DagBag from /usr/local/lib/python3.10/dist-packages/airflow/example_dags/example_dag_decorator.py
[2025-10-30T21:35:32.819-0700] {processor.py:840} INFO - DAG(s) 'example_dag_decorator' retrieved from /usr/local/lib/python3.10/dist-packages/airflow/example_dags/example_dag_decorator.py
[2025-10-30T21:35:33.011-0700] {logging_mixin.py:188} INFO - [2025-10-30T21:35:33.010-0700] {dag.py:3089} INFO - Sync 1 DAGs
[2025-10-30T21:35:33.032-0700] {logging_mixin.py:188} INFO - [2025-10-30T21:35:33.031-0700] {dag.py:3947} INFO - Setting next_dagrun for example_dag_decorator to None, run_after=None
[2025-10-30T21:35:33.167-0700] {processor.py:183} INFO - Processing /usr/local/lib/python3.10/dist-packages/airflow/example_dags/example_dag_decorator.py took 0.505 seconds
[2025-10-30T21:37:18.665-0700] {processor.py:161} INFO - Started process (PID=2681) to work on /usr/local/lib/python3.10/dist-packages/airflow/example_dags/example_dag_decorator.py
[2025-10-30T21:37:18.668-0700] {processor.py:830} INFO - Processing file /usr/local/lib/python3.10/dist-packages/airflow/example_dags/example_dag_decorator.py for tasks to queue
[2025-10-30T21:37:18.672-0700] {logging_mixin.py:188} INFO - [2025-10-30T21:37:18.672-0700] {dagbag.py:545} INFO - Filling up the DagBag from /usr/local/lib/python3.10/dist-packages/airflow/example_dags/example_dag_decorator.py
[2025-10-30T21:37:18.926-0700] {processor.py:840} INFO - DAG(s) 'example_dag_decorator' retrieved from /usr/local/lib/python3.10/dist-packages/airflow/example_dags/example_dag_decorator.py
[2025-10-30T21:37:19.085-0700] {logging_mixin.py:188} INFO - [2025-10-30T21:37:19.085-0700] {dag.py:3089} INFO - Sync 1 DAGs
[2025-10-30T21:37:19.102-0700] {logging_mixin.py:188} INFO - [2025-10-30T21:37:19.102-0700] {dag.py:3947} INFO - Setting next_dagrun for example_dag_decorator to None, run_after=None
[2025-10-30T21:37:19.225-0700] {processor.py:183} INFO - Processing /usr/local/lib/python3.10/dist-packages/airflow/example_dags/example_dag_decorator.py took 0.573 seconds
[2025-10-30T21:38:55.629-0700] {processor.py:161} INFO - Started process (PID=2785) to work on /usr/local/lib/python3.10/dist-packages/airflow/example_dags/example_dag_decorator.py
[2025-10-30T21:38:55.631-0700] {processor.py:830} INFO - Processing file /usr/local/lib/python3.10/dist-packages/airflow/example_dags/example_dag_decorator.py for tasks to queue
[2025-10-30T21:38:55.634-0700] {logging_mixin.py:188} INFO - [2025-10-30T21:38:55.633-0700] {dagbag.py:545} INFO - Filling up the DagBag from /usr/local/lib/python3.10/dist-packages/airflow/example_dags/example_dag_decorator.py
[2025-10-30T21:38:55.747-0700] {processor.py:840} INFO - DAG(s) 'example_dag_decorator' retrieved from /usr/local/lib/python3.10/dist-packages/airflow/example_dags/example_dag_decorator.py
[2025-10-30T21:38:55.911-0700] {logging_mixin.py:188} INFO - [2025-10-30T21:38:55.911-0700] {dag.py:3089} INFO - Sync 1 DAGs
[2025-10-30T21:38:55.927-0700] {logging_mixin.py:188} INFO - [2025-10-30T21:38:55.927-0700] {dag.py:3947} INFO - Setting next_dagrun for example_dag_decorator to None, run_after=None
[2025-10-30T21:38:56.031-0700] {processor.py:183} INFO - Processing /usr/local/lib/python3.10/dist-packages/airflow/example_dags/example_dag_decorator.py took 0.409 seconds
[2025-10-30T21:40:24.708-0700] {processor.py:161} INFO - Started process (PID=2863) to work on /usr/local/lib/python3.10/dist-packages/airflow/example_dags/example_dag_decorator.py
[2025-10-30T21:40:24.710-0700] {processor.py:830} INFO - Processing file /usr/local/lib/python3.10/dist-packages/airflow/example_dags/example_dag_decorator.py for tasks to queue
[2025-10-30T21:40:24.713-0700] {logging_mixin.py:188} INFO - [2025-10-30T21:40:24.712-0700] {dagbag.py:545} INFO - Filling up the DagBag from /usr/local/lib/python3.10/dist-packages/airflow/example_dags/example_dag_decorator.py
[2025-10-30T21:40:24.823-0700] {processor.py:840} INFO - DAG(s) 'example_dag_decorator' retrieved from /usr/local/lib/python3.10/dist-packages/airflow/example_dags/example_dag_decorator.py
[2025-10-30T21:40:24.987-0700] {logging_mixin.py:188} INFO - [2025-10-30T21:40:24.987-0700] {dag.py:3089} INFO - Sync 1 DAGs
[2025-10-30T21:40:25.006-0700] {logging_mixin.py:188} INFO - [2025-10-30T21:40:25.006-0700] {dag.py:3947} INFO - Setting next_dagrun for example_dag_decorator to None, run_after=None
[2025-10-30T21:40:25.159-0700] {processor.py:183} INFO - Processing /usr/local/lib/python3.10/dist-packages/airflow/example_dags/example_dag_decorator.py took 0.458 seconds
[2025-10-30T21:41:54.047-0700] {processor.py:161} INFO - Started process (PID=2941) to work on /usr/local/lib/python3.10/dist-packages/airflow/example_dags/example_dag_decorator.py
[2025-10-30T21:41:54.049-0700] {processor.py:830} INFO - Processing file /usr/local/lib/python3.10/dist-packages/airflow/example_dags/example_dag_decorator.py for tasks to queue
[2025-10-30T21:41:54.051-0700] {logging_mixin.py:188} INFO - [2025-10-30T21:41:54.051-0700] {dagbag.py:545} INFO - Filling up the DagBag from /usr/local/lib/python3.10/dist-packages/airflow/example_dags/example_dag_decorator.py
[2025-10-30T21:41:54.157-0700] {processor.py:840} INFO - DAG(s) 'example_dag_decorator' retrieved from /usr/local/lib/python3.10/dist-packages/airflow/example_dags/example_dag_decorator.py
[2025-10-30T21:41:54.328-0700] {logging_mixin.py:188} INFO - [2025-10-30T21:41:54.327-0700] {dag.py:3089} INFO - Sync 1 DAGs
[2025-10-30T21:41:54.350-0700] {logging_mixin.py:188} INFO - [2025-10-30T21:41:54.350-0700] {dag.py:3947} INFO - Setting next_dagrun for example_dag_decorator to None, run_after=None
[2025-10-30T21:41:54.525-0700] {processor.py:183} INFO - Processing /usr/local/lib/python3.10/dist-packages/airflow/example_dags/example_dag_decorator.py took 0.484 seconds
[2025-10-30T21:43:24.854-0700] {processor.py:161} INFO - Started process (PID=3020) to work on /usr/local/lib/python3.10/dist-packages/airflow/example_dags/example_dag_decorator.py
[2025-10-30T21:43:24.856-0700] {processor.py:830} INFO - Processing file /usr/local/lib/python3.10/dist-packages/airflow/example_dags/example_dag_decorator.py for tasks to queue
[2025-10-30T21:43:24.859-0700] {logging_mixin.py:188} INFO - [2025-10-30T21:43:24.858-0700] {dagbag.py:545} INFO - Filling up the DagBag from /usr/local/lib/python3.10/dist-packages/airflow/example_dags/example_dag_decorator.py
[2025-10-30T21:43:24.978-0700] {processor.py:840} INFO - DAG(s) 'example_dag_decorator' retrieved from /usr/local/lib/python3.10/dist-packages/airflow/example_dags/example_dag_decorator.py
[2025-10-30T21:43:25.035-0700] {logging_mixin.py:188} INFO - [2025-10-30T21:43:25.035-0700] {dag.py:3089} INFO - Sync 1 DAGs
[2025-10-30T21:43:25.059-0700] {logging_mixin.py:188} INFO - [2025-10-30T21:43:25.058-0700] {dag.py:3947} INFO - Setting next_dagrun for example_dag_decorator to None, run_after=None
[2025-10-30T21:43:25.225-0700] {processor.py:183} INFO - Processing /usr/local/lib/python3.10/dist-packages/airflow/example_dags/example_dag_decorator.py took 0.380 seconds
[2025-10-30T21:44:52.537-0700] {processor.py:161} INFO - Started process (PID=3097) to work on /usr/local/lib/python3.10/dist-packages/airflow/example_dags/example_dag_decorator.py
[2025-10-30T21:44:52.539-0700] {processor.py:830} INFO - Processing file /usr/local/lib/python3.10/dist-packages/airflow/example_dags/example_dag_decorator.py for tasks to queue
[2025-10-30T21:44:52.542-0700] {logging_mixin.py:188} INFO - [2025-10-30T21:44:52.542-0700] {dagbag.py:545} INFO - Filling up the DagBag from /usr/local/lib/python3.10/dist-packages/airflow/example_dags/example_dag_decorator.py
[2025-10-30T21:44:52.662-0700] {processor.py:840} INFO - DAG(s) 'example_dag_decorator' retrieved from /usr/local/lib/python3.10/dist-packages/airflow/example_dags/example_dag_decorator.py
[2025-10-30T21:44:52.830-0700] {logging_mixin.py:188} INFO - [2025-10-30T21:44:52.830-0700] {dag.py:3089} INFO - Sync 1 DAGs
[2025-10-30T21:44:52.853-0700] {logging_mixin.py:188} INFO - [2025-10-30T21:44:52.848-0700] {dag.py:3947} INFO - Setting next_dagrun for example_dag_decorator to None, run_after=None
[2025-10-30T21:44:53.020-0700] {processor.py:183} INFO - Processing /usr/local/lib/python3.10/dist-packages/airflow/example_dags/example_dag_decorator.py took 0.491 seconds
[2025-10-30T21:46:39.687-0700] {processor.py:161} INFO - Started process (PID=3207) to work on /usr/local/lib/python3.10/dist-packages/airflow/example_dags/example_dag_decorator.py
[2025-10-30T21:46:39.689-0700] {processor.py:830} INFO - Processing file /usr/local/lib/python3.10/dist-packages/airflow/example_dags/example_dag_decorator.py for tasks to queue
[2025-10-30T21:46:39.692-0700] {logging_mixin.py:188} INFO - [2025-10-30T21:46:39.692-0700] {dagbag.py:545} INFO - Filling up the DagBag from /usr/local/lib/python3.10/dist-packages/airflow/example_dags/example_dag_decorator.py
[2025-10-30T21:46:39.814-0700] {processor.py:840} INFO - DAG(s) 'example_dag_decorator' retrieved from /usr/local/lib/python3.10/dist-packages/airflow/example_dags/example_dag_decorator.py
[2025-10-30T21:46:39.996-0700] {logging_mixin.py:188} INFO - [2025-10-30T21:46:39.996-0700] {dag.py:3089} INFO - Sync 1 DAGs
[2025-10-30T21:46:40.017-0700] {logging_mixin.py:188} INFO - [2025-10-30T21:46:40.016-0700] {dag.py:3947} INFO - Setting next_dagrun for example_dag_decorator to None, run_after=None
[2025-10-30T21:46:40.147-0700] {processor.py:183} INFO - Processing /usr/local/lib/python3.10/dist-packages/airflow/example_dags/example_dag_decorator.py took 0.467 seconds
[2025-10-30T21:48:04.920-0700] {processor.py:161} INFO - Started process (PID=3417) to work on /usr/local/lib/python3.10/dist-packages/airflow/example_dags/example_dag_decorator.py
[2025-10-30T21:48:04.923-0700] {processor.py:830} INFO - Processing file /usr/local/lib/python3.10/dist-packages/airflow/example_dags/example_dag_decorator.py for tasks to queue
[2025-10-30T21:48:04.927-0700] {logging_mixin.py:188} INFO - [2025-10-30T21:48:04.926-0700] {dagbag.py:545} INFO - Filling up the DagBag from /usr/local/lib/python3.10/dist-packages/airflow/example_dags/example_dag_decorator.py
[2025-10-30T21:48:05.056-0700] {processor.py:840} INFO - DAG(s) 'example_dag_decorator' retrieved from /usr/local/lib/python3.10/dist-packages/airflow/example_dags/example_dag_decorator.py
[2025-10-30T21:48:05.106-0700] {logging_mixin.py:188} INFO - [2025-10-30T21:48:05.105-0700] {dag.py:3089} INFO - Sync 1 DAGs
[2025-10-30T21:48:05.131-0700] {logging_mixin.py:188} INFO - [2025-10-30T21:48:05.131-0700] {dag.py:3947} INFO - Setting next_dagrun for example_dag_decorator to None, run_after=None
[2025-10-30T21:48:05.253-0700] {processor.py:183} INFO - Processing /usr/local/lib/python3.10/dist-packages/airflow/example_dags/example_dag_decorator.py took 0.343 seconds
[2025-10-30T21:51:11.838-0700] {processor.py:161} INFO - Started process (PID=3676) to work on /usr/local/lib/python3.10/dist-packages/airflow/example_dags/example_dag_decorator.py
[2025-10-30T21:51:11.840-0700] {processor.py:830} INFO - Processing file /usr/local/lib/python3.10/dist-packages/airflow/example_dags/example_dag_decorator.py for tasks to queue
[2025-10-30T21:51:11.843-0700] {logging_mixin.py:188} INFO - [2025-10-30T21:51:11.842-0700] {dagbag.py:545} INFO - Filling up the DagBag from /usr/local/lib/python3.10/dist-packages/airflow/example_dags/example_dag_decorator.py
[2025-10-30T21:51:11.941-0700] {processor.py:840} INFO - DAG(s) 'example_dag_decorator' retrieved from /usr/local/lib/python3.10/dist-packages/airflow/example_dags/example_dag_decorator.py
[2025-10-30T21:51:11.984-0700] {logging_mixin.py:188} INFO - [2025-10-30T21:51:11.984-0700] {dag.py:3089} INFO - Sync 1 DAGs
[2025-10-30T21:51:12.003-0700] {logging_mixin.py:188} INFO - [2025-10-30T21:51:12.003-0700] {dag.py:3947} INFO - Setting next_dagrun for example_dag_decorator to None, run_after=None
[2025-10-30T21:51:12.122-0700] {processor.py:183} INFO - Processing /usr/local/lib/python3.10/dist-packages/airflow/example_dags/example_dag_decorator.py took 0.292 seconds
[2025-10-30T21:52:39.700-0700] {processor.py:161} INFO - Started process (PID=3754) to work on /usr/local/lib/python3.10/dist-packages/airflow/example_dags/example_dag_decorator.py
[2025-10-30T21:52:39.702-0700] {processor.py:830} INFO - Processing file /usr/local/lib/python3.10/dist-packages/airflow/example_dags/example_dag_decorator.py for tasks to queue
[2025-10-30T21:52:39.704-0700] {logging_mixin.py:188} INFO - [2025-10-30T21:52:39.704-0700] {dagbag.py:545} INFO - Filling up the DagBag from /usr/local/lib/python3.10/dist-packages/airflow/example_dags/example_dag_decorator.py
[2025-10-30T21:52:39.803-0700] {processor.py:840} INFO - DAG(s) 'example_dag_decorator' retrieved from /usr/local/lib/python3.10/dist-packages/airflow/example_dags/example_dag_decorator.py
[2025-10-30T21:52:40.011-0700] {logging_mixin.py:188} INFO - [2025-10-30T21:52:40.010-0700] {dag.py:3089} INFO - Sync 1 DAGs
[2025-10-30T21:52:40.028-0700] {logging_mixin.py:188} INFO - [2025-10-30T21:52:40.028-0700] {dag.py:3947} INFO - Setting next_dagrun for example_dag_decorator to None, run_after=None
[2025-10-30T21:52:40.191-0700] {processor.py:183} INFO - Processing /usr/local/lib/python3.10/dist-packages/airflow/example_dags/example_dag_decorator.py took 0.498 seconds
[2025-10-30T21:56:01.158-0700] {processor.py:161} INFO - Started process (PID=4026) to work on /usr/local/lib/python3.10/dist-packages/airflow/example_dags/example_dag_decorator.py
[2025-10-30T21:56:01.161-0700] {processor.py:830} INFO - Processing file /usr/local/lib/python3.10/dist-packages/airflow/example_dags/example_dag_decorator.py for tasks to queue
[2025-10-30T21:56:01.164-0700] {logging_mixin.py:188} INFO - [2025-10-30T21:56:01.163-0700] {dagbag.py:545} INFO - Filling up the DagBag from /usr/local/lib/python3.10/dist-packages/airflow/example_dags/example_dag_decorator.py
[2025-10-30T21:56:01.323-0700] {processor.py:840} INFO - DAG(s) 'example_dag_decorator' retrieved from /usr/local/lib/python3.10/dist-packages/airflow/example_dags/example_dag_decorator.py
[2025-10-30T21:56:01.366-0700] {logging_mixin.py:188} INFO - [2025-10-30T21:56:01.366-0700] {dag.py:3089} INFO - Sync 1 DAGs
[2025-10-30T21:56:01.393-0700] {logging_mixin.py:188} INFO - [2025-10-30T21:56:01.392-0700] {dag.py:3947} INFO - Setting next_dagrun for example_dag_decorator to None, run_after=None
[2025-10-30T21:56:01.489-0700] {processor.py:183} INFO - Processing /usr/local/lib/python3.10/dist-packages/airflow/example_dags/example_dag_decorator.py took 0.339 seconds
[2025-10-30T21:57:27.363-0700] {processor.py:161} INFO - Started process (PID=4103) to work on /usr/local/lib/python3.10/dist-packages/airflow/example_dags/example_dag_decorator.py
[2025-10-30T21:57:27.366-0700] {processor.py:830} INFO - Processing file /usr/local/lib/python3.10/dist-packages/airflow/example_dags/example_dag_decorator.py for tasks to queue
[2025-10-30T21:57:27.369-0700] {logging_mixin.py:188} INFO - [2025-10-30T21:57:27.368-0700] {dagbag.py:545} INFO - Filling up the DagBag from /usr/local/lib/python3.10/dist-packages/airflow/example_dags/example_dag_decorator.py
[2025-10-30T21:57:27.484-0700] {processor.py:840} INFO - DAG(s) 'example_dag_decorator' retrieved from /usr/local/lib/python3.10/dist-packages/airflow/example_dags/example_dag_decorator.py
[2025-10-30T21:57:27.529-0700] {logging_mixin.py:188} INFO - [2025-10-30T21:57:27.529-0700] {dag.py:3089} INFO - Sync 1 DAGs
[2025-10-30T21:57:27.550-0700] {logging_mixin.py:188} INFO - [2025-10-30T21:57:27.550-0700] {dag.py:3947} INFO - Setting next_dagrun for example_dag_decorator to None, run_after=None
[2025-10-30T21:57:27.728-0700] {processor.py:183} INFO - Processing /usr/local/lib/python3.10/dist-packages/airflow/example_dags/example_dag_decorator.py took 0.374 seconds
[2025-10-30T21:58:49.282-0700] {processor.py:161} INFO - Started process (PID=4179) to work on /usr/local/lib/python3.10/dist-packages/airflow/example_dags/example_dag_decorator.py
[2025-10-30T21:58:49.283-0700] {processor.py:830} INFO - Processing file /usr/local/lib/python3.10/dist-packages/airflow/example_dags/example_dag_decorator.py for tasks to queue
[2025-10-30T21:58:49.286-0700] {logging_mixin.py:188} INFO - [2025-10-30T21:58:49.285-0700] {dagbag.py:545} INFO - Filling up the DagBag from /usr/local/lib/python3.10/dist-packages/airflow/example_dags/example_dag_decorator.py
[2025-10-30T21:58:49.386-0700] {processor.py:840} INFO - DAG(s) 'example_dag_decorator' retrieved from /usr/local/lib/python3.10/dist-packages/airflow/example_dags/example_dag_decorator.py
[2025-10-30T21:58:49.425-0700] {logging_mixin.py:188} INFO - [2025-10-30T21:58:49.424-0700] {dag.py:3089} INFO - Sync 1 DAGs
[2025-10-30T21:58:49.444-0700] {logging_mixin.py:188} INFO - [2025-10-30T21:58:49.443-0700] {dag.py:3947} INFO - Setting next_dagrun for example_dag_decorator to None, run_after=None
[2025-10-30T21:58:49.575-0700] {processor.py:183} INFO - Processing /usr/local/lib/python3.10/dist-packages/airflow/example_dags/example_dag_decorator.py took 0.300 seconds
[2025-10-30T22:00:12.628-0700] {processor.py:161} INFO - Started process (PID=4255) to work on /usr/local/lib/python3.10/dist-packages/airflow/example_dags/example_dag_decorator.py
[2025-10-30T22:00:12.634-0700] {processor.py:830} INFO - Processing file /usr/local/lib/python3.10/dist-packages/airflow/example_dags/example_dag_decorator.py for tasks to queue
[2025-10-30T22:00:12.639-0700] {logging_mixin.py:188} INFO - [2025-10-30T22:00:12.638-0700] {dagbag.py:545} INFO - Filling up the DagBag from /usr/local/lib/python3.10/dist-packages/airflow/example_dags/example_dag_decorator.py
[2025-10-30T22:00:12.795-0700] {processor.py:840} INFO - DAG(s) 'example_dag_decorator' retrieved from /usr/local/lib/python3.10/dist-packages/airflow/example_dags/example_dag_decorator.py
[2025-10-30T22:00:12.988-0700] {logging_mixin.py:188} INFO - [2025-10-30T22:00:12.988-0700] {dag.py:3089} INFO - Sync 1 DAGs
[2025-10-30T22:00:13.008-0700] {logging_mixin.py:188} INFO - [2025-10-30T22:00:13.007-0700] {dag.py:3947} INFO - Setting next_dagrun for example_dag_decorator to None, run_after=None
[2025-10-30T22:00:13.174-0700] {processor.py:183} INFO - Processing /usr/local/lib/python3.10/dist-packages/airflow/example_dags/example_dag_decorator.py took 0.557 seconds
[2025-10-30T22:01:35.443-0700] {processor.py:161} INFO - Started process (PID=4331) to work on /usr/local/lib/python3.10/dist-packages/airflow/example_dags/example_dag_decorator.py
[2025-10-30T22:01:35.445-0700] {processor.py:830} INFO - Processing file /usr/local/lib/python3.10/dist-packages/airflow/example_dags/example_dag_decorator.py for tasks to queue
[2025-10-30T22:01:35.447-0700] {logging_mixin.py:188} INFO - [2025-10-30T22:01:35.447-0700] {dagbag.py:545} INFO - Filling up the DagBag from /usr/local/lib/python3.10/dist-packages/airflow/example_dags/example_dag_decorator.py
[2025-10-30T22:01:35.555-0700] {processor.py:840} INFO - DAG(s) 'example_dag_decorator' retrieved from /usr/local/lib/python3.10/dist-packages/airflow/example_dags/example_dag_decorator.py
[2025-10-30T22:01:35.726-0700] {logging_mixin.py:188} INFO - [2025-10-30T22:01:35.726-0700] {dag.py:3089} INFO - Sync 1 DAGs
[2025-10-30T22:01:35.742-0700] {logging_mixin.py:188} INFO - [2025-10-30T22:01:35.742-0700] {dag.py:3947} INFO - Setting next_dagrun for example_dag_decorator to None, run_after=None
[2025-10-30T22:01:35.862-0700] {processor.py:183} INFO - Processing /usr/local/lib/python3.10/dist-packages/airflow/example_dags/example_dag_decorator.py took 0.425 seconds
[2025-10-30T22:02:58.660-0700] {processor.py:161} INFO - Started process (PID=4407) to work on /usr/local/lib/python3.10/dist-packages/airflow/example_dags/example_dag_decorator.py
[2025-10-30T22:02:58.663-0700] {processor.py:830} INFO - Processing file /usr/local/lib/python3.10/dist-packages/airflow/example_dags/example_dag_decorator.py for tasks to queue
[2025-10-30T22:02:58.665-0700] {logging_mixin.py:188} INFO - [2025-10-30T22:02:58.665-0700] {dagbag.py:545} INFO - Filling up the DagBag from /usr/local/lib/python3.10/dist-packages/airflow/example_dags/example_dag_decorator.py
[2025-10-30T22:02:58.777-0700] {processor.py:840} INFO - DAG(s) 'example_dag_decorator' retrieved from /usr/local/lib/python3.10/dist-packages/airflow/example_dags/example_dag_decorator.py
[2025-10-30T22:02:58.949-0700] {logging_mixin.py:188} INFO - [2025-10-30T22:02:58.948-0700] {dag.py:3089} INFO - Sync 1 DAGs
[2025-10-30T22:02:58.969-0700] {logging_mixin.py:188} INFO - [2025-10-30T22:02:58.968-0700] {dag.py:3947} INFO - Setting next_dagrun for example_dag_decorator to None, run_after=None
[2025-10-30T22:02:59.122-0700] {processor.py:183} INFO - Processing /usr/local/lib/python3.10/dist-packages/airflow/example_dags/example_dag_decorator.py took 0.469 seconds
[2025-10-30T22:04:31.614-0700] {processor.py:161} INFO - Started process (PID=4486) to work on /usr/local/lib/python3.10/dist-packages/airflow/example_dags/example_dag_decorator.py
[2025-10-30T22:04:31.616-0700] {processor.py:830} INFO - Processing file /usr/local/lib/python3.10/dist-packages/airflow/example_dags/example_dag_decorator.py for tasks to queue
[2025-10-30T22:04:31.619-0700] {logging_mixin.py:188} INFO - [2025-10-30T22:04:31.619-0700] {dagbag.py:545} INFO - Filling up the DagBag from /usr/local/lib/python3.10/dist-packages/airflow/example_dags/example_dag_decorator.py
[2025-10-30T22:04:31.721-0700] {processor.py:840} INFO - DAG(s) 'example_dag_decorator' retrieved from /usr/local/lib/python3.10/dist-packages/airflow/example_dags/example_dag_decorator.py
[2025-10-30T22:04:32.157-0700] {logging_mixin.py:188} INFO - [2025-10-30T22:04:32.156-0700] {dag.py:3089} INFO - Sync 1 DAGs
[2025-10-30T22:04:32.174-0700] {logging_mixin.py:188} INFO - [2025-10-30T22:04:32.173-0700] {dag.py:3947} INFO - Setting next_dagrun for example_dag_decorator to None, run_after=None
[2025-10-30T22:04:32.287-0700] {processor.py:183} INFO - Processing /usr/local/lib/python3.10/dist-packages/airflow/example_dags/example_dag_decorator.py took 0.680 seconds
