[2025-10-30T20:58:46.804-0700] {processor.py:161} INFO - Started process (PID=571) to work on /usr/local/lib/python3.10/dist-packages/airflow/example_dags/example_external_task_marker_dag.py
[2025-10-30T20:58:46.806-0700] {processor.py:830} INFO - Processing file /usr/local/lib/python3.10/dist-packages/airflow/example_dags/example_external_task_marker_dag.py for tasks to queue
[2025-10-30T20:58:46.808-0700] {logging_mixin.py:188} INFO - [2025-10-30T20:58:46.808-0700] {dagbag.py:545} INFO - Filling up the DagBag from /usr/local/lib/python3.10/dist-packages/airflow/example_dags/example_external_task_marker_dag.py
[2025-10-30T20:58:46.820-0700] {processor.py:840} INFO - DAG(s) 'example_external_task_marker_child', 'example_external_task_marker_parent' retrieved from /usr/local/lib/python3.10/dist-packages/airflow/example_dags/example_external_task_marker_dag.py
[2025-10-30T20:58:47.087-0700] {logging_mixin.py:188} INFO - [2025-10-30T20:58:47.086-0700] {override.py:1858} INFO - Created Permission View: can delete on DAG:example_external_task_marker_child
[2025-10-30T20:58:47.154-0700] {logging_mixin.py:188} INFO - [2025-10-30T20:58:47.153-0700] {override.py:1858} INFO - Created Permission View: can edit on DAG:example_external_task_marker_child
[2025-10-30T20:58:47.208-0700] {logging_mixin.py:188} INFO - [2025-10-30T20:58:47.207-0700] {override.py:1858} INFO - Created Permission View: can read on DAG:example_external_task_marker_child
[2025-10-30T20:58:47.449-0700] {logging_mixin.py:188} INFO - [2025-10-30T20:58:47.448-0700] {override.py:1858} INFO - Created Permission View: can delete on DAG:example_external_task_marker_parent
[2025-10-30T20:58:47.512-0700] {logging_mixin.py:188} INFO - [2025-10-30T20:58:47.511-0700] {override.py:1858} INFO - Created Permission View: can edit on DAG:example_external_task_marker_parent
[2025-10-30T20:58:47.562-0700] {logging_mixin.py:188} INFO - [2025-10-30T20:58:47.562-0700] {override.py:1858} INFO - Created Permission View: can read on DAG:example_external_task_marker_parent
[2025-10-30T20:58:47.563-0700] {logging_mixin.py:188} INFO - [2025-10-30T20:58:47.563-0700] {dag.py:3089} INFO - Sync 2 DAGs
[2025-10-30T20:58:47.622-0700] {logging_mixin.py:188} INFO - [2025-10-30T20:58:47.622-0700] {dag.py:3111} INFO - Creating ORM DAG for example_external_task_marker_parent
[2025-10-30T20:58:47.624-0700] {logging_mixin.py:188} INFO - [2025-10-30T20:58:47.623-0700] {dag.py:3111} INFO - Creating ORM DAG for example_external_task_marker_child
[2025-10-30T20:58:47.625-0700] {logging_mixin.py:188} INFO - [2025-10-30T20:58:47.625-0700] {dag.py:3947} INFO - Setting next_dagrun for example_external_task_marker_child to None, run_after=None
[2025-10-30T20:58:47.626-0700] {logging_mixin.py:188} INFO - [2025-10-30T20:58:47.626-0700] {dag.py:3947} INFO - Setting next_dagrun for example_external_task_marker_parent to None, run_after=None
[2025-10-30T20:58:47.742-0700] {processor.py:183} INFO - Processing /usr/local/lib/python3.10/dist-packages/airflow/example_dags/example_external_task_marker_dag.py took 0.952 seconds
[2025-10-30T21:00:03.812-0700] {processor.py:161} INFO - Started process (PID=647) to work on /usr/local/lib/python3.10/dist-packages/airflow/example_dags/example_external_task_marker_dag.py
[2025-10-30T21:00:03.813-0700] {processor.py:830} INFO - Processing file /usr/local/lib/python3.10/dist-packages/airflow/example_dags/example_external_task_marker_dag.py for tasks to queue
[2025-10-30T21:00:03.814-0700] {logging_mixin.py:188} INFO - [2025-10-30T21:00:03.814-0700] {dagbag.py:545} INFO - Filling up the DagBag from /usr/local/lib/python3.10/dist-packages/airflow/example_dags/example_external_task_marker_dag.py
[2025-10-30T21:00:03.820-0700] {processor.py:840} INFO - DAG(s) 'example_external_task_marker_child', 'example_external_task_marker_parent' retrieved from /usr/local/lib/python3.10/dist-packages/airflow/example_dags/example_external_task_marker_dag.py
[2025-10-30T21:00:03.864-0700] {logging_mixin.py:188} INFO - [2025-10-30T21:00:03.864-0700] {dag.py:3089} INFO - Sync 2 DAGs
[2025-10-30T21:00:03.880-0700] {logging_mixin.py:188} INFO - [2025-10-30T21:00:03.880-0700] {dag.py:3947} INFO - Setting next_dagrun for example_external_task_marker_child to None, run_after=None
[2025-10-30T21:00:03.887-0700] {logging_mixin.py:188} INFO - [2025-10-30T21:00:03.887-0700] {dag.py:3947} INFO - Setting next_dagrun for example_external_task_marker_parent to None, run_after=None
[2025-10-30T21:00:03.954-0700] {processor.py:183} INFO - Processing /usr/local/lib/python3.10/dist-packages/airflow/example_dags/example_external_task_marker_dag.py took 0.147 seconds
[2025-10-30T21:01:14.939-0700] {processor.py:161} INFO - Started process (PID=721) to work on /usr/local/lib/python3.10/dist-packages/airflow/example_dags/example_external_task_marker_dag.py
[2025-10-30T21:01:14.940-0700] {processor.py:830} INFO - Processing file /usr/local/lib/python3.10/dist-packages/airflow/example_dags/example_external_task_marker_dag.py for tasks to queue
[2025-10-30T21:01:14.941-0700] {logging_mixin.py:188} INFO - [2025-10-30T21:01:14.941-0700] {dagbag.py:545} INFO - Filling up the DagBag from /usr/local/lib/python3.10/dist-packages/airflow/example_dags/example_external_task_marker_dag.py
[2025-10-30T21:01:14.948-0700] {processor.py:840} INFO - DAG(s) 'example_external_task_marker_parent', 'example_external_task_marker_child' retrieved from /usr/local/lib/python3.10/dist-packages/airflow/example_dags/example_external_task_marker_dag.py
[2025-10-30T21:01:14.993-0700] {logging_mixin.py:188} INFO - [2025-10-30T21:01:14.993-0700] {dag.py:3089} INFO - Sync 2 DAGs
[2025-10-30T21:01:15.011-0700] {logging_mixin.py:188} INFO - [2025-10-30T21:01:15.011-0700] {dag.py:3947} INFO - Setting next_dagrun for example_external_task_marker_child to None, run_after=None
[2025-10-30T21:01:15.018-0700] {logging_mixin.py:188} INFO - [2025-10-30T21:01:15.018-0700] {dag.py:3947} INFO - Setting next_dagrun for example_external_task_marker_parent to None, run_after=None
[2025-10-30T21:01:15.117-0700] {processor.py:183} INFO - Processing /usr/local/lib/python3.10/dist-packages/airflow/example_dags/example_external_task_marker_dag.py took 0.182 seconds
[2025-10-30T21:02:21.934-0700] {processor.py:161} INFO - Started process (PID=795) to work on /usr/local/lib/python3.10/dist-packages/airflow/example_dags/example_external_task_marker_dag.py
[2025-10-30T21:02:21.935-0700] {processor.py:830} INFO - Processing file /usr/local/lib/python3.10/dist-packages/airflow/example_dags/example_external_task_marker_dag.py for tasks to queue
[2025-10-30T21:02:21.936-0700] {logging_mixin.py:188} INFO - [2025-10-30T21:02:21.936-0700] {dagbag.py:545} INFO - Filling up the DagBag from /usr/local/lib/python3.10/dist-packages/airflow/example_dags/example_external_task_marker_dag.py
[2025-10-30T21:02:21.941-0700] {processor.py:840} INFO - DAG(s) 'example_external_task_marker_parent', 'example_external_task_marker_child' retrieved from /usr/local/lib/python3.10/dist-packages/airflow/example_dags/example_external_task_marker_dag.py
[2025-10-30T21:02:21.980-0700] {logging_mixin.py:188} INFO - [2025-10-30T21:02:21.980-0700] {dag.py:3089} INFO - Sync 2 DAGs
[2025-10-30T21:02:21.997-0700] {logging_mixin.py:188} INFO - [2025-10-30T21:02:21.997-0700] {dag.py:3947} INFO - Setting next_dagrun for example_external_task_marker_child to None, run_after=None
[2025-10-30T21:02:22.004-0700] {logging_mixin.py:188} INFO - [2025-10-30T21:02:22.004-0700] {dag.py:3947} INFO - Setting next_dagrun for example_external_task_marker_parent to None, run_after=None
[2025-10-30T21:02:22.076-0700] {processor.py:183} INFO - Processing /usr/local/lib/python3.10/dist-packages/airflow/example_dags/example_external_task_marker_dag.py took 0.146 seconds
[2025-10-30T21:03:32.769-0700] {processor.py:161} INFO - Started process (PID=868) to work on /usr/local/lib/python3.10/dist-packages/airflow/example_dags/example_external_task_marker_dag.py
[2025-10-30T21:03:32.771-0700] {processor.py:830} INFO - Processing file /usr/local/lib/python3.10/dist-packages/airflow/example_dags/example_external_task_marker_dag.py for tasks to queue
[2025-10-30T21:03:32.772-0700] {logging_mixin.py:188} INFO - [2025-10-30T21:03:32.772-0700] {dagbag.py:545} INFO - Filling up the DagBag from /usr/local/lib/python3.10/dist-packages/airflow/example_dags/example_external_task_marker_dag.py
[2025-10-30T21:03:32.779-0700] {processor.py:840} INFO - DAG(s) 'example_external_task_marker_parent', 'example_external_task_marker_child' retrieved from /usr/local/lib/python3.10/dist-packages/airflow/example_dags/example_external_task_marker_dag.py
[2025-10-30T21:03:32.822-0700] {logging_mixin.py:188} INFO - [2025-10-30T21:03:32.822-0700] {dag.py:3089} INFO - Sync 2 DAGs
[2025-10-30T21:03:32.838-0700] {logging_mixin.py:188} INFO - [2025-10-30T21:03:32.838-0700] {dag.py:3947} INFO - Setting next_dagrun for example_external_task_marker_child to None, run_after=None
[2025-10-30T21:03:32.845-0700] {logging_mixin.py:188} INFO - [2025-10-30T21:03:32.845-0700] {dag.py:3947} INFO - Setting next_dagrun for example_external_task_marker_parent to None, run_after=None
[2025-10-30T21:03:32.894-0700] {processor.py:183} INFO - Processing /usr/local/lib/python3.10/dist-packages/airflow/example_dags/example_external_task_marker_dag.py took 0.132 seconds
[2025-10-30T21:04:47.462-0700] {processor.py:161} INFO - Started process (PID=943) to work on /usr/local/lib/python3.10/dist-packages/airflow/example_dags/example_external_task_marker_dag.py
[2025-10-30T21:04:47.463-0700] {processor.py:830} INFO - Processing file /usr/local/lib/python3.10/dist-packages/airflow/example_dags/example_external_task_marker_dag.py for tasks to queue
[2025-10-30T21:04:47.464-0700] {logging_mixin.py:188} INFO - [2025-10-30T21:04:47.464-0700] {dagbag.py:545} INFO - Filling up the DagBag from /usr/local/lib/python3.10/dist-packages/airflow/example_dags/example_external_task_marker_dag.py
[2025-10-30T21:04:47.471-0700] {processor.py:840} INFO - DAG(s) 'example_external_task_marker_child', 'example_external_task_marker_parent' retrieved from /usr/local/lib/python3.10/dist-packages/airflow/example_dags/example_external_task_marker_dag.py
[2025-10-30T21:04:47.513-0700] {logging_mixin.py:188} INFO - [2025-10-30T21:04:47.513-0700] {dag.py:3089} INFO - Sync 2 DAGs
[2025-10-30T21:04:47.533-0700] {logging_mixin.py:188} INFO - [2025-10-30T21:04:47.532-0700] {dag.py:3947} INFO - Setting next_dagrun for example_external_task_marker_child to None, run_after=None
[2025-10-30T21:04:47.540-0700] {logging_mixin.py:188} INFO - [2025-10-30T21:04:47.540-0700] {dag.py:3947} INFO - Setting next_dagrun for example_external_task_marker_parent to None, run_after=None
[2025-10-30T21:04:47.634-0700] {processor.py:183} INFO - Processing /usr/local/lib/python3.10/dist-packages/airflow/example_dags/example_external_task_marker_dag.py took 0.179 seconds
[2025-10-30T21:05:53.687-0700] {processor.py:161} INFO - Started process (PID=1013) to work on /usr/local/lib/python3.10/dist-packages/airflow/example_dags/example_external_task_marker_dag.py
[2025-10-30T21:05:53.689-0700] {processor.py:830} INFO - Processing file /usr/local/lib/python3.10/dist-packages/airflow/example_dags/example_external_task_marker_dag.py for tasks to queue
[2025-10-30T21:05:53.691-0700] {logging_mixin.py:188} INFO - [2025-10-30T21:05:53.691-0700] {dagbag.py:545} INFO - Filling up the DagBag from /usr/local/lib/python3.10/dist-packages/airflow/example_dags/example_external_task_marker_dag.py
[2025-10-30T21:05:53.697-0700] {processor.py:840} INFO - DAG(s) 'example_external_task_marker_parent', 'example_external_task_marker_child' retrieved from /usr/local/lib/python3.10/dist-packages/airflow/example_dags/example_external_task_marker_dag.py
[2025-10-30T21:05:53.746-0700] {logging_mixin.py:188} INFO - [2025-10-30T21:05:53.746-0700] {dag.py:3089} INFO - Sync 2 DAGs
[2025-10-30T21:05:53.764-0700] {logging_mixin.py:188} INFO - [2025-10-30T21:05:53.764-0700] {dag.py:3947} INFO - Setting next_dagrun for example_external_task_marker_child to None, run_after=None
[2025-10-30T21:05:53.770-0700] {logging_mixin.py:188} INFO - [2025-10-30T21:05:53.770-0700] {dag.py:3947} INFO - Setting next_dagrun for example_external_task_marker_parent to None, run_after=None
[2025-10-30T21:05:53.832-0700] {processor.py:183} INFO - Processing /usr/local/lib/python3.10/dist-packages/airflow/example_dags/example_external_task_marker_dag.py took 0.150 seconds
[2025-10-30T21:08:38.298-0700] {processor.py:161} INFO - Started process (PID=1116) to work on /usr/local/lib/python3.10/dist-packages/airflow/example_dags/example_external_task_marker_dag.py
[2025-10-30T21:08:38.300-0700] {processor.py:830} INFO - Processing file /usr/local/lib/python3.10/dist-packages/airflow/example_dags/example_external_task_marker_dag.py for tasks to queue
[2025-10-30T21:08:38.302-0700] {logging_mixin.py:188} INFO - [2025-10-30T21:08:38.302-0700] {dagbag.py:545} INFO - Filling up the DagBag from /usr/local/lib/python3.10/dist-packages/airflow/example_dags/example_external_task_marker_dag.py
[2025-10-30T21:08:38.310-0700] {processor.py:840} INFO - DAG(s) 'example_external_task_marker_parent', 'example_external_task_marker_child' retrieved from /usr/local/lib/python3.10/dist-packages/airflow/example_dags/example_external_task_marker_dag.py
[2025-10-30T21:08:38.350-0700] {logging_mixin.py:188} INFO - [2025-10-30T21:08:38.350-0700] {dag.py:3089} INFO - Sync 2 DAGs
[2025-10-30T21:08:38.368-0700] {logging_mixin.py:188} INFO - [2025-10-30T21:08:38.367-0700] {dag.py:3947} INFO - Setting next_dagrun for example_external_task_marker_child to None, run_after=None
[2025-10-30T21:08:38.373-0700] {logging_mixin.py:188} INFO - [2025-10-30T21:08:38.373-0700] {dag.py:3947} INFO - Setting next_dagrun for example_external_task_marker_parent to None, run_after=None
[2025-10-30T21:08:38.458-0700] {processor.py:183} INFO - Processing /usr/local/lib/python3.10/dist-packages/airflow/example_dags/example_external_task_marker_dag.py took 0.168 seconds
[2025-10-30T21:09:49.786-0700] {processor.py:161} INFO - Started process (PID=1188) to work on /usr/local/lib/python3.10/dist-packages/airflow/example_dags/example_external_task_marker_dag.py
[2025-10-30T21:09:49.788-0700] {processor.py:830} INFO - Processing file /usr/local/lib/python3.10/dist-packages/airflow/example_dags/example_external_task_marker_dag.py for tasks to queue
[2025-10-30T21:09:49.792-0700] {logging_mixin.py:188} INFO - [2025-10-30T21:09:49.791-0700] {dagbag.py:545} INFO - Filling up the DagBag from /usr/local/lib/python3.10/dist-packages/airflow/example_dags/example_external_task_marker_dag.py
[2025-10-30T21:09:49.801-0700] {processor.py:840} INFO - DAG(s) 'example_external_task_marker_parent', 'example_external_task_marker_child' retrieved from /usr/local/lib/python3.10/dist-packages/airflow/example_dags/example_external_task_marker_dag.py
[2025-10-30T21:09:49.849-0700] {logging_mixin.py:188} INFO - [2025-10-30T21:09:49.849-0700] {dag.py:3089} INFO - Sync 2 DAGs
[2025-10-30T21:09:49.873-0700] {logging_mixin.py:188} INFO - [2025-10-30T21:09:49.873-0700] {dag.py:3947} INFO - Setting next_dagrun for example_external_task_marker_child to None, run_after=None
[2025-10-30T21:09:49.882-0700] {logging_mixin.py:188} INFO - [2025-10-30T21:09:49.882-0700] {dag.py:3947} INFO - Setting next_dagrun for example_external_task_marker_parent to None, run_after=None
[2025-10-30T21:09:49.983-0700] {processor.py:183} INFO - Processing /usr/local/lib/python3.10/dist-packages/airflow/example_dags/example_external_task_marker_dag.py took 0.209 seconds
[2025-10-30T21:11:09.969-0700] {processor.py:161} INFO - Started process (PID=1263) to work on /usr/local/lib/python3.10/dist-packages/airflow/example_dags/example_external_task_marker_dag.py
[2025-10-30T21:11:09.971-0700] {processor.py:830} INFO - Processing file /usr/local/lib/python3.10/dist-packages/airflow/example_dags/example_external_task_marker_dag.py for tasks to queue
[2025-10-30T21:11:09.973-0700] {logging_mixin.py:188} INFO - [2025-10-30T21:11:09.973-0700] {dagbag.py:545} INFO - Filling up the DagBag from /usr/local/lib/python3.10/dist-packages/airflow/example_dags/example_external_task_marker_dag.py
[2025-10-30T21:11:09.980-0700] {processor.py:840} INFO - DAG(s) 'example_external_task_marker_child', 'example_external_task_marker_parent' retrieved from /usr/local/lib/python3.10/dist-packages/airflow/example_dags/example_external_task_marker_dag.py
[2025-10-30T21:11:10.041-0700] {logging_mixin.py:188} INFO - [2025-10-30T21:11:10.041-0700] {dag.py:3089} INFO - Sync 2 DAGs
[2025-10-30T21:11:10.063-0700] {logging_mixin.py:188} INFO - [2025-10-30T21:11:10.063-0700] {dag.py:3947} INFO - Setting next_dagrun for example_external_task_marker_child to None, run_after=None
[2025-10-30T21:11:10.072-0700] {logging_mixin.py:188} INFO - [2025-10-30T21:11:10.072-0700] {dag.py:3947} INFO - Setting next_dagrun for example_external_task_marker_parent to None, run_after=None
[2025-10-30T21:11:10.183-0700] {processor.py:183} INFO - Processing /usr/local/lib/python3.10/dist-packages/airflow/example_dags/example_external_task_marker_dag.py took 0.222 seconds
[2025-10-30T21:12:32.743-0700] {processor.py:161} INFO - Started process (PID=1347) to work on /usr/local/lib/python3.10/dist-packages/airflow/example_dags/example_external_task_marker_dag.py
[2025-10-30T21:12:32.745-0700] {processor.py:830} INFO - Processing file /usr/local/lib/python3.10/dist-packages/airflow/example_dags/example_external_task_marker_dag.py for tasks to queue
[2025-10-30T21:12:32.748-0700] {logging_mixin.py:188} INFO - [2025-10-30T21:12:32.747-0700] {dagbag.py:545} INFO - Filling up the DagBag from /usr/local/lib/python3.10/dist-packages/airflow/example_dags/example_external_task_marker_dag.py
[2025-10-30T21:12:32.758-0700] {processor.py:840} INFO - DAG(s) 'example_external_task_marker_parent', 'example_external_task_marker_child' retrieved from /usr/local/lib/python3.10/dist-packages/airflow/example_dags/example_external_task_marker_dag.py
[2025-10-30T21:12:32.810-0700] {logging_mixin.py:188} INFO - [2025-10-30T21:12:32.810-0700] {dag.py:3089} INFO - Sync 2 DAGs
[2025-10-30T21:12:32.828-0700] {logging_mixin.py:188} INFO - [2025-10-30T21:12:32.828-0700] {dag.py:3947} INFO - Setting next_dagrun for example_external_task_marker_child to None, run_after=None
[2025-10-30T21:12:32.836-0700] {logging_mixin.py:188} INFO - [2025-10-30T21:12:32.835-0700] {dag.py:3947} INFO - Setting next_dagrun for example_external_task_marker_parent to None, run_after=None
[2025-10-30T21:12:32.929-0700] {processor.py:183} INFO - Processing /usr/local/lib/python3.10/dist-packages/airflow/example_dags/example_external_task_marker_dag.py took 0.195 seconds
[2025-10-30T21:13:55.659-0700] {processor.py:161} INFO - Started process (PID=1425) to work on /usr/local/lib/python3.10/dist-packages/airflow/example_dags/example_external_task_marker_dag.py
[2025-10-30T21:13:55.661-0700] {processor.py:830} INFO - Processing file /usr/local/lib/python3.10/dist-packages/airflow/example_dags/example_external_task_marker_dag.py for tasks to queue
[2025-10-30T21:13:55.674-0700] {logging_mixin.py:188} INFO - [2025-10-30T21:13:55.674-0700] {dagbag.py:545} INFO - Filling up the DagBag from /usr/local/lib/python3.10/dist-packages/airflow/example_dags/example_external_task_marker_dag.py
[2025-10-30T21:13:55.707-0700] {processor.py:840} INFO - DAG(s) 'example_external_task_marker_child', 'example_external_task_marker_parent' retrieved from /usr/local/lib/python3.10/dist-packages/airflow/example_dags/example_external_task_marker_dag.py
[2025-10-30T21:13:55.837-0700] {logging_mixin.py:188} INFO - [2025-10-30T21:13:55.836-0700] {dag.py:3089} INFO - Sync 2 DAGs
[2025-10-30T21:13:55.915-0700] {logging_mixin.py:188} INFO - [2025-10-30T21:13:55.914-0700] {dag.py:3947} INFO - Setting next_dagrun for example_external_task_marker_child to None, run_after=None
[2025-10-30T21:13:55.933-0700] {logging_mixin.py:188} INFO - [2025-10-30T21:13:55.932-0700] {dag.py:3947} INFO - Setting next_dagrun for example_external_task_marker_parent to None, run_after=None
[2025-10-30T21:13:56.135-0700] {processor.py:183} INFO - Processing /usr/local/lib/python3.10/dist-packages/airflow/example_dags/example_external_task_marker_dag.py took 0.502 seconds
[2025-10-30T21:16:00.121-0700] {processor.py:161} INFO - Started process (PID=1514) to work on /usr/local/lib/python3.10/dist-packages/airflow/example_dags/example_external_task_marker_dag.py
[2025-10-30T21:16:00.124-0700] {processor.py:830} INFO - Processing file /usr/local/lib/python3.10/dist-packages/airflow/example_dags/example_external_task_marker_dag.py for tasks to queue
[2025-10-30T21:16:00.128-0700] {logging_mixin.py:188} INFO - [2025-10-30T21:16:00.127-0700] {dagbag.py:545} INFO - Filling up the DagBag from /usr/local/lib/python3.10/dist-packages/airflow/example_dags/example_external_task_marker_dag.py
[2025-10-30T21:16:00.135-0700] {processor.py:840} INFO - DAG(s) 'example_external_task_marker_parent', 'example_external_task_marker_child' retrieved from /usr/local/lib/python3.10/dist-packages/airflow/example_dags/example_external_task_marker_dag.py
[2025-10-30T21:16:00.187-0700] {logging_mixin.py:188} INFO - [2025-10-30T21:16:00.187-0700] {dag.py:3089} INFO - Sync 2 DAGs
[2025-10-30T21:16:00.210-0700] {logging_mixin.py:188} INFO - [2025-10-30T21:16:00.209-0700] {dag.py:3947} INFO - Setting next_dagrun for example_external_task_marker_child to None, run_after=None
[2025-10-30T21:16:00.220-0700] {logging_mixin.py:188} INFO - [2025-10-30T21:16:00.219-0700] {dag.py:3947} INFO - Setting next_dagrun for example_external_task_marker_parent to None, run_after=None
[2025-10-30T21:16:00.326-0700] {processor.py:183} INFO - Processing /usr/local/lib/python3.10/dist-packages/airflow/example_dags/example_external_task_marker_dag.py took 0.211 seconds
[2025-10-30T21:17:22.580-0700] {processor.py:161} INFO - Started process (PID=1591) to work on /usr/local/lib/python3.10/dist-packages/airflow/example_dags/example_external_task_marker_dag.py
[2025-10-30T21:17:22.581-0700] {processor.py:830} INFO - Processing file /usr/local/lib/python3.10/dist-packages/airflow/example_dags/example_external_task_marker_dag.py for tasks to queue
[2025-10-30T21:17:22.584-0700] {logging_mixin.py:188} INFO - [2025-10-30T21:17:22.583-0700] {dagbag.py:545} INFO - Filling up the DagBag from /usr/local/lib/python3.10/dist-packages/airflow/example_dags/example_external_task_marker_dag.py
[2025-10-30T21:17:22.591-0700] {processor.py:840} INFO - DAG(s) 'example_external_task_marker_parent', 'example_external_task_marker_child' retrieved from /usr/local/lib/python3.10/dist-packages/airflow/example_dags/example_external_task_marker_dag.py
[2025-10-30T21:17:22.643-0700] {logging_mixin.py:188} INFO - [2025-10-30T21:17:22.642-0700] {dag.py:3089} INFO - Sync 2 DAGs
[2025-10-30T21:17:22.669-0700] {logging_mixin.py:188} INFO - [2025-10-30T21:17:22.668-0700] {dag.py:3947} INFO - Setting next_dagrun for example_external_task_marker_child to None, run_after=None
[2025-10-30T21:17:22.679-0700] {logging_mixin.py:188} INFO - [2025-10-30T21:17:22.678-0700] {dag.py:3947} INFO - Setting next_dagrun for example_external_task_marker_parent to None, run_after=None
[2025-10-30T21:17:22.801-0700] {processor.py:183} INFO - Processing /usr/local/lib/python3.10/dist-packages/airflow/example_dags/example_external_task_marker_dag.py took 0.229 seconds
[2025-10-30T21:18:48.016-0700] {processor.py:161} INFO - Started process (PID=1666) to work on /usr/local/lib/python3.10/dist-packages/airflow/example_dags/example_external_task_marker_dag.py
[2025-10-30T21:18:48.018-0700] {processor.py:830} INFO - Processing file /usr/local/lib/python3.10/dist-packages/airflow/example_dags/example_external_task_marker_dag.py for tasks to queue
[2025-10-30T21:18:48.021-0700] {logging_mixin.py:188} INFO - [2025-10-30T21:18:48.020-0700] {dagbag.py:545} INFO - Filling up the DagBag from /usr/local/lib/python3.10/dist-packages/airflow/example_dags/example_external_task_marker_dag.py
[2025-10-30T21:18:48.028-0700] {processor.py:840} INFO - DAG(s) 'example_external_task_marker_child', 'example_external_task_marker_parent' retrieved from /usr/local/lib/python3.10/dist-packages/airflow/example_dags/example_external_task_marker_dag.py
[2025-10-30T21:18:48.073-0700] {logging_mixin.py:188} INFO - [2025-10-30T21:18:48.073-0700] {dag.py:3089} INFO - Sync 2 DAGs
[2025-10-30T21:18:48.097-0700] {logging_mixin.py:188} INFO - [2025-10-30T21:18:48.096-0700] {dag.py:3947} INFO - Setting next_dagrun for example_external_task_marker_child to None, run_after=None
[2025-10-30T21:18:48.105-0700] {logging_mixin.py:188} INFO - [2025-10-30T21:18:48.105-0700] {dag.py:3947} INFO - Setting next_dagrun for example_external_task_marker_parent to None, run_after=None
[2025-10-30T21:18:48.219-0700] {processor.py:183} INFO - Processing /usr/local/lib/python3.10/dist-packages/airflow/example_dags/example_external_task_marker_dag.py took 0.209 seconds
[2025-10-30T21:20:11.168-0700] {processor.py:161} INFO - Started process (PID=1743) to work on /usr/local/lib/python3.10/dist-packages/airflow/example_dags/example_external_task_marker_dag.py
[2025-10-30T21:20:11.172-0700] {processor.py:830} INFO - Processing file /usr/local/lib/python3.10/dist-packages/airflow/example_dags/example_external_task_marker_dag.py for tasks to queue
[2025-10-30T21:20:11.175-0700] {logging_mixin.py:188} INFO - [2025-10-30T21:20:11.174-0700] {dagbag.py:545} INFO - Filling up the DagBag from /usr/local/lib/python3.10/dist-packages/airflow/example_dags/example_external_task_marker_dag.py
[2025-10-30T21:20:11.183-0700] {processor.py:840} INFO - DAG(s) 'example_external_task_marker_parent', 'example_external_task_marker_child' retrieved from /usr/local/lib/python3.10/dist-packages/airflow/example_dags/example_external_task_marker_dag.py
[2025-10-30T21:20:11.231-0700] {logging_mixin.py:188} INFO - [2025-10-30T21:20:11.231-0700] {dag.py:3089} INFO - Sync 2 DAGs
[2025-10-30T21:20:11.254-0700] {logging_mixin.py:188} INFO - [2025-10-30T21:20:11.254-0700] {dag.py:3947} INFO - Setting next_dagrun for example_external_task_marker_child to None, run_after=None
[2025-10-30T21:20:11.262-0700] {logging_mixin.py:188} INFO - [2025-10-30T21:20:11.262-0700] {dag.py:3947} INFO - Setting next_dagrun for example_external_task_marker_parent to None, run_after=None
[2025-10-30T21:20:11.383-0700] {processor.py:183} INFO - Processing /usr/local/lib/python3.10/dist-packages/airflow/example_dags/example_external_task_marker_dag.py took 0.223 seconds
[2025-10-30T21:21:31.293-0700] {processor.py:161} INFO - Started process (PID=1818) to work on /usr/local/lib/python3.10/dist-packages/airflow/example_dags/example_external_task_marker_dag.py
[2025-10-30T21:21:31.296-0700] {processor.py:830} INFO - Processing file /usr/local/lib/python3.10/dist-packages/airflow/example_dags/example_external_task_marker_dag.py for tasks to queue
[2025-10-30T21:21:31.302-0700] {logging_mixin.py:188} INFO - [2025-10-30T21:21:31.301-0700] {dagbag.py:545} INFO - Filling up the DagBag from /usr/local/lib/python3.10/dist-packages/airflow/example_dags/example_external_task_marker_dag.py
[2025-10-30T21:21:31.313-0700] {processor.py:840} INFO - DAG(s) 'example_external_task_marker_child', 'example_external_task_marker_parent' retrieved from /usr/local/lib/python3.10/dist-packages/airflow/example_dags/example_external_task_marker_dag.py
[2025-10-30T21:21:31.365-0700] {logging_mixin.py:188} INFO - [2025-10-30T21:21:31.364-0700] {dag.py:3089} INFO - Sync 2 DAGs
[2025-10-30T21:21:31.379-0700] {logging_mixin.py:188} INFO - [2025-10-30T21:21:31.379-0700] {dag.py:3947} INFO - Setting next_dagrun for example_external_task_marker_child to None, run_after=None
[2025-10-30T21:21:31.384-0700] {logging_mixin.py:188} INFO - [2025-10-30T21:21:31.384-0700] {dag.py:3947} INFO - Setting next_dagrun for example_external_task_marker_parent to None, run_after=None
[2025-10-30T21:21:31.475-0700] {processor.py:183} INFO - Processing /usr/local/lib/python3.10/dist-packages/airflow/example_dags/example_external_task_marker_dag.py took 0.191 seconds
[2025-10-30T21:22:52.375-0700] {processor.py:161} INFO - Started process (PID=1901) to work on /usr/local/lib/python3.10/dist-packages/airflow/example_dags/example_external_task_marker_dag.py
[2025-10-30T21:22:52.377-0700] {processor.py:830} INFO - Processing file /usr/local/lib/python3.10/dist-packages/airflow/example_dags/example_external_task_marker_dag.py for tasks to queue
[2025-10-30T21:22:52.380-0700] {logging_mixin.py:188} INFO - [2025-10-30T21:22:52.380-0700] {dagbag.py:545} INFO - Filling up the DagBag from /usr/local/lib/python3.10/dist-packages/airflow/example_dags/example_external_task_marker_dag.py
[2025-10-30T21:22:52.390-0700] {processor.py:840} INFO - DAG(s) 'example_external_task_marker_parent', 'example_external_task_marker_child' retrieved from /usr/local/lib/python3.10/dist-packages/airflow/example_dags/example_external_task_marker_dag.py
[2025-10-30T21:22:52.437-0700] {logging_mixin.py:188} INFO - [2025-10-30T21:22:52.436-0700] {dag.py:3089} INFO - Sync 2 DAGs
[2025-10-30T21:22:52.456-0700] {logging_mixin.py:188} INFO - [2025-10-30T21:22:52.456-0700] {dag.py:3947} INFO - Setting next_dagrun for example_external_task_marker_child to None, run_after=None
[2025-10-30T21:22:52.465-0700] {logging_mixin.py:188} INFO - [2025-10-30T21:22:52.465-0700] {dag.py:3947} INFO - Setting next_dagrun for example_external_task_marker_parent to None, run_after=None
[2025-10-30T21:22:52.638-0700] {processor.py:183} INFO - Processing /usr/local/lib/python3.10/dist-packages/airflow/example_dags/example_external_task_marker_dag.py took 0.273 seconds
[2025-10-30T21:24:14.565-0700] {processor.py:161} INFO - Started process (PID=1986) to work on /usr/local/lib/python3.10/dist-packages/airflow/example_dags/example_external_task_marker_dag.py
[2025-10-30T21:24:14.567-0700] {processor.py:830} INFO - Processing file /usr/local/lib/python3.10/dist-packages/airflow/example_dags/example_external_task_marker_dag.py for tasks to queue
[2025-10-30T21:24:14.569-0700] {logging_mixin.py:188} INFO - [2025-10-30T21:24:14.569-0700] {dagbag.py:545} INFO - Filling up the DagBag from /usr/local/lib/python3.10/dist-packages/airflow/example_dags/example_external_task_marker_dag.py
[2025-10-30T21:24:14.579-0700] {processor.py:840} INFO - DAG(s) 'example_external_task_marker_child', 'example_external_task_marker_parent' retrieved from /usr/local/lib/python3.10/dist-packages/airflow/example_dags/example_external_task_marker_dag.py
[2025-10-30T21:24:14.623-0700] {logging_mixin.py:188} INFO - [2025-10-30T21:24:14.623-0700] {dag.py:3089} INFO - Sync 2 DAGs
[2025-10-30T21:24:14.646-0700] {logging_mixin.py:188} INFO - [2025-10-30T21:24:14.646-0700] {dag.py:3947} INFO - Setting next_dagrun for example_external_task_marker_child to None, run_after=None
[2025-10-30T21:24:14.654-0700] {logging_mixin.py:188} INFO - [2025-10-30T21:24:14.653-0700] {dag.py:3947} INFO - Setting next_dagrun for example_external_task_marker_parent to None, run_after=None
[2025-10-30T21:24:14.745-0700] {processor.py:183} INFO - Processing /usr/local/lib/python3.10/dist-packages/airflow/example_dags/example_external_task_marker_dag.py took 0.187 seconds
[2025-10-30T21:25:35.765-0700] {processor.py:161} INFO - Started process (PID=2060) to work on /usr/local/lib/python3.10/dist-packages/airflow/example_dags/example_external_task_marker_dag.py
[2025-10-30T21:25:35.767-0700] {processor.py:830} INFO - Processing file /usr/local/lib/python3.10/dist-packages/airflow/example_dags/example_external_task_marker_dag.py for tasks to queue
[2025-10-30T21:25:35.770-0700] {logging_mixin.py:188} INFO - [2025-10-30T21:25:35.769-0700] {dagbag.py:545} INFO - Filling up the DagBag from /usr/local/lib/python3.10/dist-packages/airflow/example_dags/example_external_task_marker_dag.py
[2025-10-30T21:25:35.777-0700] {processor.py:840} INFO - DAG(s) 'example_external_task_marker_parent', 'example_external_task_marker_child' retrieved from /usr/local/lib/python3.10/dist-packages/airflow/example_dags/example_external_task_marker_dag.py
[2025-10-30T21:25:35.830-0700] {logging_mixin.py:188} INFO - [2025-10-30T21:25:35.830-0700] {dag.py:3089} INFO - Sync 2 DAGs
[2025-10-30T21:25:35.857-0700] {logging_mixin.py:188} INFO - [2025-10-30T21:25:35.856-0700] {dag.py:3947} INFO - Setting next_dagrun for example_external_task_marker_child to None, run_after=None
[2025-10-30T21:25:35.867-0700] {logging_mixin.py:188} INFO - [2025-10-30T21:25:35.866-0700] {dag.py:3947} INFO - Setting next_dagrun for example_external_task_marker_parent to None, run_after=None
[2025-10-30T21:25:35.996-0700] {processor.py:183} INFO - Processing /usr/local/lib/python3.10/dist-packages/airflow/example_dags/example_external_task_marker_dag.py took 0.238 seconds
[2025-10-30T21:27:00.037-0700] {processor.py:161} INFO - Started process (PID=2137) to work on /usr/local/lib/python3.10/dist-packages/airflow/example_dags/example_external_task_marker_dag.py
[2025-10-30T21:27:00.039-0700] {processor.py:830} INFO - Processing file /usr/local/lib/python3.10/dist-packages/airflow/example_dags/example_external_task_marker_dag.py for tasks to queue
[2025-10-30T21:27:00.041-0700] {logging_mixin.py:188} INFO - [2025-10-30T21:27:00.040-0700] {dagbag.py:545} INFO - Filling up the DagBag from /usr/local/lib/python3.10/dist-packages/airflow/example_dags/example_external_task_marker_dag.py
[2025-10-30T21:27:00.049-0700] {processor.py:840} INFO - DAG(s) 'example_external_task_marker_child', 'example_external_task_marker_parent' retrieved from /usr/local/lib/python3.10/dist-packages/airflow/example_dags/example_external_task_marker_dag.py
[2025-10-30T21:27:00.096-0700] {logging_mixin.py:188} INFO - [2025-10-30T21:27:00.096-0700] {dag.py:3089} INFO - Sync 2 DAGs
[2025-10-30T21:27:00.118-0700] {logging_mixin.py:188} INFO - [2025-10-30T21:27:00.117-0700] {dag.py:3947} INFO - Setting next_dagrun for example_external_task_marker_child to None, run_after=None
[2025-10-30T21:27:00.125-0700] {logging_mixin.py:188} INFO - [2025-10-30T21:27:00.125-0700] {dag.py:3947} INFO - Setting next_dagrun for example_external_task_marker_parent to None, run_after=None
[2025-10-30T21:27:00.232-0700] {processor.py:183} INFO - Processing /usr/local/lib/python3.10/dist-packages/airflow/example_dags/example_external_task_marker_dag.py took 0.202 seconds
[2025-10-30T21:28:23.204-0700] {processor.py:161} INFO - Started process (PID=2213) to work on /usr/local/lib/python3.10/dist-packages/airflow/example_dags/example_external_task_marker_dag.py
[2025-10-30T21:28:23.206-0700] {processor.py:830} INFO - Processing file /usr/local/lib/python3.10/dist-packages/airflow/example_dags/example_external_task_marker_dag.py for tasks to queue
[2025-10-30T21:28:23.209-0700] {logging_mixin.py:188} INFO - [2025-10-30T21:28:23.208-0700] {dagbag.py:545} INFO - Filling up the DagBag from /usr/local/lib/python3.10/dist-packages/airflow/example_dags/example_external_task_marker_dag.py
[2025-10-30T21:28:23.217-0700] {processor.py:840} INFO - DAG(s) 'example_external_task_marker_parent', 'example_external_task_marker_child' retrieved from /usr/local/lib/python3.10/dist-packages/airflow/example_dags/example_external_task_marker_dag.py
[2025-10-30T21:28:23.277-0700] {logging_mixin.py:188} INFO - [2025-10-30T21:28:23.277-0700] {dag.py:3089} INFO - Sync 2 DAGs
[2025-10-30T21:28:23.303-0700] {logging_mixin.py:188} INFO - [2025-10-30T21:28:23.303-0700] {dag.py:3947} INFO - Setting next_dagrun for example_external_task_marker_child to None, run_after=None
[2025-10-30T21:28:23.316-0700] {logging_mixin.py:188} INFO - [2025-10-30T21:28:23.316-0700] {dag.py:3947} INFO - Setting next_dagrun for example_external_task_marker_parent to None, run_after=None
[2025-10-30T21:28:23.499-0700] {processor.py:183} INFO - Processing /usr/local/lib/python3.10/dist-packages/airflow/example_dags/example_external_task_marker_dag.py took 0.302 seconds
[2025-10-30T21:29:48.495-0700] {processor.py:161} INFO - Started process (PID=2288) to work on /usr/local/lib/python3.10/dist-packages/airflow/example_dags/example_external_task_marker_dag.py
[2025-10-30T21:29:48.497-0700] {processor.py:830} INFO - Processing file /usr/local/lib/python3.10/dist-packages/airflow/example_dags/example_external_task_marker_dag.py for tasks to queue
[2025-10-30T21:29:48.499-0700] {logging_mixin.py:188} INFO - [2025-10-30T21:29:48.499-0700] {dagbag.py:545} INFO - Filling up the DagBag from /usr/local/lib/python3.10/dist-packages/airflow/example_dags/example_external_task_marker_dag.py
[2025-10-30T21:29:48.507-0700] {processor.py:840} INFO - DAG(s) 'example_external_task_marker_parent', 'example_external_task_marker_child' retrieved from /usr/local/lib/python3.10/dist-packages/airflow/example_dags/example_external_task_marker_dag.py
[2025-10-30T21:29:48.567-0700] {logging_mixin.py:188} INFO - [2025-10-30T21:29:48.566-0700] {dag.py:3089} INFO - Sync 2 DAGs
[2025-10-30T21:29:48.599-0700] {logging_mixin.py:188} INFO - [2025-10-30T21:29:48.598-0700] {dag.py:3947} INFO - Setting next_dagrun for example_external_task_marker_child to None, run_after=None
[2025-10-30T21:29:48.610-0700] {logging_mixin.py:188} INFO - [2025-10-30T21:29:48.609-0700] {dag.py:3947} INFO - Setting next_dagrun for example_external_task_marker_parent to None, run_after=None
[2025-10-30T21:29:48.760-0700] {processor.py:183} INFO - Processing /usr/local/lib/python3.10/dist-packages/airflow/example_dags/example_external_task_marker_dag.py took 0.272 seconds
[2025-10-30T21:31:08.268-0700] {processor.py:161} INFO - Started process (PID=2362) to work on /usr/local/lib/python3.10/dist-packages/airflow/example_dags/example_external_task_marker_dag.py
[2025-10-30T21:31:08.270-0700] {processor.py:830} INFO - Processing file /usr/local/lib/python3.10/dist-packages/airflow/example_dags/example_external_task_marker_dag.py for tasks to queue
[2025-10-30T21:31:08.273-0700] {logging_mixin.py:188} INFO - [2025-10-30T21:31:08.272-0700] {dagbag.py:545} INFO - Filling up the DagBag from /usr/local/lib/python3.10/dist-packages/airflow/example_dags/example_external_task_marker_dag.py
[2025-10-30T21:31:08.280-0700] {processor.py:840} INFO - DAG(s) 'example_external_task_marker_parent', 'example_external_task_marker_child' retrieved from /usr/local/lib/python3.10/dist-packages/airflow/example_dags/example_external_task_marker_dag.py
[2025-10-30T21:31:08.319-0700] {logging_mixin.py:188} INFO - [2025-10-30T21:31:08.318-0700] {dag.py:3089} INFO - Sync 2 DAGs
[2025-10-30T21:31:08.336-0700] {logging_mixin.py:188} INFO - [2025-10-30T21:31:08.336-0700] {dag.py:3947} INFO - Setting next_dagrun for example_external_task_marker_child to None, run_after=None
[2025-10-30T21:31:08.343-0700] {logging_mixin.py:188} INFO - [2025-10-30T21:31:08.343-0700] {dag.py:3947} INFO - Setting next_dagrun for example_external_task_marker_parent to None, run_after=None
[2025-10-30T21:31:08.420-0700] {processor.py:183} INFO - Processing /usr/local/lib/python3.10/dist-packages/airflow/example_dags/example_external_task_marker_dag.py took 0.159 seconds
[2025-10-30T21:32:28.432-0700] {processor.py:161} INFO - Started process (PID=2438) to work on /usr/local/lib/python3.10/dist-packages/airflow/example_dags/example_external_task_marker_dag.py
[2025-10-30T21:32:28.434-0700] {processor.py:830} INFO - Processing file /usr/local/lib/python3.10/dist-packages/airflow/example_dags/example_external_task_marker_dag.py for tasks to queue
[2025-10-30T21:32:28.436-0700] {logging_mixin.py:188} INFO - [2025-10-30T21:32:28.436-0700] {dagbag.py:545} INFO - Filling up the DagBag from /usr/local/lib/python3.10/dist-packages/airflow/example_dags/example_external_task_marker_dag.py
[2025-10-30T21:32:28.443-0700] {processor.py:840} INFO - DAG(s) 'example_external_task_marker_parent', 'example_external_task_marker_child' retrieved from /usr/local/lib/python3.10/dist-packages/airflow/example_dags/example_external_task_marker_dag.py
[2025-10-30T21:32:28.483-0700] {logging_mixin.py:188} INFO - [2025-10-30T21:32:28.483-0700] {dag.py:3089} INFO - Sync 2 DAGs
[2025-10-30T21:32:28.503-0700] {logging_mixin.py:188} INFO - [2025-10-30T21:32:28.502-0700] {dag.py:3947} INFO - Setting next_dagrun for example_external_task_marker_child to None, run_after=None
[2025-10-30T21:32:28.509-0700] {logging_mixin.py:188} INFO - [2025-10-30T21:32:28.509-0700] {dag.py:3947} INFO - Setting next_dagrun for example_external_task_marker_parent to None, run_after=None
[2025-10-30T21:32:28.595-0700] {processor.py:183} INFO - Processing /usr/local/lib/python3.10/dist-packages/airflow/example_dags/example_external_task_marker_dag.py took 0.171 seconds
[2025-10-30T21:35:41.118-0700] {processor.py:161} INFO - Started process (PID=2601) to work on /usr/local/lib/python3.10/dist-packages/airflow/example_dags/example_external_task_marker_dag.py
[2025-10-30T21:35:41.123-0700] {processor.py:830} INFO - Processing file /usr/local/lib/python3.10/dist-packages/airflow/example_dags/example_external_task_marker_dag.py for tasks to queue
[2025-10-30T21:35:41.134-0700] {logging_mixin.py:188} INFO - [2025-10-30T21:35:41.133-0700] {dagbag.py:545} INFO - Filling up the DagBag from /usr/local/lib/python3.10/dist-packages/airflow/example_dags/example_external_task_marker_dag.py
[2025-10-30T21:35:41.148-0700] {processor.py:840} INFO - DAG(s) 'example_external_task_marker_parent', 'example_external_task_marker_child' retrieved from /usr/local/lib/python3.10/dist-packages/airflow/example_dags/example_external_task_marker_dag.py
[2025-10-30T21:35:41.206-0700] {logging_mixin.py:188} INFO - [2025-10-30T21:35:41.205-0700] {dag.py:3089} INFO - Sync 2 DAGs
[2025-10-30T21:35:41.222-0700] {logging_mixin.py:188} INFO - [2025-10-30T21:35:41.222-0700] {dag.py:3947} INFO - Setting next_dagrun for example_external_task_marker_child to None, run_after=None
[2025-10-30T21:35:41.229-0700] {logging_mixin.py:188} INFO - [2025-10-30T21:35:41.229-0700] {dag.py:3947} INFO - Setting next_dagrun for example_external_task_marker_parent to None, run_after=None
[2025-10-30T21:35:41.331-0700] {processor.py:183} INFO - Processing /usr/local/lib/python3.10/dist-packages/airflow/example_dags/example_external_task_marker_dag.py took 0.234 seconds
[2025-10-30T21:37:26.481-0700] {processor.py:161} INFO - Started process (PID=2686) to work on /usr/local/lib/python3.10/dist-packages/airflow/example_dags/example_external_task_marker_dag.py
[2025-10-30T21:37:26.485-0700] {processor.py:830} INFO - Processing file /usr/local/lib/python3.10/dist-packages/airflow/example_dags/example_external_task_marker_dag.py for tasks to queue
[2025-10-30T21:37:26.489-0700] {logging_mixin.py:188} INFO - [2025-10-30T21:37:26.488-0700] {dagbag.py:545} INFO - Filling up the DagBag from /usr/local/lib/python3.10/dist-packages/airflow/example_dags/example_external_task_marker_dag.py
[2025-10-30T21:37:26.502-0700] {processor.py:840} INFO - DAG(s) 'example_external_task_marker_child', 'example_external_task_marker_parent' retrieved from /usr/local/lib/python3.10/dist-packages/airflow/example_dags/example_external_task_marker_dag.py
[2025-10-30T21:37:26.576-0700] {logging_mixin.py:188} INFO - [2025-10-30T21:37:26.576-0700] {dag.py:3089} INFO - Sync 2 DAGs
[2025-10-30T21:37:26.605-0700] {logging_mixin.py:188} INFO - [2025-10-30T21:37:26.604-0700] {dag.py:3947} INFO - Setting next_dagrun for example_external_task_marker_child to None, run_after=None
[2025-10-30T21:37:26.613-0700] {logging_mixin.py:188} INFO - [2025-10-30T21:37:26.613-0700] {dag.py:3947} INFO - Setting next_dagrun for example_external_task_marker_parent to None, run_after=None
[2025-10-30T21:37:26.793-0700] {processor.py:183} INFO - Processing /usr/local/lib/python3.10/dist-packages/airflow/example_dags/example_external_task_marker_dag.py took 0.325 seconds
[2025-10-30T21:39:02.742-0700] {processor.py:161} INFO - Started process (PID=2790) to work on /usr/local/lib/python3.10/dist-packages/airflow/example_dags/example_external_task_marker_dag.py
[2025-10-30T21:39:02.743-0700] {processor.py:830} INFO - Processing file /usr/local/lib/python3.10/dist-packages/airflow/example_dags/example_external_task_marker_dag.py for tasks to queue
[2025-10-30T21:39:02.746-0700] {logging_mixin.py:188} INFO - [2025-10-30T21:39:02.745-0700] {dagbag.py:545} INFO - Filling up the DagBag from /usr/local/lib/python3.10/dist-packages/airflow/example_dags/example_external_task_marker_dag.py
[2025-10-30T21:39:02.757-0700] {processor.py:840} INFO - DAG(s) 'example_external_task_marker_parent', 'example_external_task_marker_child' retrieved from /usr/local/lib/python3.10/dist-packages/airflow/example_dags/example_external_task_marker_dag.py
[2025-10-30T21:39:02.811-0700] {logging_mixin.py:188} INFO - [2025-10-30T21:39:02.811-0700] {dag.py:3089} INFO - Sync 2 DAGs
[2025-10-30T21:39:02.834-0700] {logging_mixin.py:188} INFO - [2025-10-30T21:39:02.833-0700] {dag.py:3947} INFO - Setting next_dagrun for example_external_task_marker_child to None, run_after=None
[2025-10-30T21:39:02.842-0700] {logging_mixin.py:188} INFO - [2025-10-30T21:39:02.841-0700] {dag.py:3947} INFO - Setting next_dagrun for example_external_task_marker_parent to None, run_after=None
[2025-10-30T21:39:02.959-0700] {processor.py:183} INFO - Processing /usr/local/lib/python3.10/dist-packages/airflow/example_dags/example_external_task_marker_dag.py took 0.225 seconds
[2025-10-30T21:40:32.321-0700] {processor.py:161} INFO - Started process (PID=2868) to work on /usr/local/lib/python3.10/dist-packages/airflow/example_dags/example_external_task_marker_dag.py
[2025-10-30T21:40:32.323-0700] {processor.py:830} INFO - Processing file /usr/local/lib/python3.10/dist-packages/airflow/example_dags/example_external_task_marker_dag.py for tasks to queue
[2025-10-30T21:40:32.327-0700] {logging_mixin.py:188} INFO - [2025-10-30T21:40:32.327-0700] {dagbag.py:545} INFO - Filling up the DagBag from /usr/local/lib/python3.10/dist-packages/airflow/example_dags/example_external_task_marker_dag.py
[2025-10-30T21:40:32.342-0700] {processor.py:840} INFO - DAG(s) 'example_external_task_marker_child', 'example_external_task_marker_parent' retrieved from /usr/local/lib/python3.10/dist-packages/airflow/example_dags/example_external_task_marker_dag.py
[2025-10-30T21:40:32.415-0700] {logging_mixin.py:188} INFO - [2025-10-30T21:40:32.414-0700] {dag.py:3089} INFO - Sync 2 DAGs
[2025-10-30T21:40:32.436-0700] {logging_mixin.py:188} INFO - [2025-10-30T21:40:32.436-0700] {dag.py:3947} INFO - Setting next_dagrun for example_external_task_marker_child to None, run_after=None
[2025-10-30T21:40:32.443-0700] {logging_mixin.py:188} INFO - [2025-10-30T21:40:32.442-0700] {dag.py:3947} INFO - Setting next_dagrun for example_external_task_marker_parent to None, run_after=None
[2025-10-30T21:40:32.569-0700] {processor.py:183} INFO - Processing /usr/local/lib/python3.10/dist-packages/airflow/example_dags/example_external_task_marker_dag.py took 0.263 seconds
[2025-10-30T21:42:01.479-0700] {processor.py:161} INFO - Started process (PID=2946) to work on /usr/local/lib/python3.10/dist-packages/airflow/example_dags/example_external_task_marker_dag.py
[2025-10-30T21:42:01.482-0700] {processor.py:830} INFO - Processing file /usr/local/lib/python3.10/dist-packages/airflow/example_dags/example_external_task_marker_dag.py for tasks to queue
[2025-10-30T21:42:01.486-0700] {logging_mixin.py:188} INFO - [2025-10-30T21:42:01.486-0700] {dagbag.py:545} INFO - Filling up the DagBag from /usr/local/lib/python3.10/dist-packages/airflow/example_dags/example_external_task_marker_dag.py
[2025-10-30T21:42:01.500-0700] {processor.py:840} INFO - DAG(s) 'example_external_task_marker_parent', 'example_external_task_marker_child' retrieved from /usr/local/lib/python3.10/dist-packages/airflow/example_dags/example_external_task_marker_dag.py
[2025-10-30T21:42:01.573-0700] {logging_mixin.py:188} INFO - [2025-10-30T21:42:01.573-0700] {dag.py:3089} INFO - Sync 2 DAGs
[2025-10-30T21:42:01.596-0700] {logging_mixin.py:188} INFO - [2025-10-30T21:42:01.596-0700] {dag.py:3947} INFO - Setting next_dagrun for example_external_task_marker_child to None, run_after=None
[2025-10-30T21:42:01.605-0700] {logging_mixin.py:188} INFO - [2025-10-30T21:42:01.604-0700] {dag.py:3947} INFO - Setting next_dagrun for example_external_task_marker_parent to None, run_after=None
[2025-10-30T21:42:01.782-0700] {processor.py:183} INFO - Processing /usr/local/lib/python3.10/dist-packages/airflow/example_dags/example_external_task_marker_dag.py took 0.320 seconds
[2025-10-30T21:43:31.525-0700] {processor.py:161} INFO - Started process (PID=3025) to work on /usr/local/lib/python3.10/dist-packages/airflow/example_dags/example_external_task_marker_dag.py
[2025-10-30T21:43:31.529-0700] {processor.py:830} INFO - Processing file /usr/local/lib/python3.10/dist-packages/airflow/example_dags/example_external_task_marker_dag.py for tasks to queue
[2025-10-30T21:43:31.535-0700] {logging_mixin.py:188} INFO - [2025-10-30T21:43:31.534-0700] {dagbag.py:545} INFO - Filling up the DagBag from /usr/local/lib/python3.10/dist-packages/airflow/example_dags/example_external_task_marker_dag.py
[2025-10-30T21:43:31.559-0700] {processor.py:840} INFO - DAG(s) 'example_external_task_marker_parent', 'example_external_task_marker_child' retrieved from /usr/local/lib/python3.10/dist-packages/airflow/example_dags/example_external_task_marker_dag.py
[2025-10-30T21:43:31.611-0700] {logging_mixin.py:188} INFO - [2025-10-30T21:43:31.610-0700] {dag.py:3089} INFO - Sync 2 DAGs
[2025-10-30T21:43:31.633-0700] {logging_mixin.py:188} INFO - [2025-10-30T21:43:31.633-0700] {dag.py:3947} INFO - Setting next_dagrun for example_external_task_marker_child to None, run_after=None
[2025-10-30T21:43:31.641-0700] {logging_mixin.py:188} INFO - [2025-10-30T21:43:31.641-0700] {dag.py:3947} INFO - Setting next_dagrun for example_external_task_marker_parent to None, run_after=None
[2025-10-30T21:43:31.742-0700] {processor.py:183} INFO - Processing /usr/local/lib/python3.10/dist-packages/airflow/example_dags/example_external_task_marker_dag.py took 0.229 seconds
[2025-10-30T21:44:59.877-0700] {processor.py:161} INFO - Started process (PID=3102) to work on /usr/local/lib/python3.10/dist-packages/airflow/example_dags/example_external_task_marker_dag.py
[2025-10-30T21:44:59.879-0700] {processor.py:830} INFO - Processing file /usr/local/lib/python3.10/dist-packages/airflow/example_dags/example_external_task_marker_dag.py for tasks to queue
[2025-10-30T21:44:59.881-0700] {logging_mixin.py:188} INFO - [2025-10-30T21:44:59.881-0700] {dagbag.py:545} INFO - Filling up the DagBag from /usr/local/lib/python3.10/dist-packages/airflow/example_dags/example_external_task_marker_dag.py
[2025-10-30T21:44:59.896-0700] {processor.py:840} INFO - DAG(s) 'example_external_task_marker_parent', 'example_external_task_marker_child' retrieved from /usr/local/lib/python3.10/dist-packages/airflow/example_dags/example_external_task_marker_dag.py
[2025-10-30T21:44:59.963-0700] {logging_mixin.py:188} INFO - [2025-10-30T21:44:59.963-0700] {dag.py:3089} INFO - Sync 2 DAGs
[2025-10-30T21:44:59.989-0700] {logging_mixin.py:188} INFO - [2025-10-30T21:44:59.989-0700] {dag.py:3947} INFO - Setting next_dagrun for example_external_task_marker_child to None, run_after=None
[2025-10-30T21:44:59.997-0700] {logging_mixin.py:188} INFO - [2025-10-30T21:44:59.997-0700] {dag.py:3947} INFO - Setting next_dagrun for example_external_task_marker_parent to None, run_after=None
[2025-10-30T21:45:00.107-0700] {processor.py:183} INFO - Processing /usr/local/lib/python3.10/dist-packages/airflow/example_dags/example_external_task_marker_dag.py took 0.238 seconds
[2025-10-30T21:46:46.964-0700] {processor.py:161} INFO - Started process (PID=3212) to work on /usr/local/lib/python3.10/dist-packages/airflow/example_dags/example_external_task_marker_dag.py
[2025-10-30T21:46:46.969-0700] {processor.py:830} INFO - Processing file /usr/local/lib/python3.10/dist-packages/airflow/example_dags/example_external_task_marker_dag.py for tasks to queue
[2025-10-30T21:46:46.972-0700] {logging_mixin.py:188} INFO - [2025-10-30T21:46:46.972-0700] {dagbag.py:545} INFO - Filling up the DagBag from /usr/local/lib/python3.10/dist-packages/airflow/example_dags/example_external_task_marker_dag.py
[2025-10-30T21:46:46.981-0700] {processor.py:840} INFO - DAG(s) 'example_external_task_marker_parent', 'example_external_task_marker_child' retrieved from /usr/local/lib/python3.10/dist-packages/airflow/example_dags/example_external_task_marker_dag.py
[2025-10-30T21:46:47.030-0700] {logging_mixin.py:188} INFO - [2025-10-30T21:46:47.030-0700] {dag.py:3089} INFO - Sync 2 DAGs
[2025-10-30T21:46:47.052-0700] {logging_mixin.py:188} INFO - [2025-10-30T21:46:47.051-0700] {dag.py:3947} INFO - Setting next_dagrun for example_external_task_marker_child to None, run_after=None
[2025-10-30T21:46:47.060-0700] {logging_mixin.py:188} INFO - [2025-10-30T21:46:47.060-0700] {dag.py:3947} INFO - Setting next_dagrun for example_external_task_marker_parent to None, run_after=None
[2025-10-30T21:46:47.158-0700] {processor.py:183} INFO - Processing /usr/local/lib/python3.10/dist-packages/airflow/example_dags/example_external_task_marker_dag.py took 0.202 seconds
[2025-10-30T21:48:12.487-0700] {processor.py:161} INFO - Started process (PID=3422) to work on /usr/local/lib/python3.10/dist-packages/airflow/example_dags/example_external_task_marker_dag.py
[2025-10-30T21:48:12.489-0700] {processor.py:830} INFO - Processing file /usr/local/lib/python3.10/dist-packages/airflow/example_dags/example_external_task_marker_dag.py for tasks to queue
[2025-10-30T21:48:12.491-0700] {logging_mixin.py:188} INFO - [2025-10-30T21:48:12.491-0700] {dagbag.py:545} INFO - Filling up the DagBag from /usr/local/lib/python3.10/dist-packages/airflow/example_dags/example_external_task_marker_dag.py
[2025-10-30T21:48:12.499-0700] {processor.py:840} INFO - DAG(s) 'example_external_task_marker_child', 'example_external_task_marker_parent' retrieved from /usr/local/lib/python3.10/dist-packages/airflow/example_dags/example_external_task_marker_dag.py
[2025-10-30T21:48:12.544-0700] {logging_mixin.py:188} INFO - [2025-10-30T21:48:12.543-0700] {dag.py:3089} INFO - Sync 2 DAGs
[2025-10-30T21:48:12.564-0700] {logging_mixin.py:188} INFO - [2025-10-30T21:48:12.564-0700] {dag.py:3947} INFO - Setting next_dagrun for example_external_task_marker_child to None, run_after=None
[2025-10-30T21:48:12.570-0700] {logging_mixin.py:188} INFO - [2025-10-30T21:48:12.569-0700] {dag.py:3947} INFO - Setting next_dagrun for example_external_task_marker_parent to None, run_after=None
[2025-10-30T21:48:12.672-0700] {processor.py:183} INFO - Processing /usr/local/lib/python3.10/dist-packages/airflow/example_dags/example_external_task_marker_dag.py took 0.194 seconds
[2025-10-30T21:51:18.557-0700] {processor.py:161} INFO - Started process (PID=3681) to work on /usr/local/lib/python3.10/dist-packages/airflow/example_dags/example_external_task_marker_dag.py
[2025-10-30T21:51:18.562-0700] {processor.py:830} INFO - Processing file /usr/local/lib/python3.10/dist-packages/airflow/example_dags/example_external_task_marker_dag.py for tasks to queue
[2025-10-30T21:51:18.565-0700] {logging_mixin.py:188} INFO - [2025-10-30T21:51:18.565-0700] {dagbag.py:545} INFO - Filling up the DagBag from /usr/local/lib/python3.10/dist-packages/airflow/example_dags/example_external_task_marker_dag.py
[2025-10-30T21:51:18.582-0700] {processor.py:840} INFO - DAG(s) 'example_external_task_marker_child', 'example_external_task_marker_parent' retrieved from /usr/local/lib/python3.10/dist-packages/airflow/example_dags/example_external_task_marker_dag.py
[2025-10-30T21:51:18.647-0700] {logging_mixin.py:188} INFO - [2025-10-30T21:51:18.646-0700] {dag.py:3089} INFO - Sync 2 DAGs
[2025-10-30T21:51:18.669-0700] {logging_mixin.py:188} INFO - [2025-10-30T21:51:18.669-0700] {dag.py:3947} INFO - Setting next_dagrun for example_external_task_marker_child to None, run_after=None
[2025-10-30T21:51:18.678-0700] {logging_mixin.py:188} INFO - [2025-10-30T21:51:18.677-0700] {dag.py:3947} INFO - Setting next_dagrun for example_external_task_marker_parent to None, run_after=None
[2025-10-30T21:51:18.806-0700] {processor.py:183} INFO - Processing /usr/local/lib/python3.10/dist-packages/airflow/example_dags/example_external_task_marker_dag.py took 0.257 seconds
[2025-10-30T21:52:45.875-0700] {processor.py:161} INFO - Started process (PID=3759) to work on /usr/local/lib/python3.10/dist-packages/airflow/example_dags/example_external_task_marker_dag.py
[2025-10-30T21:52:45.877-0700] {processor.py:830} INFO - Processing file /usr/local/lib/python3.10/dist-packages/airflow/example_dags/example_external_task_marker_dag.py for tasks to queue
[2025-10-30T21:52:45.880-0700] {logging_mixin.py:188} INFO - [2025-10-30T21:52:45.880-0700] {dagbag.py:545} INFO - Filling up the DagBag from /usr/local/lib/python3.10/dist-packages/airflow/example_dags/example_external_task_marker_dag.py
[2025-10-30T21:52:45.888-0700] {processor.py:840} INFO - DAG(s) 'example_external_task_marker_child', 'example_external_task_marker_parent' retrieved from /usr/local/lib/python3.10/dist-packages/airflow/example_dags/example_external_task_marker_dag.py
[2025-10-30T21:52:45.957-0700] {logging_mixin.py:188} INFO - [2025-10-30T21:52:45.956-0700] {dag.py:3089} INFO - Sync 2 DAGs
[2025-10-30T21:52:45.990-0700] {logging_mixin.py:188} INFO - [2025-10-30T21:52:45.989-0700] {dag.py:3947} INFO - Setting next_dagrun for example_external_task_marker_child to None, run_after=None
[2025-10-30T21:52:46.006-0700] {logging_mixin.py:188} INFO - [2025-10-30T21:52:46.005-0700] {dag.py:3947} INFO - Setting next_dagrun for example_external_task_marker_parent to None, run_after=None
[2025-10-30T21:52:46.144-0700] {processor.py:183} INFO - Processing /usr/local/lib/python3.10/dist-packages/airflow/example_dags/example_external_task_marker_dag.py took 0.280 seconds
[2025-10-30T21:56:07.396-0700] {processor.py:161} INFO - Started process (PID=4031) to work on /usr/local/lib/python3.10/dist-packages/airflow/example_dags/example_external_task_marker_dag.py
[2025-10-30T21:56:07.398-0700] {processor.py:830} INFO - Processing file /usr/local/lib/python3.10/dist-packages/airflow/example_dags/example_external_task_marker_dag.py for tasks to queue
[2025-10-30T21:56:07.401-0700] {logging_mixin.py:188} INFO - [2025-10-30T21:56:07.401-0700] {dagbag.py:545} INFO - Filling up the DagBag from /usr/local/lib/python3.10/dist-packages/airflow/example_dags/example_external_task_marker_dag.py
[2025-10-30T21:56:07.408-0700] {processor.py:840} INFO - DAG(s) 'example_external_task_marker_parent', 'example_external_task_marker_child' retrieved from /usr/local/lib/python3.10/dist-packages/airflow/example_dags/example_external_task_marker_dag.py
[2025-10-30T21:56:07.456-0700] {logging_mixin.py:188} INFO - [2025-10-30T21:56:07.456-0700] {dag.py:3089} INFO - Sync 2 DAGs
[2025-10-30T21:56:07.478-0700] {logging_mixin.py:188} INFO - [2025-10-30T21:56:07.478-0700] {dag.py:3947} INFO - Setting next_dagrun for example_external_task_marker_child to None, run_after=None
[2025-10-30T21:56:07.489-0700] {logging_mixin.py:188} INFO - [2025-10-30T21:56:07.488-0700] {dag.py:3947} INFO - Setting next_dagrun for example_external_task_marker_parent to None, run_after=None
[2025-10-30T21:56:07.631-0700] {processor.py:183} INFO - Processing /usr/local/lib/python3.10/dist-packages/airflow/example_dags/example_external_task_marker_dag.py took 0.242 seconds
[2025-10-30T21:57:35.164-0700] {processor.py:161} INFO - Started process (PID=4108) to work on /usr/local/lib/python3.10/dist-packages/airflow/example_dags/example_external_task_marker_dag.py
[2025-10-30T21:57:35.166-0700] {processor.py:830} INFO - Processing file /usr/local/lib/python3.10/dist-packages/airflow/example_dags/example_external_task_marker_dag.py for tasks to queue
[2025-10-30T21:57:35.168-0700] {logging_mixin.py:188} INFO - [2025-10-30T21:57:35.168-0700] {dagbag.py:545} INFO - Filling up the DagBag from /usr/local/lib/python3.10/dist-packages/airflow/example_dags/example_external_task_marker_dag.py
[2025-10-30T21:57:35.177-0700] {processor.py:840} INFO - DAG(s) 'example_external_task_marker_parent', 'example_external_task_marker_child' retrieved from /usr/local/lib/python3.10/dist-packages/airflow/example_dags/example_external_task_marker_dag.py
[2025-10-30T21:57:35.235-0700] {logging_mixin.py:188} INFO - [2025-10-30T21:57:35.235-0700] {dag.py:3089} INFO - Sync 2 DAGs
[2025-10-30T21:57:35.255-0700] {logging_mixin.py:188} INFO - [2025-10-30T21:57:35.255-0700] {dag.py:3947} INFO - Setting next_dagrun for example_external_task_marker_child to None, run_after=None
[2025-10-30T21:57:35.264-0700] {logging_mixin.py:188} INFO - [2025-10-30T21:57:35.264-0700] {dag.py:3947} INFO - Setting next_dagrun for example_external_task_marker_parent to None, run_after=None
[2025-10-30T21:57:35.395-0700] {processor.py:183} INFO - Processing /usr/local/lib/python3.10/dist-packages/airflow/example_dags/example_external_task_marker_dag.py took 0.238 seconds
[2025-10-30T21:58:56.391-0700] {processor.py:161} INFO - Started process (PID=4184) to work on /usr/local/lib/python3.10/dist-packages/airflow/example_dags/example_external_task_marker_dag.py
[2025-10-30T21:58:56.393-0700] {processor.py:830} INFO - Processing file /usr/local/lib/python3.10/dist-packages/airflow/example_dags/example_external_task_marker_dag.py for tasks to queue
[2025-10-30T21:58:56.396-0700] {logging_mixin.py:188} INFO - [2025-10-30T21:58:56.395-0700] {dagbag.py:545} INFO - Filling up the DagBag from /usr/local/lib/python3.10/dist-packages/airflow/example_dags/example_external_task_marker_dag.py
[2025-10-30T21:58:56.404-0700] {processor.py:840} INFO - DAG(s) 'example_external_task_marker_parent', 'example_external_task_marker_child' retrieved from /usr/local/lib/python3.10/dist-packages/airflow/example_dags/example_external_task_marker_dag.py
[2025-10-30T21:58:56.453-0700] {logging_mixin.py:188} INFO - [2025-10-30T21:58:56.453-0700] {dag.py:3089} INFO - Sync 2 DAGs
[2025-10-30T21:58:56.476-0700] {logging_mixin.py:188} INFO - [2025-10-30T21:58:56.475-0700] {dag.py:3947} INFO - Setting next_dagrun for example_external_task_marker_child to None, run_after=None
[2025-10-30T21:58:56.484-0700] {logging_mixin.py:188} INFO - [2025-10-30T21:58:56.483-0700] {dag.py:3947} INFO - Setting next_dagrun for example_external_task_marker_parent to None, run_after=None
[2025-10-30T21:58:56.598-0700] {processor.py:183} INFO - Processing /usr/local/lib/python3.10/dist-packages/airflow/example_dags/example_external_task_marker_dag.py took 0.214 seconds
[2025-10-30T22:00:19.655-0700] {processor.py:161} INFO - Started process (PID=4260) to work on /usr/local/lib/python3.10/dist-packages/airflow/example_dags/example_external_task_marker_dag.py
[2025-10-30T22:00:19.658-0700] {processor.py:830} INFO - Processing file /usr/local/lib/python3.10/dist-packages/airflow/example_dags/example_external_task_marker_dag.py for tasks to queue
[2025-10-30T22:00:19.661-0700] {logging_mixin.py:188} INFO - [2025-10-30T22:00:19.660-0700] {dagbag.py:545} INFO - Filling up the DagBag from /usr/local/lib/python3.10/dist-packages/airflow/example_dags/example_external_task_marker_dag.py
[2025-10-30T22:00:19.670-0700] {processor.py:840} INFO - DAG(s) 'example_external_task_marker_child', 'example_external_task_marker_parent' retrieved from /usr/local/lib/python3.10/dist-packages/airflow/example_dags/example_external_task_marker_dag.py
[2025-10-30T22:00:19.743-0700] {logging_mixin.py:188} INFO - [2025-10-30T22:00:19.743-0700] {dag.py:3089} INFO - Sync 2 DAGs
[2025-10-30T22:00:19.764-0700] {logging_mixin.py:188} INFO - [2025-10-30T22:00:19.764-0700] {dag.py:3947} INFO - Setting next_dagrun for example_external_task_marker_child to None, run_after=None
[2025-10-30T22:00:19.773-0700] {logging_mixin.py:188} INFO - [2025-10-30T22:00:19.773-0700] {dag.py:3947} INFO - Setting next_dagrun for example_external_task_marker_parent to None, run_after=None
[2025-10-30T22:00:19.912-0700] {processor.py:183} INFO - Processing /usr/local/lib/python3.10/dist-packages/airflow/example_dags/example_external_task_marker_dag.py took 0.266 seconds
[2025-10-30T22:01:42.627-0700] {processor.py:161} INFO - Started process (PID=4336) to work on /usr/local/lib/python3.10/dist-packages/airflow/example_dags/example_external_task_marker_dag.py
[2025-10-30T22:01:42.630-0700] {processor.py:830} INFO - Processing file /usr/local/lib/python3.10/dist-packages/airflow/example_dags/example_external_task_marker_dag.py for tasks to queue
[2025-10-30T22:01:42.633-0700] {logging_mixin.py:188} INFO - [2025-10-30T22:01:42.632-0700] {dagbag.py:545} INFO - Filling up the DagBag from /usr/local/lib/python3.10/dist-packages/airflow/example_dags/example_external_task_marker_dag.py
[2025-10-30T22:01:42.642-0700] {processor.py:840} INFO - DAG(s) 'example_external_task_marker_child', 'example_external_task_marker_parent' retrieved from /usr/local/lib/python3.10/dist-packages/airflow/example_dags/example_external_task_marker_dag.py
[2025-10-30T22:01:42.709-0700] {logging_mixin.py:188} INFO - [2025-10-30T22:01:42.709-0700] {dag.py:3089} INFO - Sync 2 DAGs
[2025-10-30T22:01:42.730-0700] {logging_mixin.py:188} INFO - [2025-10-30T22:01:42.730-0700] {dag.py:3947} INFO - Setting next_dagrun for example_external_task_marker_child to None, run_after=None
[2025-10-30T22:01:42.737-0700] {logging_mixin.py:188} INFO - [2025-10-30T22:01:42.737-0700] {dag.py:3947} INFO - Setting next_dagrun for example_external_task_marker_parent to None, run_after=None
[2025-10-30T22:01:42.868-0700] {processor.py:183} INFO - Processing /usr/local/lib/python3.10/dist-packages/airflow/example_dags/example_external_task_marker_dag.py took 0.253 seconds
[2025-10-30T22:03:05.981-0700] {processor.py:161} INFO - Started process (PID=4412) to work on /usr/local/lib/python3.10/dist-packages/airflow/example_dags/example_external_task_marker_dag.py
[2025-10-30T22:03:05.983-0700] {processor.py:830} INFO - Processing file /usr/local/lib/python3.10/dist-packages/airflow/example_dags/example_external_task_marker_dag.py for tasks to queue
[2025-10-30T22:03:05.985-0700] {logging_mixin.py:188} INFO - [2025-10-30T22:03:05.985-0700] {dagbag.py:545} INFO - Filling up the DagBag from /usr/local/lib/python3.10/dist-packages/airflow/example_dags/example_external_task_marker_dag.py
[2025-10-30T22:03:05.993-0700] {processor.py:840} INFO - DAG(s) 'example_external_task_marker_child', 'example_external_task_marker_parent' retrieved from /usr/local/lib/python3.10/dist-packages/airflow/example_dags/example_external_task_marker_dag.py
[2025-10-30T22:03:06.045-0700] {logging_mixin.py:188} INFO - [2025-10-30T22:03:06.045-0700] {dag.py:3089} INFO - Sync 2 DAGs
[2025-10-30T22:03:06.064-0700] {logging_mixin.py:188} INFO - [2025-10-30T22:03:06.063-0700] {dag.py:3947} INFO - Setting next_dagrun for example_external_task_marker_child to None, run_after=None
[2025-10-30T22:03:06.072-0700] {logging_mixin.py:188} INFO - [2025-10-30T22:03:06.072-0700] {dag.py:3947} INFO - Setting next_dagrun for example_external_task_marker_parent to None, run_after=None
[2025-10-30T22:03:06.206-0700] {processor.py:183} INFO - Processing /usr/local/lib/python3.10/dist-packages/airflow/example_dags/example_external_task_marker_dag.py took 0.231 seconds
[2025-10-30T22:04:39.004-0700] {processor.py:161} INFO - Started process (PID=4491) to work on /usr/local/lib/python3.10/dist-packages/airflow/example_dags/example_external_task_marker_dag.py
[2025-10-30T22:04:39.006-0700] {processor.py:830} INFO - Processing file /usr/local/lib/python3.10/dist-packages/airflow/example_dags/example_external_task_marker_dag.py for tasks to queue
[2025-10-30T22:04:39.009-0700] {logging_mixin.py:188} INFO - [2025-10-30T22:04:39.009-0700] {dagbag.py:545} INFO - Filling up the DagBag from /usr/local/lib/python3.10/dist-packages/airflow/example_dags/example_external_task_marker_dag.py
[2025-10-30T22:04:39.016-0700] {processor.py:840} INFO - DAG(s) 'example_external_task_marker_child', 'example_external_task_marker_parent' retrieved from /usr/local/lib/python3.10/dist-packages/airflow/example_dags/example_external_task_marker_dag.py
[2025-10-30T22:04:39.075-0700] {logging_mixin.py:188} INFO - [2025-10-30T22:04:39.075-0700] {dag.py:3089} INFO - Sync 2 DAGs
[2025-10-30T22:04:39.095-0700] {logging_mixin.py:188} INFO - [2025-10-30T22:04:39.095-0700] {dag.py:3947} INFO - Setting next_dagrun for example_external_task_marker_child to None, run_after=None
[2025-10-30T22:04:39.103-0700] {logging_mixin.py:188} INFO - [2025-10-30T22:04:39.103-0700] {dag.py:3947} INFO - Setting next_dagrun for example_external_task_marker_parent to None, run_after=None
[2025-10-30T22:04:39.233-0700] {processor.py:183} INFO - Processing /usr/local/lib/python3.10/dist-packages/airflow/example_dags/example_external_task_marker_dag.py took 0.237 seconds
