[2025-10-30T20:58:14.439-0700] {processor.py:161} INFO - Started process (PID=545) to work on /usr/local/lib/python3.10/dist-packages/airflow/example_dags/example_trigger_target_dag.py
[2025-10-30T20:58:14.441-0700] {processor.py:830} INFO - Processing file /usr/local/lib/python3.10/dist-packages/airflow/example_dags/example_trigger_target_dag.py for tasks to queue
[2025-10-30T20:58:14.443-0700] {logging_mixin.py:188} INFO - [2025-10-30T20:58:14.442-0700] {dagbag.py:545} INFO - Filling up the DagBag from /usr/local/lib/python3.10/dist-packages/airflow/example_dags/example_trigger_target_dag.py
[2025-10-30T20:58:14.451-0700] {processor.py:840} INFO - DAG(s) 'example_trigger_target_dag' retrieved from /usr/local/lib/python3.10/dist-packages/airflow/example_dags/example_trigger_target_dag.py
[2025-10-30T20:58:14.608-0700] {logging_mixin.py:188} INFO - [2025-10-30T20:58:14.607-0700] {override.py:1858} INFO - Created Permission View: can delete on DAG:example_trigger_target_dag
[2025-10-30T20:58:14.644-0700] {logging_mixin.py:188} INFO - [2025-10-30T20:58:14.643-0700] {override.py:1858} INFO - Created Permission View: can edit on DAG:example_trigger_target_dag
[2025-10-30T20:58:14.677-0700] {logging_mixin.py:188} INFO - [2025-10-30T20:58:14.676-0700] {override.py:1858} INFO - Created Permission View: can read on DAG:example_trigger_target_dag
[2025-10-30T20:58:14.678-0700] {logging_mixin.py:188} INFO - [2025-10-30T20:58:14.677-0700] {dag.py:3089} INFO - Sync 1 DAGs
[2025-10-30T20:58:14.694-0700] {logging_mixin.py:188} INFO - [2025-10-30T20:58:14.693-0700] {dag.py:3111} INFO - Creating ORM DAG for example_trigger_target_dag
[2025-10-30T20:58:14.695-0700] {logging_mixin.py:188} INFO - [2025-10-30T20:58:14.694-0700] {dag.py:3947} INFO - Setting next_dagrun for example_trigger_target_dag to None, run_after=None
[2025-10-30T20:58:14.751-0700] {processor.py:183} INFO - Processing /usr/local/lib/python3.10/dist-packages/airflow/example_dags/example_trigger_target_dag.py took 0.317 seconds
[2025-10-30T20:59:25.522-0700] {processor.py:161} INFO - Started process (PID=608) to work on /usr/local/lib/python3.10/dist-packages/airflow/example_dags/example_trigger_target_dag.py
[2025-10-30T20:59:25.523-0700] {processor.py:830} INFO - Processing file /usr/local/lib/python3.10/dist-packages/airflow/example_dags/example_trigger_target_dag.py for tasks to queue
[2025-10-30T20:59:25.526-0700] {logging_mixin.py:188} INFO - [2025-10-30T20:59:25.525-0700] {dagbag.py:545} INFO - Filling up the DagBag from /usr/local/lib/python3.10/dist-packages/airflow/example_dags/example_trigger_target_dag.py
[2025-10-30T20:59:25.544-0700] {processor.py:840} INFO - DAG(s) 'example_trigger_target_dag' retrieved from /usr/local/lib/python3.10/dist-packages/airflow/example_dags/example_trigger_target_dag.py
[2025-10-30T20:59:25.580-0700] {logging_mixin.py:188} INFO - [2025-10-30T20:59:25.579-0700] {dag.py:3089} INFO - Sync 1 DAGs
[2025-10-30T20:59:25.597-0700] {logging_mixin.py:188} INFO - [2025-10-30T20:59:25.597-0700] {dag.py:3947} INFO - Setting next_dagrun for example_trigger_target_dag to None, run_after=None
[2025-10-30T20:59:25.656-0700] {processor.py:183} INFO - Processing /usr/local/lib/python3.10/dist-packages/airflow/example_dags/example_trigger_target_dag.py took 0.140 seconds
[2025-10-30T21:00:34.828-0700] {processor.py:161} INFO - Started process (PID=680) to work on /usr/local/lib/python3.10/dist-packages/airflow/example_dags/example_trigger_target_dag.py
[2025-10-30T21:00:34.829-0700] {processor.py:830} INFO - Processing file /usr/local/lib/python3.10/dist-packages/airflow/example_dags/example_trigger_target_dag.py for tasks to queue
[2025-10-30T21:00:34.829-0700] {logging_mixin.py:188} INFO - [2025-10-30T21:00:34.829-0700] {dagbag.py:545} INFO - Filling up the DagBag from /usr/local/lib/python3.10/dist-packages/airflow/example_dags/example_trigger_target_dag.py
[2025-10-30T21:00:34.835-0700] {processor.py:840} INFO - DAG(s) 'example_trigger_target_dag' retrieved from /usr/local/lib/python3.10/dist-packages/airflow/example_dags/example_trigger_target_dag.py
[2025-10-30T21:00:34.862-0700] {logging_mixin.py:188} INFO - [2025-10-30T21:00:34.862-0700] {dag.py:3089} INFO - Sync 1 DAGs
[2025-10-30T21:00:34.879-0700] {logging_mixin.py:188} INFO - [2025-10-30T21:00:34.878-0700] {dag.py:3947} INFO - Setting next_dagrun for example_trigger_target_dag to None, run_after=None
[2025-10-30T21:00:34.927-0700] {processor.py:183} INFO - Processing /usr/local/lib/python3.10/dist-packages/airflow/example_dags/example_trigger_target_dag.py took 0.104 seconds
[2025-10-30T21:01:45.743-0700] {processor.py:161} INFO - Started process (PID=757) to work on /usr/local/lib/python3.10/dist-packages/airflow/example_dags/example_trigger_target_dag.py
[2025-10-30T21:01:45.744-0700] {processor.py:830} INFO - Processing file /usr/local/lib/python3.10/dist-packages/airflow/example_dags/example_trigger_target_dag.py for tasks to queue
[2025-10-30T21:01:45.745-0700] {logging_mixin.py:188} INFO - [2025-10-30T21:01:45.745-0700] {dagbag.py:545} INFO - Filling up the DagBag from /usr/local/lib/python3.10/dist-packages/airflow/example_dags/example_trigger_target_dag.py
[2025-10-30T21:01:45.751-0700] {processor.py:840} INFO - DAG(s) 'example_trigger_target_dag' retrieved from /usr/local/lib/python3.10/dist-packages/airflow/example_dags/example_trigger_target_dag.py
[2025-10-30T21:01:45.802-0700] {logging_mixin.py:188} INFO - [2025-10-30T21:01:45.802-0700] {dag.py:3089} INFO - Sync 1 DAGs
[2025-10-30T21:01:45.826-0700] {logging_mixin.py:188} INFO - [2025-10-30T21:01:45.826-0700] {dag.py:3947} INFO - Setting next_dagrun for example_trigger_target_dag to None, run_after=None
[2025-10-30T21:01:45.897-0700] {processor.py:183} INFO - Processing /usr/local/lib/python3.10/dist-packages/airflow/example_dags/example_trigger_target_dag.py took 0.159 seconds
[2025-10-30T21:02:52.124-0700] {processor.py:161} INFO - Started process (PID=828) to work on /usr/local/lib/python3.10/dist-packages/airflow/example_dags/example_trigger_target_dag.py
[2025-10-30T21:02:52.126-0700] {processor.py:830} INFO - Processing file /usr/local/lib/python3.10/dist-packages/airflow/example_dags/example_trigger_target_dag.py for tasks to queue
[2025-10-30T21:02:52.127-0700] {logging_mixin.py:188} INFO - [2025-10-30T21:02:52.126-0700] {dagbag.py:545} INFO - Filling up the DagBag from /usr/local/lib/python3.10/dist-packages/airflow/example_dags/example_trigger_target_dag.py
[2025-10-30T21:02:52.135-0700] {processor.py:840} INFO - DAG(s) 'example_trigger_target_dag' retrieved from /usr/local/lib/python3.10/dist-packages/airflow/example_dags/example_trigger_target_dag.py
[2025-10-30T21:02:52.171-0700] {logging_mixin.py:188} INFO - [2025-10-30T21:02:52.171-0700] {dag.py:3089} INFO - Sync 1 DAGs
[2025-10-30T21:02:52.192-0700] {logging_mixin.py:188} INFO - [2025-10-30T21:02:52.192-0700] {dag.py:3947} INFO - Setting next_dagrun for example_trigger_target_dag to None, run_after=None
[2025-10-30T21:02:52.275-0700] {processor.py:183} INFO - Processing /usr/local/lib/python3.10/dist-packages/airflow/example_dags/example_trigger_target_dag.py took 0.156 seconds
[2025-10-30T21:04:03.907-0700] {processor.py:161} INFO - Started process (PID=901) to work on /usr/local/lib/python3.10/dist-packages/airflow/example_dags/example_trigger_target_dag.py
[2025-10-30T21:04:03.909-0700] {processor.py:830} INFO - Processing file /usr/local/lib/python3.10/dist-packages/airflow/example_dags/example_trigger_target_dag.py for tasks to queue
[2025-10-30T21:04:03.910-0700] {logging_mixin.py:188} INFO - [2025-10-30T21:04:03.910-0700] {dagbag.py:545} INFO - Filling up the DagBag from /usr/local/lib/python3.10/dist-packages/airflow/example_dags/example_trigger_target_dag.py
[2025-10-30T21:04:03.919-0700] {processor.py:840} INFO - DAG(s) 'example_trigger_target_dag' retrieved from /usr/local/lib/python3.10/dist-packages/airflow/example_dags/example_trigger_target_dag.py
[2025-10-30T21:04:03.960-0700] {logging_mixin.py:188} INFO - [2025-10-30T21:04:03.960-0700] {dag.py:3089} INFO - Sync 1 DAGs
[2025-10-30T21:04:03.979-0700] {logging_mixin.py:188} INFO - [2025-10-30T21:04:03.978-0700] {dag.py:3947} INFO - Setting next_dagrun for example_trigger_target_dag to None, run_after=None
[2025-10-30T21:04:04.124-0700] {processor.py:183} INFO - Processing /usr/local/lib/python3.10/dist-packages/airflow/example_dags/example_trigger_target_dag.py took 0.223 seconds
[2025-10-30T21:05:13.524-0700] {processor.py:161} INFO - Started process (PID=973) to work on /usr/local/lib/python3.10/dist-packages/airflow/example_dags/example_trigger_target_dag.py
[2025-10-30T21:05:13.525-0700] {processor.py:830} INFO - Processing file /usr/local/lib/python3.10/dist-packages/airflow/example_dags/example_trigger_target_dag.py for tasks to queue
[2025-10-30T21:05:13.525-0700] {logging_mixin.py:188} INFO - [2025-10-30T21:05:13.525-0700] {dagbag.py:545} INFO - Filling up the DagBag from /usr/local/lib/python3.10/dist-packages/airflow/example_dags/example_trigger_target_dag.py
[2025-10-30T21:05:13.531-0700] {processor.py:840} INFO - DAG(s) 'example_trigger_target_dag' retrieved from /usr/local/lib/python3.10/dist-packages/airflow/example_dags/example_trigger_target_dag.py
[2025-10-30T21:05:13.560-0700] {logging_mixin.py:188} INFO - [2025-10-30T21:05:13.559-0700] {dag.py:3089} INFO - Sync 1 DAGs
[2025-10-30T21:05:13.574-0700] {logging_mixin.py:188} INFO - [2025-10-30T21:05:13.574-0700] {dag.py:3947} INFO - Setting next_dagrun for example_trigger_target_dag to None, run_after=None
[2025-10-30T21:05:13.629-0700] {processor.py:183} INFO - Processing /usr/local/lib/python3.10/dist-packages/airflow/example_dags/example_trigger_target_dag.py took 0.111 seconds
[2025-10-30T21:08:11.192-0700] {processor.py:161} INFO - Started process (PID=1092) to work on /usr/local/lib/python3.10/dist-packages/airflow/example_dags/example_trigger_target_dag.py
[2025-10-30T21:08:11.193-0700] {processor.py:830} INFO - Processing file /usr/local/lib/python3.10/dist-packages/airflow/example_dags/example_trigger_target_dag.py for tasks to queue
[2025-10-30T21:08:11.195-0700] {logging_mixin.py:188} INFO - [2025-10-30T21:08:11.195-0700] {dagbag.py:545} INFO - Filling up the DagBag from /usr/local/lib/python3.10/dist-packages/airflow/example_dags/example_trigger_target_dag.py
[2025-10-30T21:08:11.200-0700] {processor.py:840} INFO - DAG(s) 'example_trigger_target_dag' retrieved from /usr/local/lib/python3.10/dist-packages/airflow/example_dags/example_trigger_target_dag.py
[2025-10-30T21:08:11.226-0700] {logging_mixin.py:188} INFO - [2025-10-30T21:08:11.226-0700] {dag.py:3089} INFO - Sync 1 DAGs
[2025-10-30T21:08:11.243-0700] {logging_mixin.py:188} INFO - [2025-10-30T21:08:11.242-0700] {dag.py:3947} INFO - Setting next_dagrun for example_trigger_target_dag to None, run_after=None
[2025-10-30T21:08:11.301-0700] {processor.py:183} INFO - Processing /usr/local/lib/python3.10/dist-packages/airflow/example_dags/example_trigger_target_dag.py took 0.114 seconds
[2025-10-30T21:09:13.775-0700] {processor.py:161} INFO - Started process (PID=1153) to work on /usr/local/lib/python3.10/dist-packages/airflow/example_dags/example_trigger_target_dag.py
[2025-10-30T21:09:13.777-0700] {processor.py:830} INFO - Processing file /usr/local/lib/python3.10/dist-packages/airflow/example_dags/example_trigger_target_dag.py for tasks to queue
[2025-10-30T21:09:13.778-0700] {logging_mixin.py:188} INFO - [2025-10-30T21:09:13.778-0700] {dagbag.py:545} INFO - Filling up the DagBag from /usr/local/lib/python3.10/dist-packages/airflow/example_dags/example_trigger_target_dag.py
[2025-10-30T21:09:13.784-0700] {processor.py:840} INFO - DAG(s) 'example_trigger_target_dag' retrieved from /usr/local/lib/python3.10/dist-packages/airflow/example_dags/example_trigger_target_dag.py
[2025-10-30T21:09:13.815-0700] {logging_mixin.py:188} INFO - [2025-10-30T21:09:13.815-0700] {dag.py:3089} INFO - Sync 1 DAGs
[2025-10-30T21:09:13.829-0700] {logging_mixin.py:188} INFO - [2025-10-30T21:09:13.829-0700] {dag.py:3947} INFO - Setting next_dagrun for example_trigger_target_dag to None, run_after=None
[2025-10-30T21:09:13.910-0700] {processor.py:183} INFO - Processing /usr/local/lib/python3.10/dist-packages/airflow/example_dags/example_trigger_target_dag.py took 0.140 seconds
[2025-10-30T21:10:27.998-0700] {processor.py:161} INFO - Started process (PID=1224) to work on /usr/local/lib/python3.10/dist-packages/airflow/example_dags/example_trigger_target_dag.py
[2025-10-30T21:10:28.000-0700] {processor.py:830} INFO - Processing file /usr/local/lib/python3.10/dist-packages/airflow/example_dags/example_trigger_target_dag.py for tasks to queue
[2025-10-30T21:10:28.003-0700] {logging_mixin.py:188} INFO - [2025-10-30T21:10:28.003-0700] {dagbag.py:545} INFO - Filling up the DagBag from /usr/local/lib/python3.10/dist-packages/airflow/example_dags/example_trigger_target_dag.py
[2025-10-30T21:10:28.013-0700] {processor.py:840} INFO - DAG(s) 'example_trigger_target_dag' retrieved from /usr/local/lib/python3.10/dist-packages/airflow/example_dags/example_trigger_target_dag.py
[2025-10-30T21:10:28.058-0700] {logging_mixin.py:188} INFO - [2025-10-30T21:10:28.057-0700] {dag.py:3089} INFO - Sync 1 DAGs
[2025-10-30T21:10:28.078-0700] {logging_mixin.py:188} INFO - [2025-10-30T21:10:28.078-0700] {dag.py:3947} INFO - Setting next_dagrun for example_trigger_target_dag to None, run_after=None
[2025-10-30T21:10:28.210-0700] {processor.py:183} INFO - Processing /usr/local/lib/python3.10/dist-packages/airflow/example_dags/example_trigger_target_dag.py took 0.222 seconds
[2025-10-30T21:11:48.894-0700] {processor.py:161} INFO - Started process (PID=1299) to work on /usr/local/lib/python3.10/dist-packages/airflow/example_dags/example_trigger_target_dag.py
[2025-10-30T21:11:48.896-0700] {processor.py:830} INFO - Processing file /usr/local/lib/python3.10/dist-packages/airflow/example_dags/example_trigger_target_dag.py for tasks to queue
[2025-10-30T21:11:48.899-0700] {logging_mixin.py:188} INFO - [2025-10-30T21:11:48.898-0700] {dagbag.py:545} INFO - Filling up the DagBag from /usr/local/lib/python3.10/dist-packages/airflow/example_dags/example_trigger_target_dag.py
[2025-10-30T21:11:48.906-0700] {processor.py:840} INFO - DAG(s) 'example_trigger_target_dag' retrieved from /usr/local/lib/python3.10/dist-packages/airflow/example_dags/example_trigger_target_dag.py
[2025-10-30T21:11:48.953-0700] {logging_mixin.py:188} INFO - [2025-10-30T21:11:48.953-0700] {dag.py:3089} INFO - Sync 1 DAGs
[2025-10-30T21:11:48.978-0700] {logging_mixin.py:188} INFO - [2025-10-30T21:11:48.978-0700] {dag.py:3947} INFO - Setting next_dagrun for example_trigger_target_dag to None, run_after=None
[2025-10-30T21:11:49.093-0700] {processor.py:183} INFO - Processing /usr/local/lib/python3.10/dist-packages/airflow/example_dags/example_trigger_target_dag.py took 0.208 seconds
[2025-10-30T21:13:10.691-0700] {processor.py:161} INFO - Started process (PID=1383) to work on /usr/local/lib/python3.10/dist-packages/airflow/example_dags/example_trigger_target_dag.py
[2025-10-30T21:13:10.693-0700] {processor.py:830} INFO - Processing file /usr/local/lib/python3.10/dist-packages/airflow/example_dags/example_trigger_target_dag.py for tasks to queue
[2025-10-30T21:13:10.697-0700] {logging_mixin.py:188} INFO - [2025-10-30T21:13:10.696-0700] {dagbag.py:545} INFO - Filling up the DagBag from /usr/local/lib/python3.10/dist-packages/airflow/example_dags/example_trigger_target_dag.py
[2025-10-30T21:13:10.710-0700] {processor.py:840} INFO - DAG(s) 'example_trigger_target_dag' retrieved from /usr/local/lib/python3.10/dist-packages/airflow/example_dags/example_trigger_target_dag.py
[2025-10-30T21:13:10.762-0700] {logging_mixin.py:188} INFO - [2025-10-30T21:13:10.762-0700] {dag.py:3089} INFO - Sync 1 DAGs
[2025-10-30T21:13:10.781-0700] {logging_mixin.py:188} INFO - [2025-10-30T21:13:10.781-0700] {dag.py:3947} INFO - Setting next_dagrun for example_trigger_target_dag to None, run_after=None
[2025-10-30T21:13:10.963-0700] {processor.py:183} INFO - Processing /usr/local/lib/python3.10/dist-packages/airflow/example_dags/example_trigger_target_dag.py took 0.281 seconds
[2025-10-30T21:15:29.423-0700] {processor.py:161} INFO - Started process (PID=1491) to work on /usr/local/lib/python3.10/dist-packages/airflow/example_dags/example_trigger_target_dag.py
[2025-10-30T21:15:29.425-0700] {processor.py:830} INFO - Processing file /usr/local/lib/python3.10/dist-packages/airflow/example_dags/example_trigger_target_dag.py for tasks to queue
[2025-10-30T21:15:29.429-0700] {logging_mixin.py:188} INFO - [2025-10-30T21:15:29.428-0700] {dagbag.py:545} INFO - Filling up the DagBag from /usr/local/lib/python3.10/dist-packages/airflow/example_dags/example_trigger_target_dag.py
[2025-10-30T21:15:29.437-0700] {processor.py:840} INFO - DAG(s) 'example_trigger_target_dag' retrieved from /usr/local/lib/python3.10/dist-packages/airflow/example_dags/example_trigger_target_dag.py
[2025-10-30T21:15:29.484-0700] {logging_mixin.py:188} INFO - [2025-10-30T21:15:29.484-0700] {dag.py:3089} INFO - Sync 1 DAGs
[2025-10-30T21:15:29.504-0700] {logging_mixin.py:188} INFO - [2025-10-30T21:15:29.503-0700] {dag.py:3947} INFO - Setting next_dagrun for example_trigger_target_dag to None, run_after=None
[2025-10-30T21:15:29.621-0700] {processor.py:183} INFO - Processing /usr/local/lib/python3.10/dist-packages/airflow/example_dags/example_trigger_target_dag.py took 0.211 seconds
[2025-10-30T21:16:41.192-0700] {processor.py:161} INFO - Started process (PID=1550) to work on /usr/local/lib/python3.10/dist-packages/airflow/example_dags/example_trigger_target_dag.py
[2025-10-30T21:16:41.195-0700] {processor.py:830} INFO - Processing file /usr/local/lib/python3.10/dist-packages/airflow/example_dags/example_trigger_target_dag.py for tasks to queue
[2025-10-30T21:16:41.198-0700] {logging_mixin.py:188} INFO - [2025-10-30T21:16:41.197-0700] {dagbag.py:545} INFO - Filling up the DagBag from /usr/local/lib/python3.10/dist-packages/airflow/example_dags/example_trigger_target_dag.py
[2025-10-30T21:16:41.208-0700] {processor.py:840} INFO - DAG(s) 'example_trigger_target_dag' retrieved from /usr/local/lib/python3.10/dist-packages/airflow/example_dags/example_trigger_target_dag.py
[2025-10-30T21:16:41.263-0700] {logging_mixin.py:188} INFO - [2025-10-30T21:16:41.263-0700] {dag.py:3089} INFO - Sync 1 DAGs
[2025-10-30T21:16:41.291-0700] {logging_mixin.py:188} INFO - [2025-10-30T21:16:41.291-0700] {dag.py:3947} INFO - Setting next_dagrun for example_trigger_target_dag to None, run_after=None
[2025-10-30T21:16:41.442-0700] {processor.py:183} INFO - Processing /usr/local/lib/python3.10/dist-packages/airflow/example_dags/example_trigger_target_dag.py took 0.257 seconds
[2025-10-30T21:18:02.944-0700] {processor.py:161} INFO - Started process (PID=1627) to work on /usr/local/lib/python3.10/dist-packages/airflow/example_dags/example_trigger_target_dag.py
[2025-10-30T21:18:02.947-0700] {processor.py:830} INFO - Processing file /usr/local/lib/python3.10/dist-packages/airflow/example_dags/example_trigger_target_dag.py for tasks to queue
[2025-10-30T21:18:02.952-0700] {logging_mixin.py:188} INFO - [2025-10-30T21:18:02.951-0700] {dagbag.py:545} INFO - Filling up the DagBag from /usr/local/lib/python3.10/dist-packages/airflow/example_dags/example_trigger_target_dag.py
[2025-10-30T21:18:02.967-0700] {processor.py:840} INFO - DAG(s) 'example_trigger_target_dag' retrieved from /usr/local/lib/python3.10/dist-packages/airflow/example_dags/example_trigger_target_dag.py
[2025-10-30T21:18:03.023-0700] {logging_mixin.py:188} INFO - [2025-10-30T21:18:03.023-0700] {dag.py:3089} INFO - Sync 1 DAGs
[2025-10-30T21:18:03.058-0700] {logging_mixin.py:188} INFO - [2025-10-30T21:18:03.058-0700] {dag.py:3947} INFO - Setting next_dagrun for example_trigger_target_dag to None, run_after=None
[2025-10-30T21:18:03.166-0700] {processor.py:183} INFO - Processing /usr/local/lib/python3.10/dist-packages/airflow/example_dags/example_trigger_target_dag.py took 0.236 seconds
[2025-10-30T21:19:26.321-0700] {processor.py:161} INFO - Started process (PID=1702) to work on /usr/local/lib/python3.10/dist-packages/airflow/example_dags/example_trigger_target_dag.py
[2025-10-30T21:19:26.323-0700] {processor.py:830} INFO - Processing file /usr/local/lib/python3.10/dist-packages/airflow/example_dags/example_trigger_target_dag.py for tasks to queue
[2025-10-30T21:19:26.326-0700] {logging_mixin.py:188} INFO - [2025-10-30T21:19:26.326-0700] {dagbag.py:545} INFO - Filling up the DagBag from /usr/local/lib/python3.10/dist-packages/airflow/example_dags/example_trigger_target_dag.py
[2025-10-30T21:19:26.334-0700] {processor.py:840} INFO - DAG(s) 'example_trigger_target_dag' retrieved from /usr/local/lib/python3.10/dist-packages/airflow/example_dags/example_trigger_target_dag.py
[2025-10-30T21:19:26.388-0700] {logging_mixin.py:188} INFO - [2025-10-30T21:19:26.388-0700] {dag.py:3089} INFO - Sync 1 DAGs
[2025-10-30T21:19:26.413-0700] {logging_mixin.py:188} INFO - [2025-10-30T21:19:26.413-0700] {dag.py:3947} INFO - Setting next_dagrun for example_trigger_target_dag to None, run_after=None
[2025-10-30T21:19:26.538-0700] {processor.py:183} INFO - Processing /usr/local/lib/python3.10/dist-packages/airflow/example_dags/example_trigger_target_dag.py took 0.224 seconds
[2025-10-30T21:20:49.752-0700] {processor.py:161} INFO - Started process (PID=1779) to work on /usr/local/lib/python3.10/dist-packages/airflow/example_dags/example_trigger_target_dag.py
[2025-10-30T21:20:49.754-0700] {processor.py:830} INFO - Processing file /usr/local/lib/python3.10/dist-packages/airflow/example_dags/example_trigger_target_dag.py for tasks to queue
[2025-10-30T21:20:49.757-0700] {logging_mixin.py:188} INFO - [2025-10-30T21:20:49.756-0700] {dagbag.py:545} INFO - Filling up the DagBag from /usr/local/lib/python3.10/dist-packages/airflow/example_dags/example_trigger_target_dag.py
[2025-10-30T21:20:49.764-0700] {processor.py:840} INFO - DAG(s) 'example_trigger_target_dag' retrieved from /usr/local/lib/python3.10/dist-packages/airflow/example_dags/example_trigger_target_dag.py
[2025-10-30T21:20:49.802-0700] {logging_mixin.py:188} INFO - [2025-10-30T21:20:49.802-0700] {dag.py:3089} INFO - Sync 1 DAGs
[2025-10-30T21:20:49.821-0700] {logging_mixin.py:188} INFO - [2025-10-30T21:20:49.820-0700] {dag.py:3947} INFO - Setting next_dagrun for example_trigger_target_dag to None, run_after=None
[2025-10-30T21:20:49.919-0700] {processor.py:183} INFO - Processing /usr/local/lib/python3.10/dist-packages/airflow/example_dags/example_trigger_target_dag.py took 0.174 seconds
[2025-10-30T21:22:09.579-0700] {processor.py:161} INFO - Started process (PID=1862) to work on /usr/local/lib/python3.10/dist-packages/airflow/example_dags/example_trigger_target_dag.py
[2025-10-30T21:22:09.581-0700] {processor.py:830} INFO - Processing file /usr/local/lib/python3.10/dist-packages/airflow/example_dags/example_trigger_target_dag.py for tasks to queue
[2025-10-30T21:22:09.583-0700] {logging_mixin.py:188} INFO - [2025-10-30T21:22:09.583-0700] {dagbag.py:545} INFO - Filling up the DagBag from /usr/local/lib/python3.10/dist-packages/airflow/example_dags/example_trigger_target_dag.py
[2025-10-30T21:22:09.594-0700] {processor.py:840} INFO - DAG(s) 'example_trigger_target_dag' retrieved from /usr/local/lib/python3.10/dist-packages/airflow/example_dags/example_trigger_target_dag.py
[2025-10-30T21:22:09.631-0700] {logging_mixin.py:188} INFO - [2025-10-30T21:22:09.631-0700] {dag.py:3089} INFO - Sync 1 DAGs
[2025-10-30T21:22:09.649-0700] {logging_mixin.py:188} INFO - [2025-10-30T21:22:09.649-0700] {dag.py:3947} INFO - Setting next_dagrun for example_trigger_target_dag to None, run_after=None
[2025-10-30T21:22:09.780-0700] {processor.py:183} INFO - Processing /usr/local/lib/python3.10/dist-packages/airflow/example_dags/example_trigger_target_dag.py took 0.208 seconds
[2025-10-30T21:23:30.836-0700] {processor.py:161} INFO - Started process (PID=1946) to work on /usr/local/lib/python3.10/dist-packages/airflow/example_dags/example_trigger_target_dag.py
[2025-10-30T21:23:30.838-0700] {processor.py:830} INFO - Processing file /usr/local/lib/python3.10/dist-packages/airflow/example_dags/example_trigger_target_dag.py for tasks to queue
[2025-10-30T21:23:30.841-0700] {logging_mixin.py:188} INFO - [2025-10-30T21:23:30.840-0700] {dagbag.py:545} INFO - Filling up the DagBag from /usr/local/lib/python3.10/dist-packages/airflow/example_dags/example_trigger_target_dag.py
[2025-10-30T21:23:30.849-0700] {processor.py:840} INFO - DAG(s) 'example_trigger_target_dag' retrieved from /usr/local/lib/python3.10/dist-packages/airflow/example_dags/example_trigger_target_dag.py
[2025-10-30T21:23:30.892-0700] {logging_mixin.py:188} INFO - [2025-10-30T21:23:30.891-0700] {dag.py:3089} INFO - Sync 1 DAGs
[2025-10-30T21:23:30.915-0700] {logging_mixin.py:188} INFO - [2025-10-30T21:23:30.915-0700] {dag.py:3947} INFO - Setting next_dagrun for example_trigger_target_dag to None, run_after=None
[2025-10-30T21:23:31.053-0700] {processor.py:183} INFO - Processing /usr/local/lib/python3.10/dist-packages/airflow/example_dags/example_trigger_target_dag.py took 0.226 seconds
[2025-10-30T21:24:50.303-0700] {processor.py:161} INFO - Started process (PID=2020) to work on /usr/local/lib/python3.10/dist-packages/airflow/example_dags/example_trigger_target_dag.py
[2025-10-30T21:24:50.306-0700] {processor.py:830} INFO - Processing file /usr/local/lib/python3.10/dist-packages/airflow/example_dags/example_trigger_target_dag.py for tasks to queue
[2025-10-30T21:24:50.310-0700] {logging_mixin.py:188} INFO - [2025-10-30T21:24:50.309-0700] {dagbag.py:545} INFO - Filling up the DagBag from /usr/local/lib/python3.10/dist-packages/airflow/example_dags/example_trigger_target_dag.py
[2025-10-30T21:24:50.326-0700] {processor.py:840} INFO - DAG(s) 'example_trigger_target_dag' retrieved from /usr/local/lib/python3.10/dist-packages/airflow/example_dags/example_trigger_target_dag.py
[2025-10-30T21:24:50.397-0700] {logging_mixin.py:188} INFO - [2025-10-30T21:24:50.397-0700] {dag.py:3089} INFO - Sync 1 DAGs
[2025-10-30T21:24:50.426-0700] {logging_mixin.py:188} INFO - [2025-10-30T21:24:50.426-0700] {dag.py:3947} INFO - Setting next_dagrun for example_trigger_target_dag to None, run_after=None
[2025-10-30T21:24:50.596-0700] {processor.py:183} INFO - Processing /usr/local/lib/python3.10/dist-packages/airflow/example_dags/example_trigger_target_dag.py took 0.308 seconds
[2025-10-30T21:26:15.637-0700] {processor.py:161} INFO - Started process (PID=2096) to work on /usr/local/lib/python3.10/dist-packages/airflow/example_dags/example_trigger_target_dag.py
[2025-10-30T21:26:15.640-0700] {processor.py:830} INFO - Processing file /usr/local/lib/python3.10/dist-packages/airflow/example_dags/example_trigger_target_dag.py for tasks to queue
[2025-10-30T21:26:15.645-0700] {logging_mixin.py:188} INFO - [2025-10-30T21:26:15.644-0700] {dagbag.py:545} INFO - Filling up the DagBag from /usr/local/lib/python3.10/dist-packages/airflow/example_dags/example_trigger_target_dag.py
[2025-10-30T21:26:15.657-0700] {processor.py:840} INFO - DAG(s) 'example_trigger_target_dag' retrieved from /usr/local/lib/python3.10/dist-packages/airflow/example_dags/example_trigger_target_dag.py
[2025-10-30T21:26:15.723-0700] {logging_mixin.py:188} INFO - [2025-10-30T21:26:15.723-0700] {dag.py:3089} INFO - Sync 1 DAGs
[2025-10-30T21:26:15.748-0700] {logging_mixin.py:188} INFO - [2025-10-30T21:26:15.747-0700] {dag.py:3947} INFO - Setting next_dagrun for example_trigger_target_dag to None, run_after=None
[2025-10-30T21:26:15.879-0700] {processor.py:183} INFO - Processing /usr/local/lib/python3.10/dist-packages/airflow/example_dags/example_trigger_target_dag.py took 0.261 seconds
[2025-10-30T21:27:38.048-0700] {processor.py:161} INFO - Started process (PID=2172) to work on /usr/local/lib/python3.10/dist-packages/airflow/example_dags/example_trigger_target_dag.py
[2025-10-30T21:27:38.050-0700] {processor.py:830} INFO - Processing file /usr/local/lib/python3.10/dist-packages/airflow/example_dags/example_trigger_target_dag.py for tasks to queue
[2025-10-30T21:27:38.052-0700] {logging_mixin.py:188} INFO - [2025-10-30T21:27:38.052-0700] {dagbag.py:545} INFO - Filling up the DagBag from /usr/local/lib/python3.10/dist-packages/airflow/example_dags/example_trigger_target_dag.py
[2025-10-30T21:27:38.061-0700] {processor.py:840} INFO - DAG(s) 'example_trigger_target_dag' retrieved from /usr/local/lib/python3.10/dist-packages/airflow/example_dags/example_trigger_target_dag.py
[2025-10-30T21:27:38.099-0700] {logging_mixin.py:188} INFO - [2025-10-30T21:27:38.099-0700] {dag.py:3089} INFO - Sync 1 DAGs
[2025-10-30T21:27:38.121-0700] {logging_mixin.py:188} INFO - [2025-10-30T21:27:38.121-0700] {dag.py:3947} INFO - Setting next_dagrun for example_trigger_target_dag to None, run_after=None
[2025-10-30T21:27:38.227-0700] {processor.py:183} INFO - Processing /usr/local/lib/python3.10/dist-packages/airflow/example_dags/example_trigger_target_dag.py took 0.188 seconds
[2025-10-30T21:29:00.059-0700] {processor.py:161} INFO - Started process (PID=2247) to work on /usr/local/lib/python3.10/dist-packages/airflow/example_dags/example_trigger_target_dag.py
[2025-10-30T21:29:00.062-0700] {processor.py:830} INFO - Processing file /usr/local/lib/python3.10/dist-packages/airflow/example_dags/example_trigger_target_dag.py for tasks to queue
[2025-10-30T21:29:00.065-0700] {logging_mixin.py:188} INFO - [2025-10-30T21:29:00.064-0700] {dagbag.py:545} INFO - Filling up the DagBag from /usr/local/lib/python3.10/dist-packages/airflow/example_dags/example_trigger_target_dag.py
[2025-10-30T21:29:00.074-0700] {processor.py:840} INFO - DAG(s) 'example_trigger_target_dag' retrieved from /usr/local/lib/python3.10/dist-packages/airflow/example_dags/example_trigger_target_dag.py
[2025-10-30T21:29:00.121-0700] {logging_mixin.py:188} INFO - [2025-10-30T21:29:00.120-0700] {dag.py:3089} INFO - Sync 1 DAGs
[2025-10-30T21:29:00.152-0700] {logging_mixin.py:188} INFO - [2025-10-30T21:29:00.151-0700] {dag.py:3947} INFO - Setting next_dagrun for example_trigger_target_dag to None, run_after=None
[2025-10-30T21:29:00.312-0700] {processor.py:183} INFO - Processing /usr/local/lib/python3.10/dist-packages/airflow/example_dags/example_trigger_target_dag.py took 0.259 seconds
[2025-10-30T21:30:24.294-0700] {processor.py:161} INFO - Started process (PID=2322) to work on /usr/local/lib/python3.10/dist-packages/airflow/example_dags/example_trigger_target_dag.py
[2025-10-30T21:30:24.296-0700] {processor.py:830} INFO - Processing file /usr/local/lib/python3.10/dist-packages/airflow/example_dags/example_trigger_target_dag.py for tasks to queue
[2025-10-30T21:30:24.298-0700] {logging_mixin.py:188} INFO - [2025-10-30T21:30:24.298-0700] {dagbag.py:545} INFO - Filling up the DagBag from /usr/local/lib/python3.10/dist-packages/airflow/example_dags/example_trigger_target_dag.py
[2025-10-30T21:30:24.306-0700] {processor.py:840} INFO - DAG(s) 'example_trigger_target_dag' retrieved from /usr/local/lib/python3.10/dist-packages/airflow/example_dags/example_trigger_target_dag.py
[2025-10-30T21:30:24.357-0700] {logging_mixin.py:188} INFO - [2025-10-30T21:30:24.356-0700] {dag.py:3089} INFO - Sync 1 DAGs
[2025-10-30T21:30:24.379-0700] {logging_mixin.py:188} INFO - [2025-10-30T21:30:24.379-0700] {dag.py:3947} INFO - Setting next_dagrun for example_trigger_target_dag to None, run_after=None
[2025-10-30T21:30:24.506-0700] {processor.py:183} INFO - Processing /usr/local/lib/python3.10/dist-packages/airflow/example_dags/example_trigger_target_dag.py took 0.218 seconds
[2025-10-30T21:31:45.507-0700] {processor.py:161} INFO - Started process (PID=2396) to work on /usr/local/lib/python3.10/dist-packages/airflow/example_dags/example_trigger_target_dag.py
[2025-10-30T21:31:45.508-0700] {processor.py:830} INFO - Processing file /usr/local/lib/python3.10/dist-packages/airflow/example_dags/example_trigger_target_dag.py for tasks to queue
[2025-10-30T21:31:45.511-0700] {logging_mixin.py:188} INFO - [2025-10-30T21:31:45.510-0700] {dagbag.py:545} INFO - Filling up the DagBag from /usr/local/lib/python3.10/dist-packages/airflow/example_dags/example_trigger_target_dag.py
[2025-10-30T21:31:45.518-0700] {processor.py:840} INFO - DAG(s) 'example_trigger_target_dag' retrieved from /usr/local/lib/python3.10/dist-packages/airflow/example_dags/example_trigger_target_dag.py
[2025-10-30T21:31:45.562-0700] {logging_mixin.py:188} INFO - [2025-10-30T21:31:45.562-0700] {dag.py:3089} INFO - Sync 1 DAGs
[2025-10-30T21:31:45.583-0700] {logging_mixin.py:188} INFO - [2025-10-30T21:31:45.583-0700] {dag.py:3947} INFO - Setting next_dagrun for example_trigger_target_dag to None, run_after=None
[2025-10-30T21:31:45.727-0700] {processor.py:183} INFO - Processing /usr/local/lib/python3.10/dist-packages/airflow/example_dags/example_trigger_target_dag.py took 0.228 seconds
[2025-10-30T21:33:04.516-0700] {processor.py:161} INFO - Started process (PID=2475) to work on /usr/local/lib/python3.10/dist-packages/airflow/example_dags/example_trigger_target_dag.py
[2025-10-30T21:33:04.519-0700] {processor.py:830} INFO - Processing file /usr/local/lib/python3.10/dist-packages/airflow/example_dags/example_trigger_target_dag.py for tasks to queue
[2025-10-30T21:33:04.524-0700] {logging_mixin.py:188} INFO - [2025-10-30T21:33:04.523-0700] {dagbag.py:545} INFO - Filling up the DagBag from /usr/local/lib/python3.10/dist-packages/airflow/example_dags/example_trigger_target_dag.py
[2025-10-30T21:33:04.540-0700] {processor.py:840} INFO - DAG(s) 'example_trigger_target_dag' retrieved from /usr/local/lib/python3.10/dist-packages/airflow/example_dags/example_trigger_target_dag.py
[2025-10-30T21:33:04.609-0700] {logging_mixin.py:188} INFO - [2025-10-30T21:33:04.608-0700] {dag.py:3089} INFO - Sync 1 DAGs
[2025-10-30T21:33:04.648-0700] {logging_mixin.py:188} INFO - [2025-10-30T21:33:04.647-0700] {dag.py:3947} INFO - Setting next_dagrun for example_trigger_target_dag to None, run_after=None
[2025-10-30T21:33:04.794-0700] {processor.py:183} INFO - Processing /usr/local/lib/python3.10/dist-packages/airflow/example_dags/example_trigger_target_dag.py took 0.293 seconds
[2025-10-30T21:35:00.243-0700] {processor.py:161} INFO - Started process (PID=2552) to work on /usr/local/lib/python3.10/dist-packages/airflow/example_dags/example_trigger_target_dag.py
[2025-10-30T21:35:00.254-0700] {processor.py:830} INFO - Processing file /usr/local/lib/python3.10/dist-packages/airflow/example_dags/example_trigger_target_dag.py for tasks to queue
[2025-10-30T21:35:00.259-0700] {logging_mixin.py:188} INFO - [2025-10-30T21:35:00.258-0700] {dagbag.py:545} INFO - Filling up the DagBag from /usr/local/lib/python3.10/dist-packages/airflow/example_dags/example_trigger_target_dag.py
[2025-10-30T21:35:00.286-0700] {processor.py:840} INFO - DAG(s) 'example_trigger_target_dag' retrieved from /usr/local/lib/python3.10/dist-packages/airflow/example_dags/example_trigger_target_dag.py
[2025-10-30T21:35:00.356-0700] {logging_mixin.py:188} INFO - [2025-10-30T21:35:00.356-0700] {dag.py:3089} INFO - Sync 1 DAGs
[2025-10-30T21:35:00.389-0700] {logging_mixin.py:188} INFO - [2025-10-30T21:35:00.388-0700] {dag.py:3947} INFO - Setting next_dagrun for example_trigger_target_dag to None, run_after=None
[2025-10-30T21:35:00.514-0700] {processor.py:183} INFO - Processing /usr/local/lib/python3.10/dist-packages/airflow/example_dags/example_trigger_target_dag.py took 0.279 seconds
[2025-10-30T21:36:25.219-0700] {processor.py:161} INFO - Started process (PID=2638) to work on /usr/local/lib/python3.10/dist-packages/airflow/example_dags/example_trigger_target_dag.py
[2025-10-30T21:36:25.221-0700] {processor.py:830} INFO - Processing file /usr/local/lib/python3.10/dist-packages/airflow/example_dags/example_trigger_target_dag.py for tasks to queue
[2025-10-30T21:36:25.224-0700] {logging_mixin.py:188} INFO - [2025-10-30T21:36:25.224-0700] {dagbag.py:545} INFO - Filling up the DagBag from /usr/local/lib/python3.10/dist-packages/airflow/example_dags/example_trigger_target_dag.py
[2025-10-30T21:36:25.235-0700] {processor.py:840} INFO - DAG(s) 'example_trigger_target_dag' retrieved from /usr/local/lib/python3.10/dist-packages/airflow/example_dags/example_trigger_target_dag.py
[2025-10-30T21:36:25.279-0700] {logging_mixin.py:188} INFO - [2025-10-30T21:36:25.279-0700] {dag.py:3089} INFO - Sync 1 DAGs
[2025-10-30T21:36:25.305-0700] {logging_mixin.py:188} INFO - [2025-10-30T21:36:25.304-0700] {dag.py:3947} INFO - Setting next_dagrun for example_trigger_target_dag to None, run_after=None
[2025-10-30T21:36:25.452-0700] {processor.py:183} INFO - Processing /usr/local/lib/python3.10/dist-packages/airflow/example_dags/example_trigger_target_dag.py took 0.244 seconds
[2025-10-30T21:38:04.526-0700] {processor.py:161} INFO - Started process (PID=2719) to work on /usr/local/lib/python3.10/dist-packages/airflow/example_dags/example_trigger_target_dag.py
[2025-10-30T21:38:04.528-0700] {processor.py:830} INFO - Processing file /usr/local/lib/python3.10/dist-packages/airflow/example_dags/example_trigger_target_dag.py for tasks to queue
[2025-10-30T21:38:04.533-0700] {logging_mixin.py:188} INFO - [2025-10-30T21:38:04.531-0700] {dagbag.py:545} INFO - Filling up the DagBag from /usr/local/lib/python3.10/dist-packages/airflow/example_dags/example_trigger_target_dag.py
[2025-10-30T21:38:04.541-0700] {processor.py:840} INFO - DAG(s) 'example_trigger_target_dag' retrieved from /usr/local/lib/python3.10/dist-packages/airflow/example_dags/example_trigger_target_dag.py
[2025-10-30T21:38:04.574-0700] {logging_mixin.py:188} INFO - [2025-10-30T21:38:04.574-0700] {dag.py:3089} INFO - Sync 1 DAGs
[2025-10-30T21:38:04.592-0700] {logging_mixin.py:188} INFO - [2025-10-30T21:38:04.591-0700] {dag.py:3947} INFO - Setting next_dagrun for example_trigger_target_dag to None, run_after=None
[2025-10-30T21:38:04.692-0700] {processor.py:183} INFO - Processing /usr/local/lib/python3.10/dist-packages/airflow/example_dags/example_trigger_target_dag.py took 0.173 seconds
[2025-10-30T21:39:35.334-0700] {processor.py:161} INFO - Started process (PID=2821) to work on /usr/local/lib/python3.10/dist-packages/airflow/example_dags/example_trigger_target_dag.py
[2025-10-30T21:39:35.337-0700] {processor.py:830} INFO - Processing file /usr/local/lib/python3.10/dist-packages/airflow/example_dags/example_trigger_target_dag.py for tasks to queue
[2025-10-30T21:39:35.342-0700] {logging_mixin.py:188} INFO - [2025-10-30T21:39:35.341-0700] {dagbag.py:545} INFO - Filling up the DagBag from /usr/local/lib/python3.10/dist-packages/airflow/example_dags/example_trigger_target_dag.py
[2025-10-30T21:39:35.356-0700] {processor.py:840} INFO - DAG(s) 'example_trigger_target_dag' retrieved from /usr/local/lib/python3.10/dist-packages/airflow/example_dags/example_trigger_target_dag.py
[2025-10-30T21:39:35.407-0700] {logging_mixin.py:188} INFO - [2025-10-30T21:39:35.407-0700] {dag.py:3089} INFO - Sync 1 DAGs
[2025-10-30T21:39:35.428-0700] {logging_mixin.py:188} INFO - [2025-10-30T21:39:35.428-0700] {dag.py:3947} INFO - Setting next_dagrun for example_trigger_target_dag to None, run_after=None
[2025-10-30T21:39:35.558-0700] {processor.py:183} INFO - Processing /usr/local/lib/python3.10/dist-packages/airflow/example_dags/example_trigger_target_dag.py took 0.238 seconds
[2025-10-30T21:41:05.504-0700] {processor.py:161} INFO - Started process (PID=2899) to work on /usr/local/lib/python3.10/dist-packages/airflow/example_dags/example_trigger_target_dag.py
[2025-10-30T21:41:05.506-0700] {processor.py:830} INFO - Processing file /usr/local/lib/python3.10/dist-packages/airflow/example_dags/example_trigger_target_dag.py for tasks to queue
[2025-10-30T21:41:05.508-0700] {logging_mixin.py:188} INFO - [2025-10-30T21:41:05.508-0700] {dagbag.py:545} INFO - Filling up the DagBag from /usr/local/lib/python3.10/dist-packages/airflow/example_dags/example_trigger_target_dag.py
[2025-10-30T21:41:05.516-0700] {processor.py:840} INFO - DAG(s) 'example_trigger_target_dag' retrieved from /usr/local/lib/python3.10/dist-packages/airflow/example_dags/example_trigger_target_dag.py
[2025-10-30T21:41:05.559-0700] {logging_mixin.py:188} INFO - [2025-10-30T21:41:05.558-0700] {dag.py:3089} INFO - Sync 1 DAGs
[2025-10-30T21:41:05.580-0700] {logging_mixin.py:188} INFO - [2025-10-30T21:41:05.580-0700] {dag.py:3947} INFO - Setting next_dagrun for example_trigger_target_dag to None, run_after=None
[2025-10-30T21:41:05.765-0700] {processor.py:183} INFO - Processing /usr/local/lib/python3.10/dist-packages/airflow/example_dags/example_trigger_target_dag.py took 0.268 seconds
[2025-10-30T21:42:36.370-0700] {processor.py:161} INFO - Started process (PID=2978) to work on /usr/local/lib/python3.10/dist-packages/airflow/example_dags/example_trigger_target_dag.py
[2025-10-30T21:42:36.373-0700] {processor.py:830} INFO - Processing file /usr/local/lib/python3.10/dist-packages/airflow/example_dags/example_trigger_target_dag.py for tasks to queue
[2025-10-30T21:42:36.377-0700] {logging_mixin.py:188} INFO - [2025-10-30T21:42:36.377-0700] {dagbag.py:545} INFO - Filling up the DagBag from /usr/local/lib/python3.10/dist-packages/airflow/example_dags/example_trigger_target_dag.py
[2025-10-30T21:42:36.392-0700] {processor.py:840} INFO - DAG(s) 'example_trigger_target_dag' retrieved from /usr/local/lib/python3.10/dist-packages/airflow/example_dags/example_trigger_target_dag.py
[2025-10-30T21:42:36.470-0700] {logging_mixin.py:188} INFO - [2025-10-30T21:42:36.469-0700] {dag.py:3089} INFO - Sync 1 DAGs
[2025-10-30T21:42:36.499-0700] {logging_mixin.py:188} INFO - [2025-10-30T21:42:36.499-0700] {dag.py:3947} INFO - Setting next_dagrun for example_trigger_target_dag to None, run_after=None
[2025-10-30T21:42:36.661-0700] {processor.py:183} INFO - Processing /usr/local/lib/python3.10/dist-packages/airflow/example_dags/example_trigger_target_dag.py took 0.303 seconds
[2025-10-30T21:44:03.467-0700] {processor.py:161} INFO - Started process (PID=3055) to work on /usr/local/lib/python3.10/dist-packages/airflow/example_dags/example_trigger_target_dag.py
[2025-10-30T21:44:03.469-0700] {processor.py:830} INFO - Processing file /usr/local/lib/python3.10/dist-packages/airflow/example_dags/example_trigger_target_dag.py for tasks to queue
[2025-10-30T21:44:03.471-0700] {logging_mixin.py:188} INFO - [2025-10-30T21:44:03.471-0700] {dagbag.py:545} INFO - Filling up the DagBag from /usr/local/lib/python3.10/dist-packages/airflow/example_dags/example_trigger_target_dag.py
[2025-10-30T21:44:03.478-0700] {processor.py:840} INFO - DAG(s) 'example_trigger_target_dag' retrieved from /usr/local/lib/python3.10/dist-packages/airflow/example_dags/example_trigger_target_dag.py
[2025-10-30T21:44:03.517-0700] {logging_mixin.py:188} INFO - [2025-10-30T21:44:03.517-0700] {dag.py:3089} INFO - Sync 1 DAGs
[2025-10-30T21:44:03.539-0700] {logging_mixin.py:188} INFO - [2025-10-30T21:44:03.539-0700] {dag.py:3947} INFO - Setting next_dagrun for example_trigger_target_dag to None, run_after=None
[2025-10-30T21:44:03.660-0700] {processor.py:183} INFO - Processing /usr/local/lib/python3.10/dist-packages/airflow/example_dags/example_trigger_target_dag.py took 0.200 seconds
[2025-10-30T21:45:50.987-0700] {processor.py:161} INFO - Started process (PID=3165) to work on /usr/local/lib/python3.10/dist-packages/airflow/example_dags/example_trigger_target_dag.py
[2025-10-30T21:45:50.989-0700] {processor.py:830} INFO - Processing file /usr/local/lib/python3.10/dist-packages/airflow/example_dags/example_trigger_target_dag.py for tasks to queue
[2025-10-30T21:45:50.991-0700] {logging_mixin.py:188} INFO - [2025-10-30T21:45:50.991-0700] {dagbag.py:545} INFO - Filling up the DagBag from /usr/local/lib/python3.10/dist-packages/airflow/example_dags/example_trigger_target_dag.py
[2025-10-30T21:45:50.999-0700] {processor.py:840} INFO - DAG(s) 'example_trigger_target_dag' retrieved from /usr/local/lib/python3.10/dist-packages/airflow/example_dags/example_trigger_target_dag.py
[2025-10-30T21:45:51.032-0700] {logging_mixin.py:188} INFO - [2025-10-30T21:45:51.031-0700] {dag.py:3089} INFO - Sync 1 DAGs
[2025-10-30T21:45:51.053-0700] {logging_mixin.py:188} INFO - [2025-10-30T21:45:51.052-0700] {dag.py:3947} INFO - Setting next_dagrun for example_trigger_target_dag to None, run_after=None
[2025-10-30T21:45:51.161-0700] {processor.py:183} INFO - Processing /usr/local/lib/python3.10/dist-packages/airflow/example_dags/example_trigger_target_dag.py took 0.181 seconds
[2025-10-30T21:47:18.058-0700] {processor.py:161} INFO - Started process (PID=3242) to work on /usr/local/lib/python3.10/dist-packages/airflow/example_dags/example_trigger_target_dag.py
[2025-10-30T21:47:18.061-0700] {processor.py:830} INFO - Processing file /usr/local/lib/python3.10/dist-packages/airflow/example_dags/example_trigger_target_dag.py for tasks to queue
[2025-10-30T21:47:18.065-0700] {logging_mixin.py:188} INFO - [2025-10-30T21:47:18.064-0700] {dagbag.py:545} INFO - Filling up the DagBag from /usr/local/lib/python3.10/dist-packages/airflow/example_dags/example_trigger_target_dag.py
[2025-10-30T21:47:18.077-0700] {processor.py:840} INFO - DAG(s) 'example_trigger_target_dag' retrieved from /usr/local/lib/python3.10/dist-packages/airflow/example_dags/example_trigger_target_dag.py
[2025-10-30T21:47:18.121-0700] {logging_mixin.py:188} INFO - [2025-10-30T21:47:18.120-0700] {dag.py:3089} INFO - Sync 1 DAGs
[2025-10-30T21:47:18.144-0700] {logging_mixin.py:188} INFO - [2025-10-30T21:47:18.144-0700] {dag.py:3947} INFO - Setting next_dagrun for example_trigger_target_dag to None, run_after=None
[2025-10-30T21:47:18.247-0700] {processor.py:183} INFO - Processing /usr/local/lib/python3.10/dist-packages/airflow/example_dags/example_trigger_target_dag.py took 0.198 seconds
[2025-10-30T21:50:26.695-0700] {processor.py:161} INFO - Started process (PID=3635) to work on /usr/local/lib/python3.10/dist-packages/airflow/example_dags/example_trigger_target_dag.py
[2025-10-30T21:50:26.698-0700] {processor.py:830} INFO - Processing file /usr/local/lib/python3.10/dist-packages/airflow/example_dags/example_trigger_target_dag.py for tasks to queue
[2025-10-30T21:50:26.702-0700] {logging_mixin.py:188} INFO - [2025-10-30T21:50:26.701-0700] {dagbag.py:545} INFO - Filling up the DagBag from /usr/local/lib/python3.10/dist-packages/airflow/example_dags/example_trigger_target_dag.py
[2025-10-30T21:50:26.716-0700] {processor.py:840} INFO - DAG(s) 'example_trigger_target_dag' retrieved from /usr/local/lib/python3.10/dist-packages/airflow/example_dags/example_trigger_target_dag.py
[2025-10-30T21:50:26.765-0700] {logging_mixin.py:188} INFO - [2025-10-30T21:50:26.765-0700] {dag.py:3089} INFO - Sync 1 DAGs
[2025-10-30T21:50:26.789-0700] {logging_mixin.py:188} INFO - [2025-10-30T21:50:26.787-0700] {dag.py:3947} INFO - Setting next_dagrun for example_trigger_target_dag to None, run_after=None
[2025-10-30T21:50:26.925-0700] {processor.py:183} INFO - Processing /usr/local/lib/python3.10/dist-packages/airflow/example_dags/example_trigger_target_dag.py took 0.242 seconds
[2025-10-30T21:51:51.176-0700] {processor.py:161} INFO - Started process (PID=3712) to work on /usr/local/lib/python3.10/dist-packages/airflow/example_dags/example_trigger_target_dag.py
[2025-10-30T21:51:51.178-0700] {processor.py:830} INFO - Processing file /usr/local/lib/python3.10/dist-packages/airflow/example_dags/example_trigger_target_dag.py for tasks to queue
[2025-10-30T21:51:51.181-0700] {logging_mixin.py:188} INFO - [2025-10-30T21:51:51.181-0700] {dagbag.py:545} INFO - Filling up the DagBag from /usr/local/lib/python3.10/dist-packages/airflow/example_dags/example_trigger_target_dag.py
[2025-10-30T21:51:51.192-0700] {processor.py:840} INFO - DAG(s) 'example_trigger_target_dag' retrieved from /usr/local/lib/python3.10/dist-packages/airflow/example_dags/example_trigger_target_dag.py
[2025-10-30T21:51:51.233-0700] {logging_mixin.py:188} INFO - [2025-10-30T21:51:51.232-0700] {dag.py:3089} INFO - Sync 1 DAGs
[2025-10-30T21:51:51.254-0700] {logging_mixin.py:188} INFO - [2025-10-30T21:51:51.253-0700] {dag.py:3947} INFO - Setting next_dagrun for example_trigger_target_dag to None, run_after=None
[2025-10-30T21:51:51.361-0700] {processor.py:183} INFO - Processing /usr/local/lib/python3.10/dist-packages/airflow/example_dags/example_trigger_target_dag.py took 0.195 seconds
[2025-10-30T21:53:19.396-0700] {processor.py:161} INFO - Started process (PID=3790) to work on /usr/local/lib/python3.10/dist-packages/airflow/example_dags/example_trigger_target_dag.py
[2025-10-30T21:53:19.398-0700] {processor.py:830} INFO - Processing file /usr/local/lib/python3.10/dist-packages/airflow/example_dags/example_trigger_target_dag.py for tasks to queue
[2025-10-30T21:53:19.401-0700] {logging_mixin.py:188} INFO - [2025-10-30T21:53:19.400-0700] {dagbag.py:545} INFO - Filling up the DagBag from /usr/local/lib/python3.10/dist-packages/airflow/example_dags/example_trigger_target_dag.py
[2025-10-30T21:53:19.411-0700] {processor.py:840} INFO - DAG(s) 'example_trigger_target_dag' retrieved from /usr/local/lib/python3.10/dist-packages/airflow/example_dags/example_trigger_target_dag.py
[2025-10-30T21:53:19.449-0700] {logging_mixin.py:188} INFO - [2025-10-30T21:53:19.448-0700] {dag.py:3089} INFO - Sync 1 DAGs
[2025-10-30T21:53:19.469-0700] {logging_mixin.py:188} INFO - [2025-10-30T21:53:19.468-0700] {dag.py:3947} INFO - Setting next_dagrun for example_trigger_target_dag to None, run_after=None
[2025-10-30T21:53:19.579-0700] {processor.py:183} INFO - Processing /usr/local/lib/python3.10/dist-packages/airflow/example_dags/example_trigger_target_dag.py took 0.192 seconds
[2025-10-30T21:55:41.213-0700] {processor.py:161} INFO - Started process (PID=4012) to work on /usr/local/lib/python3.10/dist-packages/airflow/example_dags/example_trigger_target_dag.py
[2025-10-30T21:55:41.216-0700] {processor.py:830} INFO - Processing file /usr/local/lib/python3.10/dist-packages/airflow/example_dags/example_trigger_target_dag.py for tasks to queue
[2025-10-30T21:55:41.220-0700] {logging_mixin.py:188} INFO - [2025-10-30T21:55:41.220-0700] {dagbag.py:545} INFO - Filling up the DagBag from /usr/local/lib/python3.10/dist-packages/airflow/example_dags/example_trigger_target_dag.py
[2025-10-30T21:55:41.240-0700] {processor.py:840} INFO - DAG(s) 'example_trigger_target_dag' retrieved from /usr/local/lib/python3.10/dist-packages/airflow/example_dags/example_trigger_target_dag.py
[2025-10-30T21:55:41.300-0700] {logging_mixin.py:188} INFO - [2025-10-30T21:55:41.299-0700] {dag.py:3089} INFO - Sync 1 DAGs
[2025-10-30T21:55:41.323-0700] {logging_mixin.py:188} INFO - [2025-10-30T21:55:41.323-0700] {dag.py:3947} INFO - Setting next_dagrun for example_trigger_target_dag to None, run_after=None
[2025-10-30T21:55:41.471-0700] {processor.py:183} INFO - Processing /usr/local/lib/python3.10/dist-packages/airflow/example_dags/example_trigger_target_dag.py took 0.273 seconds
[2025-10-30T21:56:49.024-0700] {processor.py:161} INFO - Started process (PID=4068) to work on /usr/local/lib/python3.10/dist-packages/airflow/example_dags/example_trigger_target_dag.py
[2025-10-30T21:56:49.027-0700] {processor.py:830} INFO - Processing file /usr/local/lib/python3.10/dist-packages/airflow/example_dags/example_trigger_target_dag.py for tasks to queue
[2025-10-30T21:56:49.031-0700] {logging_mixin.py:188} INFO - [2025-10-30T21:56:49.031-0700] {dagbag.py:545} INFO - Filling up the DagBag from /usr/local/lib/python3.10/dist-packages/airflow/example_dags/example_trigger_target_dag.py
[2025-10-30T21:56:49.042-0700] {processor.py:840} INFO - DAG(s) 'example_trigger_target_dag' retrieved from /usr/local/lib/python3.10/dist-packages/airflow/example_dags/example_trigger_target_dag.py
[2025-10-30T21:56:49.088-0700] {logging_mixin.py:188} INFO - [2025-10-30T21:56:49.088-0700] {dag.py:3089} INFO - Sync 1 DAGs
[2025-10-30T21:56:49.117-0700] {logging_mixin.py:188} INFO - [2025-10-30T21:56:49.116-0700] {dag.py:3947} INFO - Setting next_dagrun for example_trigger_target_dag to None, run_after=None
[2025-10-30T21:56:49.297-0700] {processor.py:183} INFO - Processing /usr/local/lib/python3.10/dist-packages/airflow/example_dags/example_trigger_target_dag.py took 0.285 seconds
[2025-10-30T21:58:13.556-0700] {processor.py:161} INFO - Started process (PID=4145) to work on /usr/local/lib/python3.10/dist-packages/airflow/example_dags/example_trigger_target_dag.py
[2025-10-30T21:58:13.558-0700] {processor.py:830} INFO - Processing file /usr/local/lib/python3.10/dist-packages/airflow/example_dags/example_trigger_target_dag.py for tasks to queue
[2025-10-30T21:58:13.562-0700] {logging_mixin.py:188} INFO - [2025-10-30T21:58:13.561-0700] {dagbag.py:545} INFO - Filling up the DagBag from /usr/local/lib/python3.10/dist-packages/airflow/example_dags/example_trigger_target_dag.py
[2025-10-30T21:58:13.571-0700] {processor.py:840} INFO - DAG(s) 'example_trigger_target_dag' retrieved from /usr/local/lib/python3.10/dist-packages/airflow/example_dags/example_trigger_target_dag.py
[2025-10-30T21:58:13.621-0700] {logging_mixin.py:188} INFO - [2025-10-30T21:58:13.621-0700] {dag.py:3089} INFO - Sync 1 DAGs
[2025-10-30T21:58:13.640-0700] {logging_mixin.py:188} INFO - [2025-10-30T21:58:13.640-0700] {dag.py:3947} INFO - Setting next_dagrun for example_trigger_target_dag to None, run_after=None
[2025-10-30T21:58:13.765-0700] {processor.py:183} INFO - Processing /usr/local/lib/python3.10/dist-packages/airflow/example_dags/example_trigger_target_dag.py took 0.218 seconds
[2025-10-30T21:59:35.172-0700] {processor.py:161} INFO - Started process (PID=4220) to work on /usr/local/lib/python3.10/dist-packages/airflow/example_dags/example_trigger_target_dag.py
[2025-10-30T21:59:35.174-0700] {processor.py:830} INFO - Processing file /usr/local/lib/python3.10/dist-packages/airflow/example_dags/example_trigger_target_dag.py for tasks to queue
[2025-10-30T21:59:35.178-0700] {logging_mixin.py:188} INFO - [2025-10-30T21:59:35.177-0700] {dagbag.py:545} INFO - Filling up the DagBag from /usr/local/lib/python3.10/dist-packages/airflow/example_dags/example_trigger_target_dag.py
[2025-10-30T21:59:35.186-0700] {processor.py:840} INFO - DAG(s) 'example_trigger_target_dag' retrieved from /usr/local/lib/python3.10/dist-packages/airflow/example_dags/example_trigger_target_dag.py
[2025-10-30T21:59:35.226-0700] {logging_mixin.py:188} INFO - [2025-10-30T21:59:35.226-0700] {dag.py:3089} INFO - Sync 1 DAGs
[2025-10-30T21:59:35.252-0700] {logging_mixin.py:188} INFO - [2025-10-30T21:59:35.251-0700] {dag.py:3947} INFO - Setting next_dagrun for example_trigger_target_dag to None, run_after=None
[2025-10-30T21:59:35.382-0700] {processor.py:183} INFO - Processing /usr/local/lib/python3.10/dist-packages/airflow/example_dags/example_trigger_target_dag.py took 0.217 seconds
[2025-10-30T22:01:00.921-0700] {processor.py:161} INFO - Started process (PID=4297) to work on /usr/local/lib/python3.10/dist-packages/airflow/example_dags/example_trigger_target_dag.py
[2025-10-30T22:01:00.924-0700] {processor.py:830} INFO - Processing file /usr/local/lib/python3.10/dist-packages/airflow/example_dags/example_trigger_target_dag.py for tasks to queue
[2025-10-30T22:01:00.926-0700] {logging_mixin.py:188} INFO - [2025-10-30T22:01:00.926-0700] {dagbag.py:545} INFO - Filling up the DagBag from /usr/local/lib/python3.10/dist-packages/airflow/example_dags/example_trigger_target_dag.py
[2025-10-30T22:01:00.938-0700] {processor.py:840} INFO - DAG(s) 'example_trigger_target_dag' retrieved from /usr/local/lib/python3.10/dist-packages/airflow/example_dags/example_trigger_target_dag.py
[2025-10-30T22:01:00.989-0700] {logging_mixin.py:188} INFO - [2025-10-30T22:01:00.988-0700] {dag.py:3089} INFO - Sync 1 DAGs
[2025-10-30T22:01:01.011-0700] {logging_mixin.py:188} INFO - [2025-10-30T22:01:01.010-0700] {dag.py:3947} INFO - Setting next_dagrun for example_trigger_target_dag to None, run_after=None
[2025-10-30T22:01:01.129-0700] {processor.py:183} INFO - Processing /usr/local/lib/python3.10/dist-packages/airflow/example_dags/example_trigger_target_dag.py took 0.220 seconds
[2025-10-30T22:02:22.868-0700] {processor.py:161} INFO - Started process (PID=4373) to work on /usr/local/lib/python3.10/dist-packages/airflow/example_dags/example_trigger_target_dag.py
[2025-10-30T22:02:22.870-0700] {processor.py:830} INFO - Processing file /usr/local/lib/python3.10/dist-packages/airflow/example_dags/example_trigger_target_dag.py for tasks to queue
[2025-10-30T22:02:22.873-0700] {logging_mixin.py:188} INFO - [2025-10-30T22:02:22.873-0700] {dagbag.py:545} INFO - Filling up the DagBag from /usr/local/lib/python3.10/dist-packages/airflow/example_dags/example_trigger_target_dag.py
[2025-10-30T22:02:22.884-0700] {processor.py:840} INFO - DAG(s) 'example_trigger_target_dag' retrieved from /usr/local/lib/python3.10/dist-packages/airflow/example_dags/example_trigger_target_dag.py
[2025-10-30T22:02:22.926-0700] {logging_mixin.py:188} INFO - [2025-10-30T22:02:22.925-0700] {dag.py:3089} INFO - Sync 1 DAGs
[2025-10-30T22:02:22.946-0700] {logging_mixin.py:188} INFO - [2025-10-30T22:02:22.945-0700] {dag.py:3947} INFO - Setting next_dagrun for example_trigger_target_dag to None, run_after=None
[2025-10-30T22:02:23.053-0700] {processor.py:183} INFO - Processing /usr/local/lib/python3.10/dist-packages/airflow/example_dags/example_trigger_target_dag.py took 0.193 seconds
[2025-10-30T22:03:49.536-0700] {processor.py:161} INFO - Started process (PID=4449) to work on /usr/local/lib/python3.10/dist-packages/airflow/example_dags/example_trigger_target_dag.py
[2025-10-30T22:03:49.538-0700] {processor.py:830} INFO - Processing file /usr/local/lib/python3.10/dist-packages/airflow/example_dags/example_trigger_target_dag.py for tasks to queue
[2025-10-30T22:03:49.542-0700] {logging_mixin.py:188} INFO - [2025-10-30T22:03:49.541-0700] {dagbag.py:545} INFO - Filling up the DagBag from /usr/local/lib/python3.10/dist-packages/airflow/example_dags/example_trigger_target_dag.py
[2025-10-30T22:03:49.556-0700] {processor.py:840} INFO - DAG(s) 'example_trigger_target_dag' retrieved from /usr/local/lib/python3.10/dist-packages/airflow/example_dags/example_trigger_target_dag.py
[2025-10-30T22:03:49.597-0700] {logging_mixin.py:188} INFO - [2025-10-30T22:03:49.597-0700] {dag.py:3089} INFO - Sync 1 DAGs
[2025-10-30T22:03:49.616-0700] {logging_mixin.py:188} INFO - [2025-10-30T22:03:49.615-0700] {dag.py:3947} INFO - Setting next_dagrun for example_trigger_target_dag to None, run_after=None
[2025-10-30T22:03:49.744-0700] {processor.py:183} INFO - Processing /usr/local/lib/python3.10/dist-packages/airflow/example_dags/example_trigger_target_dag.py took 0.224 seconds
