[2025-10-30T20:58:51.955-0700] {processor.py:161} INFO - Started process (PID=574) to work on /usr/local/lib/python3.10/dist-packages/airflow/example_dags/example_branch_day_of_week_operator.py
[2025-10-30T20:58:51.957-0700] {processor.py:830} INFO - Processing file /usr/local/lib/python3.10/dist-packages/airflow/example_dags/example_branch_day_of_week_operator.py for tasks to queue
[2025-10-30T20:58:51.958-0700] {logging_mixin.py:188} INFO - [2025-10-30T20:58:51.958-0700] {dagbag.py:545} INFO - Filling up the DagBag from /usr/local/lib/python3.10/dist-packages/airflow/example_dags/example_branch_day_of_week_operator.py
[2025-10-30T20:58:51.975-0700] {processor.py:840} INFO - DAG(s) 'example_weekday_branch_operator' retrieved from /usr/local/lib/python3.10/dist-packages/airflow/example_dags/example_branch_day_of_week_operator.py
[2025-10-30T20:58:52.278-0700] {logging_mixin.py:188} INFO - [2025-10-30T20:58:52.277-0700] {override.py:1858} INFO - Created Permission View: can delete on DAG:example_weekday_branch_operator
[2025-10-30T20:58:52.330-0700] {logging_mixin.py:188} INFO - [2025-10-30T20:58:52.330-0700] {override.py:1858} INFO - Created Permission View: can edit on DAG:example_weekday_branch_operator
[2025-10-30T20:58:52.375-0700] {logging_mixin.py:188} INFO - [2025-10-30T20:58:52.374-0700] {override.py:1858} INFO - Created Permission View: can read on DAG:example_weekday_branch_operator
[2025-10-30T20:58:52.376-0700] {logging_mixin.py:188} INFO - [2025-10-30T20:58:52.375-0700] {dag.py:3089} INFO - Sync 1 DAGs
[2025-10-30T20:58:52.399-0700] {logging_mixin.py:188} INFO - [2025-10-30T20:58:52.398-0700] {dag.py:3111} INFO - Creating ORM DAG for example_weekday_branch_operator
[2025-10-30T20:58:52.424-0700] {logging_mixin.py:188} INFO - [2025-10-30T20:58:52.424-0700] {dag.py:3947} INFO - Setting next_dagrun for example_weekday_branch_operator to 2025-10-30 00:00:00+00:00, run_after=2025-10-31 00:00:00+00:00
[2025-10-30T20:58:52.524-0700] {processor.py:183} INFO - Processing /usr/local/lib/python3.10/dist-packages/airflow/example_dags/example_branch_day_of_week_operator.py took 0.580 seconds
[2025-10-30T21:00:07.866-0700] {processor.py:161} INFO - Started process (PID=650) to work on /usr/local/lib/python3.10/dist-packages/airflow/example_dags/example_branch_day_of_week_operator.py
[2025-10-30T21:00:07.868-0700] {processor.py:830} INFO - Processing file /usr/local/lib/python3.10/dist-packages/airflow/example_dags/example_branch_day_of_week_operator.py for tasks to queue
[2025-10-30T21:00:07.869-0700] {logging_mixin.py:188} INFO - [2025-10-30T21:00:07.868-0700] {dagbag.py:545} INFO - Filling up the DagBag from /usr/local/lib/python3.10/dist-packages/airflow/example_dags/example_branch_day_of_week_operator.py
[2025-10-30T21:00:07.875-0700] {processor.py:840} INFO - DAG(s) 'example_weekday_branch_operator' retrieved from /usr/local/lib/python3.10/dist-packages/airflow/example_dags/example_branch_day_of_week_operator.py
[2025-10-30T21:00:07.915-0700] {logging_mixin.py:188} INFO - [2025-10-30T21:00:07.915-0700] {dag.py:3089} INFO - Sync 1 DAGs
[2025-10-30T21:00:07.949-0700] {logging_mixin.py:188} INFO - [2025-10-30T21:00:07.948-0700] {dag.py:3947} INFO - Setting next_dagrun for example_weekday_branch_operator to 2025-10-30 00:00:00+00:00, run_after=2025-10-31 00:00:00+00:00
[2025-10-30T21:00:08.054-0700] {processor.py:183} INFO - Processing /usr/local/lib/python3.10/dist-packages/airflow/example_dags/example_branch_day_of_week_operator.py took 0.195 seconds
[2025-10-30T21:01:19.223-0700] {processor.py:161} INFO - Started process (PID=724) to work on /usr/local/lib/python3.10/dist-packages/airflow/example_dags/example_branch_day_of_week_operator.py
[2025-10-30T21:01:19.226-0700] {processor.py:830} INFO - Processing file /usr/local/lib/python3.10/dist-packages/airflow/example_dags/example_branch_day_of_week_operator.py for tasks to queue
[2025-10-30T21:01:19.228-0700] {logging_mixin.py:188} INFO - [2025-10-30T21:01:19.227-0700] {dagbag.py:545} INFO - Filling up the DagBag from /usr/local/lib/python3.10/dist-packages/airflow/example_dags/example_branch_day_of_week_operator.py
[2025-10-30T21:01:19.240-0700] {processor.py:840} INFO - DAG(s) 'example_weekday_branch_operator' retrieved from /usr/local/lib/python3.10/dist-packages/airflow/example_dags/example_branch_day_of_week_operator.py
[2025-10-30T21:01:19.299-0700] {logging_mixin.py:188} INFO - [2025-10-30T21:01:19.299-0700] {dag.py:3089} INFO - Sync 1 DAGs
[2025-10-30T21:01:19.345-0700] {logging_mixin.py:188} INFO - [2025-10-30T21:01:19.345-0700] {dag.py:3947} INFO - Setting next_dagrun for example_weekday_branch_operator to 2025-10-30 00:00:00+00:00, run_after=2025-10-31 00:00:00+00:00
[2025-10-30T21:01:19.529-0700] {processor.py:183} INFO - Processing /usr/local/lib/python3.10/dist-packages/airflow/example_dags/example_branch_day_of_week_operator.py took 0.317 seconds
[2025-10-30T21:02:25.731-0700] {processor.py:161} INFO - Started process (PID=798) to work on /usr/local/lib/python3.10/dist-packages/airflow/example_dags/example_branch_day_of_week_operator.py
[2025-10-30T21:02:25.732-0700] {processor.py:830} INFO - Processing file /usr/local/lib/python3.10/dist-packages/airflow/example_dags/example_branch_day_of_week_operator.py for tasks to queue
[2025-10-30T21:02:25.733-0700] {logging_mixin.py:188} INFO - [2025-10-30T21:02:25.733-0700] {dagbag.py:545} INFO - Filling up the DagBag from /usr/local/lib/python3.10/dist-packages/airflow/example_dags/example_branch_day_of_week_operator.py
[2025-10-30T21:02:25.741-0700] {processor.py:840} INFO - DAG(s) 'example_weekday_branch_operator' retrieved from /usr/local/lib/python3.10/dist-packages/airflow/example_dags/example_branch_day_of_week_operator.py
[2025-10-30T21:02:25.784-0700] {logging_mixin.py:188} INFO - [2025-10-30T21:02:25.784-0700] {dag.py:3089} INFO - Sync 1 DAGs
[2025-10-30T21:02:25.828-0700] {logging_mixin.py:188} INFO - [2025-10-30T21:02:25.828-0700] {dag.py:3947} INFO - Setting next_dagrun for example_weekday_branch_operator to 2025-10-30 00:00:00+00:00, run_after=2025-10-31 00:00:00+00:00
[2025-10-30T21:02:26.028-0700] {processor.py:183} INFO - Processing /usr/local/lib/python3.10/dist-packages/airflow/example_dags/example_branch_day_of_week_operator.py took 0.303 seconds
[2025-10-30T21:03:36.588-0700] {processor.py:161} INFO - Started process (PID=871) to work on /usr/local/lib/python3.10/dist-packages/airflow/example_dags/example_branch_day_of_week_operator.py
[2025-10-30T21:03:36.589-0700] {processor.py:830} INFO - Processing file /usr/local/lib/python3.10/dist-packages/airflow/example_dags/example_branch_day_of_week_operator.py for tasks to queue
[2025-10-30T21:03:36.590-0700] {logging_mixin.py:188} INFO - [2025-10-30T21:03:36.590-0700] {dagbag.py:545} INFO - Filling up the DagBag from /usr/local/lib/python3.10/dist-packages/airflow/example_dags/example_branch_day_of_week_operator.py
[2025-10-30T21:03:36.596-0700] {processor.py:840} INFO - DAG(s) 'example_weekday_branch_operator' retrieved from /usr/local/lib/python3.10/dist-packages/airflow/example_dags/example_branch_day_of_week_operator.py
[2025-10-30T21:03:36.620-0700] {logging_mixin.py:188} INFO - [2025-10-30T21:03:36.620-0700] {dag.py:3089} INFO - Sync 1 DAGs
[2025-10-30T21:03:36.641-0700] {logging_mixin.py:188} INFO - [2025-10-30T21:03:36.641-0700] {dag.py:3947} INFO - Setting next_dagrun for example_weekday_branch_operator to 2025-10-30 00:00:00+00:00, run_after=2025-10-31 00:00:00+00:00
[2025-10-30T21:03:36.695-0700] {processor.py:183} INFO - Processing /usr/local/lib/python3.10/dist-packages/airflow/example_dags/example_branch_day_of_week_operator.py took 0.113 seconds
[2025-10-30T21:04:50.591-0700] {processor.py:161} INFO - Started process (PID=946) to work on /usr/local/lib/python3.10/dist-packages/airflow/example_dags/example_branch_day_of_week_operator.py
[2025-10-30T21:04:50.593-0700] {processor.py:830} INFO - Processing file /usr/local/lib/python3.10/dist-packages/airflow/example_dags/example_branch_day_of_week_operator.py for tasks to queue
[2025-10-30T21:04:50.594-0700] {logging_mixin.py:188} INFO - [2025-10-30T21:04:50.594-0700] {dagbag.py:545} INFO - Filling up the DagBag from /usr/local/lib/python3.10/dist-packages/airflow/example_dags/example_branch_day_of_week_operator.py
[2025-10-30T21:04:50.601-0700] {processor.py:840} INFO - DAG(s) 'example_weekday_branch_operator' retrieved from /usr/local/lib/python3.10/dist-packages/airflow/example_dags/example_branch_day_of_week_operator.py
[2025-10-30T21:04:50.640-0700] {logging_mixin.py:188} INFO - [2025-10-30T21:04:50.640-0700] {dag.py:3089} INFO - Sync 1 DAGs
[2025-10-30T21:04:50.677-0700] {logging_mixin.py:188} INFO - [2025-10-30T21:04:50.677-0700] {dag.py:3947} INFO - Setting next_dagrun for example_weekday_branch_operator to 2025-10-30 00:00:00+00:00, run_after=2025-10-31 00:00:00+00:00
[2025-10-30T21:04:50.914-0700] {processor.py:183} INFO - Processing /usr/local/lib/python3.10/dist-packages/airflow/example_dags/example_branch_day_of_week_operator.py took 0.328 seconds
[2025-10-30T21:05:56.889-0700] {processor.py:161} INFO - Started process (PID=1016) to work on /usr/local/lib/python3.10/dist-packages/airflow/example_dags/example_branch_day_of_week_operator.py
[2025-10-30T21:05:56.890-0700] {processor.py:830} INFO - Processing file /usr/local/lib/python3.10/dist-packages/airflow/example_dags/example_branch_day_of_week_operator.py for tasks to queue
[2025-10-30T21:05:56.891-0700] {logging_mixin.py:188} INFO - [2025-10-30T21:05:56.891-0700] {dagbag.py:545} INFO - Filling up the DagBag from /usr/local/lib/python3.10/dist-packages/airflow/example_dags/example_branch_day_of_week_operator.py
[2025-10-30T21:05:56.897-0700] {processor.py:840} INFO - DAG(s) 'example_weekday_branch_operator' retrieved from /usr/local/lib/python3.10/dist-packages/airflow/example_dags/example_branch_day_of_week_operator.py
[2025-10-30T21:05:56.957-0700] {logging_mixin.py:188} INFO - [2025-10-30T21:05:56.957-0700] {dag.py:3089} INFO - Sync 1 DAGs
[2025-10-30T21:05:57.017-0700] {logging_mixin.py:188} INFO - [2025-10-30T21:05:57.017-0700] {dag.py:3947} INFO - Setting next_dagrun for example_weekday_branch_operator to 2025-10-30 00:00:00+00:00, run_after=2025-10-31 00:00:00+00:00
[2025-10-30T21:05:57.190-0700] {processor.py:183} INFO - Processing /usr/local/lib/python3.10/dist-packages/airflow/example_dags/example_branch_day_of_week_operator.py took 0.306 seconds
[2025-10-30T21:08:42.251-0700] {processor.py:161} INFO - Started process (PID=1120) to work on /usr/local/lib/python3.10/dist-packages/airflow/example_dags/example_branch_day_of_week_operator.py
[2025-10-30T21:08:42.253-0700] {processor.py:830} INFO - Processing file /usr/local/lib/python3.10/dist-packages/airflow/example_dags/example_branch_day_of_week_operator.py for tasks to queue
[2025-10-30T21:08:42.256-0700] {logging_mixin.py:188} INFO - [2025-10-30T21:08:42.255-0700] {dagbag.py:545} INFO - Filling up the DagBag from /usr/local/lib/python3.10/dist-packages/airflow/example_dags/example_branch_day_of_week_operator.py
[2025-10-30T21:08:42.264-0700] {processor.py:840} INFO - DAG(s) 'example_weekday_branch_operator' retrieved from /usr/local/lib/python3.10/dist-packages/airflow/example_dags/example_branch_day_of_week_operator.py
[2025-10-30T21:08:42.305-0700] {logging_mixin.py:188} INFO - [2025-10-30T21:08:42.305-0700] {dag.py:3089} INFO - Sync 1 DAGs
[2025-10-30T21:08:42.348-0700] {logging_mixin.py:188} INFO - [2025-10-30T21:08:42.347-0700] {dag.py:3947} INFO - Setting next_dagrun for example_weekday_branch_operator to 2025-10-30 00:00:00+00:00, run_after=2025-10-31 00:00:00+00:00
[2025-10-30T21:08:42.423-0700] {processor.py:183} INFO - Processing /usr/local/lib/python3.10/dist-packages/airflow/example_dags/example_branch_day_of_week_operator.py took 0.176 seconds
[2025-10-30T21:09:54.330-0700] {processor.py:161} INFO - Started process (PID=1191) to work on /usr/local/lib/python3.10/dist-packages/airflow/example_dags/example_branch_day_of_week_operator.py
[2025-10-30T21:09:54.332-0700] {processor.py:830} INFO - Processing file /usr/local/lib/python3.10/dist-packages/airflow/example_dags/example_branch_day_of_week_operator.py for tasks to queue
[2025-10-30T21:09:54.335-0700] {logging_mixin.py:188} INFO - [2025-10-30T21:09:54.335-0700] {dagbag.py:545} INFO - Filling up the DagBag from /usr/local/lib/python3.10/dist-packages/airflow/example_dags/example_branch_day_of_week_operator.py
[2025-10-30T21:09:54.347-0700] {processor.py:840} INFO - DAG(s) 'example_weekday_branch_operator' retrieved from /usr/local/lib/python3.10/dist-packages/airflow/example_dags/example_branch_day_of_week_operator.py
[2025-10-30T21:09:54.403-0700] {logging_mixin.py:188} INFO - [2025-10-30T21:09:54.402-0700] {dag.py:3089} INFO - Sync 1 DAGs
[2025-10-30T21:09:54.452-0700] {logging_mixin.py:188} INFO - [2025-10-30T21:09:54.451-0700] {dag.py:3947} INFO - Setting next_dagrun for example_weekday_branch_operator to 2025-10-30 00:00:00+00:00, run_after=2025-10-31 00:00:00+00:00
[2025-10-30T21:09:54.561-0700] {processor.py:183} INFO - Processing /usr/local/lib/python3.10/dist-packages/airflow/example_dags/example_branch_day_of_week_operator.py took 0.240 seconds
[2025-10-30T21:11:13.986-0700] {processor.py:161} INFO - Started process (PID=1266) to work on /usr/local/lib/python3.10/dist-packages/airflow/example_dags/example_branch_day_of_week_operator.py
[2025-10-30T21:11:13.987-0700] {processor.py:830} INFO - Processing file /usr/local/lib/python3.10/dist-packages/airflow/example_dags/example_branch_day_of_week_operator.py for tasks to queue
[2025-10-30T21:11:13.991-0700] {logging_mixin.py:188} INFO - [2025-10-30T21:11:13.990-0700] {dagbag.py:545} INFO - Filling up the DagBag from /usr/local/lib/python3.10/dist-packages/airflow/example_dags/example_branch_day_of_week_operator.py
[2025-10-30T21:11:14.002-0700] {processor.py:840} INFO - DAG(s) 'example_weekday_branch_operator' retrieved from /usr/local/lib/python3.10/dist-packages/airflow/example_dags/example_branch_day_of_week_operator.py
[2025-10-30T21:11:14.040-0700] {logging_mixin.py:188} INFO - [2025-10-30T21:11:14.040-0700] {dag.py:3089} INFO - Sync 1 DAGs
[2025-10-30T21:11:14.074-0700] {logging_mixin.py:188} INFO - [2025-10-30T21:11:14.074-0700] {dag.py:3947} INFO - Setting next_dagrun for example_weekday_branch_operator to 2025-10-30 00:00:00+00:00, run_after=2025-10-31 00:00:00+00:00
[2025-10-30T21:11:14.174-0700] {processor.py:183} INFO - Processing /usr/local/lib/python3.10/dist-packages/airflow/example_dags/example_branch_day_of_week_operator.py took 0.196 seconds
[2025-10-30T21:12:36.770-0700] {processor.py:161} INFO - Started process (PID=1350) to work on /usr/local/lib/python3.10/dist-packages/airflow/example_dags/example_branch_day_of_week_operator.py
[2025-10-30T21:12:36.772-0700] {processor.py:830} INFO - Processing file /usr/local/lib/python3.10/dist-packages/airflow/example_dags/example_branch_day_of_week_operator.py for tasks to queue
[2025-10-30T21:12:36.775-0700] {logging_mixin.py:188} INFO - [2025-10-30T21:12:36.774-0700] {dagbag.py:545} INFO - Filling up the DagBag from /usr/local/lib/python3.10/dist-packages/airflow/example_dags/example_branch_day_of_week_operator.py
[2025-10-30T21:12:36.784-0700] {processor.py:840} INFO - DAG(s) 'example_weekday_branch_operator' retrieved from /usr/local/lib/python3.10/dist-packages/airflow/example_dags/example_branch_day_of_week_operator.py
[2025-10-30T21:12:36.827-0700] {logging_mixin.py:188} INFO - [2025-10-30T21:12:36.827-0700] {dag.py:3089} INFO - Sync 1 DAGs
[2025-10-30T21:12:36.868-0700] {logging_mixin.py:188} INFO - [2025-10-30T21:12:36.868-0700] {dag.py:3947} INFO - Setting next_dagrun for example_weekday_branch_operator to 2025-10-30 00:00:00+00:00, run_after=2025-10-31 00:00:00+00:00
[2025-10-30T21:12:37.007-0700] {processor.py:183} INFO - Processing /usr/local/lib/python3.10/dist-packages/airflow/example_dags/example_branch_day_of_week_operator.py took 0.244 seconds
[2025-10-30T21:13:59.676-0700] {processor.py:161} INFO - Started process (PID=1428) to work on /usr/local/lib/python3.10/dist-packages/airflow/example_dags/example_branch_day_of_week_operator.py
[2025-10-30T21:13:59.678-0700] {processor.py:830} INFO - Processing file /usr/local/lib/python3.10/dist-packages/airflow/example_dags/example_branch_day_of_week_operator.py for tasks to queue
[2025-10-30T21:13:59.682-0700] {logging_mixin.py:188} INFO - [2025-10-30T21:13:59.681-0700] {dagbag.py:545} INFO - Filling up the DagBag from /usr/local/lib/python3.10/dist-packages/airflow/example_dags/example_branch_day_of_week_operator.py
[2025-10-30T21:13:59.700-0700] {processor.py:840} INFO - DAG(s) 'example_weekday_branch_operator' retrieved from /usr/local/lib/python3.10/dist-packages/airflow/example_dags/example_branch_day_of_week_operator.py
[2025-10-30T21:13:59.735-0700] {logging_mixin.py:188} INFO - [2025-10-30T21:13:59.735-0700] {dag.py:3089} INFO - Sync 1 DAGs
[2025-10-30T21:13:59.775-0700] {logging_mixin.py:188} INFO - [2025-10-30T21:13:59.774-0700] {dag.py:3947} INFO - Setting next_dagrun for example_weekday_branch_operator to 2025-10-30 00:00:00+00:00, run_after=2025-10-31 00:00:00+00:00
[2025-10-30T21:13:59.898-0700] {processor.py:183} INFO - Processing /usr/local/lib/python3.10/dist-packages/airflow/example_dags/example_branch_day_of_week_operator.py took 0.232 seconds
[2025-10-30T21:16:03.391-0700] {processor.py:161} INFO - Started process (PID=1517) to work on /usr/local/lib/python3.10/dist-packages/airflow/example_dags/example_branch_day_of_week_operator.py
[2025-10-30T21:16:03.393-0700] {processor.py:830} INFO - Processing file /usr/local/lib/python3.10/dist-packages/airflow/example_dags/example_branch_day_of_week_operator.py for tasks to queue
[2025-10-30T21:16:03.396-0700] {logging_mixin.py:188} INFO - [2025-10-30T21:16:03.395-0700] {dagbag.py:545} INFO - Filling up the DagBag from /usr/local/lib/python3.10/dist-packages/airflow/example_dags/example_branch_day_of_week_operator.py
[2025-10-30T21:16:03.405-0700] {processor.py:840} INFO - DAG(s) 'example_weekday_branch_operator' retrieved from /usr/local/lib/python3.10/dist-packages/airflow/example_dags/example_branch_day_of_week_operator.py
[2025-10-30T21:16:03.454-0700] {logging_mixin.py:188} INFO - [2025-10-30T21:16:03.454-0700] {dag.py:3089} INFO - Sync 1 DAGs
[2025-10-30T21:16:03.500-0700] {logging_mixin.py:188} INFO - [2025-10-30T21:16:03.499-0700] {dag.py:3947} INFO - Setting next_dagrun for example_weekday_branch_operator to 2025-10-30 00:00:00+00:00, run_after=2025-10-31 00:00:00+00:00
[2025-10-30T21:16:03.646-0700] {processor.py:183} INFO - Processing /usr/local/lib/python3.10/dist-packages/airflow/example_dags/example_branch_day_of_week_operator.py took 0.263 seconds
[2025-10-30T21:17:27.373-0700] {processor.py:161} INFO - Started process (PID=1594) to work on /usr/local/lib/python3.10/dist-packages/airflow/example_dags/example_branch_day_of_week_operator.py
[2025-10-30T21:17:27.375-0700] {processor.py:830} INFO - Processing file /usr/local/lib/python3.10/dist-packages/airflow/example_dags/example_branch_day_of_week_operator.py for tasks to queue
[2025-10-30T21:17:27.378-0700] {logging_mixin.py:188} INFO - [2025-10-30T21:17:27.378-0700] {dagbag.py:545} INFO - Filling up the DagBag from /usr/local/lib/python3.10/dist-packages/airflow/example_dags/example_branch_day_of_week_operator.py
[2025-10-30T21:17:27.389-0700] {processor.py:840} INFO - DAG(s) 'example_weekday_branch_operator' retrieved from /usr/local/lib/python3.10/dist-packages/airflow/example_dags/example_branch_day_of_week_operator.py
[2025-10-30T21:17:27.437-0700] {logging_mixin.py:188} INFO - [2025-10-30T21:17:27.437-0700] {dag.py:3089} INFO - Sync 1 DAGs
[2025-10-30T21:17:27.498-0700] {logging_mixin.py:188} INFO - [2025-10-30T21:17:27.497-0700] {dag.py:3947} INFO - Setting next_dagrun for example_weekday_branch_operator to 2025-10-30 00:00:00+00:00, run_after=2025-10-31 00:00:00+00:00
[2025-10-30T21:17:27.606-0700] {processor.py:183} INFO - Processing /usr/local/lib/python3.10/dist-packages/airflow/example_dags/example_branch_day_of_week_operator.py took 0.241 seconds
[2025-10-30T21:18:52.038-0700] {processor.py:161} INFO - Started process (PID=1669) to work on /usr/local/lib/python3.10/dist-packages/airflow/example_dags/example_branch_day_of_week_operator.py
[2025-10-30T21:18:52.040-0700] {processor.py:830} INFO - Processing file /usr/local/lib/python3.10/dist-packages/airflow/example_dags/example_branch_day_of_week_operator.py for tasks to queue
[2025-10-30T21:18:52.042-0700] {logging_mixin.py:188} INFO - [2025-10-30T21:18:52.042-0700] {dagbag.py:545} INFO - Filling up the DagBag from /usr/local/lib/python3.10/dist-packages/airflow/example_dags/example_branch_day_of_week_operator.py
[2025-10-30T21:18:52.051-0700] {processor.py:840} INFO - DAG(s) 'example_weekday_branch_operator' retrieved from /usr/local/lib/python3.10/dist-packages/airflow/example_dags/example_branch_day_of_week_operator.py
[2025-10-30T21:18:52.092-0700] {logging_mixin.py:188} INFO - [2025-10-30T21:18:52.092-0700] {dag.py:3089} INFO - Sync 1 DAGs
[2025-10-30T21:18:52.138-0700] {logging_mixin.py:188} INFO - [2025-10-30T21:18:52.137-0700] {dag.py:3947} INFO - Setting next_dagrun for example_weekday_branch_operator to 2025-10-30 00:00:00+00:00, run_after=2025-10-31 00:00:00+00:00
[2025-10-30T21:18:52.264-0700] {processor.py:183} INFO - Processing /usr/local/lib/python3.10/dist-packages/airflow/example_dags/example_branch_day_of_week_operator.py took 0.234 seconds
[2025-10-30T21:20:15.117-0700] {processor.py:161} INFO - Started process (PID=1746) to work on /usr/local/lib/python3.10/dist-packages/airflow/example_dags/example_branch_day_of_week_operator.py
[2025-10-30T21:20:15.119-0700] {processor.py:830} INFO - Processing file /usr/local/lib/python3.10/dist-packages/airflow/example_dags/example_branch_day_of_week_operator.py for tasks to queue
[2025-10-30T21:20:15.122-0700] {logging_mixin.py:188} INFO - [2025-10-30T21:20:15.121-0700] {dagbag.py:545} INFO - Filling up the DagBag from /usr/local/lib/python3.10/dist-packages/airflow/example_dags/example_branch_day_of_week_operator.py
[2025-10-30T21:20:15.131-0700] {processor.py:840} INFO - DAG(s) 'example_weekday_branch_operator' retrieved from /usr/local/lib/python3.10/dist-packages/airflow/example_dags/example_branch_day_of_week_operator.py
[2025-10-30T21:20:15.165-0700] {logging_mixin.py:188} INFO - [2025-10-30T21:20:15.165-0700] {dag.py:3089} INFO - Sync 1 DAGs
[2025-10-30T21:20:15.200-0700] {logging_mixin.py:188} INFO - [2025-10-30T21:20:15.199-0700] {dag.py:3947} INFO - Setting next_dagrun for example_weekday_branch_operator to 2025-10-30 00:00:00+00:00, run_after=2025-10-31 00:00:00+00:00
[2025-10-30T21:20:15.305-0700] {processor.py:183} INFO - Processing /usr/local/lib/python3.10/dist-packages/airflow/example_dags/example_branch_day_of_week_operator.py took 0.195 seconds
[2025-10-30T21:21:35.591-0700] {processor.py:161} INFO - Started process (PID=1822) to work on /usr/local/lib/python3.10/dist-packages/airflow/example_dags/example_branch_day_of_week_operator.py
[2025-10-30T21:21:35.594-0700] {processor.py:830} INFO - Processing file /usr/local/lib/python3.10/dist-packages/airflow/example_dags/example_branch_day_of_week_operator.py for tasks to queue
[2025-10-30T21:21:35.597-0700] {logging_mixin.py:188} INFO - [2025-10-30T21:21:35.597-0700] {dagbag.py:545} INFO - Filling up the DagBag from /usr/local/lib/python3.10/dist-packages/airflow/example_dags/example_branch_day_of_week_operator.py
[2025-10-30T21:21:35.609-0700] {processor.py:840} INFO - DAG(s) 'example_weekday_branch_operator' retrieved from /usr/local/lib/python3.10/dist-packages/airflow/example_dags/example_branch_day_of_week_operator.py
[2025-10-30T21:21:35.655-0700] {logging_mixin.py:188} INFO - [2025-10-30T21:21:35.655-0700] {dag.py:3089} INFO - Sync 1 DAGs
[2025-10-30T21:21:35.694-0700] {logging_mixin.py:188} INFO - [2025-10-30T21:21:35.694-0700] {dag.py:3947} INFO - Setting next_dagrun for example_weekday_branch_operator to 2025-10-30 00:00:00+00:00, run_after=2025-10-31 00:00:00+00:00
[2025-10-30T21:21:35.807-0700] {processor.py:183} INFO - Processing /usr/local/lib/python3.10/dist-packages/airflow/example_dags/example_branch_day_of_week_operator.py took 0.228 seconds
[2025-10-30T21:22:57.493-0700] {processor.py:161} INFO - Started process (PID=1904) to work on /usr/local/lib/python3.10/dist-packages/airflow/example_dags/example_branch_day_of_week_operator.py
[2025-10-30T21:22:57.496-0700] {processor.py:830} INFO - Processing file /usr/local/lib/python3.10/dist-packages/airflow/example_dags/example_branch_day_of_week_operator.py for tasks to queue
[2025-10-30T21:22:57.499-0700] {logging_mixin.py:188} INFO - [2025-10-30T21:22:57.499-0700] {dagbag.py:545} INFO - Filling up the DagBag from /usr/local/lib/python3.10/dist-packages/airflow/example_dags/example_branch_day_of_week_operator.py
[2025-10-30T21:22:57.515-0700] {processor.py:840} INFO - DAG(s) 'example_weekday_branch_operator' retrieved from /usr/local/lib/python3.10/dist-packages/airflow/example_dags/example_branch_day_of_week_operator.py
[2025-10-30T21:22:57.552-0700] {logging_mixin.py:188} INFO - [2025-10-30T21:22:57.552-0700] {dag.py:3089} INFO - Sync 1 DAGs
[2025-10-30T21:22:57.588-0700] {logging_mixin.py:188} INFO - [2025-10-30T21:22:57.588-0700] {dag.py:3947} INFO - Setting next_dagrun for example_weekday_branch_operator to 2025-10-30 00:00:00+00:00, run_after=2025-10-31 00:00:00+00:00
[2025-10-30T21:22:57.700-0700] {processor.py:183} INFO - Processing /usr/local/lib/python3.10/dist-packages/airflow/example_dags/example_branch_day_of_week_operator.py took 0.219 seconds
[2025-10-30T21:24:18.600-0700] {processor.py:161} INFO - Started process (PID=1989) to work on /usr/local/lib/python3.10/dist-packages/airflow/example_dags/example_branch_day_of_week_operator.py
[2025-10-30T21:24:18.602-0700] {processor.py:830} INFO - Processing file /usr/local/lib/python3.10/dist-packages/airflow/example_dags/example_branch_day_of_week_operator.py for tasks to queue
[2025-10-30T21:24:18.605-0700] {logging_mixin.py:188} INFO - [2025-10-30T21:24:18.604-0700] {dagbag.py:545} INFO - Filling up the DagBag from /usr/local/lib/python3.10/dist-packages/airflow/example_dags/example_branch_day_of_week_operator.py
[2025-10-30T21:24:18.614-0700] {processor.py:840} INFO - DAG(s) 'example_weekday_branch_operator' retrieved from /usr/local/lib/python3.10/dist-packages/airflow/example_dags/example_branch_day_of_week_operator.py
[2025-10-30T21:24:18.662-0700] {logging_mixin.py:188} INFO - [2025-10-30T21:24:18.661-0700] {dag.py:3089} INFO - Sync 1 DAGs
[2025-10-30T21:24:18.699-0700] {logging_mixin.py:188} INFO - [2025-10-30T21:24:18.699-0700] {dag.py:3947} INFO - Setting next_dagrun for example_weekday_branch_operator to 2025-10-30 00:00:00+00:00, run_after=2025-10-31 00:00:00+00:00
[2025-10-30T21:24:18.795-0700] {processor.py:183} INFO - Processing /usr/local/lib/python3.10/dist-packages/airflow/example_dags/example_branch_day_of_week_operator.py took 0.204 seconds
[2025-10-30T21:25:39.698-0700] {processor.py:161} INFO - Started process (PID=2063) to work on /usr/local/lib/python3.10/dist-packages/airflow/example_dags/example_branch_day_of_week_operator.py
[2025-10-30T21:25:39.700-0700] {processor.py:830} INFO - Processing file /usr/local/lib/python3.10/dist-packages/airflow/example_dags/example_branch_day_of_week_operator.py for tasks to queue
[2025-10-30T21:25:39.702-0700] {logging_mixin.py:188} INFO - [2025-10-30T21:25:39.702-0700] {dagbag.py:545} INFO - Filling up the DagBag from /usr/local/lib/python3.10/dist-packages/airflow/example_dags/example_branch_day_of_week_operator.py
[2025-10-30T21:25:39.715-0700] {processor.py:840} INFO - DAG(s) 'example_weekday_branch_operator' retrieved from /usr/local/lib/python3.10/dist-packages/airflow/example_dags/example_branch_day_of_week_operator.py
[2025-10-30T21:25:39.774-0700] {logging_mixin.py:188} INFO - [2025-10-30T21:25:39.773-0700] {dag.py:3089} INFO - Sync 1 DAGs
[2025-10-30T21:25:39.826-0700] {logging_mixin.py:188} INFO - [2025-10-30T21:25:39.826-0700] {dag.py:3947} INFO - Setting next_dagrun for example_weekday_branch_operator to 2025-10-30 00:00:00+00:00, run_after=2025-10-31 00:00:00+00:00
[2025-10-30T21:25:39.979-0700] {processor.py:183} INFO - Processing /usr/local/lib/python3.10/dist-packages/airflow/example_dags/example_branch_day_of_week_operator.py took 0.287 seconds
[2025-10-30T21:27:04.316-0700] {processor.py:161} INFO - Started process (PID=2140) to work on /usr/local/lib/python3.10/dist-packages/airflow/example_dags/example_branch_day_of_week_operator.py
[2025-10-30T21:27:04.318-0700] {processor.py:830} INFO - Processing file /usr/local/lib/python3.10/dist-packages/airflow/example_dags/example_branch_day_of_week_operator.py for tasks to queue
[2025-10-30T21:27:04.321-0700] {logging_mixin.py:188} INFO - [2025-10-30T21:27:04.321-0700] {dagbag.py:545} INFO - Filling up the DagBag from /usr/local/lib/python3.10/dist-packages/airflow/example_dags/example_branch_day_of_week_operator.py
[2025-10-30T21:27:04.331-0700] {processor.py:840} INFO - DAG(s) 'example_weekday_branch_operator' retrieved from /usr/local/lib/python3.10/dist-packages/airflow/example_dags/example_branch_day_of_week_operator.py
[2025-10-30T21:27:04.380-0700] {logging_mixin.py:188} INFO - [2025-10-30T21:27:04.380-0700] {dag.py:3089} INFO - Sync 1 DAGs
[2025-10-30T21:27:04.425-0700] {logging_mixin.py:188} INFO - [2025-10-30T21:27:04.424-0700] {dag.py:3947} INFO - Setting next_dagrun for example_weekday_branch_operator to 2025-10-30 00:00:00+00:00, run_after=2025-10-31 00:00:00+00:00
[2025-10-30T21:27:04.583-0700] {processor.py:183} INFO - Processing /usr/local/lib/python3.10/dist-packages/airflow/example_dags/example_branch_day_of_week_operator.py took 0.274 seconds
[2025-10-30T21:28:27.196-0700] {processor.py:161} INFO - Started process (PID=2216) to work on /usr/local/lib/python3.10/dist-packages/airflow/example_dags/example_branch_day_of_week_operator.py
[2025-10-30T21:28:27.198-0700] {processor.py:830} INFO - Processing file /usr/local/lib/python3.10/dist-packages/airflow/example_dags/example_branch_day_of_week_operator.py for tasks to queue
[2025-10-30T21:28:27.201-0700] {logging_mixin.py:188} INFO - [2025-10-30T21:28:27.201-0700] {dagbag.py:545} INFO - Filling up the DagBag from /usr/local/lib/python3.10/dist-packages/airflow/example_dags/example_branch_day_of_week_operator.py
[2025-10-30T21:28:27.211-0700] {processor.py:840} INFO - DAG(s) 'example_weekday_branch_operator' retrieved from /usr/local/lib/python3.10/dist-packages/airflow/example_dags/example_branch_day_of_week_operator.py
[2025-10-30T21:28:27.253-0700] {logging_mixin.py:188} INFO - [2025-10-30T21:28:27.252-0700] {dag.py:3089} INFO - Sync 1 DAGs
[2025-10-30T21:28:27.288-0700] {logging_mixin.py:188} INFO - [2025-10-30T21:28:27.287-0700] {dag.py:3947} INFO - Setting next_dagrun for example_weekday_branch_operator to 2025-10-30 00:00:00+00:00, run_after=2025-10-31 00:00:00+00:00
[2025-10-30T21:28:27.399-0700] {processor.py:183} INFO - Processing /usr/local/lib/python3.10/dist-packages/airflow/example_dags/example_branch_day_of_week_operator.py took 0.212 seconds
[2025-10-30T21:29:52.059-0700] {processor.py:161} INFO - Started process (PID=2291) to work on /usr/local/lib/python3.10/dist-packages/airflow/example_dags/example_branch_day_of_week_operator.py
[2025-10-30T21:29:52.060-0700] {processor.py:830} INFO - Processing file /usr/local/lib/python3.10/dist-packages/airflow/example_dags/example_branch_day_of_week_operator.py for tasks to queue
[2025-10-30T21:29:52.063-0700] {logging_mixin.py:188} INFO - [2025-10-30T21:29:52.063-0700] {dagbag.py:545} INFO - Filling up the DagBag from /usr/local/lib/python3.10/dist-packages/airflow/example_dags/example_branch_day_of_week_operator.py
[2025-10-30T21:29:52.073-0700] {processor.py:840} INFO - DAG(s) 'example_weekday_branch_operator' retrieved from /usr/local/lib/python3.10/dist-packages/airflow/example_dags/example_branch_day_of_week_operator.py
[2025-10-30T21:29:52.113-0700] {logging_mixin.py:188} INFO - [2025-10-30T21:29:52.112-0700] {dag.py:3089} INFO - Sync 1 DAGs
[2025-10-30T21:29:52.150-0700] {logging_mixin.py:188} INFO - [2025-10-30T21:29:52.150-0700] {dag.py:3947} INFO - Setting next_dagrun for example_weekday_branch_operator to 2025-10-30 00:00:00+00:00, run_after=2025-10-31 00:00:00+00:00
[2025-10-30T21:29:52.251-0700] {processor.py:183} INFO - Processing /usr/local/lib/python3.10/dist-packages/airflow/example_dags/example_branch_day_of_week_operator.py took 0.198 seconds
[2025-10-30T21:31:12.476-0700] {processor.py:161} INFO - Started process (PID=2365) to work on /usr/local/lib/python3.10/dist-packages/airflow/example_dags/example_branch_day_of_week_operator.py
[2025-10-30T21:31:12.478-0700] {processor.py:830} INFO - Processing file /usr/local/lib/python3.10/dist-packages/airflow/example_dags/example_branch_day_of_week_operator.py for tasks to queue
[2025-10-30T21:31:12.482-0700] {logging_mixin.py:188} INFO - [2025-10-30T21:31:12.482-0700] {dagbag.py:545} INFO - Filling up the DagBag from /usr/local/lib/python3.10/dist-packages/airflow/example_dags/example_branch_day_of_week_operator.py
[2025-10-30T21:31:12.491-0700] {processor.py:840} INFO - DAG(s) 'example_weekday_branch_operator' retrieved from /usr/local/lib/python3.10/dist-packages/airflow/example_dags/example_branch_day_of_week_operator.py
[2025-10-30T21:31:12.536-0700] {logging_mixin.py:188} INFO - [2025-10-30T21:31:12.536-0700] {dag.py:3089} INFO - Sync 1 DAGs
[2025-10-30T21:31:12.583-0700] {logging_mixin.py:188} INFO - [2025-10-30T21:31:12.583-0700] {dag.py:3947} INFO - Setting next_dagrun for example_weekday_branch_operator to 2025-10-30 00:00:00+00:00, run_after=2025-10-31 00:00:00+00:00
[2025-10-30T21:31:12.735-0700] {processor.py:183} INFO - Processing /usr/local/lib/python3.10/dist-packages/airflow/example_dags/example_branch_day_of_week_operator.py took 0.267 seconds
[2025-10-30T21:32:32.373-0700] {processor.py:161} INFO - Started process (PID=2441) to work on /usr/local/lib/python3.10/dist-packages/airflow/example_dags/example_branch_day_of_week_operator.py
[2025-10-30T21:32:32.376-0700] {processor.py:830} INFO - Processing file /usr/local/lib/python3.10/dist-packages/airflow/example_dags/example_branch_day_of_week_operator.py for tasks to queue
[2025-10-30T21:32:32.379-0700] {logging_mixin.py:188} INFO - [2025-10-30T21:32:32.378-0700] {dagbag.py:545} INFO - Filling up the DagBag from /usr/local/lib/python3.10/dist-packages/airflow/example_dags/example_branch_day_of_week_operator.py
[2025-10-30T21:32:32.388-0700] {processor.py:840} INFO - DAG(s) 'example_weekday_branch_operator' retrieved from /usr/local/lib/python3.10/dist-packages/airflow/example_dags/example_branch_day_of_week_operator.py
[2025-10-30T21:32:32.433-0700] {logging_mixin.py:188} INFO - [2025-10-30T21:32:32.432-0700] {dag.py:3089} INFO - Sync 1 DAGs
[2025-10-30T21:32:32.480-0700] {logging_mixin.py:188} INFO - [2025-10-30T21:32:32.479-0700] {dag.py:3947} INFO - Setting next_dagrun for example_weekday_branch_operator to 2025-10-30 00:00:00+00:00, run_after=2025-10-31 00:00:00+00:00
[2025-10-30T21:32:32.649-0700] {processor.py:183} INFO - Processing /usr/local/lib/python3.10/dist-packages/airflow/example_dags/example_branch_day_of_week_operator.py took 0.283 seconds
[2025-10-30T21:35:45.130-0700] {processor.py:161} INFO - Started process (PID=2604) to work on /usr/local/lib/python3.10/dist-packages/airflow/example_dags/example_branch_day_of_week_operator.py
[2025-10-30T21:35:45.132-0700] {processor.py:830} INFO - Processing file /usr/local/lib/python3.10/dist-packages/airflow/example_dags/example_branch_day_of_week_operator.py for tasks to queue
[2025-10-30T21:35:45.135-0700] {logging_mixin.py:188} INFO - [2025-10-30T21:35:45.135-0700] {dagbag.py:545} INFO - Filling up the DagBag from /usr/local/lib/python3.10/dist-packages/airflow/example_dags/example_branch_day_of_week_operator.py
[2025-10-30T21:35:45.147-0700] {processor.py:840} INFO - DAG(s) 'example_weekday_branch_operator' retrieved from /usr/local/lib/python3.10/dist-packages/airflow/example_dags/example_branch_day_of_week_operator.py
[2025-10-30T21:35:45.196-0700] {logging_mixin.py:188} INFO - [2025-10-30T21:35:45.196-0700] {dag.py:3089} INFO - Sync 1 DAGs
[2025-10-30T21:35:45.240-0700] {logging_mixin.py:188} INFO - [2025-10-30T21:35:45.239-0700] {dag.py:3947} INFO - Setting next_dagrun for example_weekday_branch_operator to 2025-10-30 00:00:00+00:00, run_after=2025-10-31 00:00:00+00:00
[2025-10-30T21:35:45.356-0700] {processor.py:183} INFO - Processing /usr/local/lib/python3.10/dist-packages/airflow/example_dags/example_branch_day_of_week_operator.py took 0.234 seconds
[2025-10-30T21:37:31.766-0700] {processor.py:161} INFO - Started process (PID=2689) to work on /usr/local/lib/python3.10/dist-packages/airflow/example_dags/example_branch_day_of_week_operator.py
[2025-10-30T21:37:31.769-0700] {processor.py:830} INFO - Processing file /usr/local/lib/python3.10/dist-packages/airflow/example_dags/example_branch_day_of_week_operator.py for tasks to queue
[2025-10-30T21:37:31.773-0700] {logging_mixin.py:188} INFO - [2025-10-30T21:37:31.772-0700] {dagbag.py:545} INFO - Filling up the DagBag from /usr/local/lib/python3.10/dist-packages/airflow/example_dags/example_branch_day_of_week_operator.py
[2025-10-30T21:37:31.790-0700] {processor.py:840} INFO - DAG(s) 'example_weekday_branch_operator' retrieved from /usr/local/lib/python3.10/dist-packages/airflow/example_dags/example_branch_day_of_week_operator.py
[2025-10-30T21:37:31.856-0700] {logging_mixin.py:188} INFO - [2025-10-30T21:37:31.856-0700] {dag.py:3089} INFO - Sync 1 DAGs
[2025-10-30T21:37:31.919-0700] {logging_mixin.py:188} INFO - [2025-10-30T21:37:31.919-0700] {dag.py:3947} INFO - Setting next_dagrun for example_weekday_branch_operator to 2025-10-30 00:00:00+00:00, run_after=2025-10-31 00:00:00+00:00
[2025-10-30T21:37:32.087-0700] {processor.py:183} INFO - Processing /usr/local/lib/python3.10/dist-packages/airflow/example_dags/example_branch_day_of_week_operator.py took 0.331 seconds
[2025-10-30T21:39:06.752-0700] {processor.py:161} INFO - Started process (PID=2793) to work on /usr/local/lib/python3.10/dist-packages/airflow/example_dags/example_branch_day_of_week_operator.py
[2025-10-30T21:39:06.754-0700] {processor.py:830} INFO - Processing file /usr/local/lib/python3.10/dist-packages/airflow/example_dags/example_branch_day_of_week_operator.py for tasks to queue
[2025-10-30T21:39:06.757-0700] {logging_mixin.py:188} INFO - [2025-10-30T21:39:06.756-0700] {dagbag.py:545} INFO - Filling up the DagBag from /usr/local/lib/python3.10/dist-packages/airflow/example_dags/example_branch_day_of_week_operator.py
[2025-10-30T21:39:06.768-0700] {processor.py:840} INFO - DAG(s) 'example_weekday_branch_operator' retrieved from /usr/local/lib/python3.10/dist-packages/airflow/example_dags/example_branch_day_of_week_operator.py
[2025-10-30T21:39:06.813-0700] {logging_mixin.py:188} INFO - [2025-10-30T21:39:06.813-0700] {dag.py:3089} INFO - Sync 1 DAGs
[2025-10-30T21:39:06.858-0700] {logging_mixin.py:188} INFO - [2025-10-30T21:39:06.857-0700] {dag.py:3947} INFO - Setting next_dagrun for example_weekday_branch_operator to 2025-10-30 00:00:00+00:00, run_after=2025-10-31 00:00:00+00:00
[2025-10-30T21:39:07.003-0700] {processor.py:183} INFO - Processing /usr/local/lib/python3.10/dist-packages/airflow/example_dags/example_branch_day_of_week_operator.py took 0.260 seconds
[2025-10-30T21:40:37.072-0700] {processor.py:161} INFO - Started process (PID=2871) to work on /usr/local/lib/python3.10/dist-packages/airflow/example_dags/example_branch_day_of_week_operator.py
[2025-10-30T21:40:37.075-0700] {processor.py:830} INFO - Processing file /usr/local/lib/python3.10/dist-packages/airflow/example_dags/example_branch_day_of_week_operator.py for tasks to queue
[2025-10-30T21:40:37.078-0700] {logging_mixin.py:188} INFO - [2025-10-30T21:40:37.077-0700] {dagbag.py:545} INFO - Filling up the DagBag from /usr/local/lib/python3.10/dist-packages/airflow/example_dags/example_branch_day_of_week_operator.py
[2025-10-30T21:40:37.087-0700] {processor.py:840} INFO - DAG(s) 'example_weekday_branch_operator' retrieved from /usr/local/lib/python3.10/dist-packages/airflow/example_dags/example_branch_day_of_week_operator.py
[2025-10-30T21:40:37.127-0700] {logging_mixin.py:188} INFO - [2025-10-30T21:40:37.127-0700] {dag.py:3089} INFO - Sync 1 DAGs
[2025-10-30T21:40:37.168-0700] {logging_mixin.py:188} INFO - [2025-10-30T21:40:37.168-0700] {dag.py:3947} INFO - Setting next_dagrun for example_weekday_branch_operator to 2025-10-30 00:00:00+00:00, run_after=2025-10-31 00:00:00+00:00
[2025-10-30T21:40:37.343-0700] {processor.py:183} INFO - Processing /usr/local/lib/python3.10/dist-packages/airflow/example_dags/example_branch_day_of_week_operator.py took 0.278 seconds
[2025-10-30T21:42:06.245-0700] {processor.py:161} INFO - Started process (PID=2949) to work on /usr/local/lib/python3.10/dist-packages/airflow/example_dags/example_branch_day_of_week_operator.py
[2025-10-30T21:42:06.247-0700] {processor.py:830} INFO - Processing file /usr/local/lib/python3.10/dist-packages/airflow/example_dags/example_branch_day_of_week_operator.py for tasks to queue
[2025-10-30T21:42:06.252-0700] {logging_mixin.py:188} INFO - [2025-10-30T21:42:06.251-0700] {dagbag.py:545} INFO - Filling up the DagBag from /usr/local/lib/python3.10/dist-packages/airflow/example_dags/example_branch_day_of_week_operator.py
[2025-10-30T21:42:06.285-0700] {processor.py:840} INFO - DAG(s) 'example_weekday_branch_operator' retrieved from /usr/local/lib/python3.10/dist-packages/airflow/example_dags/example_branch_day_of_week_operator.py
[2025-10-30T21:42:06.330-0700] {logging_mixin.py:188} INFO - [2025-10-30T21:42:06.330-0700] {dag.py:3089} INFO - Sync 1 DAGs
[2025-10-30T21:42:06.369-0700] {logging_mixin.py:188} INFO - [2025-10-30T21:42:06.368-0700] {dag.py:3947} INFO - Setting next_dagrun for example_weekday_branch_operator to 2025-10-30 00:00:00+00:00, run_after=2025-10-31 00:00:00+00:00
[2025-10-30T21:42:06.477-0700] {processor.py:183} INFO - Processing /usr/local/lib/python3.10/dist-packages/airflow/example_dags/example_branch_day_of_week_operator.py took 0.242 seconds
[2025-10-30T21:43:36.184-0700] {processor.py:161} INFO - Started process (PID=3028) to work on /usr/local/lib/python3.10/dist-packages/airflow/example_dags/example_branch_day_of_week_operator.py
[2025-10-30T21:43:36.187-0700] {processor.py:830} INFO - Processing file /usr/local/lib/python3.10/dist-packages/airflow/example_dags/example_branch_day_of_week_operator.py for tasks to queue
[2025-10-30T21:43:36.191-0700] {logging_mixin.py:188} INFO - [2025-10-30T21:43:36.190-0700] {dagbag.py:545} INFO - Filling up the DagBag from /usr/local/lib/python3.10/dist-packages/airflow/example_dags/example_branch_day_of_week_operator.py
[2025-10-30T21:43:36.209-0700] {processor.py:840} INFO - DAG(s) 'example_weekday_branch_operator' retrieved from /usr/local/lib/python3.10/dist-packages/airflow/example_dags/example_branch_day_of_week_operator.py
[2025-10-30T21:43:36.259-0700] {logging_mixin.py:188} INFO - [2025-10-30T21:43:36.259-0700] {dag.py:3089} INFO - Sync 1 DAGs
[2025-10-30T21:43:36.307-0700] {logging_mixin.py:188} INFO - [2025-10-30T21:43:36.307-0700] {dag.py:3947} INFO - Setting next_dagrun for example_weekday_branch_operator to 2025-10-30 00:00:00+00:00, run_after=2025-10-31 00:00:00+00:00
[2025-10-30T21:43:36.422-0700] {processor.py:183} INFO - Processing /usr/local/lib/python3.10/dist-packages/airflow/example_dags/example_branch_day_of_week_operator.py took 0.255 seconds
[2025-10-30T21:45:03.991-0700] {processor.py:161} INFO - Started process (PID=3105) to work on /usr/local/lib/python3.10/dist-packages/airflow/example_dags/example_branch_day_of_week_operator.py
[2025-10-30T21:45:03.993-0700] {processor.py:830} INFO - Processing file /usr/local/lib/python3.10/dist-packages/airflow/example_dags/example_branch_day_of_week_operator.py for tasks to queue
[2025-10-30T21:45:03.996-0700] {logging_mixin.py:188} INFO - [2025-10-30T21:45:03.996-0700] {dagbag.py:545} INFO - Filling up the DagBag from /usr/local/lib/python3.10/dist-packages/airflow/example_dags/example_branch_day_of_week_operator.py
[2025-10-30T21:45:04.008-0700] {processor.py:840} INFO - DAG(s) 'example_weekday_branch_operator' retrieved from /usr/local/lib/python3.10/dist-packages/airflow/example_dags/example_branch_day_of_week_operator.py
[2025-10-30T21:45:04.049-0700] {logging_mixin.py:188} INFO - [2025-10-30T21:45:04.048-0700] {dag.py:3089} INFO - Sync 1 DAGs
[2025-10-30T21:45:04.083-0700] {logging_mixin.py:188} INFO - [2025-10-30T21:45:04.082-0700] {dag.py:3947} INFO - Setting next_dagrun for example_weekday_branch_operator to 2025-10-30 00:00:00+00:00, run_after=2025-10-31 00:00:00+00:00
[2025-10-30T21:45:04.177-0700] {processor.py:183} INFO - Processing /usr/local/lib/python3.10/dist-packages/airflow/example_dags/example_branch_day_of_week_operator.py took 0.194 seconds
[2025-10-30T21:46:51.757-0700] {processor.py:161} INFO - Started process (PID=3215) to work on /usr/local/lib/python3.10/dist-packages/airflow/example_dags/example_branch_day_of_week_operator.py
[2025-10-30T21:46:51.760-0700] {processor.py:830} INFO - Processing file /usr/local/lib/python3.10/dist-packages/airflow/example_dags/example_branch_day_of_week_operator.py for tasks to queue
[2025-10-30T21:46:51.764-0700] {logging_mixin.py:188} INFO - [2025-10-30T21:46:51.764-0700] {dagbag.py:545} INFO - Filling up the DagBag from /usr/local/lib/python3.10/dist-packages/airflow/example_dags/example_branch_day_of_week_operator.py
[2025-10-30T21:46:51.779-0700] {processor.py:840} INFO - DAG(s) 'example_weekday_branch_operator' retrieved from /usr/local/lib/python3.10/dist-packages/airflow/example_dags/example_branch_day_of_week_operator.py
[2025-10-30T21:46:51.829-0700] {logging_mixin.py:188} INFO - [2025-10-30T21:46:51.828-0700] {dag.py:3089} INFO - Sync 1 DAGs
[2025-10-30T21:46:51.872-0700] {logging_mixin.py:188} INFO - [2025-10-30T21:46:51.871-0700] {dag.py:3947} INFO - Setting next_dagrun for example_weekday_branch_operator to 2025-10-30 00:00:00+00:00, run_after=2025-10-31 00:00:00+00:00
[2025-10-30T21:46:51.995-0700] {processor.py:183} INFO - Processing /usr/local/lib/python3.10/dist-packages/airflow/example_dags/example_branch_day_of_week_operator.py took 0.252 seconds
[2025-10-30T21:48:23.486-0700] {processor.py:161} INFO - Started process (PID=3451) to work on /usr/local/lib/python3.10/dist-packages/airflow/example_dags/example_branch_day_of_week_operator.py
[2025-10-30T21:48:23.488-0700] {processor.py:830} INFO - Processing file /usr/local/lib/python3.10/dist-packages/airflow/example_dags/example_branch_day_of_week_operator.py for tasks to queue
[2025-10-30T21:48:23.492-0700] {logging_mixin.py:188} INFO - [2025-10-30T21:48:23.491-0700] {dagbag.py:545} INFO - Filling up the DagBag from /usr/local/lib/python3.10/dist-packages/airflow/example_dags/example_branch_day_of_week_operator.py
[2025-10-30T21:48:23.503-0700] {processor.py:840} INFO - DAG(s) 'example_weekday_branch_operator' retrieved from /usr/local/lib/python3.10/dist-packages/airflow/example_dags/example_branch_day_of_week_operator.py
[2025-10-30T21:48:23.545-0700] {logging_mixin.py:188} INFO - [2025-10-30T21:48:23.545-0700] {dag.py:3089} INFO - Sync 1 DAGs
[2025-10-30T21:48:23.585-0700] {logging_mixin.py:188} INFO - [2025-10-30T21:48:23.585-0700] {dag.py:3947} INFO - Setting next_dagrun for example_weekday_branch_operator to 2025-10-30 00:00:00+00:00, run_after=2025-10-31 00:00:00+00:00
[2025-10-30T21:48:23.714-0700] {processor.py:183} INFO - Processing /usr/local/lib/python3.10/dist-packages/airflow/example_dags/example_branch_day_of_week_operator.py took 0.244 seconds
[2025-10-30T21:51:22.471-0700] {processor.py:161} INFO - Started process (PID=3684) to work on /usr/local/lib/python3.10/dist-packages/airflow/example_dags/example_branch_day_of_week_operator.py
[2025-10-30T21:51:22.473-0700] {processor.py:830} INFO - Processing file /usr/local/lib/python3.10/dist-packages/airflow/example_dags/example_branch_day_of_week_operator.py for tasks to queue
[2025-10-30T21:51:22.476-0700] {logging_mixin.py:188} INFO - [2025-10-30T21:51:22.475-0700] {dagbag.py:545} INFO - Filling up the DagBag from /usr/local/lib/python3.10/dist-packages/airflow/example_dags/example_branch_day_of_week_operator.py
[2025-10-30T21:51:22.485-0700] {processor.py:840} INFO - DAG(s) 'example_weekday_branch_operator' retrieved from /usr/local/lib/python3.10/dist-packages/airflow/example_dags/example_branch_day_of_week_operator.py
[2025-10-30T21:51:22.525-0700] {logging_mixin.py:188} INFO - [2025-10-30T21:51:22.525-0700] {dag.py:3089} INFO - Sync 1 DAGs
[2025-10-30T21:51:22.566-0700] {logging_mixin.py:188} INFO - [2025-10-30T21:51:22.566-0700] {dag.py:3947} INFO - Setting next_dagrun for example_weekday_branch_operator to 2025-10-30 00:00:00+00:00, run_after=2025-10-31 00:00:00+00:00
[2025-10-30T21:51:22.735-0700] {processor.py:183} INFO - Processing /usr/local/lib/python3.10/dist-packages/airflow/example_dags/example_branch_day_of_week_operator.py took 0.273 seconds
[2025-10-30T21:52:50.662-0700] {processor.py:161} INFO - Started process (PID=3762) to work on /usr/local/lib/python3.10/dist-packages/airflow/example_dags/example_branch_day_of_week_operator.py
[2025-10-30T21:52:50.666-0700] {processor.py:830} INFO - Processing file /usr/local/lib/python3.10/dist-packages/airflow/example_dags/example_branch_day_of_week_operator.py for tasks to queue
[2025-10-30T21:52:50.670-0700] {logging_mixin.py:188} INFO - [2025-10-30T21:52:50.670-0700] {dagbag.py:545} INFO - Filling up the DagBag from /usr/local/lib/python3.10/dist-packages/airflow/example_dags/example_branch_day_of_week_operator.py
[2025-10-30T21:52:50.694-0700] {processor.py:840} INFO - DAG(s) 'example_weekday_branch_operator' retrieved from /usr/local/lib/python3.10/dist-packages/airflow/example_dags/example_branch_day_of_week_operator.py
[2025-10-30T21:52:50.748-0700] {logging_mixin.py:188} INFO - [2025-10-30T21:52:50.747-0700] {dag.py:3089} INFO - Sync 1 DAGs
[2025-10-30T21:52:50.805-0700] {logging_mixin.py:188} INFO - [2025-10-30T21:52:50.805-0700] {dag.py:3947} INFO - Setting next_dagrun for example_weekday_branch_operator to 2025-10-30 00:00:00+00:00, run_after=2025-10-31 00:00:00+00:00
[2025-10-30T21:52:50.976-0700] {processor.py:183} INFO - Processing /usr/local/lib/python3.10/dist-packages/airflow/example_dags/example_branch_day_of_week_operator.py took 0.325 seconds
[2025-10-30T21:56:11.345-0700] {processor.py:161} INFO - Started process (PID=4034) to work on /usr/local/lib/python3.10/dist-packages/airflow/example_dags/example_branch_day_of_week_operator.py
[2025-10-30T21:56:11.348-0700] {processor.py:830} INFO - Processing file /usr/local/lib/python3.10/dist-packages/airflow/example_dags/example_branch_day_of_week_operator.py for tasks to queue
[2025-10-30T21:56:11.353-0700] {logging_mixin.py:188} INFO - [2025-10-30T21:56:11.352-0700] {dagbag.py:545} INFO - Filling up the DagBag from /usr/local/lib/python3.10/dist-packages/airflow/example_dags/example_branch_day_of_week_operator.py
[2025-10-30T21:56:11.371-0700] {processor.py:840} INFO - DAG(s) 'example_weekday_branch_operator' retrieved from /usr/local/lib/python3.10/dist-packages/airflow/example_dags/example_branch_day_of_week_operator.py
[2025-10-30T21:56:11.413-0700] {logging_mixin.py:188} INFO - [2025-10-30T21:56:11.413-0700] {dag.py:3089} INFO - Sync 1 DAGs
[2025-10-30T21:56:11.452-0700] {logging_mixin.py:188} INFO - [2025-10-30T21:56:11.452-0700] {dag.py:3947} INFO - Setting next_dagrun for example_weekday_branch_operator to 2025-10-30 00:00:00+00:00, run_after=2025-10-31 00:00:00+00:00
[2025-10-30T21:56:11.555-0700] {processor.py:183} INFO - Processing /usr/local/lib/python3.10/dist-packages/airflow/example_dags/example_branch_day_of_week_operator.py took 0.221 seconds
[2025-10-30T21:57:39.387-0700] {processor.py:161} INFO - Started process (PID=4111) to work on /usr/local/lib/python3.10/dist-packages/airflow/example_dags/example_branch_day_of_week_operator.py
[2025-10-30T21:57:39.389-0700] {processor.py:830} INFO - Processing file /usr/local/lib/python3.10/dist-packages/airflow/example_dags/example_branch_day_of_week_operator.py for tasks to queue
[2025-10-30T21:57:39.394-0700] {logging_mixin.py:188} INFO - [2025-10-30T21:57:39.393-0700] {dagbag.py:545} INFO - Filling up the DagBag from /usr/local/lib/python3.10/dist-packages/airflow/example_dags/example_branch_day_of_week_operator.py
[2025-10-30T21:57:39.404-0700] {processor.py:840} INFO - DAG(s) 'example_weekday_branch_operator' retrieved from /usr/local/lib/python3.10/dist-packages/airflow/example_dags/example_branch_day_of_week_operator.py
[2025-10-30T21:57:39.450-0700] {logging_mixin.py:188} INFO - [2025-10-30T21:57:39.449-0700] {dag.py:3089} INFO - Sync 1 DAGs
[2025-10-30T21:57:39.486-0700] {logging_mixin.py:188} INFO - [2025-10-30T21:57:39.485-0700] {dag.py:3947} INFO - Setting next_dagrun for example_weekday_branch_operator to 2025-10-30 00:00:00+00:00, run_after=2025-10-31 00:00:00+00:00
[2025-10-30T21:57:39.586-0700] {processor.py:183} INFO - Processing /usr/local/lib/python3.10/dist-packages/airflow/example_dags/example_branch_day_of_week_operator.py took 0.209 seconds
[2025-10-30T21:59:00.142-0700] {processor.py:161} INFO - Started process (PID=4187) to work on /usr/local/lib/python3.10/dist-packages/airflow/example_dags/example_branch_day_of_week_operator.py
[2025-10-30T21:59:00.144-0700] {processor.py:830} INFO - Processing file /usr/local/lib/python3.10/dist-packages/airflow/example_dags/example_branch_day_of_week_operator.py for tasks to queue
[2025-10-30T21:59:00.146-0700] {logging_mixin.py:188} INFO - [2025-10-30T21:59:00.145-0700] {dagbag.py:545} INFO - Filling up the DagBag from /usr/local/lib/python3.10/dist-packages/airflow/example_dags/example_branch_day_of_week_operator.py
[2025-10-30T21:59:00.156-0700] {processor.py:840} INFO - DAG(s) 'example_weekday_branch_operator' retrieved from /usr/local/lib/python3.10/dist-packages/airflow/example_dags/example_branch_day_of_week_operator.py
[2025-10-30T21:59:00.190-0700] {logging_mixin.py:188} INFO - [2025-10-30T21:59:00.190-0700] {dag.py:3089} INFO - Sync 1 DAGs
[2025-10-30T21:59:00.224-0700] {logging_mixin.py:188} INFO - [2025-10-30T21:59:00.224-0700] {dag.py:3947} INFO - Setting next_dagrun for example_weekday_branch_operator to 2025-10-30 00:00:00+00:00, run_after=2025-10-31 00:00:00+00:00
[2025-10-30T21:59:00.332-0700] {processor.py:183} INFO - Processing /usr/local/lib/python3.10/dist-packages/airflow/example_dags/example_branch_day_of_week_operator.py took 0.198 seconds
[2025-10-30T22:00:23.936-0700] {processor.py:161} INFO - Started process (PID=4263) to work on /usr/local/lib/python3.10/dist-packages/airflow/example_dags/example_branch_day_of_week_operator.py
[2025-10-30T22:00:23.938-0700] {processor.py:830} INFO - Processing file /usr/local/lib/python3.10/dist-packages/airflow/example_dags/example_branch_day_of_week_operator.py for tasks to queue
[2025-10-30T22:00:23.941-0700] {logging_mixin.py:188} INFO - [2025-10-30T22:00:23.940-0700] {dagbag.py:545} INFO - Filling up the DagBag from /usr/local/lib/python3.10/dist-packages/airflow/example_dags/example_branch_day_of_week_operator.py
[2025-10-30T22:00:23.952-0700] {processor.py:840} INFO - DAG(s) 'example_weekday_branch_operator' retrieved from /usr/local/lib/python3.10/dist-packages/airflow/example_dags/example_branch_day_of_week_operator.py
[2025-10-30T22:00:24.005-0700] {logging_mixin.py:188} INFO - [2025-10-30T22:00:24.004-0700] {dag.py:3089} INFO - Sync 1 DAGs
[2025-10-30T22:00:24.044-0700] {logging_mixin.py:188} INFO - [2025-10-30T22:00:24.043-0700] {dag.py:3947} INFO - Setting next_dagrun for example_weekday_branch_operator to 2025-10-30 00:00:00+00:00, run_after=2025-10-31 00:00:00+00:00
[2025-10-30T22:00:24.207-0700] {processor.py:183} INFO - Processing /usr/local/lib/python3.10/dist-packages/airflow/example_dags/example_branch_day_of_week_operator.py took 0.279 seconds
[2025-10-30T22:01:46.636-0700] {processor.py:161} INFO - Started process (PID=4339) to work on /usr/local/lib/python3.10/dist-packages/airflow/example_dags/example_branch_day_of_week_operator.py
[2025-10-30T22:01:46.638-0700] {processor.py:830} INFO - Processing file /usr/local/lib/python3.10/dist-packages/airflow/example_dags/example_branch_day_of_week_operator.py for tasks to queue
[2025-10-30T22:01:46.642-0700] {logging_mixin.py:188} INFO - [2025-10-30T22:01:46.641-0700] {dagbag.py:545} INFO - Filling up the DagBag from /usr/local/lib/python3.10/dist-packages/airflow/example_dags/example_branch_day_of_week_operator.py
[2025-10-30T22:01:46.652-0700] {processor.py:840} INFO - DAG(s) 'example_weekday_branch_operator' retrieved from /usr/local/lib/python3.10/dist-packages/airflow/example_dags/example_branch_day_of_week_operator.py
[2025-10-30T22:01:46.708-0700] {logging_mixin.py:188} INFO - [2025-10-30T22:01:46.708-0700] {dag.py:3089} INFO - Sync 1 DAGs
[2025-10-30T22:01:46.745-0700] {logging_mixin.py:188} INFO - [2025-10-30T22:01:46.745-0700] {dag.py:3947} INFO - Setting next_dagrun for example_weekday_branch_operator to 2025-10-30 00:00:00+00:00, run_after=2025-10-31 00:00:00+00:00
[2025-10-30T22:01:46.848-0700] {processor.py:183} INFO - Processing /usr/local/lib/python3.10/dist-packages/airflow/example_dags/example_branch_day_of_week_operator.py took 0.220 seconds
[2025-10-30T22:03:10.708-0700] {processor.py:161} INFO - Started process (PID=4415) to work on /usr/local/lib/python3.10/dist-packages/airflow/example_dags/example_branch_day_of_week_operator.py
[2025-10-30T22:03:10.710-0700] {processor.py:830} INFO - Processing file /usr/local/lib/python3.10/dist-packages/airflow/example_dags/example_branch_day_of_week_operator.py for tasks to queue
[2025-10-30T22:03:10.712-0700] {logging_mixin.py:188} INFO - [2025-10-30T22:03:10.712-0700] {dagbag.py:545} INFO - Filling up the DagBag from /usr/local/lib/python3.10/dist-packages/airflow/example_dags/example_branch_day_of_week_operator.py
[2025-10-30T22:03:10.722-0700] {processor.py:840} INFO - DAG(s) 'example_weekday_branch_operator' retrieved from /usr/local/lib/python3.10/dist-packages/airflow/example_dags/example_branch_day_of_week_operator.py
[2025-10-30T22:03:10.771-0700] {logging_mixin.py:188} INFO - [2025-10-30T22:03:10.771-0700] {dag.py:3089} INFO - Sync 1 DAGs
[2025-10-30T22:03:10.814-0700] {logging_mixin.py:188} INFO - [2025-10-30T22:03:10.814-0700] {dag.py:3947} INFO - Setting next_dagrun for example_weekday_branch_operator to 2025-10-30 00:00:00+00:00, run_after=2025-10-31 00:00:00+00:00
[2025-10-30T22:03:10.959-0700] {processor.py:183} INFO - Processing /usr/local/lib/python3.10/dist-packages/airflow/example_dags/example_branch_day_of_week_operator.py took 0.260 seconds
[2025-10-30T22:04:42.201-0700] {processor.py:161} INFO - Started process (PID=4494) to work on /usr/local/lib/python3.10/dist-packages/airflow/example_dags/example_branch_day_of_week_operator.py
[2025-10-30T22:04:42.203-0700] {processor.py:830} INFO - Processing file /usr/local/lib/python3.10/dist-packages/airflow/example_dags/example_branch_day_of_week_operator.py for tasks to queue
[2025-10-30T22:04:42.205-0700] {logging_mixin.py:188} INFO - [2025-10-30T22:04:42.205-0700] {dagbag.py:545} INFO - Filling up the DagBag from /usr/local/lib/python3.10/dist-packages/airflow/example_dags/example_branch_day_of_week_operator.py
[2025-10-30T22:04:42.216-0700] {processor.py:840} INFO - DAG(s) 'example_weekday_branch_operator' retrieved from /usr/local/lib/python3.10/dist-packages/airflow/example_dags/example_branch_day_of_week_operator.py
[2025-10-30T22:04:42.266-0700] {logging_mixin.py:188} INFO - [2025-10-30T22:04:42.265-0700] {dag.py:3089} INFO - Sync 1 DAGs
[2025-10-30T22:04:42.310-0700] {logging_mixin.py:188} INFO - [2025-10-30T22:04:42.310-0700] {dag.py:3947} INFO - Setting next_dagrun for example_weekday_branch_operator to 2025-10-30 00:00:00+00:00, run_after=2025-10-31 00:00:00+00:00
[2025-10-30T22:04:42.489-0700] {processor.py:183} INFO - Processing /usr/local/lib/python3.10/dist-packages/airflow/example_dags/example_branch_day_of_week_operator.py took 0.296 seconds
