[2025-10-30T20:58:02.575-0700] {processor.py:161} INFO - Started process (PID=538) to work on /usr/local/lib/python3.10/dist-packages/airflow/example_dags/example_params_ui_tutorial.py
[2025-10-30T20:58:02.576-0700] {processor.py:830} INFO - Processing file /usr/local/lib/python3.10/dist-packages/airflow/example_dags/example_params_ui_tutorial.py for tasks to queue
[2025-10-30T20:58:02.577-0700] {logging_mixin.py:188} INFO - [2025-10-30T20:58:02.577-0700] {dagbag.py:545} INFO - Filling up the DagBag from /usr/local/lib/python3.10/dist-packages/airflow/example_dags/example_params_ui_tutorial.py
[2025-10-30T20:58:02.585-0700] {processor.py:840} INFO - DAG(s) 'example_params_ui_tutorial' retrieved from /usr/local/lib/python3.10/dist-packages/airflow/example_dags/example_params_ui_tutorial.py
[2025-10-30T20:58:03.042-0700] {logging_mixin.py:188} INFO - [2025-10-30T20:58:03.041-0700] {override.py:1858} INFO - Created Permission View: can delete on DAG:example_params_ui_tutorial
[2025-10-30T20:58:03.124-0700] {logging_mixin.py:188} INFO - [2025-10-30T20:58:03.123-0700] {override.py:1858} INFO - Created Permission View: can edit on DAG:example_params_ui_tutorial
[2025-10-30T20:58:03.182-0700] {logging_mixin.py:188} INFO - [2025-10-30T20:58:03.180-0700] {override.py:1858} INFO - Created Permission View: can read on DAG:example_params_ui_tutorial
[2025-10-30T20:58:03.184-0700] {logging_mixin.py:188} INFO - [2025-10-30T20:58:03.183-0700] {dag.py:3089} INFO - Sync 1 DAGs
[2025-10-30T20:58:03.226-0700] {logging_mixin.py:188} INFO - [2025-10-30T20:58:03.225-0700] {dag.py:3111} INFO - Creating ORM DAG for example_params_ui_tutorial
[2025-10-30T20:58:03.227-0700] {logging_mixin.py:188} INFO - [2025-10-30T20:58:03.226-0700] {dag.py:3947} INFO - Setting next_dagrun for example_params_ui_tutorial to None, run_after=None
[2025-10-30T20:58:03.336-0700] {processor.py:183} INFO - Processing /usr/local/lib/python3.10/dist-packages/airflow/example_dags/example_params_ui_tutorial.py took 0.767 seconds
[2025-10-30T20:59:16.892-0700] {processor.py:161} INFO - Started process (PID=600) to work on /usr/local/lib/python3.10/dist-packages/airflow/example_dags/example_params_ui_tutorial.py
[2025-10-30T20:59:16.893-0700] {processor.py:830} INFO - Processing file /usr/local/lib/python3.10/dist-packages/airflow/example_dags/example_params_ui_tutorial.py for tasks to queue
[2025-10-30T20:59:16.894-0700] {logging_mixin.py:188} INFO - [2025-10-30T20:59:16.894-0700] {dagbag.py:545} INFO - Filling up the DagBag from /usr/local/lib/python3.10/dist-packages/airflow/example_dags/example_params_ui_tutorial.py
[2025-10-30T20:59:16.900-0700] {processor.py:840} INFO - DAG(s) 'example_params_ui_tutorial' retrieved from /usr/local/lib/python3.10/dist-packages/airflow/example_dags/example_params_ui_tutorial.py
[2025-10-30T20:59:16.959-0700] {logging_mixin.py:188} INFO - [2025-10-30T20:59:16.959-0700] {dag.py:3089} INFO - Sync 1 DAGs
[2025-10-30T20:59:16.977-0700] {logging_mixin.py:188} INFO - [2025-10-30T20:59:16.977-0700] {dag.py:3947} INFO - Setting next_dagrun for example_params_ui_tutorial to None, run_after=None
[2025-10-30T20:59:17.060-0700] {processor.py:183} INFO - Processing /usr/local/lib/python3.10/dist-packages/airflow/example_dags/example_params_ui_tutorial.py took 0.174 seconds
[2025-10-30T21:00:24.689-0700] {processor.py:161} INFO - Started process (PID=671) to work on /usr/local/lib/python3.10/dist-packages/airflow/example_dags/example_params_ui_tutorial.py
[2025-10-30T21:00:24.692-0700] {processor.py:830} INFO - Processing file /usr/local/lib/python3.10/dist-packages/airflow/example_dags/example_params_ui_tutorial.py for tasks to queue
[2025-10-30T21:00:24.694-0700] {logging_mixin.py:188} INFO - [2025-10-30T21:00:24.693-0700] {dagbag.py:545} INFO - Filling up the DagBag from /usr/local/lib/python3.10/dist-packages/airflow/example_dags/example_params_ui_tutorial.py
[2025-10-30T21:00:24.708-0700] {processor.py:840} INFO - DAG(s) 'example_params_ui_tutorial' retrieved from /usr/local/lib/python3.10/dist-packages/airflow/example_dags/example_params_ui_tutorial.py
[2025-10-30T21:00:24.821-0700] {logging_mixin.py:188} INFO - [2025-10-30T21:00:24.821-0700] {dag.py:3089} INFO - Sync 1 DAGs
[2025-10-30T21:00:24.839-0700] {logging_mixin.py:188} INFO - [2025-10-30T21:00:24.838-0700] {dag.py:3947} INFO - Setting next_dagrun for example_params_ui_tutorial to None, run_after=None
[2025-10-30T21:00:24.914-0700] {processor.py:183} INFO - Processing /usr/local/lib/python3.10/dist-packages/airflow/example_dags/example_params_ui_tutorial.py took 0.239 seconds
[2025-10-30T21:01:35.880-0700] {processor.py:161} INFO - Started process (PID=750) to work on /usr/local/lib/python3.10/dist-packages/airflow/example_dags/example_params_ui_tutorial.py
[2025-10-30T21:01:35.882-0700] {processor.py:830} INFO - Processing file /usr/local/lib/python3.10/dist-packages/airflow/example_dags/example_params_ui_tutorial.py for tasks to queue
[2025-10-30T21:01:35.884-0700] {logging_mixin.py:188} INFO - [2025-10-30T21:01:35.884-0700] {dagbag.py:545} INFO - Filling up the DagBag from /usr/local/lib/python3.10/dist-packages/airflow/example_dags/example_params_ui_tutorial.py
[2025-10-30T21:01:35.892-0700] {processor.py:840} INFO - DAG(s) 'example_params_ui_tutorial' retrieved from /usr/local/lib/python3.10/dist-packages/airflow/example_dags/example_params_ui_tutorial.py
[2025-10-30T21:01:35.955-0700] {logging_mixin.py:188} INFO - [2025-10-30T21:01:35.955-0700] {dag.py:3089} INFO - Sync 1 DAGs
[2025-10-30T21:01:35.972-0700] {logging_mixin.py:188} INFO - [2025-10-30T21:01:35.971-0700] {dag.py:3947} INFO - Setting next_dagrun for example_params_ui_tutorial to None, run_after=None
[2025-10-30T21:01:36.088-0700] {processor.py:183} INFO - Processing /usr/local/lib/python3.10/dist-packages/airflow/example_dags/example_params_ui_tutorial.py took 0.213 seconds
[2025-10-30T21:02:44.170-0700] {processor.py:161} INFO - Started process (PID=821) to work on /usr/local/lib/python3.10/dist-packages/airflow/example_dags/example_params_ui_tutorial.py
[2025-10-30T21:02:44.171-0700] {processor.py:830} INFO - Processing file /usr/local/lib/python3.10/dist-packages/airflow/example_dags/example_params_ui_tutorial.py for tasks to queue
[2025-10-30T21:02:44.173-0700] {logging_mixin.py:188} INFO - [2025-10-30T21:02:44.172-0700] {dagbag.py:545} INFO - Filling up the DagBag from /usr/local/lib/python3.10/dist-packages/airflow/example_dags/example_params_ui_tutorial.py
[2025-10-30T21:02:44.182-0700] {processor.py:840} INFO - DAG(s) 'example_params_ui_tutorial' retrieved from /usr/local/lib/python3.10/dist-packages/airflow/example_dags/example_params_ui_tutorial.py
[2025-10-30T21:02:44.244-0700] {logging_mixin.py:188} INFO - [2025-10-30T21:02:44.244-0700] {dag.py:3089} INFO - Sync 1 DAGs
[2025-10-30T21:02:44.260-0700] {logging_mixin.py:188} INFO - [2025-10-30T21:02:44.260-0700] {dag.py:3947} INFO - Setting next_dagrun for example_params_ui_tutorial to None, run_after=None
[2025-10-30T21:02:44.426-0700] {processor.py:183} INFO - Processing /usr/local/lib/python3.10/dist-packages/airflow/example_dags/example_params_ui_tutorial.py took 0.262 seconds
[2025-10-30T21:03:54.593-0700] {processor.py:161} INFO - Started process (PID=894) to work on /usr/local/lib/python3.10/dist-packages/airflow/example_dags/example_params_ui_tutorial.py
[2025-10-30T21:03:54.595-0700] {processor.py:830} INFO - Processing file /usr/local/lib/python3.10/dist-packages/airflow/example_dags/example_params_ui_tutorial.py for tasks to queue
[2025-10-30T21:03:54.596-0700] {logging_mixin.py:188} INFO - [2025-10-30T21:03:54.596-0700] {dagbag.py:545} INFO - Filling up the DagBag from /usr/local/lib/python3.10/dist-packages/airflow/example_dags/example_params_ui_tutorial.py
[2025-10-30T21:03:54.607-0700] {processor.py:840} INFO - DAG(s) 'example_params_ui_tutorial' retrieved from /usr/local/lib/python3.10/dist-packages/airflow/example_dags/example_params_ui_tutorial.py
[2025-10-30T21:03:54.674-0700] {logging_mixin.py:188} INFO - [2025-10-30T21:03:54.674-0700] {dag.py:3089} INFO - Sync 1 DAGs
[2025-10-30T21:03:54.693-0700] {logging_mixin.py:188} INFO - [2025-10-30T21:03:54.693-0700] {dag.py:3947} INFO - Setting next_dagrun for example_params_ui_tutorial to None, run_after=None
[2025-10-30T21:03:54.777-0700] {processor.py:183} INFO - Processing /usr/local/lib/python3.10/dist-packages/airflow/example_dags/example_params_ui_tutorial.py took 0.191 seconds
[2025-10-30T21:05:04.909-0700] {processor.py:161} INFO - Started process (PID=966) to work on /usr/local/lib/python3.10/dist-packages/airflow/example_dags/example_params_ui_tutorial.py
[2025-10-30T21:05:04.910-0700] {processor.py:830} INFO - Processing file /usr/local/lib/python3.10/dist-packages/airflow/example_dags/example_params_ui_tutorial.py for tasks to queue
[2025-10-30T21:05:04.911-0700] {logging_mixin.py:188} INFO - [2025-10-30T21:05:04.911-0700] {dagbag.py:545} INFO - Filling up the DagBag from /usr/local/lib/python3.10/dist-packages/airflow/example_dags/example_params_ui_tutorial.py
[2025-10-30T21:05:04.919-0700] {processor.py:840} INFO - DAG(s) 'example_params_ui_tutorial' retrieved from /usr/local/lib/python3.10/dist-packages/airflow/example_dags/example_params_ui_tutorial.py
[2025-10-30T21:05:04.981-0700] {logging_mixin.py:188} INFO - [2025-10-30T21:05:04.981-0700] {dag.py:3089} INFO - Sync 1 DAGs
[2025-10-30T21:05:04.997-0700] {logging_mixin.py:188} INFO - [2025-10-30T21:05:04.996-0700] {dag.py:3947} INFO - Setting next_dagrun for example_params_ui_tutorial to None, run_after=None
[2025-10-30T21:05:05.118-0700] {processor.py:183} INFO - Processing /usr/local/lib/python3.10/dist-packages/airflow/example_dags/example_params_ui_tutorial.py took 0.215 seconds
[2025-10-30T21:06:14.746-0700] {processor.py:161} INFO - Started process (PID=1038) to work on /usr/local/lib/python3.10/dist-packages/airflow/example_dags/example_params_ui_tutorial.py
[2025-10-30T21:06:14.747-0700] {processor.py:830} INFO - Processing file /usr/local/lib/python3.10/dist-packages/airflow/example_dags/example_params_ui_tutorial.py for tasks to queue
[2025-10-30T21:06:14.748-0700] {logging_mixin.py:188} INFO - [2025-10-30T21:06:14.748-0700] {dagbag.py:545} INFO - Filling up the DagBag from /usr/local/lib/python3.10/dist-packages/airflow/example_dags/example_params_ui_tutorial.py
[2025-10-30T21:06:14.754-0700] {processor.py:840} INFO - DAG(s) 'example_params_ui_tutorial' retrieved from /usr/local/lib/python3.10/dist-packages/airflow/example_dags/example_params_ui_tutorial.py
[2025-10-30T21:06:14.815-0700] {logging_mixin.py:188} INFO - [2025-10-30T21:06:14.815-0700] {dag.py:3089} INFO - Sync 1 DAGs
[2025-10-30T21:06:14.833-0700] {logging_mixin.py:188} INFO - [2025-10-30T21:06:14.833-0700] {dag.py:3947} INFO - Setting next_dagrun for example_params_ui_tutorial to None, run_after=None
[2025-10-30T21:06:15.007-0700] {processor.py:183} INFO - Processing /usr/local/lib/python3.10/dist-packages/airflow/example_dags/example_params_ui_tutorial.py took 0.267 seconds
[2025-10-30T21:08:01.937-0700] {processor.py:161} INFO - Started process (PID=1085) to work on /usr/local/lib/python3.10/dist-packages/airflow/example_dags/example_params_ui_tutorial.py
[2025-10-30T21:08:01.939-0700] {processor.py:830} INFO - Processing file /usr/local/lib/python3.10/dist-packages/airflow/example_dags/example_params_ui_tutorial.py for tasks to queue
[2025-10-30T21:08:01.942-0700] {logging_mixin.py:188} INFO - [2025-10-30T21:08:01.942-0700] {dagbag.py:545} INFO - Filling up the DagBag from /usr/local/lib/python3.10/dist-packages/airflow/example_dags/example_params_ui_tutorial.py
[2025-10-30T21:08:01.950-0700] {processor.py:840} INFO - DAG(s) 'example_params_ui_tutorial' retrieved from /usr/local/lib/python3.10/dist-packages/airflow/example_dags/example_params_ui_tutorial.py
[2025-10-30T21:08:02.020-0700] {logging_mixin.py:188} INFO - [2025-10-30T21:08:02.020-0700] {dag.py:3089} INFO - Sync 1 DAGs
[2025-10-30T21:08:02.041-0700] {logging_mixin.py:188} INFO - [2025-10-30T21:08:02.040-0700] {dag.py:3947} INFO - Setting next_dagrun for example_params_ui_tutorial to None, run_after=None
[2025-10-30T21:08:02.139-0700] {processor.py:183} INFO - Processing /usr/local/lib/python3.10/dist-packages/airflow/example_dags/example_params_ui_tutorial.py took 0.209 seconds
[2025-10-30T21:09:04.762-0700] {processor.py:161} INFO - Started process (PID=1146) to work on /usr/local/lib/python3.10/dist-packages/airflow/example_dags/example_params_ui_tutorial.py
[2025-10-30T21:09:04.763-0700] {processor.py:830} INFO - Processing file /usr/local/lib/python3.10/dist-packages/airflow/example_dags/example_params_ui_tutorial.py for tasks to queue
[2025-10-30T21:09:04.765-0700] {logging_mixin.py:188} INFO - [2025-10-30T21:09:04.765-0700] {dagbag.py:545} INFO - Filling up the DagBag from /usr/local/lib/python3.10/dist-packages/airflow/example_dags/example_params_ui_tutorial.py
[2025-10-30T21:09:04.771-0700] {processor.py:840} INFO - DAG(s) 'example_params_ui_tutorial' retrieved from /usr/local/lib/python3.10/dist-packages/airflow/example_dags/example_params_ui_tutorial.py
[2025-10-30T21:09:04.815-0700] {logging_mixin.py:188} INFO - [2025-10-30T21:09:04.814-0700] {dag.py:3089} INFO - Sync 1 DAGs
[2025-10-30T21:09:04.828-0700] {logging_mixin.py:188} INFO - [2025-10-30T21:09:04.828-0700] {dag.py:3947} INFO - Setting next_dagrun for example_params_ui_tutorial to None, run_after=None
[2025-10-30T21:09:04.883-0700] {processor.py:183} INFO - Processing /usr/local/lib/python3.10/dist-packages/airflow/example_dags/example_params_ui_tutorial.py took 0.126 seconds
[2025-10-30T21:10:19.374-0700] {processor.py:161} INFO - Started process (PID=1217) to work on /usr/local/lib/python3.10/dist-packages/airflow/example_dags/example_params_ui_tutorial.py
[2025-10-30T21:10:19.376-0700] {processor.py:830} INFO - Processing file /usr/local/lib/python3.10/dist-packages/airflow/example_dags/example_params_ui_tutorial.py for tasks to queue
[2025-10-30T21:10:19.379-0700] {logging_mixin.py:188} INFO - [2025-10-30T21:10:19.378-0700] {dagbag.py:545} INFO - Filling up the DagBag from /usr/local/lib/python3.10/dist-packages/airflow/example_dags/example_params_ui_tutorial.py
[2025-10-30T21:10:19.389-0700] {processor.py:840} INFO - DAG(s) 'example_params_ui_tutorial' retrieved from /usr/local/lib/python3.10/dist-packages/airflow/example_dags/example_params_ui_tutorial.py
[2025-10-30T21:10:19.463-0700] {logging_mixin.py:188} INFO - [2025-10-30T21:10:19.462-0700] {dag.py:3089} INFO - Sync 1 DAGs
[2025-10-30T21:10:19.484-0700] {logging_mixin.py:188} INFO - [2025-10-30T21:10:19.484-0700] {dag.py:3947} INFO - Setting next_dagrun for example_params_ui_tutorial to None, run_after=None
[2025-10-30T21:10:19.624-0700] {processor.py:183} INFO - Processing /usr/local/lib/python3.10/dist-packages/airflow/example_dags/example_params_ui_tutorial.py took 0.256 seconds
[2025-10-30T21:11:39.237-0700] {processor.py:161} INFO - Started process (PID=1292) to work on /usr/local/lib/python3.10/dist-packages/airflow/example_dags/example_params_ui_tutorial.py
[2025-10-30T21:11:39.239-0700] {processor.py:830} INFO - Processing file /usr/local/lib/python3.10/dist-packages/airflow/example_dags/example_params_ui_tutorial.py for tasks to queue
[2025-10-30T21:11:39.242-0700] {logging_mixin.py:188} INFO - [2025-10-30T21:11:39.241-0700] {dagbag.py:545} INFO - Filling up the DagBag from /usr/local/lib/python3.10/dist-packages/airflow/example_dags/example_params_ui_tutorial.py
[2025-10-30T21:11:39.251-0700] {processor.py:840} INFO - DAG(s) 'example_params_ui_tutorial' retrieved from /usr/local/lib/python3.10/dist-packages/airflow/example_dags/example_params_ui_tutorial.py
[2025-10-30T21:11:39.326-0700] {logging_mixin.py:188} INFO - [2025-10-30T21:11:39.325-0700] {dag.py:3089} INFO - Sync 1 DAGs
[2025-10-30T21:11:39.347-0700] {logging_mixin.py:188} INFO - [2025-10-30T21:11:39.346-0700] {dag.py:3947} INFO - Setting next_dagrun for example_params_ui_tutorial to None, run_after=None
[2025-10-30T21:11:39.454-0700] {processor.py:183} INFO - Processing /usr/local/lib/python3.10/dist-packages/airflow/example_dags/example_params_ui_tutorial.py took 0.226 seconds
[2025-10-30T21:13:00.869-0700] {processor.py:161} INFO - Started process (PID=1376) to work on /usr/local/lib/python3.10/dist-packages/airflow/example_dags/example_params_ui_tutorial.py
[2025-10-30T21:13:00.871-0700] {processor.py:830} INFO - Processing file /usr/local/lib/python3.10/dist-packages/airflow/example_dags/example_params_ui_tutorial.py for tasks to queue
[2025-10-30T21:13:00.874-0700] {logging_mixin.py:188} INFO - [2025-10-30T21:13:00.874-0700] {dagbag.py:545} INFO - Filling up the DagBag from /usr/local/lib/python3.10/dist-packages/airflow/example_dags/example_params_ui_tutorial.py
[2025-10-30T21:13:00.883-0700] {processor.py:840} INFO - DAG(s) 'example_params_ui_tutorial' retrieved from /usr/local/lib/python3.10/dist-packages/airflow/example_dags/example_params_ui_tutorial.py
[2025-10-30T21:13:00.950-0700] {logging_mixin.py:188} INFO - [2025-10-30T21:13:00.950-0700] {dag.py:3089} INFO - Sync 1 DAGs
[2025-10-30T21:13:00.973-0700] {logging_mixin.py:188} INFO - [2025-10-30T21:13:00.973-0700] {dag.py:3947} INFO - Setting next_dagrun for example_params_ui_tutorial to None, run_after=None
[2025-10-30T21:13:01.096-0700] {processor.py:183} INFO - Processing /usr/local/lib/python3.10/dist-packages/airflow/example_dags/example_params_ui_tutorial.py took 0.233 seconds
[2025-10-30T21:15:18.528-0700] {processor.py:161} INFO - Started process (PID=1484) to work on /usr/local/lib/python3.10/dist-packages/airflow/example_dags/example_params_ui_tutorial.py
[2025-10-30T21:15:18.531-0700] {processor.py:830} INFO - Processing file /usr/local/lib/python3.10/dist-packages/airflow/example_dags/example_params_ui_tutorial.py for tasks to queue
[2025-10-30T21:15:18.535-0700] {logging_mixin.py:188} INFO - [2025-10-30T21:15:18.534-0700] {dagbag.py:545} INFO - Filling up the DagBag from /usr/local/lib/python3.10/dist-packages/airflow/example_dags/example_params_ui_tutorial.py
[2025-10-30T21:15:18.546-0700] {processor.py:840} INFO - DAG(s) 'example_params_ui_tutorial' retrieved from /usr/local/lib/python3.10/dist-packages/airflow/example_dags/example_params_ui_tutorial.py
[2025-10-30T21:15:18.638-0700] {logging_mixin.py:188} INFO - [2025-10-30T21:15:18.638-0700] {dag.py:3089} INFO - Sync 1 DAGs
[2025-10-30T21:15:18.662-0700] {logging_mixin.py:188} INFO - [2025-10-30T21:15:18.662-0700] {dag.py:3947} INFO - Setting next_dagrun for example_params_ui_tutorial to None, run_after=None
[2025-10-30T21:15:18.806-0700] {processor.py:183} INFO - Processing /usr/local/lib/python3.10/dist-packages/airflow/example_dags/example_params_ui_tutorial.py took 0.291 seconds
[2025-10-30T21:16:31.405-0700] {processor.py:161} INFO - Started process (PID=1543) to work on /usr/local/lib/python3.10/dist-packages/airflow/example_dags/example_params_ui_tutorial.py
[2025-10-30T21:16:31.408-0700] {processor.py:830} INFO - Processing file /usr/local/lib/python3.10/dist-packages/airflow/example_dags/example_params_ui_tutorial.py for tasks to queue
[2025-10-30T21:16:31.411-0700] {logging_mixin.py:188} INFO - [2025-10-30T21:16:31.410-0700] {dagbag.py:545} INFO - Filling up the DagBag from /usr/local/lib/python3.10/dist-packages/airflow/example_dags/example_params_ui_tutorial.py
[2025-10-30T21:16:31.420-0700] {processor.py:840} INFO - DAG(s) 'example_params_ui_tutorial' retrieved from /usr/local/lib/python3.10/dist-packages/airflow/example_dags/example_params_ui_tutorial.py
[2025-10-30T21:16:31.502-0700] {logging_mixin.py:188} INFO - [2025-10-30T21:16:31.502-0700] {dag.py:3089} INFO - Sync 1 DAGs
[2025-10-30T21:16:31.526-0700] {logging_mixin.py:188} INFO - [2025-10-30T21:16:31.525-0700] {dag.py:3947} INFO - Setting next_dagrun for example_params_ui_tutorial to None, run_after=None
[2025-10-30T21:16:31.666-0700] {processor.py:183} INFO - Processing /usr/local/lib/python3.10/dist-packages/airflow/example_dags/example_params_ui_tutorial.py took 0.276 seconds
[2025-10-30T21:17:52.914-0700] {processor.py:161} INFO - Started process (PID=1620) to work on /usr/local/lib/python3.10/dist-packages/airflow/example_dags/example_params_ui_tutorial.py
[2025-10-30T21:17:52.916-0700] {processor.py:830} INFO - Processing file /usr/local/lib/python3.10/dist-packages/airflow/example_dags/example_params_ui_tutorial.py for tasks to queue
[2025-10-30T21:17:52.919-0700] {logging_mixin.py:188} INFO - [2025-10-30T21:17:52.918-0700] {dagbag.py:545} INFO - Filling up the DagBag from /usr/local/lib/python3.10/dist-packages/airflow/example_dags/example_params_ui_tutorial.py
[2025-10-30T21:17:52.927-0700] {processor.py:840} INFO - DAG(s) 'example_params_ui_tutorial' retrieved from /usr/local/lib/python3.10/dist-packages/airflow/example_dags/example_params_ui_tutorial.py
[2025-10-30T21:17:53.013-0700] {logging_mixin.py:188} INFO - [2025-10-30T21:17:53.012-0700] {dag.py:3089} INFO - Sync 1 DAGs
[2025-10-30T21:17:53.041-0700] {logging_mixin.py:188} INFO - [2025-10-30T21:17:53.041-0700] {dag.py:3947} INFO - Setting next_dagrun for example_params_ui_tutorial to None, run_after=None
[2025-10-30T21:17:53.199-0700] {processor.py:183} INFO - Processing /usr/local/lib/python3.10/dist-packages/airflow/example_dags/example_params_ui_tutorial.py took 0.299 seconds
[2025-10-30T21:19:16.605-0700] {processor.py:161} INFO - Started process (PID=1695) to work on /usr/local/lib/python3.10/dist-packages/airflow/example_dags/example_params_ui_tutorial.py
[2025-10-30T21:19:16.606-0700] {processor.py:830} INFO - Processing file /usr/local/lib/python3.10/dist-packages/airflow/example_dags/example_params_ui_tutorial.py for tasks to queue
[2025-10-30T21:19:16.609-0700] {logging_mixin.py:188} INFO - [2025-10-30T21:19:16.608-0700] {dagbag.py:545} INFO - Filling up the DagBag from /usr/local/lib/python3.10/dist-packages/airflow/example_dags/example_params_ui_tutorial.py
[2025-10-30T21:19:16.619-0700] {processor.py:840} INFO - DAG(s) 'example_params_ui_tutorial' retrieved from /usr/local/lib/python3.10/dist-packages/airflow/example_dags/example_params_ui_tutorial.py
[2025-10-30T21:19:16.704-0700] {logging_mixin.py:188} INFO - [2025-10-30T21:19:16.704-0700] {dag.py:3089} INFO - Sync 1 DAGs
[2025-10-30T21:19:16.727-0700] {logging_mixin.py:188} INFO - [2025-10-30T21:19:16.727-0700] {dag.py:3947} INFO - Setting next_dagrun for example_params_ui_tutorial to None, run_after=None
[2025-10-30T21:19:16.850-0700] {processor.py:183} INFO - Processing /usr/local/lib/python3.10/dist-packages/airflow/example_dags/example_params_ui_tutorial.py took 0.253 seconds
[2025-10-30T21:20:40.229-0700] {processor.py:161} INFO - Started process (PID=1772) to work on /usr/local/lib/python3.10/dist-packages/airflow/example_dags/example_params_ui_tutorial.py
[2025-10-30T21:20:40.231-0700] {processor.py:830} INFO - Processing file /usr/local/lib/python3.10/dist-packages/airflow/example_dags/example_params_ui_tutorial.py for tasks to queue
[2025-10-30T21:20:40.234-0700] {logging_mixin.py:188} INFO - [2025-10-30T21:20:40.233-0700] {dagbag.py:545} INFO - Filling up the DagBag from /usr/local/lib/python3.10/dist-packages/airflow/example_dags/example_params_ui_tutorial.py
[2025-10-30T21:20:40.244-0700] {processor.py:840} INFO - DAG(s) 'example_params_ui_tutorial' retrieved from /usr/local/lib/python3.10/dist-packages/airflow/example_dags/example_params_ui_tutorial.py
[2025-10-30T21:20:40.333-0700] {logging_mixin.py:188} INFO - [2025-10-30T21:20:40.333-0700] {dag.py:3089} INFO - Sync 1 DAGs
[2025-10-30T21:20:40.352-0700] {logging_mixin.py:188} INFO - [2025-10-30T21:20:40.351-0700] {dag.py:3947} INFO - Setting next_dagrun for example_params_ui_tutorial to None, run_after=None
[2025-10-30T21:20:40.496-0700] {processor.py:183} INFO - Processing /usr/local/lib/python3.10/dist-packages/airflow/example_dags/example_params_ui_tutorial.py took 0.277 seconds
[2025-10-30T21:21:59.410-0700] {processor.py:161} INFO - Started process (PID=1855) to work on /usr/local/lib/python3.10/dist-packages/airflow/example_dags/example_params_ui_tutorial.py
[2025-10-30T21:21:59.412-0700] {processor.py:830} INFO - Processing file /usr/local/lib/python3.10/dist-packages/airflow/example_dags/example_params_ui_tutorial.py for tasks to queue
[2025-10-30T21:21:59.415-0700] {logging_mixin.py:188} INFO - [2025-10-30T21:21:59.415-0700] {dagbag.py:545} INFO - Filling up the DagBag from /usr/local/lib/python3.10/dist-packages/airflow/example_dags/example_params_ui_tutorial.py
[2025-10-30T21:21:59.424-0700] {processor.py:840} INFO - DAG(s) 'example_params_ui_tutorial' retrieved from /usr/local/lib/python3.10/dist-packages/airflow/example_dags/example_params_ui_tutorial.py
[2025-10-30T21:21:59.494-0700] {logging_mixin.py:188} INFO - [2025-10-30T21:21:59.493-0700] {dag.py:3089} INFO - Sync 1 DAGs
[2025-10-30T21:21:59.518-0700] {logging_mixin.py:188} INFO - [2025-10-30T21:21:59.518-0700] {dag.py:3947} INFO - Setting next_dagrun for example_params_ui_tutorial to None, run_after=None
[2025-10-30T21:21:59.644-0700] {processor.py:183} INFO - Processing /usr/local/lib/python3.10/dist-packages/airflow/example_dags/example_params_ui_tutorial.py took 0.243 seconds
[2025-10-30T21:23:21.548-0700] {processor.py:161} INFO - Started process (PID=1939) to work on /usr/local/lib/python3.10/dist-packages/airflow/example_dags/example_params_ui_tutorial.py
[2025-10-30T21:23:21.550-0700] {processor.py:830} INFO - Processing file /usr/local/lib/python3.10/dist-packages/airflow/example_dags/example_params_ui_tutorial.py for tasks to queue
[2025-10-30T21:23:21.553-0700] {logging_mixin.py:188} INFO - [2025-10-30T21:23:21.552-0700] {dagbag.py:545} INFO - Filling up the DagBag from /usr/local/lib/python3.10/dist-packages/airflow/example_dags/example_params_ui_tutorial.py
[2025-10-30T21:23:21.569-0700] {processor.py:840} INFO - DAG(s) 'example_params_ui_tutorial' retrieved from /usr/local/lib/python3.10/dist-packages/airflow/example_dags/example_params_ui_tutorial.py
[2025-10-30T21:23:21.668-0700] {logging_mixin.py:188} INFO - [2025-10-30T21:23:21.668-0700] {dag.py:3089} INFO - Sync 1 DAGs
[2025-10-30T21:23:21.693-0700] {logging_mixin.py:188} INFO - [2025-10-30T21:23:21.693-0700] {dag.py:3947} INFO - Setting next_dagrun for example_params_ui_tutorial to None, run_after=None
[2025-10-30T21:23:21.815-0700] {processor.py:183} INFO - Processing /usr/local/lib/python3.10/dist-packages/airflow/example_dags/example_params_ui_tutorial.py took 0.278 seconds
[2025-10-30T21:24:40.532-0700] {processor.py:161} INFO - Started process (PID=2013) to work on /usr/local/lib/python3.10/dist-packages/airflow/example_dags/example_params_ui_tutorial.py
[2025-10-30T21:24:40.534-0700] {processor.py:830} INFO - Processing file /usr/local/lib/python3.10/dist-packages/airflow/example_dags/example_params_ui_tutorial.py for tasks to queue
[2025-10-30T21:24:40.537-0700] {logging_mixin.py:188} INFO - [2025-10-30T21:24:40.536-0700] {dagbag.py:545} INFO - Filling up the DagBag from /usr/local/lib/python3.10/dist-packages/airflow/example_dags/example_params_ui_tutorial.py
[2025-10-30T21:24:40.549-0700] {processor.py:840} INFO - DAG(s) 'example_params_ui_tutorial' retrieved from /usr/local/lib/python3.10/dist-packages/airflow/example_dags/example_params_ui_tutorial.py
[2025-10-30T21:24:40.644-0700] {logging_mixin.py:188} INFO - [2025-10-30T21:24:40.643-0700] {dag.py:3089} INFO - Sync 1 DAGs
[2025-10-30T21:24:40.679-0700] {logging_mixin.py:188} INFO - [2025-10-30T21:24:40.678-0700] {dag.py:3947} INFO - Setting next_dagrun for example_params_ui_tutorial to None, run_after=None
[2025-10-30T21:24:40.862-0700] {processor.py:183} INFO - Processing /usr/local/lib/python3.10/dist-packages/airflow/example_dags/example_params_ui_tutorial.py took 0.337 seconds
[2025-10-30T21:26:05.469-0700] {processor.py:161} INFO - Started process (PID=2089) to work on /usr/local/lib/python3.10/dist-packages/airflow/example_dags/example_params_ui_tutorial.py
[2025-10-30T21:26:05.471-0700] {processor.py:830} INFO - Processing file /usr/local/lib/python3.10/dist-packages/airflow/example_dags/example_params_ui_tutorial.py for tasks to queue
[2025-10-30T21:26:05.474-0700] {logging_mixin.py:188} INFO - [2025-10-30T21:26:05.473-0700] {dagbag.py:545} INFO - Filling up the DagBag from /usr/local/lib/python3.10/dist-packages/airflow/example_dags/example_params_ui_tutorial.py
[2025-10-30T21:26:05.484-0700] {processor.py:840} INFO - DAG(s) 'example_params_ui_tutorial' retrieved from /usr/local/lib/python3.10/dist-packages/airflow/example_dags/example_params_ui_tutorial.py
[2025-10-30T21:26:05.564-0700] {logging_mixin.py:188} INFO - [2025-10-30T21:26:05.564-0700] {dag.py:3089} INFO - Sync 1 DAGs
[2025-10-30T21:26:05.581-0700] {logging_mixin.py:188} INFO - [2025-10-30T21:26:05.581-0700] {dag.py:3947} INFO - Setting next_dagrun for example_params_ui_tutorial to None, run_after=None
[2025-10-30T21:26:05.725-0700] {processor.py:183} INFO - Processing /usr/local/lib/python3.10/dist-packages/airflow/example_dags/example_params_ui_tutorial.py took 0.264 seconds
[2025-10-30T21:27:28.482-0700] {processor.py:161} INFO - Started process (PID=2165) to work on /usr/local/lib/python3.10/dist-packages/airflow/example_dags/example_params_ui_tutorial.py
[2025-10-30T21:27:28.484-0700] {processor.py:830} INFO - Processing file /usr/local/lib/python3.10/dist-packages/airflow/example_dags/example_params_ui_tutorial.py for tasks to queue
[2025-10-30T21:27:28.486-0700] {logging_mixin.py:188} INFO - [2025-10-30T21:27:28.486-0700] {dagbag.py:545} INFO - Filling up the DagBag from /usr/local/lib/python3.10/dist-packages/airflow/example_dags/example_params_ui_tutorial.py
[2025-10-30T21:27:28.495-0700] {processor.py:840} INFO - DAG(s) 'example_params_ui_tutorial' retrieved from /usr/local/lib/python3.10/dist-packages/airflow/example_dags/example_params_ui_tutorial.py
[2025-10-30T21:27:28.557-0700] {logging_mixin.py:188} INFO - [2025-10-30T21:27:28.556-0700] {dag.py:3089} INFO - Sync 1 DAGs
[2025-10-30T21:27:28.578-0700] {logging_mixin.py:188} INFO - [2025-10-30T21:27:28.577-0700] {dag.py:3947} INFO - Setting next_dagrun for example_params_ui_tutorial to None, run_after=None
[2025-10-30T21:27:28.675-0700] {processor.py:183} INFO - Processing /usr/local/lib/python3.10/dist-packages/airflow/example_dags/example_params_ui_tutorial.py took 0.199 seconds
[2025-10-30T21:28:49.025-0700] {processor.py:161} INFO - Started process (PID=2240) to work on /usr/local/lib/python3.10/dist-packages/airflow/example_dags/example_params_ui_tutorial.py
[2025-10-30T21:28:49.027-0700] {processor.py:830} INFO - Processing file /usr/local/lib/python3.10/dist-packages/airflow/example_dags/example_params_ui_tutorial.py for tasks to queue
[2025-10-30T21:28:49.030-0700] {logging_mixin.py:188} INFO - [2025-10-30T21:28:49.030-0700] {dagbag.py:545} INFO - Filling up the DagBag from /usr/local/lib/python3.10/dist-packages/airflow/example_dags/example_params_ui_tutorial.py
[2025-10-30T21:28:49.039-0700] {processor.py:840} INFO - DAG(s) 'example_params_ui_tutorial' retrieved from /usr/local/lib/python3.10/dist-packages/airflow/example_dags/example_params_ui_tutorial.py
[2025-10-30T21:28:49.137-0700] {logging_mixin.py:188} INFO - [2025-10-30T21:28:49.136-0700] {dag.py:3089} INFO - Sync 1 DAGs
[2025-10-30T21:28:49.171-0700] {logging_mixin.py:188} INFO - [2025-10-30T21:28:49.170-0700] {dag.py:3947} INFO - Setting next_dagrun for example_params_ui_tutorial to None, run_after=None
[2025-10-30T21:28:49.307-0700] {processor.py:183} INFO - Processing /usr/local/lib/python3.10/dist-packages/airflow/example_dags/example_params_ui_tutorial.py took 0.294 seconds
[2025-10-30T21:30:13.836-0700] {processor.py:161} INFO - Started process (PID=2315) to work on /usr/local/lib/python3.10/dist-packages/airflow/example_dags/example_params_ui_tutorial.py
[2025-10-30T21:30:13.838-0700] {processor.py:830} INFO - Processing file /usr/local/lib/python3.10/dist-packages/airflow/example_dags/example_params_ui_tutorial.py for tasks to queue
[2025-10-30T21:30:13.841-0700] {logging_mixin.py:188} INFO - [2025-10-30T21:30:13.840-0700] {dagbag.py:545} INFO - Filling up the DagBag from /usr/local/lib/python3.10/dist-packages/airflow/example_dags/example_params_ui_tutorial.py
[2025-10-30T21:30:13.848-0700] {processor.py:840} INFO - DAG(s) 'example_params_ui_tutorial' retrieved from /usr/local/lib/python3.10/dist-packages/airflow/example_dags/example_params_ui_tutorial.py
[2025-10-30T21:30:13.910-0700] {logging_mixin.py:188} INFO - [2025-10-30T21:30:13.910-0700] {dag.py:3089} INFO - Sync 1 DAGs
[2025-10-30T21:30:13.927-0700] {logging_mixin.py:188} INFO - [2025-10-30T21:30:13.926-0700] {dag.py:3947} INFO - Setting next_dagrun for example_params_ui_tutorial to None, run_after=None
[2025-10-30T21:30:14.053-0700] {processor.py:183} INFO - Processing /usr/local/lib/python3.10/dist-packages/airflow/example_dags/example_params_ui_tutorial.py took 0.224 seconds
[2025-10-30T21:31:34.984-0700] {processor.py:161} INFO - Started process (PID=2389) to work on /usr/local/lib/python3.10/dist-packages/airflow/example_dags/example_params_ui_tutorial.py
[2025-10-30T21:31:34.986-0700] {processor.py:830} INFO - Processing file /usr/local/lib/python3.10/dist-packages/airflow/example_dags/example_params_ui_tutorial.py for tasks to queue
[2025-10-30T21:31:34.989-0700] {logging_mixin.py:188} INFO - [2025-10-30T21:31:34.989-0700] {dagbag.py:545} INFO - Filling up the DagBag from /usr/local/lib/python3.10/dist-packages/airflow/example_dags/example_params_ui_tutorial.py
[2025-10-30T21:31:34.998-0700] {processor.py:840} INFO - DAG(s) 'example_params_ui_tutorial' retrieved from /usr/local/lib/python3.10/dist-packages/airflow/example_dags/example_params_ui_tutorial.py
[2025-10-30T21:31:35.068-0700] {logging_mixin.py:188} INFO - [2025-10-30T21:31:35.068-0700] {dag.py:3089} INFO - Sync 1 DAGs
[2025-10-30T21:31:35.088-0700] {logging_mixin.py:188} INFO - [2025-10-30T21:31:35.088-0700] {dag.py:3947} INFO - Setting next_dagrun for example_params_ui_tutorial to None, run_after=None
[2025-10-30T21:31:35.192-0700] {processor.py:183} INFO - Processing /usr/local/lib/python3.10/dist-packages/airflow/example_dags/example_params_ui_tutorial.py took 0.217 seconds
[2025-10-30T21:32:54.931-0700] {processor.py:161} INFO - Started process (PID=2467) to work on /usr/local/lib/python3.10/dist-packages/airflow/example_dags/example_params_ui_tutorial.py
[2025-10-30T21:32:54.934-0700] {processor.py:830} INFO - Processing file /usr/local/lib/python3.10/dist-packages/airflow/example_dags/example_params_ui_tutorial.py for tasks to queue
[2025-10-30T21:32:54.940-0700] {logging_mixin.py:188} INFO - [2025-10-30T21:32:54.939-0700] {dagbag.py:545} INFO - Filling up the DagBag from /usr/local/lib/python3.10/dist-packages/airflow/example_dags/example_params_ui_tutorial.py
[2025-10-30T21:32:54.962-0700] {processor.py:840} INFO - DAG(s) 'example_params_ui_tutorial' retrieved from /usr/local/lib/python3.10/dist-packages/airflow/example_dags/example_params_ui_tutorial.py
[2025-10-30T21:32:55.058-0700] {logging_mixin.py:188} INFO - [2025-10-30T21:32:55.058-0700] {dag.py:3089} INFO - Sync 1 DAGs
[2025-10-30T21:32:55.088-0700] {logging_mixin.py:188} INFO - [2025-10-30T21:32:55.087-0700] {dag.py:3947} INFO - Setting next_dagrun for example_params_ui_tutorial to None, run_after=None
[2025-10-30T21:32:55.247-0700] {processor.py:183} INFO - Processing /usr/local/lib/python3.10/dist-packages/airflow/example_dags/example_params_ui_tutorial.py took 0.332 seconds
[2025-10-30T21:34:49.619-0700] {processor.py:161} INFO - Started process (PID=2545) to work on /usr/local/lib/python3.10/dist-packages/airflow/example_dags/example_params_ui_tutorial.py
[2025-10-30T21:34:49.627-0700] {processor.py:830} INFO - Processing file /usr/local/lib/python3.10/dist-packages/airflow/example_dags/example_params_ui_tutorial.py for tasks to queue
[2025-10-30T21:34:49.631-0700] {logging_mixin.py:188} INFO - [2025-10-30T21:34:49.630-0700] {dagbag.py:545} INFO - Filling up the DagBag from /usr/local/lib/python3.10/dist-packages/airflow/example_dags/example_params_ui_tutorial.py
[2025-10-30T21:34:49.648-0700] {processor.py:840} INFO - DAG(s) 'example_params_ui_tutorial' retrieved from /usr/local/lib/python3.10/dist-packages/airflow/example_dags/example_params_ui_tutorial.py
[2025-10-30T21:34:49.752-0700] {logging_mixin.py:188} INFO - [2025-10-30T21:34:49.752-0700] {dag.py:3089} INFO - Sync 1 DAGs
[2025-10-30T21:34:49.777-0700] {logging_mixin.py:188} INFO - [2025-10-30T21:34:49.777-0700] {dag.py:3947} INFO - Setting next_dagrun for example_params_ui_tutorial to None, run_after=None
[2025-10-30T21:34:49.893-0700] {processor.py:183} INFO - Processing /usr/local/lib/python3.10/dist-packages/airflow/example_dags/example_params_ui_tutorial.py took 0.283 seconds
[2025-10-30T21:36:14.638-0700] {processor.py:161} INFO - Started process (PID=2631) to work on /usr/local/lib/python3.10/dist-packages/airflow/example_dags/example_params_ui_tutorial.py
[2025-10-30T21:36:14.640-0700] {processor.py:830} INFO - Processing file /usr/local/lib/python3.10/dist-packages/airflow/example_dags/example_params_ui_tutorial.py for tasks to queue
[2025-10-30T21:36:14.643-0700] {logging_mixin.py:188} INFO - [2025-10-30T21:36:14.643-0700] {dagbag.py:545} INFO - Filling up the DagBag from /usr/local/lib/python3.10/dist-packages/airflow/example_dags/example_params_ui_tutorial.py
[2025-10-30T21:36:14.652-0700] {processor.py:840} INFO - DAG(s) 'example_params_ui_tutorial' retrieved from /usr/local/lib/python3.10/dist-packages/airflow/example_dags/example_params_ui_tutorial.py
[2025-10-30T21:36:14.727-0700] {logging_mixin.py:188} INFO - [2025-10-30T21:36:14.727-0700] {dag.py:3089} INFO - Sync 1 DAGs
[2025-10-30T21:36:14.744-0700] {logging_mixin.py:188} INFO - [2025-10-30T21:36:14.744-0700] {dag.py:3947} INFO - Setting next_dagrun for example_params_ui_tutorial to None, run_after=None
[2025-10-30T21:36:14.856-0700] {processor.py:183} INFO - Processing /usr/local/lib/python3.10/dist-packages/airflow/example_dags/example_params_ui_tutorial.py took 0.230 seconds
[2025-10-30T21:37:11.262-0700] {processor.py:161} INFO - Started process (PID=2676) to work on /usr/local/lib/python3.10/dist-packages/airflow/example_dags/example_params_ui_tutorial.py
[2025-10-30T21:37:11.264-0700] {processor.py:830} INFO - Processing file /usr/local/lib/python3.10/dist-packages/airflow/example_dags/example_params_ui_tutorial.py for tasks to queue
[2025-10-30T21:37:11.269-0700] {logging_mixin.py:188} INFO - [2025-10-30T21:37:11.268-0700] {dagbag.py:545} INFO - Filling up the DagBag from /usr/local/lib/python3.10/dist-packages/airflow/example_dags/example_params_ui_tutorial.py
[2025-10-30T21:37:11.281-0700] {processor.py:840} INFO - DAG(s) 'example_params_ui_tutorial' retrieved from /usr/local/lib/python3.10/dist-packages/airflow/example_dags/example_params_ui_tutorial.py
[2025-10-30T21:37:11.352-0700] {logging_mixin.py:188} INFO - [2025-10-30T21:37:11.352-0700] {dag.py:3089} INFO - Sync 1 DAGs
[2025-10-30T21:37:11.381-0700] {logging_mixin.py:188} INFO - [2025-10-30T21:37:11.381-0700] {dag.py:3947} INFO - Setting next_dagrun for example_params_ui_tutorial to None, run_after=None
[2025-10-30T21:37:11.599-0700] {processor.py:183} INFO - Processing /usr/local/lib/python3.10/dist-packages/airflow/example_dags/example_params_ui_tutorial.py took 0.349 seconds
[2025-10-30T21:38:49.011-0700] {processor.py:161} INFO - Started process (PID=2780) to work on /usr/local/lib/python3.10/dist-packages/airflow/example_dags/example_params_ui_tutorial.py
[2025-10-30T21:38:49.013-0700] {processor.py:830} INFO - Processing file /usr/local/lib/python3.10/dist-packages/airflow/example_dags/example_params_ui_tutorial.py for tasks to queue
[2025-10-30T21:38:49.016-0700] {logging_mixin.py:188} INFO - [2025-10-30T21:38:49.016-0700] {dagbag.py:545} INFO - Filling up the DagBag from /usr/local/lib/python3.10/dist-packages/airflow/example_dags/example_params_ui_tutorial.py
[2025-10-30T21:38:49.028-0700] {processor.py:840} INFO - DAG(s) 'example_params_ui_tutorial' retrieved from /usr/local/lib/python3.10/dist-packages/airflow/example_dags/example_params_ui_tutorial.py
[2025-10-30T21:38:49.087-0700] {logging_mixin.py:188} INFO - [2025-10-30T21:38:49.086-0700] {dag.py:3089} INFO - Sync 1 DAGs
[2025-10-30T21:38:49.106-0700] {logging_mixin.py:188} INFO - [2025-10-30T21:38:49.106-0700] {dag.py:3947} INFO - Setting next_dagrun for example_params_ui_tutorial to None, run_after=None
[2025-10-30T21:38:49.235-0700] {processor.py:183} INFO - Processing /usr/local/lib/python3.10/dist-packages/airflow/example_dags/example_params_ui_tutorial.py took 0.235 seconds
[2025-10-30T21:40:16.839-0700] {processor.py:161} INFO - Started process (PID=2858) to work on /usr/local/lib/python3.10/dist-packages/airflow/example_dags/example_params_ui_tutorial.py
[2025-10-30T21:40:16.842-0700] {processor.py:830} INFO - Processing file /usr/local/lib/python3.10/dist-packages/airflow/example_dags/example_params_ui_tutorial.py for tasks to queue
[2025-10-30T21:40:16.845-0700] {logging_mixin.py:188} INFO - [2025-10-30T21:40:16.844-0700] {dagbag.py:545} INFO - Filling up the DagBag from /usr/local/lib/python3.10/dist-packages/airflow/example_dags/example_params_ui_tutorial.py
[2025-10-30T21:40:16.858-0700] {processor.py:840} INFO - DAG(s) 'example_params_ui_tutorial' retrieved from /usr/local/lib/python3.10/dist-packages/airflow/example_dags/example_params_ui_tutorial.py
[2025-10-30T21:40:16.957-0700] {logging_mixin.py:188} INFO - [2025-10-30T21:40:16.956-0700] {dag.py:3089} INFO - Sync 1 DAGs
[2025-10-30T21:40:16.977-0700] {logging_mixin.py:188} INFO - [2025-10-30T21:40:16.977-0700] {dag.py:3947} INFO - Setting next_dagrun for example_params_ui_tutorial to None, run_after=None
[2025-10-30T21:40:17.115-0700] {processor.py:183} INFO - Processing /usr/local/lib/python3.10/dist-packages/airflow/example_dags/example_params_ui_tutorial.py took 0.286 seconds
[2025-10-30T21:41:46.472-0700] {processor.py:161} INFO - Started process (PID=2936) to work on /usr/local/lib/python3.10/dist-packages/airflow/example_dags/example_params_ui_tutorial.py
[2025-10-30T21:41:46.474-0700] {processor.py:830} INFO - Processing file /usr/local/lib/python3.10/dist-packages/airflow/example_dags/example_params_ui_tutorial.py for tasks to queue
[2025-10-30T21:41:46.476-0700] {logging_mixin.py:188} INFO - [2025-10-30T21:41:46.476-0700] {dagbag.py:545} INFO - Filling up the DagBag from /usr/local/lib/python3.10/dist-packages/airflow/example_dags/example_params_ui_tutorial.py
[2025-10-30T21:41:46.485-0700] {processor.py:840} INFO - DAG(s) 'example_params_ui_tutorial' retrieved from /usr/local/lib/python3.10/dist-packages/airflow/example_dags/example_params_ui_tutorial.py
[2025-10-30T21:41:46.554-0700] {logging_mixin.py:188} INFO - [2025-10-30T21:41:46.554-0700] {dag.py:3089} INFO - Sync 1 DAGs
[2025-10-30T21:41:46.584-0700] {logging_mixin.py:188} INFO - [2025-10-30T21:41:46.584-0700] {dag.py:3947} INFO - Setting next_dagrun for example_params_ui_tutorial to None, run_after=None
[2025-10-30T21:41:46.734-0700] {processor.py:183} INFO - Processing /usr/local/lib/python3.10/dist-packages/airflow/example_dags/example_params_ui_tutorial.py took 0.271 seconds
[2025-10-30T21:43:17.826-0700] {processor.py:161} INFO - Started process (PID=3015) to work on /usr/local/lib/python3.10/dist-packages/airflow/example_dags/example_params_ui_tutorial.py
[2025-10-30T21:43:17.829-0700] {processor.py:830} INFO - Processing file /usr/local/lib/python3.10/dist-packages/airflow/example_dags/example_params_ui_tutorial.py for tasks to queue
[2025-10-30T21:43:17.832-0700] {logging_mixin.py:188} INFO - [2025-10-30T21:43:17.831-0700] {dagbag.py:545} INFO - Filling up the DagBag from /usr/local/lib/python3.10/dist-packages/airflow/example_dags/example_params_ui_tutorial.py
[2025-10-30T21:43:17.845-0700] {processor.py:840} INFO - DAG(s) 'example_params_ui_tutorial' retrieved from /usr/local/lib/python3.10/dist-packages/airflow/example_dags/example_params_ui_tutorial.py
[2025-10-30T21:43:17.922-0700] {logging_mixin.py:188} INFO - [2025-10-30T21:43:17.922-0700] {dag.py:3089} INFO - Sync 1 DAGs
[2025-10-30T21:43:17.943-0700] {logging_mixin.py:188} INFO - [2025-10-30T21:43:17.942-0700] {dag.py:3947} INFO - Setting next_dagrun for example_params_ui_tutorial to None, run_after=None
[2025-10-30T21:43:18.104-0700] {processor.py:183} INFO - Processing /usr/local/lib/python3.10/dist-packages/airflow/example_dags/example_params_ui_tutorial.py took 0.288 seconds
[2025-10-30T21:44:44.812-0700] {processor.py:161} INFO - Started process (PID=3092) to work on /usr/local/lib/python3.10/dist-packages/airflow/example_dags/example_params_ui_tutorial.py
[2025-10-30T21:44:44.814-0700] {processor.py:830} INFO - Processing file /usr/local/lib/python3.10/dist-packages/airflow/example_dags/example_params_ui_tutorial.py for tasks to queue
[2025-10-30T21:44:44.818-0700] {logging_mixin.py:188} INFO - [2025-10-30T21:44:44.817-0700] {dagbag.py:545} INFO - Filling up the DagBag from /usr/local/lib/python3.10/dist-packages/airflow/example_dags/example_params_ui_tutorial.py
[2025-10-30T21:44:44.827-0700] {processor.py:840} INFO - DAG(s) 'example_params_ui_tutorial' retrieved from /usr/local/lib/python3.10/dist-packages/airflow/example_dags/example_params_ui_tutorial.py
[2025-10-30T21:44:44.907-0700] {logging_mixin.py:188} INFO - [2025-10-30T21:44:44.907-0700] {dag.py:3089} INFO - Sync 1 DAGs
[2025-10-30T21:44:44.932-0700] {logging_mixin.py:188} INFO - [2025-10-30T21:44:44.931-0700] {dag.py:3947} INFO - Setting next_dagrun for example_params_ui_tutorial to None, run_after=None
[2025-10-30T21:44:45.079-0700] {processor.py:183} INFO - Processing /usr/local/lib/python3.10/dist-packages/airflow/example_dags/example_params_ui_tutorial.py took 0.275 seconds
[2025-10-30T21:45:40.409-0700] {processor.py:161} INFO - Started process (PID=3158) to work on /usr/local/lib/python3.10/dist-packages/airflow/example_dags/example_params_ui_tutorial.py
[2025-10-30T21:45:40.411-0700] {processor.py:830} INFO - Processing file /usr/local/lib/python3.10/dist-packages/airflow/example_dags/example_params_ui_tutorial.py for tasks to queue
[2025-10-30T21:45:40.415-0700] {logging_mixin.py:188} INFO - [2025-10-30T21:45:40.414-0700] {dagbag.py:545} INFO - Filling up the DagBag from /usr/local/lib/python3.10/dist-packages/airflow/example_dags/example_params_ui_tutorial.py
[2025-10-30T21:45:40.424-0700] {processor.py:840} INFO - DAG(s) 'example_params_ui_tutorial' retrieved from /usr/local/lib/python3.10/dist-packages/airflow/example_dags/example_params_ui_tutorial.py
[2025-10-30T21:45:40.500-0700] {logging_mixin.py:188} INFO - [2025-10-30T21:45:40.499-0700] {dag.py:3089} INFO - Sync 1 DAGs
[2025-10-30T21:45:40.527-0700] {logging_mixin.py:188} INFO - [2025-10-30T21:45:40.526-0700] {dag.py:3947} INFO - Setting next_dagrun for example_params_ui_tutorial to None, run_after=None
[2025-10-30T21:45:40.720-0700] {processor.py:183} INFO - Processing /usr/local/lib/python3.10/dist-packages/airflow/example_dags/example_params_ui_tutorial.py took 0.321 seconds
[2025-10-30T21:46:34.844-0700] {processor.py:161} INFO - Started process (PID=3203) to work on /usr/local/lib/python3.10/dist-packages/airflow/example_dags/example_params_ui_tutorial.py
[2025-10-30T21:46:34.846-0700] {processor.py:830} INFO - Processing file /usr/local/lib/python3.10/dist-packages/airflow/example_dags/example_params_ui_tutorial.py for tasks to queue
[2025-10-30T21:46:34.848-0700] {logging_mixin.py:188} INFO - [2025-10-30T21:46:34.848-0700] {dagbag.py:545} INFO - Filling up the DagBag from /usr/local/lib/python3.10/dist-packages/airflow/example_dags/example_params_ui_tutorial.py
[2025-10-30T21:46:34.858-0700] {processor.py:840} INFO - DAG(s) 'example_params_ui_tutorial' retrieved from /usr/local/lib/python3.10/dist-packages/airflow/example_dags/example_params_ui_tutorial.py
[2025-10-30T21:46:34.934-0700] {logging_mixin.py:188} INFO - [2025-10-30T21:46:34.933-0700] {dag.py:3089} INFO - Sync 1 DAGs
[2025-10-30T21:46:34.955-0700] {logging_mixin.py:188} INFO - [2025-10-30T21:46:34.955-0700] {dag.py:3947} INFO - Setting next_dagrun for example_params_ui_tutorial to None, run_after=None
[2025-10-30T21:46:35.104-0700] {processor.py:183} INFO - Processing /usr/local/lib/python3.10/dist-packages/airflow/example_dags/example_params_ui_tutorial.py took 0.267 seconds
[2025-10-30T21:47:59.335-0700] {processor.py:161} INFO - Started process (PID=3413) to work on /usr/local/lib/python3.10/dist-packages/airflow/example_dags/example_params_ui_tutorial.py
[2025-10-30T21:47:59.337-0700] {processor.py:830} INFO - Processing file /usr/local/lib/python3.10/dist-packages/airflow/example_dags/example_params_ui_tutorial.py for tasks to queue
[2025-10-30T21:47:59.340-0700] {logging_mixin.py:188} INFO - [2025-10-30T21:47:59.340-0700] {dagbag.py:545} INFO - Filling up the DagBag from /usr/local/lib/python3.10/dist-packages/airflow/example_dags/example_params_ui_tutorial.py
[2025-10-30T21:47:59.358-0700] {processor.py:840} INFO - DAG(s) 'example_params_ui_tutorial' retrieved from /usr/local/lib/python3.10/dist-packages/airflow/example_dags/example_params_ui_tutorial.py
[2025-10-30T21:47:59.438-0700] {logging_mixin.py:188} INFO - [2025-10-30T21:47:59.438-0700] {dag.py:3089} INFO - Sync 1 DAGs
[2025-10-30T21:47:59.456-0700] {logging_mixin.py:188} INFO - [2025-10-30T21:47:59.456-0700] {dag.py:3947} INFO - Setting next_dagrun for example_params_ui_tutorial to None, run_after=None
[2025-10-30T21:47:59.564-0700] {processor.py:183} INFO - Processing /usr/local/lib/python3.10/dist-packages/airflow/example_dags/example_params_ui_tutorial.py took 0.238 seconds
[2025-10-30T21:49:38.577-0700] {processor.py:161} INFO - Started process (PID=3599) to work on /usr/local/lib/python3.10/dist-packages/airflow/example_dags/example_params_ui_tutorial.py
[2025-10-30T21:49:38.578-0700] {processor.py:830} INFO - Processing file /usr/local/lib/python3.10/dist-packages/airflow/example_dags/example_params_ui_tutorial.py for tasks to queue
[2025-10-30T21:49:38.582-0700] {logging_mixin.py:188} INFO - [2025-10-30T21:49:38.581-0700] {dagbag.py:545} INFO - Filling up the DagBag from /usr/local/lib/python3.10/dist-packages/airflow/example_dags/example_params_ui_tutorial.py
[2025-10-30T21:49:38.591-0700] {processor.py:840} INFO - DAG(s) 'example_params_ui_tutorial' retrieved from /usr/local/lib/python3.10/dist-packages/airflow/example_dags/example_params_ui_tutorial.py
[2025-10-30T21:49:38.667-0700] {logging_mixin.py:188} INFO - [2025-10-30T21:49:38.667-0700] {dag.py:3089} INFO - Sync 1 DAGs
[2025-10-30T21:49:38.689-0700] {logging_mixin.py:188} INFO - [2025-10-30T21:49:38.689-0700] {dag.py:3947} INFO - Setting next_dagrun for example_params_ui_tutorial to None, run_after=None
[2025-10-30T21:49:38.882-0700] {processor.py:183} INFO - Processing /usr/local/lib/python3.10/dist-packages/airflow/example_dags/example_params_ui_tutorial.py took 0.314 seconds
[2025-10-30T21:51:07.591-0700] {processor.py:161} INFO - Started process (PID=3673) to work on /usr/local/lib/python3.10/dist-packages/airflow/example_dags/example_params_ui_tutorial.py
[2025-10-30T21:51:07.593-0700] {processor.py:830} INFO - Processing file /usr/local/lib/python3.10/dist-packages/airflow/example_dags/example_params_ui_tutorial.py for tasks to queue
[2025-10-30T21:51:07.597-0700] {logging_mixin.py:188} INFO - [2025-10-30T21:51:07.597-0700] {dagbag.py:545} INFO - Filling up the DagBag from /usr/local/lib/python3.10/dist-packages/airflow/example_dags/example_params_ui_tutorial.py
[2025-10-30T21:51:07.606-0700] {processor.py:840} INFO - DAG(s) 'example_params_ui_tutorial' retrieved from /usr/local/lib/python3.10/dist-packages/airflow/example_dags/example_params_ui_tutorial.py
[2025-10-30T21:51:07.691-0700] {logging_mixin.py:188} INFO - [2025-10-30T21:51:07.691-0700] {dag.py:3089} INFO - Sync 1 DAGs
[2025-10-30T21:51:07.716-0700] {logging_mixin.py:188} INFO - [2025-10-30T21:51:07.716-0700] {dag.py:3947} INFO - Setting next_dagrun for example_params_ui_tutorial to None, run_after=None
[2025-10-30T21:51:07.865-0700] {processor.py:183} INFO - Processing /usr/local/lib/python3.10/dist-packages/airflow/example_dags/example_params_ui_tutorial.py took 0.281 seconds
[2025-10-30T21:52:33.817-0700] {processor.py:161} INFO - Started process (PID=3750) to work on /usr/local/lib/python3.10/dist-packages/airflow/example_dags/example_params_ui_tutorial.py
[2025-10-30T21:52:33.820-0700] {processor.py:830} INFO - Processing file /usr/local/lib/python3.10/dist-packages/airflow/example_dags/example_params_ui_tutorial.py for tasks to queue
[2025-10-30T21:52:33.823-0700] {logging_mixin.py:188} INFO - [2025-10-30T21:52:33.822-0700] {dagbag.py:545} INFO - Filling up the DagBag from /usr/local/lib/python3.10/dist-packages/airflow/example_dags/example_params_ui_tutorial.py
[2025-10-30T21:52:33.831-0700] {processor.py:840} INFO - DAG(s) 'example_params_ui_tutorial' retrieved from /usr/local/lib/python3.10/dist-packages/airflow/example_dags/example_params_ui_tutorial.py
[2025-10-30T21:52:33.912-0700] {logging_mixin.py:188} INFO - [2025-10-30T21:52:33.911-0700] {dag.py:3089} INFO - Sync 1 DAGs
[2025-10-30T21:52:33.934-0700] {logging_mixin.py:188} INFO - [2025-10-30T21:52:33.933-0700] {dag.py:3947} INFO - Setting next_dagrun for example_params_ui_tutorial to None, run_after=None
[2025-10-30T21:52:34.071-0700] {processor.py:183} INFO - Processing /usr/local/lib/python3.10/dist-packages/airflow/example_dags/example_params_ui_tutorial.py took 0.262 seconds
[2025-10-30T21:55:31.157-0700] {processor.py:161} INFO - Started process (PID=4005) to work on /usr/local/lib/python3.10/dist-packages/airflow/example_dags/example_params_ui_tutorial.py
[2025-10-30T21:55:31.159-0700] {processor.py:830} INFO - Processing file /usr/local/lib/python3.10/dist-packages/airflow/example_dags/example_params_ui_tutorial.py for tasks to queue
[2025-10-30T21:55:31.162-0700] {logging_mixin.py:188} INFO - [2025-10-30T21:55:31.161-0700] {dagbag.py:545} INFO - Filling up the DagBag from /usr/local/lib/python3.10/dist-packages/airflow/example_dags/example_params_ui_tutorial.py
[2025-10-30T21:55:31.174-0700] {processor.py:840} INFO - DAG(s) 'example_params_ui_tutorial' retrieved from /usr/local/lib/python3.10/dist-packages/airflow/example_dags/example_params_ui_tutorial.py
[2025-10-30T21:55:31.246-0700] {logging_mixin.py:188} INFO - [2025-10-30T21:55:31.246-0700] {dag.py:3089} INFO - Sync 1 DAGs
[2025-10-30T21:55:31.265-0700] {logging_mixin.py:188} INFO - [2025-10-30T21:55:31.265-0700] {dag.py:3947} INFO - Setting next_dagrun for example_params_ui_tutorial to None, run_after=None
[2025-10-30T21:55:31.372-0700] {processor.py:183} INFO - Processing /usr/local/lib/python3.10/dist-packages/airflow/example_dags/example_params_ui_tutorial.py took 0.223 seconds
[2025-10-30T21:56:38.029-0700] {processor.py:161} INFO - Started process (PID=4061) to work on /usr/local/lib/python3.10/dist-packages/airflow/example_dags/example_params_ui_tutorial.py
[2025-10-30T21:56:38.030-0700] {processor.py:830} INFO - Processing file /usr/local/lib/python3.10/dist-packages/airflow/example_dags/example_params_ui_tutorial.py for tasks to queue
[2025-10-30T21:56:38.032-0700] {logging_mixin.py:188} INFO - [2025-10-30T21:56:38.032-0700] {dagbag.py:545} INFO - Filling up the DagBag from /usr/local/lib/python3.10/dist-packages/airflow/example_dags/example_params_ui_tutorial.py
[2025-10-30T21:56:38.040-0700] {processor.py:840} INFO - DAG(s) 'example_params_ui_tutorial' retrieved from /usr/local/lib/python3.10/dist-packages/airflow/example_dags/example_params_ui_tutorial.py
[2025-10-30T21:56:38.106-0700] {logging_mixin.py:188} INFO - [2025-10-30T21:56:38.106-0700] {dag.py:3089} INFO - Sync 1 DAGs
[2025-10-30T21:56:38.124-0700] {logging_mixin.py:188} INFO - [2025-10-30T21:56:38.124-0700] {dag.py:3947} INFO - Setting next_dagrun for example_params_ui_tutorial to None, run_after=None
[2025-10-30T21:56:38.422-0700] {processor.py:183} INFO - Processing /usr/local/lib/python3.10/dist-packages/airflow/example_dags/example_params_ui_tutorial.py took 0.399 seconds
[2025-10-30T21:58:03.622-0700] {processor.py:161} INFO - Started process (PID=4138) to work on /usr/local/lib/python3.10/dist-packages/airflow/example_dags/example_params_ui_tutorial.py
[2025-10-30T21:58:03.624-0700] {processor.py:830} INFO - Processing file /usr/local/lib/python3.10/dist-packages/airflow/example_dags/example_params_ui_tutorial.py for tasks to queue
[2025-10-30T21:58:03.627-0700] {logging_mixin.py:188} INFO - [2025-10-30T21:58:03.627-0700] {dagbag.py:545} INFO - Filling up the DagBag from /usr/local/lib/python3.10/dist-packages/airflow/example_dags/example_params_ui_tutorial.py
[2025-10-30T21:58:03.638-0700] {processor.py:840} INFO - DAG(s) 'example_params_ui_tutorial' retrieved from /usr/local/lib/python3.10/dist-packages/airflow/example_dags/example_params_ui_tutorial.py
[2025-10-30T21:58:03.728-0700] {logging_mixin.py:188} INFO - [2025-10-30T21:58:03.728-0700] {dag.py:3089} INFO - Sync 1 DAGs
[2025-10-30T21:58:03.755-0700] {logging_mixin.py:188} INFO - [2025-10-30T21:58:03.755-0700] {dag.py:3947} INFO - Setting next_dagrun for example_params_ui_tutorial to None, run_after=None
[2025-10-30T21:58:03.902-0700] {processor.py:183} INFO - Processing /usr/local/lib/python3.10/dist-packages/airflow/example_dags/example_params_ui_tutorial.py took 0.289 seconds
[2025-10-30T21:59:25.065-0700] {processor.py:161} INFO - Started process (PID=4213) to work on /usr/local/lib/python3.10/dist-packages/airflow/example_dags/example_params_ui_tutorial.py
[2025-10-30T21:59:25.067-0700] {processor.py:830} INFO - Processing file /usr/local/lib/python3.10/dist-packages/airflow/example_dags/example_params_ui_tutorial.py for tasks to queue
[2025-10-30T21:59:25.070-0700] {logging_mixin.py:188} INFO - [2025-10-30T21:59:25.070-0700] {dagbag.py:545} INFO - Filling up the DagBag from /usr/local/lib/python3.10/dist-packages/airflow/example_dags/example_params_ui_tutorial.py
[2025-10-30T21:59:25.079-0700] {processor.py:840} INFO - DAG(s) 'example_params_ui_tutorial' retrieved from /usr/local/lib/python3.10/dist-packages/airflow/example_dags/example_params_ui_tutorial.py
[2025-10-30T21:59:25.146-0700] {logging_mixin.py:188} INFO - [2025-10-30T21:59:25.146-0700] {dag.py:3089} INFO - Sync 1 DAGs
[2025-10-30T21:59:25.165-0700] {logging_mixin.py:188} INFO - [2025-10-30T21:59:25.165-0700] {dag.py:3947} INFO - Setting next_dagrun for example_params_ui_tutorial to None, run_after=None
[2025-10-30T21:59:25.279-0700] {processor.py:183} INFO - Processing /usr/local/lib/python3.10/dist-packages/airflow/example_dags/example_params_ui_tutorial.py took 0.221 seconds
[2025-10-30T22:00:51.015-0700] {processor.py:161} INFO - Started process (PID=4290) to work on /usr/local/lib/python3.10/dist-packages/airflow/example_dags/example_params_ui_tutorial.py
[2025-10-30T22:00:51.017-0700] {processor.py:830} INFO - Processing file /usr/local/lib/python3.10/dist-packages/airflow/example_dags/example_params_ui_tutorial.py for tasks to queue
[2025-10-30T22:00:51.020-0700] {logging_mixin.py:188} INFO - [2025-10-30T22:00:51.019-0700] {dagbag.py:545} INFO - Filling up the DagBag from /usr/local/lib/python3.10/dist-packages/airflow/example_dags/example_params_ui_tutorial.py
[2025-10-30T22:00:51.030-0700] {processor.py:840} INFO - DAG(s) 'example_params_ui_tutorial' retrieved from /usr/local/lib/python3.10/dist-packages/airflow/example_dags/example_params_ui_tutorial.py
[2025-10-30T22:00:51.094-0700] {logging_mixin.py:188} INFO - [2025-10-30T22:00:51.093-0700] {dag.py:3089} INFO - Sync 1 DAGs
[2025-10-30T22:00:51.112-0700] {logging_mixin.py:188} INFO - [2025-10-30T22:00:51.112-0700] {dag.py:3947} INFO - Setting next_dagrun for example_params_ui_tutorial to None, run_after=None
[2025-10-30T22:00:51.411-0700] {processor.py:183} INFO - Processing /usr/local/lib/python3.10/dist-packages/airflow/example_dags/example_params_ui_tutorial.py took 0.404 seconds
[2025-10-30T22:02:13.670-0700] {processor.py:161} INFO - Started process (PID=4366) to work on /usr/local/lib/python3.10/dist-packages/airflow/example_dags/example_params_ui_tutorial.py
[2025-10-30T22:02:13.672-0700] {processor.py:830} INFO - Processing file /usr/local/lib/python3.10/dist-packages/airflow/example_dags/example_params_ui_tutorial.py for tasks to queue
[2025-10-30T22:02:13.675-0700] {logging_mixin.py:188} INFO - [2025-10-30T22:02:13.675-0700] {dagbag.py:545} INFO - Filling up the DagBag from /usr/local/lib/python3.10/dist-packages/airflow/example_dags/example_params_ui_tutorial.py
[2025-10-30T22:02:13.684-0700] {processor.py:840} INFO - DAG(s) 'example_params_ui_tutorial' retrieved from /usr/local/lib/python3.10/dist-packages/airflow/example_dags/example_params_ui_tutorial.py
[2025-10-30T22:02:13.761-0700] {logging_mixin.py:188} INFO - [2025-10-30T22:02:13.761-0700] {dag.py:3089} INFO - Sync 1 DAGs
[2025-10-30T22:02:13.783-0700] {logging_mixin.py:188} INFO - [2025-10-30T22:02:13.783-0700] {dag.py:3947} INFO - Setting next_dagrun for example_params_ui_tutorial to None, run_after=None
[2025-10-30T22:02:13.897-0700] {processor.py:183} INFO - Processing /usr/local/lib/python3.10/dist-packages/airflow/example_dags/example_params_ui_tutorial.py took 0.234 seconds
[2025-10-30T22:03:38.891-0700] {processor.py:161} INFO - Started process (PID=4442) to work on /usr/local/lib/python3.10/dist-packages/airflow/example_dags/example_params_ui_tutorial.py
[2025-10-30T22:03:38.894-0700] {processor.py:830} INFO - Processing file /usr/local/lib/python3.10/dist-packages/airflow/example_dags/example_params_ui_tutorial.py for tasks to queue
[2025-10-30T22:03:38.896-0700] {logging_mixin.py:188} INFO - [2025-10-30T22:03:38.896-0700] {dagbag.py:545} INFO - Filling up the DagBag from /usr/local/lib/python3.10/dist-packages/airflow/example_dags/example_params_ui_tutorial.py
[2025-10-30T22:03:38.906-0700] {processor.py:840} INFO - DAG(s) 'example_params_ui_tutorial' retrieved from /usr/local/lib/python3.10/dist-packages/airflow/example_dags/example_params_ui_tutorial.py
[2025-10-30T22:03:38.982-0700] {logging_mixin.py:188} INFO - [2025-10-30T22:03:38.981-0700] {dag.py:3089} INFO - Sync 1 DAGs
[2025-10-30T22:03:39.005-0700] {logging_mixin.py:188} INFO - [2025-10-30T22:03:39.005-0700] {dag.py:3947} INFO - Setting next_dagrun for example_params_ui_tutorial to None, run_after=None
[2025-10-30T22:03:39.159-0700] {processor.py:183} INFO - Processing /usr/local/lib/python3.10/dist-packages/airflow/example_dags/example_params_ui_tutorial.py took 0.279 seconds
[2025-10-30T22:05:09.555-0700] {processor.py:161} INFO - Started process (PID=4520) to work on /usr/local/lib/python3.10/dist-packages/airflow/example_dags/example_params_ui_tutorial.py
[2025-10-30T22:05:09.558-0700] {processor.py:830} INFO - Processing file /usr/local/lib/python3.10/dist-packages/airflow/example_dags/example_params_ui_tutorial.py for tasks to queue
[2025-10-30T22:05:09.561-0700] {logging_mixin.py:188} INFO - [2025-10-30T22:05:09.561-0700] {dagbag.py:545} INFO - Filling up the DagBag from /usr/local/lib/python3.10/dist-packages/airflow/example_dags/example_params_ui_tutorial.py
[2025-10-30T22:05:09.572-0700] {processor.py:840} INFO - DAG(s) 'example_params_ui_tutorial' retrieved from /usr/local/lib/python3.10/dist-packages/airflow/example_dags/example_params_ui_tutorial.py
[2025-10-30T22:05:09.643-0700] {logging_mixin.py:188} INFO - [2025-10-30T22:05:09.642-0700] {dag.py:3089} INFO - Sync 1 DAGs
[2025-10-30T22:05:09.659-0700] {logging_mixin.py:188} INFO - [2025-10-30T22:05:09.659-0700] {dag.py:3947} INFO - Setting next_dagrun for example_params_ui_tutorial to None, run_after=None
[2025-10-30T22:05:09.761-0700] {processor.py:183} INFO - Processing /usr/local/lib/python3.10/dist-packages/airflow/example_dags/example_params_ui_tutorial.py took 0.216 seconds
