[2025-10-30T20:58:34.228-0700] {processor.py:161} INFO - Started process (PID=561) to work on /usr/local/lib/python3.10/dist-packages/airflow/example_dags/example_dynamic_task_mapping_with_no_taskflow_operators.py
[2025-10-30T20:58:34.229-0700] {processor.py:830} INFO - Processing file /usr/local/lib/python3.10/dist-packages/airflow/example_dags/example_dynamic_task_mapping_with_no_taskflow_operators.py for tasks to queue
[2025-10-30T20:58:34.230-0700] {logging_mixin.py:188} INFO - [2025-10-30T20:58:34.230-0700] {dagbag.py:545} INFO - Filling up the DagBag from /usr/local/lib/python3.10/dist-packages/airflow/example_dags/example_dynamic_task_mapping_with_no_taskflow_operators.py
[2025-10-30T20:58:34.237-0700] {processor.py:840} INFO - DAG(s) 'example_dynamic_task_mapping_with_no_taskflow_operators' retrieved from /usr/local/lib/python3.10/dist-packages/airflow/example_dags/example_dynamic_task_mapping_with_no_taskflow_operators.py
[2025-10-30T20:58:34.385-0700] {logging_mixin.py:188} INFO - [2025-10-30T20:58:34.385-0700] {override.py:1858} INFO - Created Permission View: can delete on DAG:example_dynamic_task_mapping_with_no_taskflow_operators
[2025-10-30T20:58:34.423-0700] {logging_mixin.py:188} INFO - [2025-10-30T20:58:34.422-0700] {override.py:1858} INFO - Created Permission View: can edit on DAG:example_dynamic_task_mapping_with_no_taskflow_operators
[2025-10-30T20:58:34.454-0700] {logging_mixin.py:188} INFO - [2025-10-30T20:58:34.453-0700] {override.py:1858} INFO - Created Permission View: can read on DAG:example_dynamic_task_mapping_with_no_taskflow_operators
[2025-10-30T20:58:34.454-0700] {logging_mixin.py:188} INFO - [2025-10-30T20:58:34.454-0700] {dag.py:3089} INFO - Sync 1 DAGs
[2025-10-30T20:58:34.470-0700] {logging_mixin.py:188} INFO - [2025-10-30T20:58:34.470-0700] {dag.py:3111} INFO - Creating ORM DAG for example_dynamic_task_mapping_with_no_taskflow_operators
[2025-10-30T20:58:34.482-0700] {logging_mixin.py:188} INFO - [2025-10-30T20:58:34.481-0700] {dag.py:3947} INFO - Setting next_dagrun for example_dynamic_task_mapping_with_no_taskflow_operators to 2025-10-30 00:00:00+00:00, run_after=2025-10-31 00:00:00+00:00
[2025-10-30T20:58:34.577-0700] {processor.py:183} INFO - Processing /usr/local/lib/python3.10/dist-packages/airflow/example_dags/example_dynamic_task_mapping_with_no_taskflow_operators.py took 0.354 seconds
[2025-10-30T20:59:53.070-0700] {processor.py:161} INFO - Started process (PID=639) to work on /usr/local/lib/python3.10/dist-packages/airflow/example_dags/example_dynamic_task_mapping_with_no_taskflow_operators.py
[2025-10-30T20:59:53.071-0700] {processor.py:830} INFO - Processing file /usr/local/lib/python3.10/dist-packages/airflow/example_dags/example_dynamic_task_mapping_with_no_taskflow_operators.py for tasks to queue
[2025-10-30T20:59:53.073-0700] {logging_mixin.py:188} INFO - [2025-10-30T20:59:53.073-0700] {dagbag.py:545} INFO - Filling up the DagBag from /usr/local/lib/python3.10/dist-packages/airflow/example_dags/example_dynamic_task_mapping_with_no_taskflow_operators.py
[2025-10-30T20:59:53.080-0700] {processor.py:840} INFO - DAG(s) 'example_dynamic_task_mapping_with_no_taskflow_operators' retrieved from /usr/local/lib/python3.10/dist-packages/airflow/example_dags/example_dynamic_task_mapping_with_no_taskflow_operators.py
[2025-10-30T20:59:53.109-0700] {logging_mixin.py:188} INFO - [2025-10-30T20:59:53.109-0700] {dag.py:3089} INFO - Sync 1 DAGs
[2025-10-30T20:59:53.136-0700] {logging_mixin.py:188} INFO - [2025-10-30T20:59:53.136-0700] {dag.py:3947} INFO - Setting next_dagrun for example_dynamic_task_mapping_with_no_taskflow_operators to 2025-10-30 00:00:00+00:00, run_after=2025-10-31 00:00:00+00:00
[2025-10-30T20:59:53.230-0700] {processor.py:183} INFO - Processing /usr/local/lib/python3.10/dist-packages/airflow/example_dags/example_dynamic_task_mapping_with_no_taskflow_operators.py took 0.167 seconds
[2025-10-30T21:01:04.435-0700] {processor.py:161} INFO - Started process (PID=713) to work on /usr/local/lib/python3.10/dist-packages/airflow/example_dags/example_dynamic_task_mapping_with_no_taskflow_operators.py
[2025-10-30T21:01:04.436-0700] {processor.py:830} INFO - Processing file /usr/local/lib/python3.10/dist-packages/airflow/example_dags/example_dynamic_task_mapping_with_no_taskflow_operators.py for tasks to queue
[2025-10-30T21:01:04.437-0700] {logging_mixin.py:188} INFO - [2025-10-30T21:01:04.437-0700] {dagbag.py:545} INFO - Filling up the DagBag from /usr/local/lib/python3.10/dist-packages/airflow/example_dags/example_dynamic_task_mapping_with_no_taskflow_operators.py
[2025-10-30T21:01:04.444-0700] {processor.py:840} INFO - DAG(s) 'example_dynamic_task_mapping_with_no_taskflow_operators' retrieved from /usr/local/lib/python3.10/dist-packages/airflow/example_dags/example_dynamic_task_mapping_with_no_taskflow_operators.py
[2025-10-30T21:01:04.478-0700] {logging_mixin.py:188} INFO - [2025-10-30T21:01:04.478-0700] {dag.py:3089} INFO - Sync 1 DAGs
[2025-10-30T21:01:04.512-0700] {logging_mixin.py:188} INFO - [2025-10-30T21:01:04.511-0700] {dag.py:3947} INFO - Setting next_dagrun for example_dynamic_task_mapping_with_no_taskflow_operators to 2025-10-30 00:00:00+00:00, run_after=2025-10-31 00:00:00+00:00
[2025-10-30T21:01:04.615-0700] {processor.py:183} INFO - Processing /usr/local/lib/python3.10/dist-packages/airflow/example_dags/example_dynamic_task_mapping_with_no_taskflow_operators.py took 0.185 seconds
[2025-10-30T21:02:11.378-0700] {processor.py:161} INFO - Started process (PID=787) to work on /usr/local/lib/python3.10/dist-packages/airflow/example_dags/example_dynamic_task_mapping_with_no_taskflow_operators.py
[2025-10-30T21:02:11.379-0700] {processor.py:830} INFO - Processing file /usr/local/lib/python3.10/dist-packages/airflow/example_dags/example_dynamic_task_mapping_with_no_taskflow_operators.py for tasks to queue
[2025-10-30T21:02:11.380-0700] {logging_mixin.py:188} INFO - [2025-10-30T21:02:11.379-0700] {dagbag.py:545} INFO - Filling up the DagBag from /usr/local/lib/python3.10/dist-packages/airflow/example_dags/example_dynamic_task_mapping_with_no_taskflow_operators.py
[2025-10-30T21:02:11.385-0700] {processor.py:840} INFO - DAG(s) 'example_dynamic_task_mapping_with_no_taskflow_operators' retrieved from /usr/local/lib/python3.10/dist-packages/airflow/example_dags/example_dynamic_task_mapping_with_no_taskflow_operators.py
[2025-10-30T21:02:11.421-0700] {logging_mixin.py:188} INFO - [2025-10-30T21:02:11.421-0700] {dag.py:3089} INFO - Sync 1 DAGs
[2025-10-30T21:02:11.453-0700] {logging_mixin.py:188} INFO - [2025-10-30T21:02:11.453-0700] {dag.py:3947} INFO - Setting next_dagrun for example_dynamic_task_mapping_with_no_taskflow_operators to 2025-10-30 00:00:00+00:00, run_after=2025-10-31 00:00:00+00:00
[2025-10-30T21:02:11.516-0700] {processor.py:183} INFO - Processing /usr/local/lib/python3.10/dist-packages/airflow/example_dags/example_dynamic_task_mapping_with_no_taskflow_operators.py took 0.143 seconds
[2025-10-30T21:03:21.290-0700] {processor.py:161} INFO - Started process (PID=859) to work on /usr/local/lib/python3.10/dist-packages/airflow/example_dags/example_dynamic_task_mapping_with_no_taskflow_operators.py
[2025-10-30T21:03:21.292-0700] {processor.py:830} INFO - Processing file /usr/local/lib/python3.10/dist-packages/airflow/example_dags/example_dynamic_task_mapping_with_no_taskflow_operators.py for tasks to queue
[2025-10-30T21:03:21.293-0700] {logging_mixin.py:188} INFO - [2025-10-30T21:03:21.293-0700] {dagbag.py:545} INFO - Filling up the DagBag from /usr/local/lib/python3.10/dist-packages/airflow/example_dags/example_dynamic_task_mapping_with_no_taskflow_operators.py
[2025-10-30T21:03:21.300-0700] {processor.py:840} INFO - DAG(s) 'example_dynamic_task_mapping_with_no_taskflow_operators' retrieved from /usr/local/lib/python3.10/dist-packages/airflow/example_dags/example_dynamic_task_mapping_with_no_taskflow_operators.py
[2025-10-30T21:03:21.326-0700] {logging_mixin.py:188} INFO - [2025-10-30T21:03:21.326-0700] {dag.py:3089} INFO - Sync 1 DAGs
[2025-10-30T21:03:21.355-0700] {logging_mixin.py:188} INFO - [2025-10-30T21:03:21.355-0700] {dag.py:3947} INFO - Setting next_dagrun for example_dynamic_task_mapping_with_no_taskflow_operators to 2025-10-30 00:00:00+00:00, run_after=2025-10-31 00:00:00+00:00
[2025-10-30T21:03:21.476-0700] {processor.py:183} INFO - Processing /usr/local/lib/python3.10/dist-packages/airflow/example_dags/example_dynamic_task_mapping_with_no_taskflow_operators.py took 0.193 seconds
[2025-10-30T21:04:36.922-0700] {processor.py:161} INFO - Started process (PID=935) to work on /usr/local/lib/python3.10/dist-packages/airflow/example_dags/example_dynamic_task_mapping_with_no_taskflow_operators.py
[2025-10-30T21:04:36.923-0700] {processor.py:830} INFO - Processing file /usr/local/lib/python3.10/dist-packages/airflow/example_dags/example_dynamic_task_mapping_with_no_taskflow_operators.py for tasks to queue
[2025-10-30T21:04:36.924-0700] {logging_mixin.py:188} INFO - [2025-10-30T21:04:36.924-0700] {dagbag.py:545} INFO - Filling up the DagBag from /usr/local/lib/python3.10/dist-packages/airflow/example_dags/example_dynamic_task_mapping_with_no_taskflow_operators.py
[2025-10-30T21:04:36.930-0700] {processor.py:840} INFO - DAG(s) 'example_dynamic_task_mapping_with_no_taskflow_operators' retrieved from /usr/local/lib/python3.10/dist-packages/airflow/example_dags/example_dynamic_task_mapping_with_no_taskflow_operators.py
[2025-10-30T21:04:36.969-0700] {logging_mixin.py:188} INFO - [2025-10-30T21:04:36.969-0700] {dag.py:3089} INFO - Sync 1 DAGs
[2025-10-30T21:04:36.999-0700] {logging_mixin.py:188} INFO - [2025-10-30T21:04:36.999-0700] {dag.py:3947} INFO - Setting next_dagrun for example_dynamic_task_mapping_with_no_taskflow_operators to 2025-10-30 00:00:00+00:00, run_after=2025-10-31 00:00:00+00:00
[2025-10-30T21:04:37.079-0700] {processor.py:183} INFO - Processing /usr/local/lib/python3.10/dist-packages/airflow/example_dags/example_dynamic_task_mapping_with_no_taskflow_operators.py took 0.162 seconds
[2025-10-30T21:05:43.001-0700] {processor.py:161} INFO - Started process (PID=1004) to work on /usr/local/lib/python3.10/dist-packages/airflow/example_dags/example_dynamic_task_mapping_with_no_taskflow_operators.py
[2025-10-30T21:05:43.004-0700] {processor.py:830} INFO - Processing file /usr/local/lib/python3.10/dist-packages/airflow/example_dags/example_dynamic_task_mapping_with_no_taskflow_operators.py for tasks to queue
[2025-10-30T21:05:43.007-0700] {logging_mixin.py:188} INFO - [2025-10-30T21:05:43.007-0700] {dagbag.py:545} INFO - Filling up the DagBag from /usr/local/lib/python3.10/dist-packages/airflow/example_dags/example_dynamic_task_mapping_with_no_taskflow_operators.py
[2025-10-30T21:05:43.027-0700] {processor.py:840} INFO - DAG(s) 'example_dynamic_task_mapping_with_no_taskflow_operators' retrieved from /usr/local/lib/python3.10/dist-packages/airflow/example_dags/example_dynamic_task_mapping_with_no_taskflow_operators.py
[2025-10-30T21:05:43.100-0700] {logging_mixin.py:188} INFO - [2025-10-30T21:05:43.100-0700] {dag.py:3089} INFO - Sync 1 DAGs
[2025-10-30T21:05:43.165-0700] {logging_mixin.py:188} INFO - [2025-10-30T21:05:43.164-0700] {dag.py:3947} INFO - Setting next_dagrun for example_dynamic_task_mapping_with_no_taskflow_operators to 2025-10-30 00:00:00+00:00, run_after=2025-10-31 00:00:00+00:00
[2025-10-30T21:05:43.360-0700] {processor.py:183} INFO - Processing /usr/local/lib/python3.10/dist-packages/airflow/example_dags/example_dynamic_task_mapping_with_no_taskflow_operators.py took 0.373 seconds
[2025-10-30T21:08:27.226-0700] {processor.py:161} INFO - Started process (PID=1107) to work on /usr/local/lib/python3.10/dist-packages/airflow/example_dags/example_dynamic_task_mapping_with_no_taskflow_operators.py
[2025-10-30T21:08:27.228-0700] {processor.py:830} INFO - Processing file /usr/local/lib/python3.10/dist-packages/airflow/example_dags/example_dynamic_task_mapping_with_no_taskflow_operators.py for tasks to queue
[2025-10-30T21:08:27.231-0700] {logging_mixin.py:188} INFO - [2025-10-30T21:08:27.230-0700] {dagbag.py:545} INFO - Filling up the DagBag from /usr/local/lib/python3.10/dist-packages/airflow/example_dags/example_dynamic_task_mapping_with_no_taskflow_operators.py
[2025-10-30T21:08:27.240-0700] {processor.py:840} INFO - DAG(s) 'example_dynamic_task_mapping_with_no_taskflow_operators' retrieved from /usr/local/lib/python3.10/dist-packages/airflow/example_dags/example_dynamic_task_mapping_with_no_taskflow_operators.py
[2025-10-30T21:08:27.278-0700] {logging_mixin.py:188} INFO - [2025-10-30T21:08:27.278-0700] {dag.py:3089} INFO - Sync 1 DAGs
[2025-10-30T21:08:27.312-0700] {logging_mixin.py:188} INFO - [2025-10-30T21:08:27.312-0700] {dag.py:3947} INFO - Setting next_dagrun for example_dynamic_task_mapping_with_no_taskflow_operators to 2025-10-30 00:00:00+00:00, run_after=2025-10-31 00:00:00+00:00
[2025-10-30T21:08:27.393-0700] {processor.py:183} INFO - Processing /usr/local/lib/python3.10/dist-packages/airflow/example_dags/example_dynamic_task_mapping_with_no_taskflow_operators.py took 0.172 seconds
[2025-10-30T21:09:38.922-0700] {processor.py:161} INFO - Started process (PID=1180) to work on /usr/local/lib/python3.10/dist-packages/airflow/example_dags/example_dynamic_task_mapping_with_no_taskflow_operators.py
[2025-10-30T21:09:38.924-0700] {processor.py:830} INFO - Processing file /usr/local/lib/python3.10/dist-packages/airflow/example_dags/example_dynamic_task_mapping_with_no_taskflow_operators.py for tasks to queue
[2025-10-30T21:09:38.926-0700] {logging_mixin.py:188} INFO - [2025-10-30T21:09:38.926-0700] {dagbag.py:545} INFO - Filling up the DagBag from /usr/local/lib/python3.10/dist-packages/airflow/example_dags/example_dynamic_task_mapping_with_no_taskflow_operators.py
[2025-10-30T21:09:38.934-0700] {processor.py:840} INFO - DAG(s) 'example_dynamic_task_mapping_with_no_taskflow_operators' retrieved from /usr/local/lib/python3.10/dist-packages/airflow/example_dags/example_dynamic_task_mapping_with_no_taskflow_operators.py
[2025-10-30T21:09:39.236-0700] {logging_mixin.py:188} INFO - [2025-10-30T21:09:39.236-0700] {dag.py:3089} INFO - Sync 1 DAGs
[2025-10-30T21:09:39.274-0700] {logging_mixin.py:188} INFO - [2025-10-30T21:09:39.273-0700] {dag.py:3947} INFO - Setting next_dagrun for example_dynamic_task_mapping_with_no_taskflow_operators to 2025-10-30 00:00:00+00:00, run_after=2025-10-31 00:00:00+00:00
[2025-10-30T21:09:39.402-0700] {processor.py:183} INFO - Processing /usr/local/lib/python3.10/dist-packages/airflow/example_dags/example_dynamic_task_mapping_with_no_taskflow_operators.py took 0.487 seconds
[2025-10-30T21:10:58.463-0700] {processor.py:161} INFO - Started process (PID=1255) to work on /usr/local/lib/python3.10/dist-packages/airflow/example_dags/example_dynamic_task_mapping_with_no_taskflow_operators.py
[2025-10-30T21:10:58.465-0700] {processor.py:830} INFO - Processing file /usr/local/lib/python3.10/dist-packages/airflow/example_dags/example_dynamic_task_mapping_with_no_taskflow_operators.py for tasks to queue
[2025-10-30T21:10:58.468-0700] {logging_mixin.py:188} INFO - [2025-10-30T21:10:58.467-0700] {dagbag.py:545} INFO - Filling up the DagBag from /usr/local/lib/python3.10/dist-packages/airflow/example_dags/example_dynamic_task_mapping_with_no_taskflow_operators.py
[2025-10-30T21:10:58.480-0700] {processor.py:840} INFO - DAG(s) 'example_dynamic_task_mapping_with_no_taskflow_operators' retrieved from /usr/local/lib/python3.10/dist-packages/airflow/example_dags/example_dynamic_task_mapping_with_no_taskflow_operators.py
[2025-10-30T21:10:58.520-0700] {logging_mixin.py:188} INFO - [2025-10-30T21:10:58.520-0700] {dag.py:3089} INFO - Sync 1 DAGs
[2025-10-30T21:10:58.558-0700] {logging_mixin.py:188} INFO - [2025-10-30T21:10:58.558-0700] {dag.py:3947} INFO - Setting next_dagrun for example_dynamic_task_mapping_with_no_taskflow_operators to 2025-10-30 00:00:00+00:00, run_after=2025-10-31 00:00:00+00:00
[2025-10-30T21:10:58.668-0700] {processor.py:183} INFO - Processing /usr/local/lib/python3.10/dist-packages/airflow/example_dags/example_dynamic_task_mapping_with_no_taskflow_operators.py took 0.214 seconds
[2025-10-30T21:12:21.748-0700] {processor.py:161} INFO - Started process (PID=1339) to work on /usr/local/lib/python3.10/dist-packages/airflow/example_dags/example_dynamic_task_mapping_with_no_taskflow_operators.py
[2025-10-30T21:12:21.750-0700] {processor.py:830} INFO - Processing file /usr/local/lib/python3.10/dist-packages/airflow/example_dags/example_dynamic_task_mapping_with_no_taskflow_operators.py for tasks to queue
[2025-10-30T21:12:21.753-0700] {logging_mixin.py:188} INFO - [2025-10-30T21:12:21.753-0700] {dagbag.py:545} INFO - Filling up the DagBag from /usr/local/lib/python3.10/dist-packages/airflow/example_dags/example_dynamic_task_mapping_with_no_taskflow_operators.py
[2025-10-30T21:12:21.762-0700] {processor.py:840} INFO - DAG(s) 'example_dynamic_task_mapping_with_no_taskflow_operators' retrieved from /usr/local/lib/python3.10/dist-packages/airflow/example_dags/example_dynamic_task_mapping_with_no_taskflow_operators.py
[2025-10-30T21:12:21.795-0700] {logging_mixin.py:188} INFO - [2025-10-30T21:12:21.795-0700] {dag.py:3089} INFO - Sync 1 DAGs
[2025-10-30T21:12:21.829-0700] {logging_mixin.py:188} INFO - [2025-10-30T21:12:21.829-0700] {dag.py:3947} INFO - Setting next_dagrun for example_dynamic_task_mapping_with_no_taskflow_operators to 2025-10-30 00:00:00+00:00, run_after=2025-10-31 00:00:00+00:00
[2025-10-30T21:12:21.936-0700] {processor.py:183} INFO - Processing /usr/local/lib/python3.10/dist-packages/airflow/example_dags/example_dynamic_task_mapping_with_no_taskflow_operators.py took 0.194 seconds
[2025-10-30T21:13:45.021-0700] {processor.py:161} INFO - Started process (PID=1416) to work on /usr/local/lib/python3.10/dist-packages/airflow/example_dags/example_dynamic_task_mapping_with_no_taskflow_operators.py
[2025-10-30T21:13:45.022-0700] {processor.py:830} INFO - Processing file /usr/local/lib/python3.10/dist-packages/airflow/example_dags/example_dynamic_task_mapping_with_no_taskflow_operators.py for tasks to queue
[2025-10-30T21:13:45.025-0700] {logging_mixin.py:188} INFO - [2025-10-30T21:13:45.024-0700] {dagbag.py:545} INFO - Filling up the DagBag from /usr/local/lib/python3.10/dist-packages/airflow/example_dags/example_dynamic_task_mapping_with_no_taskflow_operators.py
[2025-10-30T21:13:45.034-0700] {processor.py:840} INFO - DAG(s) 'example_dynamic_task_mapping_with_no_taskflow_operators' retrieved from /usr/local/lib/python3.10/dist-packages/airflow/example_dags/example_dynamic_task_mapping_with_no_taskflow_operators.py
[2025-10-30T21:13:45.069-0700] {logging_mixin.py:188} INFO - [2025-10-30T21:13:45.069-0700] {dag.py:3089} INFO - Sync 1 DAGs
[2025-10-30T21:13:45.104-0700] {logging_mixin.py:188} INFO - [2025-10-30T21:13:45.104-0700] {dag.py:3947} INFO - Setting next_dagrun for example_dynamic_task_mapping_with_no_taskflow_operators to 2025-10-30 00:00:00+00:00, run_after=2025-10-31 00:00:00+00:00
[2025-10-30T21:13:45.202-0700] {processor.py:183} INFO - Processing /usr/local/lib/python3.10/dist-packages/airflow/example_dags/example_dynamic_task_mapping_with_no_taskflow_operators.py took 0.190 seconds
[2025-10-30T21:15:49.166-0700] {processor.py:161} INFO - Started process (PID=1506) to work on /usr/local/lib/python3.10/dist-packages/airflow/example_dags/example_dynamic_task_mapping_with_no_taskflow_operators.py
[2025-10-30T21:15:49.169-0700] {processor.py:830} INFO - Processing file /usr/local/lib/python3.10/dist-packages/airflow/example_dags/example_dynamic_task_mapping_with_no_taskflow_operators.py for tasks to queue
[2025-10-30T21:15:49.173-0700] {logging_mixin.py:188} INFO - [2025-10-30T21:15:49.172-0700] {dagbag.py:545} INFO - Filling up the DagBag from /usr/local/lib/python3.10/dist-packages/airflow/example_dags/example_dynamic_task_mapping_with_no_taskflow_operators.py
[2025-10-30T21:15:49.193-0700] {processor.py:840} INFO - DAG(s) 'example_dynamic_task_mapping_with_no_taskflow_operators' retrieved from /usr/local/lib/python3.10/dist-packages/airflow/example_dags/example_dynamic_task_mapping_with_no_taskflow_operators.py
[2025-10-30T21:15:49.246-0700] {logging_mixin.py:188} INFO - [2025-10-30T21:15:49.245-0700] {dag.py:3089} INFO - Sync 1 DAGs
[2025-10-30T21:15:49.283-0700] {logging_mixin.py:188} INFO - [2025-10-30T21:15:49.282-0700] {dag.py:3947} INFO - Setting next_dagrun for example_dynamic_task_mapping_with_no_taskflow_operators to 2025-10-30 00:00:00+00:00, run_after=2025-10-31 00:00:00+00:00
[2025-10-30T21:15:49.447-0700] {processor.py:183} INFO - Processing /usr/local/lib/python3.10/dist-packages/airflow/example_dags/example_dynamic_task_mapping_with_no_taskflow_operators.py took 0.297 seconds
[2025-10-30T21:17:12.609-0700] {processor.py:161} INFO - Started process (PID=1583) to work on /usr/local/lib/python3.10/dist-packages/airflow/example_dags/example_dynamic_task_mapping_with_no_taskflow_operators.py
[2025-10-30T21:17:12.610-0700] {processor.py:830} INFO - Processing file /usr/local/lib/python3.10/dist-packages/airflow/example_dags/example_dynamic_task_mapping_with_no_taskflow_operators.py for tasks to queue
[2025-10-30T21:17:12.614-0700] {logging_mixin.py:188} INFO - [2025-10-30T21:17:12.613-0700] {dagbag.py:545} INFO - Filling up the DagBag from /usr/local/lib/python3.10/dist-packages/airflow/example_dags/example_dynamic_task_mapping_with_no_taskflow_operators.py
[2025-10-30T21:17:12.626-0700] {processor.py:840} INFO - DAG(s) 'example_dynamic_task_mapping_with_no_taskflow_operators' retrieved from /usr/local/lib/python3.10/dist-packages/airflow/example_dags/example_dynamic_task_mapping_with_no_taskflow_operators.py
[2025-10-30T21:17:12.676-0700] {logging_mixin.py:188} INFO - [2025-10-30T21:17:12.675-0700] {dag.py:3089} INFO - Sync 1 DAGs
[2025-10-30T21:17:12.734-0700] {logging_mixin.py:188} INFO - [2025-10-30T21:17:12.734-0700] {dag.py:3947} INFO - Setting next_dagrun for example_dynamic_task_mapping_with_no_taskflow_operators to 2025-10-30 00:00:00+00:00, run_after=2025-10-31 00:00:00+00:00
[2025-10-30T21:17:12.881-0700] {processor.py:183} INFO - Processing /usr/local/lib/python3.10/dist-packages/airflow/example_dags/example_dynamic_task_mapping_with_no_taskflow_operators.py took 0.279 seconds
[2025-10-30T21:18:35.752-0700] {processor.py:161} INFO - Started process (PID=1658) to work on /usr/local/lib/python3.10/dist-packages/airflow/example_dags/example_dynamic_task_mapping_with_no_taskflow_operators.py
[2025-10-30T21:18:35.755-0700] {processor.py:830} INFO - Processing file /usr/local/lib/python3.10/dist-packages/airflow/example_dags/example_dynamic_task_mapping_with_no_taskflow_operators.py for tasks to queue
[2025-10-30T21:18:35.760-0700] {logging_mixin.py:188} INFO - [2025-10-30T21:18:35.759-0700] {dagbag.py:545} INFO - Filling up the DagBag from /usr/local/lib/python3.10/dist-packages/airflow/example_dags/example_dynamic_task_mapping_with_no_taskflow_operators.py
[2025-10-30T21:18:35.771-0700] {processor.py:840} INFO - DAG(s) 'example_dynamic_task_mapping_with_no_taskflow_operators' retrieved from /usr/local/lib/python3.10/dist-packages/airflow/example_dags/example_dynamic_task_mapping_with_no_taskflow_operators.py
[2025-10-30T21:18:35.827-0700] {logging_mixin.py:188} INFO - [2025-10-30T21:18:35.827-0700] {dag.py:3089} INFO - Sync 1 DAGs
[2025-10-30T21:18:35.870-0700] {logging_mixin.py:188} INFO - [2025-10-30T21:18:35.870-0700] {dag.py:3947} INFO - Setting next_dagrun for example_dynamic_task_mapping_with_no_taskflow_operators to 2025-10-30 00:00:00+00:00, run_after=2025-10-31 00:00:00+00:00
[2025-10-30T21:18:36.062-0700] {processor.py:183} INFO - Processing /usr/local/lib/python3.10/dist-packages/airflow/example_dags/example_dynamic_task_mapping_with_no_taskflow_operators.py took 0.323 seconds
[2025-10-30T21:19:59.431-0700] {processor.py:161} INFO - Started process (PID=1735) to work on /usr/local/lib/python3.10/dist-packages/airflow/example_dags/example_dynamic_task_mapping_with_no_taskflow_operators.py
[2025-10-30T21:19:59.436-0700] {processor.py:830} INFO - Processing file /usr/local/lib/python3.10/dist-packages/airflow/example_dags/example_dynamic_task_mapping_with_no_taskflow_operators.py for tasks to queue
[2025-10-30T21:19:59.439-0700] {logging_mixin.py:188} INFO - [2025-10-30T21:19:59.439-0700] {dagbag.py:545} INFO - Filling up the DagBag from /usr/local/lib/python3.10/dist-packages/airflow/example_dags/example_dynamic_task_mapping_with_no_taskflow_operators.py
[2025-10-30T21:19:59.454-0700] {processor.py:840} INFO - DAG(s) 'example_dynamic_task_mapping_with_no_taskflow_operators' retrieved from /usr/local/lib/python3.10/dist-packages/airflow/example_dags/example_dynamic_task_mapping_with_no_taskflow_operators.py
[2025-10-30T21:19:59.506-0700] {logging_mixin.py:188} INFO - [2025-10-30T21:19:59.506-0700] {dag.py:3089} INFO - Sync 1 DAGs
[2025-10-30T21:19:59.547-0700] {logging_mixin.py:188} INFO - [2025-10-30T21:19:59.547-0700] {dag.py:3947} INFO - Setting next_dagrun for example_dynamic_task_mapping_with_no_taskflow_operators to 2025-10-30 00:00:00+00:00, run_after=2025-10-31 00:00:00+00:00
[2025-10-30T21:19:59.661-0700] {processor.py:183} INFO - Processing /usr/local/lib/python3.10/dist-packages/airflow/example_dags/example_dynamic_task_mapping_with_no_taskflow_operators.py took 0.242 seconds
[2025-10-30T21:21:20.425-0700] {processor.py:161} INFO - Started process (PID=1810) to work on /usr/local/lib/python3.10/dist-packages/airflow/example_dags/example_dynamic_task_mapping_with_no_taskflow_operators.py
[2025-10-30T21:21:20.427-0700] {processor.py:830} INFO - Processing file /usr/local/lib/python3.10/dist-packages/airflow/example_dags/example_dynamic_task_mapping_with_no_taskflow_operators.py for tasks to queue
[2025-10-30T21:21:20.430-0700] {logging_mixin.py:188} INFO - [2025-10-30T21:21:20.429-0700] {dagbag.py:545} INFO - Filling up the DagBag from /usr/local/lib/python3.10/dist-packages/airflow/example_dags/example_dynamic_task_mapping_with_no_taskflow_operators.py
[2025-10-30T21:21:20.443-0700] {processor.py:840} INFO - DAG(s) 'example_dynamic_task_mapping_with_no_taskflow_operators' retrieved from /usr/local/lib/python3.10/dist-packages/airflow/example_dags/example_dynamic_task_mapping_with_no_taskflow_operators.py
[2025-10-30T21:21:20.485-0700] {logging_mixin.py:188} INFO - [2025-10-30T21:21:20.485-0700] {dag.py:3089} INFO - Sync 1 DAGs
[2025-10-30T21:21:20.537-0700] {logging_mixin.py:188} INFO - [2025-10-30T21:21:20.537-0700] {dag.py:3947} INFO - Setting next_dagrun for example_dynamic_task_mapping_with_no_taskflow_operators to 2025-10-30 00:00:00+00:00, run_after=2025-10-31 00:00:00+00:00
[2025-10-30T21:21:20.713-0700] {processor.py:183} INFO - Processing /usr/local/lib/python3.10/dist-packages/airflow/example_dags/example_dynamic_task_mapping_with_no_taskflow_operators.py took 0.307 seconds
[2025-10-30T21:22:40.618-0700] {processor.py:161} INFO - Started process (PID=1893) to work on /usr/local/lib/python3.10/dist-packages/airflow/example_dags/example_dynamic_task_mapping_with_no_taskflow_operators.py
[2025-10-30T21:22:40.620-0700] {processor.py:830} INFO - Processing file /usr/local/lib/python3.10/dist-packages/airflow/example_dags/example_dynamic_task_mapping_with_no_taskflow_operators.py for tasks to queue
[2025-10-30T21:22:40.624-0700] {logging_mixin.py:188} INFO - [2025-10-30T21:22:40.624-0700] {dagbag.py:545} INFO - Filling up the DagBag from /usr/local/lib/python3.10/dist-packages/airflow/example_dags/example_dynamic_task_mapping_with_no_taskflow_operators.py
[2025-10-30T21:22:40.634-0700] {processor.py:840} INFO - DAG(s) 'example_dynamic_task_mapping_with_no_taskflow_operators' retrieved from /usr/local/lib/python3.10/dist-packages/airflow/example_dags/example_dynamic_task_mapping_with_no_taskflow_operators.py
[2025-10-30T21:22:40.677-0700] {logging_mixin.py:188} INFO - [2025-10-30T21:22:40.676-0700] {dag.py:3089} INFO - Sync 1 DAGs
[2025-10-30T21:22:40.708-0700] {logging_mixin.py:188} INFO - [2025-10-30T21:22:40.708-0700] {dag.py:3947} INFO - Setting next_dagrun for example_dynamic_task_mapping_with_no_taskflow_operators to 2025-10-30 00:00:00+00:00, run_after=2025-10-31 00:00:00+00:00
[2025-10-30T21:22:40.831-0700] {processor.py:183} INFO - Processing /usr/local/lib/python3.10/dist-packages/airflow/example_dags/example_dynamic_task_mapping_with_no_taskflow_operators.py took 0.222 seconds
[2025-10-30T21:24:04.059-0700] {processor.py:161} INFO - Started process (PID=1978) to work on /usr/local/lib/python3.10/dist-packages/airflow/example_dags/example_dynamic_task_mapping_with_no_taskflow_operators.py
[2025-10-30T21:24:04.061-0700] {processor.py:830} INFO - Processing file /usr/local/lib/python3.10/dist-packages/airflow/example_dags/example_dynamic_task_mapping_with_no_taskflow_operators.py for tasks to queue
[2025-10-30T21:24:04.065-0700] {logging_mixin.py:188} INFO - [2025-10-30T21:24:04.064-0700] {dagbag.py:545} INFO - Filling up the DagBag from /usr/local/lib/python3.10/dist-packages/airflow/example_dags/example_dynamic_task_mapping_with_no_taskflow_operators.py
[2025-10-30T21:24:04.073-0700] {processor.py:840} INFO - DAG(s) 'example_dynamic_task_mapping_with_no_taskflow_operators' retrieved from /usr/local/lib/python3.10/dist-packages/airflow/example_dags/example_dynamic_task_mapping_with_no_taskflow_operators.py
[2025-10-30T21:24:04.103-0700] {logging_mixin.py:188} INFO - [2025-10-30T21:24:04.103-0700] {dag.py:3089} INFO - Sync 1 DAGs
[2025-10-30T21:24:04.136-0700] {logging_mixin.py:188} INFO - [2025-10-30T21:24:04.135-0700] {dag.py:3947} INFO - Setting next_dagrun for example_dynamic_task_mapping_with_no_taskflow_operators to 2025-10-30 00:00:00+00:00, run_after=2025-10-31 00:00:00+00:00
[2025-10-30T21:24:04.262-0700] {processor.py:183} INFO - Processing /usr/local/lib/python3.10/dist-packages/airflow/example_dags/example_dynamic_task_mapping_with_no_taskflow_operators.py took 0.210 seconds
[2025-10-30T21:25:23.145-0700] {processor.py:161} INFO - Started process (PID=2052) to work on /usr/local/lib/python3.10/dist-packages/airflow/example_dags/example_dynamic_task_mapping_with_no_taskflow_operators.py
[2025-10-30T21:25:23.146-0700] {processor.py:830} INFO - Processing file /usr/local/lib/python3.10/dist-packages/airflow/example_dags/example_dynamic_task_mapping_with_no_taskflow_operators.py for tasks to queue
[2025-10-30T21:25:23.149-0700] {logging_mixin.py:188} INFO - [2025-10-30T21:25:23.149-0700] {dagbag.py:545} INFO - Filling up the DagBag from /usr/local/lib/python3.10/dist-packages/airflow/example_dags/example_dynamic_task_mapping_with_no_taskflow_operators.py
[2025-10-30T21:25:23.160-0700] {processor.py:840} INFO - DAG(s) 'example_dynamic_task_mapping_with_no_taskflow_operators' retrieved from /usr/local/lib/python3.10/dist-packages/airflow/example_dags/example_dynamic_task_mapping_with_no_taskflow_operators.py
[2025-10-30T21:25:23.192-0700] {logging_mixin.py:188} INFO - [2025-10-30T21:25:23.192-0700] {dag.py:3089} INFO - Sync 1 DAGs
[2025-10-30T21:25:23.224-0700] {logging_mixin.py:188} INFO - [2025-10-30T21:25:23.224-0700] {dag.py:3947} INFO - Setting next_dagrun for example_dynamic_task_mapping_with_no_taskflow_operators to 2025-10-30 00:00:00+00:00, run_after=2025-10-31 00:00:00+00:00
[2025-10-30T21:25:23.318-0700] {processor.py:183} INFO - Processing /usr/local/lib/python3.10/dist-packages/airflow/example_dags/example_dynamic_task_mapping_with_no_taskflow_operators.py took 0.181 seconds
[2025-10-30T21:26:48.918-0700] {processor.py:161} INFO - Started process (PID=2129) to work on /usr/local/lib/python3.10/dist-packages/airflow/example_dags/example_dynamic_task_mapping_with_no_taskflow_operators.py
[2025-10-30T21:26:48.920-0700] {processor.py:830} INFO - Processing file /usr/local/lib/python3.10/dist-packages/airflow/example_dags/example_dynamic_task_mapping_with_no_taskflow_operators.py for tasks to queue
[2025-10-30T21:26:48.923-0700] {logging_mixin.py:188} INFO - [2025-10-30T21:26:48.923-0700] {dagbag.py:545} INFO - Filling up the DagBag from /usr/local/lib/python3.10/dist-packages/airflow/example_dags/example_dynamic_task_mapping_with_no_taskflow_operators.py
[2025-10-30T21:26:48.934-0700] {processor.py:840} INFO - DAG(s) 'example_dynamic_task_mapping_with_no_taskflow_operators' retrieved from /usr/local/lib/python3.10/dist-packages/airflow/example_dags/example_dynamic_task_mapping_with_no_taskflow_operators.py
[2025-10-30T21:26:48.972-0700] {logging_mixin.py:188} INFO - [2025-10-30T21:26:48.972-0700] {dag.py:3089} INFO - Sync 1 DAGs
[2025-10-30T21:26:49.007-0700] {logging_mixin.py:188} INFO - [2025-10-30T21:26:49.007-0700] {dag.py:3947} INFO - Setting next_dagrun for example_dynamic_task_mapping_with_no_taskflow_operators to 2025-10-30 00:00:00+00:00, run_after=2025-10-31 00:00:00+00:00
[2025-10-30T21:26:49.116-0700] {processor.py:183} INFO - Processing /usr/local/lib/python3.10/dist-packages/airflow/example_dags/example_dynamic_task_mapping_with_no_taskflow_operators.py took 0.207 seconds
[2025-10-30T21:28:11.957-0700] {processor.py:161} INFO - Started process (PID=2205) to work on /usr/local/lib/python3.10/dist-packages/airflow/example_dags/example_dynamic_task_mapping_with_no_taskflow_operators.py
[2025-10-30T21:28:11.959-0700] {processor.py:830} INFO - Processing file /usr/local/lib/python3.10/dist-packages/airflow/example_dags/example_dynamic_task_mapping_with_no_taskflow_operators.py for tasks to queue
[2025-10-30T21:28:11.963-0700] {logging_mixin.py:188} INFO - [2025-10-30T21:28:11.962-0700] {dagbag.py:545} INFO - Filling up the DagBag from /usr/local/lib/python3.10/dist-packages/airflow/example_dags/example_dynamic_task_mapping_with_no_taskflow_operators.py
[2025-10-30T21:28:11.973-0700] {processor.py:840} INFO - DAG(s) 'example_dynamic_task_mapping_with_no_taskflow_operators' retrieved from /usr/local/lib/python3.10/dist-packages/airflow/example_dags/example_dynamic_task_mapping_with_no_taskflow_operators.py
[2025-10-30T21:28:12.018-0700] {logging_mixin.py:188} INFO - [2025-10-30T21:28:12.017-0700] {dag.py:3089} INFO - Sync 1 DAGs
[2025-10-30T21:28:12.050-0700] {logging_mixin.py:188} INFO - [2025-10-30T21:28:12.050-0700] {dag.py:3947} INFO - Setting next_dagrun for example_dynamic_task_mapping_with_no_taskflow_operators to 2025-10-30 00:00:00+00:00, run_after=2025-10-31 00:00:00+00:00
[2025-10-30T21:28:12.162-0700] {processor.py:183} INFO - Processing /usr/local/lib/python3.10/dist-packages/airflow/example_dags/example_dynamic_task_mapping_with_no_taskflow_operators.py took 0.214 seconds
[2025-10-30T21:29:36.808-0700] {processor.py:161} INFO - Started process (PID=2280) to work on /usr/local/lib/python3.10/dist-packages/airflow/example_dags/example_dynamic_task_mapping_with_no_taskflow_operators.py
[2025-10-30T21:29:36.811-0700] {processor.py:830} INFO - Processing file /usr/local/lib/python3.10/dist-packages/airflow/example_dags/example_dynamic_task_mapping_with_no_taskflow_operators.py for tasks to queue
[2025-10-30T21:29:36.813-0700] {logging_mixin.py:188} INFO - [2025-10-30T21:29:36.813-0700] {dagbag.py:545} INFO - Filling up the DagBag from /usr/local/lib/python3.10/dist-packages/airflow/example_dags/example_dynamic_task_mapping_with_no_taskflow_operators.py
[2025-10-30T21:29:36.824-0700] {processor.py:840} INFO - DAG(s) 'example_dynamic_task_mapping_with_no_taskflow_operators' retrieved from /usr/local/lib/python3.10/dist-packages/airflow/example_dags/example_dynamic_task_mapping_with_no_taskflow_operators.py
[2025-10-30T21:29:36.871-0700] {logging_mixin.py:188} INFO - [2025-10-30T21:29:36.871-0700] {dag.py:3089} INFO - Sync 1 DAGs
[2025-10-30T21:29:36.909-0700] {logging_mixin.py:188} INFO - [2025-10-30T21:29:36.909-0700] {dag.py:3947} INFO - Setting next_dagrun for example_dynamic_task_mapping_with_no_taskflow_operators to 2025-10-30 00:00:00+00:00, run_after=2025-10-31 00:00:00+00:00
[2025-10-30T21:29:37.055-0700] {processor.py:183} INFO - Processing /usr/local/lib/python3.10/dist-packages/airflow/example_dags/example_dynamic_task_mapping_with_no_taskflow_operators.py took 0.257 seconds
[2025-10-30T21:30:57.260-0700] {processor.py:161} INFO - Started process (PID=2354) to work on /usr/local/lib/python3.10/dist-packages/airflow/example_dags/example_dynamic_task_mapping_with_no_taskflow_operators.py
[2025-10-30T21:30:57.261-0700] {processor.py:830} INFO - Processing file /usr/local/lib/python3.10/dist-packages/airflow/example_dags/example_dynamic_task_mapping_with_no_taskflow_operators.py for tasks to queue
[2025-10-30T21:30:57.264-0700] {logging_mixin.py:188} INFO - [2025-10-30T21:30:57.264-0700] {dagbag.py:545} INFO - Filling up the DagBag from /usr/local/lib/python3.10/dist-packages/airflow/example_dags/example_dynamic_task_mapping_with_no_taskflow_operators.py
[2025-10-30T21:30:57.272-0700] {processor.py:840} INFO - DAG(s) 'example_dynamic_task_mapping_with_no_taskflow_operators' retrieved from /usr/local/lib/python3.10/dist-packages/airflow/example_dags/example_dynamic_task_mapping_with_no_taskflow_operators.py
[2025-10-30T21:30:57.311-0700] {logging_mixin.py:188} INFO - [2025-10-30T21:30:57.311-0700] {dag.py:3089} INFO - Sync 1 DAGs
[2025-10-30T21:30:57.347-0700] {logging_mixin.py:188} INFO - [2025-10-30T21:30:57.347-0700] {dag.py:3947} INFO - Setting next_dagrun for example_dynamic_task_mapping_with_no_taskflow_operators to 2025-10-30 00:00:00+00:00, run_after=2025-10-31 00:00:00+00:00
[2025-10-30T21:30:57.463-0700] {processor.py:183} INFO - Processing /usr/local/lib/python3.10/dist-packages/airflow/example_dags/example_dynamic_task_mapping_with_no_taskflow_operators.py took 0.210 seconds
[2025-10-30T21:32:18.148-0700] {processor.py:161} INFO - Started process (PID=2429) to work on /usr/local/lib/python3.10/dist-packages/airflow/example_dags/example_dynamic_task_mapping_with_no_taskflow_operators.py
[2025-10-30T21:32:18.150-0700] {processor.py:830} INFO - Processing file /usr/local/lib/python3.10/dist-packages/airflow/example_dags/example_dynamic_task_mapping_with_no_taskflow_operators.py for tasks to queue
[2025-10-30T21:32:18.154-0700] {logging_mixin.py:188} INFO - [2025-10-30T21:32:18.153-0700] {dagbag.py:545} INFO - Filling up the DagBag from /usr/local/lib/python3.10/dist-packages/airflow/example_dags/example_dynamic_task_mapping_with_no_taskflow_operators.py
[2025-10-30T21:32:18.164-0700] {processor.py:840} INFO - DAG(s) 'example_dynamic_task_mapping_with_no_taskflow_operators' retrieved from /usr/local/lib/python3.10/dist-packages/airflow/example_dags/example_dynamic_task_mapping_with_no_taskflow_operators.py
[2025-10-30T21:32:18.212-0700] {logging_mixin.py:188} INFO - [2025-10-30T21:32:18.212-0700] {dag.py:3089} INFO - Sync 1 DAGs
[2025-10-30T21:32:18.255-0700] {logging_mixin.py:188} INFO - [2025-10-30T21:32:18.255-0700] {dag.py:3947} INFO - Setting next_dagrun for example_dynamic_task_mapping_with_no_taskflow_operators to 2025-10-30 00:00:00+00:00, run_after=2025-10-31 00:00:00+00:00
[2025-10-30T21:32:18.414-0700] {processor.py:183} INFO - Processing /usr/local/lib/python3.10/dist-packages/airflow/example_dags/example_dynamic_task_mapping_with_no_taskflow_operators.py took 0.273 seconds
[2025-10-30T21:35:20.617-0700] {processor.py:161} INFO - Started process (PID=2567) to work on /usr/local/lib/python3.10/dist-packages/airflow/example_dags/example_dynamic_task_mapping_with_no_taskflow_operators.py
[2025-10-30T21:35:20.620-0700] {processor.py:830} INFO - Processing file /usr/local/lib/python3.10/dist-packages/airflow/example_dags/example_dynamic_task_mapping_with_no_taskflow_operators.py for tasks to queue
[2025-10-30T21:35:20.623-0700] {logging_mixin.py:188} INFO - [2025-10-30T21:35:20.622-0700] {dagbag.py:545} INFO - Filling up the DagBag from /usr/local/lib/python3.10/dist-packages/airflow/example_dags/example_dynamic_task_mapping_with_no_taskflow_operators.py
[2025-10-30T21:35:20.631-0700] {processor.py:840} INFO - DAG(s) 'example_dynamic_task_mapping_with_no_taskflow_operators' retrieved from /usr/local/lib/python3.10/dist-packages/airflow/example_dags/example_dynamic_task_mapping_with_no_taskflow_operators.py
[2025-10-30T21:35:20.695-0700] {logging_mixin.py:188} INFO - [2025-10-30T21:35:20.695-0700] {dag.py:3089} INFO - Sync 1 DAGs
[2025-10-30T21:35:20.764-0700] {logging_mixin.py:188} INFO - [2025-10-30T21:35:20.763-0700] {dag.py:3947} INFO - Setting next_dagrun for example_dynamic_task_mapping_with_no_taskflow_operators to 2025-10-30 00:00:00+00:00, run_after=2025-10-31 00:00:00+00:00
[2025-10-30T21:35:20.927-0700] {processor.py:183} INFO - Processing /usr/local/lib/python3.10/dist-packages/airflow/example_dags/example_dynamic_task_mapping_with_no_taskflow_operators.py took 0.317 seconds
[2025-10-30T21:36:48.119-0700] {processor.py:161} INFO - Started process (PID=2653) to work on /usr/local/lib/python3.10/dist-packages/airflow/example_dags/example_dynamic_task_mapping_with_no_taskflow_operators.py
[2025-10-30T21:36:48.121-0700] {processor.py:830} INFO - Processing file /usr/local/lib/python3.10/dist-packages/airflow/example_dags/example_dynamic_task_mapping_with_no_taskflow_operators.py for tasks to queue
[2025-10-30T21:36:48.124-0700] {logging_mixin.py:188} INFO - [2025-10-30T21:36:48.123-0700] {dagbag.py:545} INFO - Filling up the DagBag from /usr/local/lib/python3.10/dist-packages/airflow/example_dags/example_dynamic_task_mapping_with_no_taskflow_operators.py
[2025-10-30T21:36:48.137-0700] {processor.py:840} INFO - DAG(s) 'example_dynamic_task_mapping_with_no_taskflow_operators' retrieved from /usr/local/lib/python3.10/dist-packages/airflow/example_dags/example_dynamic_task_mapping_with_no_taskflow_operators.py
[2025-10-30T21:36:48.179-0700] {logging_mixin.py:188} INFO - [2025-10-30T21:36:48.179-0700] {dag.py:3089} INFO - Sync 1 DAGs
[2025-10-30T21:36:48.220-0700] {logging_mixin.py:188} INFO - [2025-10-30T21:36:48.219-0700] {dag.py:3947} INFO - Setting next_dagrun for example_dynamic_task_mapping_with_no_taskflow_operators to 2025-10-30 00:00:00+00:00, run_after=2025-10-31 00:00:00+00:00
[2025-10-30T21:36:48.310-0700] {processor.py:183} INFO - Processing /usr/local/lib/python3.10/dist-packages/airflow/example_dags/example_dynamic_task_mapping_with_no_taskflow_operators.py took 0.200 seconds
[2025-10-30T21:38:24.660-0700] {processor.py:161} INFO - Started process (PID=2734) to work on /usr/local/lib/python3.10/dist-packages/airflow/example_dags/example_dynamic_task_mapping_with_no_taskflow_operators.py
[2025-10-30T21:38:24.662-0700] {processor.py:830} INFO - Processing file /usr/local/lib/python3.10/dist-packages/airflow/example_dags/example_dynamic_task_mapping_with_no_taskflow_operators.py for tasks to queue
[2025-10-30T21:38:24.664-0700] {logging_mixin.py:188} INFO - [2025-10-30T21:38:24.664-0700] {dagbag.py:545} INFO - Filling up the DagBag from /usr/local/lib/python3.10/dist-packages/airflow/example_dags/example_dynamic_task_mapping_with_no_taskflow_operators.py
[2025-10-30T21:38:24.674-0700] {processor.py:840} INFO - DAG(s) 'example_dynamic_task_mapping_with_no_taskflow_operators' retrieved from /usr/local/lib/python3.10/dist-packages/airflow/example_dags/example_dynamic_task_mapping_with_no_taskflow_operators.py
[2025-10-30T21:38:24.711-0700] {logging_mixin.py:188} INFO - [2025-10-30T21:38:24.711-0700] {dag.py:3089} INFO - Sync 1 DAGs
[2025-10-30T21:38:24.746-0700] {logging_mixin.py:188} INFO - [2025-10-30T21:38:24.745-0700] {dag.py:3947} INFO - Setting next_dagrun for example_dynamic_task_mapping_with_no_taskflow_operators to 2025-10-30 00:00:00+00:00, run_after=2025-10-31 00:00:00+00:00
[2025-10-30T21:38:24.849-0700] {processor.py:183} INFO - Processing /usr/local/lib/python3.10/dist-packages/airflow/example_dags/example_dynamic_task_mapping_with_no_taskflow_operators.py took 0.197 seconds
[2025-10-30T21:39:56.729-0700] {processor.py:161} INFO - Started process (PID=2836) to work on /usr/local/lib/python3.10/dist-packages/airflow/example_dags/example_dynamic_task_mapping_with_no_taskflow_operators.py
[2025-10-30T21:39:56.732-0700] {processor.py:830} INFO - Processing file /usr/local/lib/python3.10/dist-packages/airflow/example_dags/example_dynamic_task_mapping_with_no_taskflow_operators.py for tasks to queue
[2025-10-30T21:39:56.734-0700] {logging_mixin.py:188} INFO - [2025-10-30T21:39:56.734-0700] {dagbag.py:545} INFO - Filling up the DagBag from /usr/local/lib/python3.10/dist-packages/airflow/example_dags/example_dynamic_task_mapping_with_no_taskflow_operators.py
[2025-10-30T21:39:56.743-0700] {processor.py:840} INFO - DAG(s) 'example_dynamic_task_mapping_with_no_taskflow_operators' retrieved from /usr/local/lib/python3.10/dist-packages/airflow/example_dags/example_dynamic_task_mapping_with_no_taskflow_operators.py
[2025-10-30T21:39:56.786-0700] {logging_mixin.py:188} INFO - [2025-10-30T21:39:56.786-0700] {dag.py:3089} INFO - Sync 1 DAGs
[2025-10-30T21:39:56.821-0700] {logging_mixin.py:188} INFO - [2025-10-30T21:39:56.821-0700] {dag.py:3947} INFO - Setting next_dagrun for example_dynamic_task_mapping_with_no_taskflow_operators to 2025-10-30 00:00:00+00:00, run_after=2025-10-31 00:00:00+00:00
[2025-10-30T21:39:56.978-0700] {processor.py:183} INFO - Processing /usr/local/lib/python3.10/dist-packages/airflow/example_dags/example_dynamic_task_mapping_with_no_taskflow_operators.py took 0.258 seconds
[2025-10-30T21:41:26.077-0700] {processor.py:161} INFO - Started process (PID=2914) to work on /usr/local/lib/python3.10/dist-packages/airflow/example_dags/example_dynamic_task_mapping_with_no_taskflow_operators.py
[2025-10-30T21:41:26.079-0700] {processor.py:830} INFO - Processing file /usr/local/lib/python3.10/dist-packages/airflow/example_dags/example_dynamic_task_mapping_with_no_taskflow_operators.py for tasks to queue
[2025-10-30T21:41:26.082-0700] {logging_mixin.py:188} INFO - [2025-10-30T21:41:26.081-0700] {dagbag.py:545} INFO - Filling up the DagBag from /usr/local/lib/python3.10/dist-packages/airflow/example_dags/example_dynamic_task_mapping_with_no_taskflow_operators.py
[2025-10-30T21:41:26.090-0700] {processor.py:840} INFO - DAG(s) 'example_dynamic_task_mapping_with_no_taskflow_operators' retrieved from /usr/local/lib/python3.10/dist-packages/airflow/example_dags/example_dynamic_task_mapping_with_no_taskflow_operators.py
[2025-10-30T21:41:26.144-0700] {logging_mixin.py:188} INFO - [2025-10-30T21:41:26.144-0700] {dag.py:3089} INFO - Sync 1 DAGs
[2025-10-30T21:41:26.184-0700] {logging_mixin.py:188} INFO - [2025-10-30T21:41:26.184-0700] {dag.py:3947} INFO - Setting next_dagrun for example_dynamic_task_mapping_with_no_taskflow_operators to 2025-10-30 00:00:00+00:00, run_after=2025-10-31 00:00:00+00:00
[2025-10-30T21:41:26.306-0700] {processor.py:183} INFO - Processing /usr/local/lib/python3.10/dist-packages/airflow/example_dags/example_dynamic_task_mapping_with_no_taskflow_operators.py took 0.235 seconds
[2025-10-30T21:42:57.322-0700] {processor.py:161} INFO - Started process (PID=2993) to work on /usr/local/lib/python3.10/dist-packages/airflow/example_dags/example_dynamic_task_mapping_with_no_taskflow_operators.py
[2025-10-30T21:42:57.325-0700] {processor.py:830} INFO - Processing file /usr/local/lib/python3.10/dist-packages/airflow/example_dags/example_dynamic_task_mapping_with_no_taskflow_operators.py for tasks to queue
[2025-10-30T21:42:57.329-0700] {logging_mixin.py:188} INFO - [2025-10-30T21:42:57.329-0700] {dagbag.py:545} INFO - Filling up the DagBag from /usr/local/lib/python3.10/dist-packages/airflow/example_dags/example_dynamic_task_mapping_with_no_taskflow_operators.py
[2025-10-30T21:42:57.340-0700] {processor.py:840} INFO - DAG(s) 'example_dynamic_task_mapping_with_no_taskflow_operators' retrieved from /usr/local/lib/python3.10/dist-packages/airflow/example_dags/example_dynamic_task_mapping_with_no_taskflow_operators.py
[2025-10-30T21:42:57.389-0700] {logging_mixin.py:188} INFO - [2025-10-30T21:42:57.388-0700] {dag.py:3089} INFO - Sync 1 DAGs
[2025-10-30T21:42:57.429-0700] {logging_mixin.py:188} INFO - [2025-10-30T21:42:57.428-0700] {dag.py:3947} INFO - Setting next_dagrun for example_dynamic_task_mapping_with_no_taskflow_operators to 2025-10-30 00:00:00+00:00, run_after=2025-10-31 00:00:00+00:00
[2025-10-30T21:42:57.545-0700] {processor.py:183} INFO - Processing /usr/local/lib/python3.10/dist-packages/airflow/example_dags/example_dynamic_task_mapping_with_no_taskflow_operators.py took 0.231 seconds
[2025-10-30T21:44:24.083-0700] {processor.py:161} INFO - Started process (PID=3070) to work on /usr/local/lib/python3.10/dist-packages/airflow/example_dags/example_dynamic_task_mapping_with_no_taskflow_operators.py
[2025-10-30T21:44:24.086-0700] {processor.py:830} INFO - Processing file /usr/local/lib/python3.10/dist-packages/airflow/example_dags/example_dynamic_task_mapping_with_no_taskflow_operators.py for tasks to queue
[2025-10-30T21:44:24.090-0700] {logging_mixin.py:188} INFO - [2025-10-30T21:44:24.090-0700] {dagbag.py:545} INFO - Filling up the DagBag from /usr/local/lib/python3.10/dist-packages/airflow/example_dags/example_dynamic_task_mapping_with_no_taskflow_operators.py
[2025-10-30T21:44:24.105-0700] {processor.py:840} INFO - DAG(s) 'example_dynamic_task_mapping_with_no_taskflow_operators' retrieved from /usr/local/lib/python3.10/dist-packages/airflow/example_dags/example_dynamic_task_mapping_with_no_taskflow_operators.py
[2025-10-30T21:44:24.170-0700] {logging_mixin.py:188} INFO - [2025-10-30T21:44:24.169-0700] {dag.py:3089} INFO - Sync 1 DAGs
[2025-10-30T21:44:24.219-0700] {logging_mixin.py:188} INFO - [2025-10-30T21:44:24.218-0700] {dag.py:3947} INFO - Setting next_dagrun for example_dynamic_task_mapping_with_no_taskflow_operators to 2025-10-30 00:00:00+00:00, run_after=2025-10-31 00:00:00+00:00
[2025-10-30T21:44:24.362-0700] {processor.py:183} INFO - Processing /usr/local/lib/python3.10/dist-packages/airflow/example_dags/example_dynamic_task_mapping_with_no_taskflow_operators.py took 0.293 seconds
[2025-10-30T21:46:12.799-0700] {processor.py:161} INFO - Started process (PID=3180) to work on /usr/local/lib/python3.10/dist-packages/airflow/example_dags/example_dynamic_task_mapping_with_no_taskflow_operators.py
[2025-10-30T21:46:12.801-0700] {processor.py:830} INFO - Processing file /usr/local/lib/python3.10/dist-packages/airflow/example_dags/example_dynamic_task_mapping_with_no_taskflow_operators.py for tasks to queue
[2025-10-30T21:46:12.804-0700] {logging_mixin.py:188} INFO - [2025-10-30T21:46:12.803-0700] {dagbag.py:545} INFO - Filling up the DagBag from /usr/local/lib/python3.10/dist-packages/airflow/example_dags/example_dynamic_task_mapping_with_no_taskflow_operators.py
[2025-10-30T21:46:12.816-0700] {processor.py:840} INFO - DAG(s) 'example_dynamic_task_mapping_with_no_taskflow_operators' retrieved from /usr/local/lib/python3.10/dist-packages/airflow/example_dags/example_dynamic_task_mapping_with_no_taskflow_operators.py
[2025-10-30T21:46:12.859-0700] {logging_mixin.py:188} INFO - [2025-10-30T21:46:12.859-0700] {dag.py:3089} INFO - Sync 1 DAGs
[2025-10-30T21:46:12.896-0700] {logging_mixin.py:188} INFO - [2025-10-30T21:46:12.895-0700] {dag.py:3947} INFO - Setting next_dagrun for example_dynamic_task_mapping_with_no_taskflow_operators to 2025-10-30 00:00:00+00:00, run_after=2025-10-31 00:00:00+00:00
[2025-10-30T21:46:13.032-0700] {processor.py:183} INFO - Processing /usr/local/lib/python3.10/dist-packages/airflow/example_dags/example_dynamic_task_mapping_with_no_taskflow_operators.py took 0.242 seconds
[2025-10-30T21:47:39.347-0700] {processor.py:161} INFO - Started process (PID=3375) to work on /usr/local/lib/python3.10/dist-packages/airflow/example_dags/example_dynamic_task_mapping_with_no_taskflow_operators.py
[2025-10-30T21:47:39.349-0700] {processor.py:830} INFO - Processing file /usr/local/lib/python3.10/dist-packages/airflow/example_dags/example_dynamic_task_mapping_with_no_taskflow_operators.py for tasks to queue
[2025-10-30T21:47:39.353-0700] {logging_mixin.py:188} INFO - [2025-10-30T21:47:39.353-0700] {dagbag.py:545} INFO - Filling up the DagBag from /usr/local/lib/python3.10/dist-packages/airflow/example_dags/example_dynamic_task_mapping_with_no_taskflow_operators.py
[2025-10-30T21:47:39.364-0700] {processor.py:840} INFO - DAG(s) 'example_dynamic_task_mapping_with_no_taskflow_operators' retrieved from /usr/local/lib/python3.10/dist-packages/airflow/example_dags/example_dynamic_task_mapping_with_no_taskflow_operators.py
[2025-10-30T21:47:39.406-0700] {logging_mixin.py:188} INFO - [2025-10-30T21:47:39.406-0700] {dag.py:3089} INFO - Sync 1 DAGs
[2025-10-30T21:47:39.443-0700] {logging_mixin.py:188} INFO - [2025-10-30T21:47:39.442-0700] {dag.py:3947} INFO - Setting next_dagrun for example_dynamic_task_mapping_with_no_taskflow_operators to 2025-10-30 00:00:00+00:00, run_after=2025-10-31 00:00:00+00:00
[2025-10-30T21:47:39.544-0700] {processor.py:183} INFO - Processing /usr/local/lib/python3.10/dist-packages/airflow/example_dags/example_dynamic_task_mapping_with_no_taskflow_operators.py took 0.207 seconds
[2025-10-30T21:50:45.908-0700] {processor.py:161} INFO - Started process (PID=3650) to work on /usr/local/lib/python3.10/dist-packages/airflow/example_dags/example_dynamic_task_mapping_with_no_taskflow_operators.py
[2025-10-30T21:50:45.910-0700] {processor.py:830} INFO - Processing file /usr/local/lib/python3.10/dist-packages/airflow/example_dags/example_dynamic_task_mapping_with_no_taskflow_operators.py for tasks to queue
[2025-10-30T21:50:45.913-0700] {logging_mixin.py:188} INFO - [2025-10-30T21:50:45.913-0700] {dagbag.py:545} INFO - Filling up the DagBag from /usr/local/lib/python3.10/dist-packages/airflow/example_dags/example_dynamic_task_mapping_with_no_taskflow_operators.py
[2025-10-30T21:50:45.925-0700] {processor.py:840} INFO - DAG(s) 'example_dynamic_task_mapping_with_no_taskflow_operators' retrieved from /usr/local/lib/python3.10/dist-packages/airflow/example_dags/example_dynamic_task_mapping_with_no_taskflow_operators.py
[2025-10-30T21:50:45.978-0700] {logging_mixin.py:188} INFO - [2025-10-30T21:50:45.978-0700] {dag.py:3089} INFO - Sync 1 DAGs
[2025-10-30T21:50:46.030-0700] {logging_mixin.py:188} INFO - [2025-10-30T21:50:46.029-0700] {dag.py:3947} INFO - Setting next_dagrun for example_dynamic_task_mapping_with_no_taskflow_operators to 2025-10-30 00:00:00+00:00, run_after=2025-10-31 00:00:00+00:00
[2025-10-30T21:50:46.211-0700] {processor.py:183} INFO - Processing /usr/local/lib/python3.10/dist-packages/airflow/example_dags/example_dynamic_task_mapping_with_no_taskflow_operators.py took 0.311 seconds
[2025-10-30T21:52:11.744-0700] {processor.py:161} INFO - Started process (PID=3727) to work on /usr/local/lib/python3.10/dist-packages/airflow/example_dags/example_dynamic_task_mapping_with_no_taskflow_operators.py
[2025-10-30T21:52:11.747-0700] {processor.py:830} INFO - Processing file /usr/local/lib/python3.10/dist-packages/airflow/example_dags/example_dynamic_task_mapping_with_no_taskflow_operators.py for tasks to queue
[2025-10-30T21:52:11.752-0700] {logging_mixin.py:188} INFO - [2025-10-30T21:52:11.751-0700] {dagbag.py:545} INFO - Filling up the DagBag from /usr/local/lib/python3.10/dist-packages/airflow/example_dags/example_dynamic_task_mapping_with_no_taskflow_operators.py
[2025-10-30T21:52:11.768-0700] {processor.py:840} INFO - DAG(s) 'example_dynamic_task_mapping_with_no_taskflow_operators' retrieved from /usr/local/lib/python3.10/dist-packages/airflow/example_dags/example_dynamic_task_mapping_with_no_taskflow_operators.py
[2025-10-30T21:52:11.822-0700] {logging_mixin.py:188} INFO - [2025-10-30T21:52:11.821-0700] {dag.py:3089} INFO - Sync 1 DAGs
[2025-10-30T21:52:11.864-0700] {logging_mixin.py:188} INFO - [2025-10-30T21:52:11.863-0700] {dag.py:3947} INFO - Setting next_dagrun for example_dynamic_task_mapping_with_no_taskflow_operators to 2025-10-30 00:00:00+00:00, run_after=2025-10-31 00:00:00+00:00
[2025-10-30T21:52:12.031-0700] {processor.py:183} INFO - Processing /usr/local/lib/python3.10/dist-packages/airflow/example_dags/example_dynamic_task_mapping_with_no_taskflow_operators.py took 0.301 seconds
[2025-10-30T21:55:09.639-0700] {processor.py:161} INFO - Started process (PID=3982) to work on /usr/local/lib/python3.10/dist-packages/airflow/example_dags/example_dynamic_task_mapping_with_no_taskflow_operators.py
[2025-10-30T21:55:09.641-0700] {processor.py:830} INFO - Processing file /usr/local/lib/python3.10/dist-packages/airflow/example_dags/example_dynamic_task_mapping_with_no_taskflow_operators.py for tasks to queue
[2025-10-30T21:55:09.644-0700] {logging_mixin.py:188} INFO - [2025-10-30T21:55:09.643-0700] {dagbag.py:545} INFO - Filling up the DagBag from /usr/local/lib/python3.10/dist-packages/airflow/example_dags/example_dynamic_task_mapping_with_no_taskflow_operators.py
[2025-10-30T21:55:09.653-0700] {processor.py:840} INFO - DAG(s) 'example_dynamic_task_mapping_with_no_taskflow_operators' retrieved from /usr/local/lib/python3.10/dist-packages/airflow/example_dags/example_dynamic_task_mapping_with_no_taskflow_operators.py
[2025-10-30T21:55:09.689-0700] {logging_mixin.py:188} INFO - [2025-10-30T21:55:09.689-0700] {dag.py:3089} INFO - Sync 1 DAGs
[2025-10-30T21:55:09.724-0700] {logging_mixin.py:188} INFO - [2025-10-30T21:55:09.724-0700] {dag.py:3947} INFO - Setting next_dagrun for example_dynamic_task_mapping_with_no_taskflow_operators to 2025-10-30 00:00:00+00:00, run_after=2025-10-31 00:00:00+00:00
[2025-10-30T21:55:09.834-0700] {processor.py:183} INFO - Processing /usr/local/lib/python3.10/dist-packages/airflow/example_dags/example_dynamic_task_mapping_with_no_taskflow_operators.py took 0.202 seconds
[2025-10-30T21:57:00.215-0700] {processor.py:161} INFO - Started process (PID=4076) to work on /usr/local/lib/python3.10/dist-packages/airflow/example_dags/example_dynamic_task_mapping_with_no_taskflow_operators.py
[2025-10-30T21:57:00.217-0700] {processor.py:830} INFO - Processing file /usr/local/lib/python3.10/dist-packages/airflow/example_dags/example_dynamic_task_mapping_with_no_taskflow_operators.py for tasks to queue
[2025-10-30T21:57:00.220-0700] {logging_mixin.py:188} INFO - [2025-10-30T21:57:00.219-0700] {dagbag.py:545} INFO - Filling up the DagBag from /usr/local/lib/python3.10/dist-packages/airflow/example_dags/example_dynamic_task_mapping_with_no_taskflow_operators.py
[2025-10-30T21:57:00.230-0700] {processor.py:840} INFO - DAG(s) 'example_dynamic_task_mapping_with_no_taskflow_operators' retrieved from /usr/local/lib/python3.10/dist-packages/airflow/example_dags/example_dynamic_task_mapping_with_no_taskflow_operators.py
[2025-10-30T21:57:00.273-0700] {logging_mixin.py:188} INFO - [2025-10-30T21:57:00.273-0700] {dag.py:3089} INFO - Sync 1 DAGs
[2025-10-30T21:57:00.316-0700] {logging_mixin.py:188} INFO - [2025-10-30T21:57:00.316-0700] {dag.py:3947} INFO - Setting next_dagrun for example_dynamic_task_mapping_with_no_taskflow_operators to 2025-10-30 00:00:00+00:00, run_after=2025-10-31 00:00:00+00:00
[2025-10-30T21:57:00.480-0700] {processor.py:183} INFO - Processing /usr/local/lib/python3.10/dist-packages/airflow/example_dags/example_dynamic_task_mapping_with_no_taskflow_operators.py took 0.275 seconds
[2025-10-30T21:58:25.511-0700] {processor.py:161} INFO - Started process (PID=4153) to work on /usr/local/lib/python3.10/dist-packages/airflow/example_dags/example_dynamic_task_mapping_with_no_taskflow_operators.py
[2025-10-30T21:58:25.513-0700] {processor.py:830} INFO - Processing file /usr/local/lib/python3.10/dist-packages/airflow/example_dags/example_dynamic_task_mapping_with_no_taskflow_operators.py for tasks to queue
[2025-10-30T21:58:25.516-0700] {logging_mixin.py:188} INFO - [2025-10-30T21:58:25.515-0700] {dagbag.py:545} INFO - Filling up the DagBag from /usr/local/lib/python3.10/dist-packages/airflow/example_dags/example_dynamic_task_mapping_with_no_taskflow_operators.py
[2025-10-30T21:58:25.526-0700] {processor.py:840} INFO - DAG(s) 'example_dynamic_task_mapping_with_no_taskflow_operators' retrieved from /usr/local/lib/python3.10/dist-packages/airflow/example_dags/example_dynamic_task_mapping_with_no_taskflow_operators.py
[2025-10-30T21:58:25.564-0700] {logging_mixin.py:188} INFO - [2025-10-30T21:58:25.564-0700] {dag.py:3089} INFO - Sync 1 DAGs
[2025-10-30T21:58:25.601-0700] {logging_mixin.py:188} INFO - [2025-10-30T21:58:25.601-0700] {dag.py:3947} INFO - Setting next_dagrun for example_dynamic_task_mapping_with_no_taskflow_operators to 2025-10-30 00:00:00+00:00, run_after=2025-10-31 00:00:00+00:00
[2025-10-30T21:58:25.706-0700] {processor.py:183} INFO - Processing /usr/local/lib/python3.10/dist-packages/airflow/example_dags/example_dynamic_task_mapping_with_no_taskflow_operators.py took 0.204 seconds
[2025-10-30T21:59:46.679-0700] {processor.py:161} INFO - Started process (PID=4228) to work on /usr/local/lib/python3.10/dist-packages/airflow/example_dags/example_dynamic_task_mapping_with_no_taskflow_operators.py
[2025-10-30T21:59:46.682-0700] {processor.py:830} INFO - Processing file /usr/local/lib/python3.10/dist-packages/airflow/example_dags/example_dynamic_task_mapping_with_no_taskflow_operators.py for tasks to queue
[2025-10-30T21:59:46.684-0700] {logging_mixin.py:188} INFO - [2025-10-30T21:59:46.684-0700] {dagbag.py:545} INFO - Filling up the DagBag from /usr/local/lib/python3.10/dist-packages/airflow/example_dags/example_dynamic_task_mapping_with_no_taskflow_operators.py
[2025-10-30T21:59:46.695-0700] {processor.py:840} INFO - DAG(s) 'example_dynamic_task_mapping_with_no_taskflow_operators' retrieved from /usr/local/lib/python3.10/dist-packages/airflow/example_dags/example_dynamic_task_mapping_with_no_taskflow_operators.py
[2025-10-30T21:59:46.733-0700] {logging_mixin.py:188} INFO - [2025-10-30T21:59:46.733-0700] {dag.py:3089} INFO - Sync 1 DAGs
[2025-10-30T21:59:46.763-0700] {logging_mixin.py:188} INFO - [2025-10-30T21:59:46.763-0700] {dag.py:3947} INFO - Setting next_dagrun for example_dynamic_task_mapping_with_no_taskflow_operators to 2025-10-30 00:00:00+00:00, run_after=2025-10-31 00:00:00+00:00
[2025-10-30T21:59:46.874-0700] {processor.py:183} INFO - Processing /usr/local/lib/python3.10/dist-packages/airflow/example_dags/example_dynamic_task_mapping_with_no_taskflow_operators.py took 0.204 seconds
[2025-10-30T22:01:10.808-0700] {processor.py:161} INFO - Started process (PID=4305) to work on /usr/local/lib/python3.10/dist-packages/airflow/example_dags/example_dynamic_task_mapping_with_no_taskflow_operators.py
[2025-10-30T22:01:10.810-0700] {processor.py:830} INFO - Processing file /usr/local/lib/python3.10/dist-packages/airflow/example_dags/example_dynamic_task_mapping_with_no_taskflow_operators.py for tasks to queue
[2025-10-30T22:01:10.812-0700] {logging_mixin.py:188} INFO - [2025-10-30T22:01:10.812-0700] {dagbag.py:545} INFO - Filling up the DagBag from /usr/local/lib/python3.10/dist-packages/airflow/example_dags/example_dynamic_task_mapping_with_no_taskflow_operators.py
[2025-10-30T22:01:10.821-0700] {processor.py:840} INFO - DAG(s) 'example_dynamic_task_mapping_with_no_taskflow_operators' retrieved from /usr/local/lib/python3.10/dist-packages/airflow/example_dags/example_dynamic_task_mapping_with_no_taskflow_operators.py
[2025-10-30T22:01:10.863-0700] {logging_mixin.py:188} INFO - [2025-10-30T22:01:10.862-0700] {dag.py:3089} INFO - Sync 1 DAGs
[2025-10-30T22:01:10.903-0700] {logging_mixin.py:188} INFO - [2025-10-30T22:01:10.902-0700] {dag.py:3947} INFO - Setting next_dagrun for example_dynamic_task_mapping_with_no_taskflow_operators to 2025-10-30 00:00:00+00:00, run_after=2025-10-31 00:00:00+00:00
[2025-10-30T22:01:11.009-0700] {processor.py:183} INFO - Processing /usr/local/lib/python3.10/dist-packages/airflow/example_dags/example_dynamic_task_mapping_with_no_taskflow_operators.py took 0.210 seconds
[2025-10-30T22:02:33.623-0700] {processor.py:161} INFO - Started process (PID=4381) to work on /usr/local/lib/python3.10/dist-packages/airflow/example_dags/example_dynamic_task_mapping_with_no_taskflow_operators.py
[2025-10-30T22:02:33.626-0700] {processor.py:830} INFO - Processing file /usr/local/lib/python3.10/dist-packages/airflow/example_dags/example_dynamic_task_mapping_with_no_taskflow_operators.py for tasks to queue
[2025-10-30T22:02:33.628-0700] {logging_mixin.py:188} INFO - [2025-10-30T22:02:33.628-0700] {dagbag.py:545} INFO - Filling up the DagBag from /usr/local/lib/python3.10/dist-packages/airflow/example_dags/example_dynamic_task_mapping_with_no_taskflow_operators.py
[2025-10-30T22:02:33.637-0700] {processor.py:840} INFO - DAG(s) 'example_dynamic_task_mapping_with_no_taskflow_operators' retrieved from /usr/local/lib/python3.10/dist-packages/airflow/example_dags/example_dynamic_task_mapping_with_no_taskflow_operators.py
[2025-10-30T22:02:33.676-0700] {logging_mixin.py:188} INFO - [2025-10-30T22:02:33.676-0700] {dag.py:3089} INFO - Sync 1 DAGs
[2025-10-30T22:02:33.709-0700] {logging_mixin.py:188} INFO - [2025-10-30T22:02:33.709-0700] {dag.py:3947} INFO - Setting next_dagrun for example_dynamic_task_mapping_with_no_taskflow_operators to 2025-10-30 00:00:00+00:00, run_after=2025-10-31 00:00:00+00:00
[2025-10-30T22:02:33.809-0700] {processor.py:183} INFO - Processing /usr/local/lib/python3.10/dist-packages/airflow/example_dags/example_dynamic_task_mapping_with_no_taskflow_operators.py took 0.192 seconds
[2025-10-30T22:04:02.532-0700] {processor.py:161} INFO - Started process (PID=4458) to work on /usr/local/lib/python3.10/dist-packages/airflow/example_dags/example_dynamic_task_mapping_with_no_taskflow_operators.py
[2025-10-30T22:04:02.535-0700] {processor.py:830} INFO - Processing file /usr/local/lib/python3.10/dist-packages/airflow/example_dags/example_dynamic_task_mapping_with_no_taskflow_operators.py for tasks to queue
[2025-10-30T22:04:02.538-0700] {logging_mixin.py:188} INFO - [2025-10-30T22:04:02.537-0700] {dagbag.py:545} INFO - Filling up the DagBag from /usr/local/lib/python3.10/dist-packages/airflow/example_dags/example_dynamic_task_mapping_with_no_taskflow_operators.py
[2025-10-30T22:04:02.547-0700] {processor.py:840} INFO - DAG(s) 'example_dynamic_task_mapping_with_no_taskflow_operators' retrieved from /usr/local/lib/python3.10/dist-packages/airflow/example_dags/example_dynamic_task_mapping_with_no_taskflow_operators.py
[2025-10-30T22:04:02.598-0700] {logging_mixin.py:188} INFO - [2025-10-30T22:04:02.598-0700] {dag.py:3089} INFO - Sync 1 DAGs
[2025-10-30T22:04:02.640-0700] {logging_mixin.py:188} INFO - [2025-10-30T22:04:02.639-0700] {dag.py:3947} INFO - Setting next_dagrun for example_dynamic_task_mapping_with_no_taskflow_operators to 2025-10-30 00:00:00+00:00, run_after=2025-10-31 00:00:00+00:00
[2025-10-30T22:04:02.793-0700] {processor.py:183} INFO - Processing /usr/local/lib/python3.10/dist-packages/airflow/example_dags/example_dynamic_task_mapping_with_no_taskflow_operators.py took 0.271 seconds
