[2025-10-30T20:58:06.864-0700] {processor.py:161} INFO - Started process (PID=540) to work on /usr/local/lib/python3.10/dist-packages/airflow/example_dags/example_short_circuit_operator.py
[2025-10-30T20:58:06.868-0700] {processor.py:830} INFO - Processing file /usr/local/lib/python3.10/dist-packages/airflow/example_dags/example_short_circuit_operator.py for tasks to queue
[2025-10-30T20:58:06.871-0700] {logging_mixin.py:188} INFO - [2025-10-30T20:58:06.870-0700] {dagbag.py:545} INFO - Filling up the DagBag from /usr/local/lib/python3.10/dist-packages/airflow/example_dags/example_short_circuit_operator.py
[2025-10-30T20:58:07.006-0700] {processor.py:840} INFO - DAG(s) 'example_short_circuit_operator' retrieved from /usr/local/lib/python3.10/dist-packages/airflow/example_dags/example_short_circuit_operator.py
[2025-10-30T20:58:07.416-0700] {logging_mixin.py:188} INFO - [2025-10-30T20:58:07.415-0700] {override.py:1858} INFO - Created Permission View: can delete on DAG:example_short_circuit_operator
[2025-10-30T20:58:07.486-0700] {logging_mixin.py:188} INFO - [2025-10-30T20:58:07.486-0700] {override.py:1858} INFO - Created Permission View: can edit on DAG:example_short_circuit_operator
[2025-10-30T20:58:07.544-0700] {logging_mixin.py:188} INFO - [2025-10-30T20:58:07.543-0700] {override.py:1858} INFO - Created Permission View: can read on DAG:example_short_circuit_operator
[2025-10-30T20:58:07.546-0700] {logging_mixin.py:188} INFO - [2025-10-30T20:58:07.545-0700] {dag.py:3089} INFO - Sync 1 DAGs
[2025-10-30T20:58:07.585-0700] {logging_mixin.py:188} INFO - [2025-10-30T20:58:07.584-0700] {dag.py:3111} INFO - Creating ORM DAG for example_short_circuit_operator
[2025-10-30T20:58:07.610-0700] {logging_mixin.py:188} INFO - [2025-10-30T20:58:07.610-0700] {dag.py:3947} INFO - Setting next_dagrun for example_short_circuit_operator to 2025-10-30 00:00:00+00:00, run_after=2025-10-31 00:00:00+00:00
[2025-10-30T20:58:07.742-0700] {processor.py:183} INFO - Processing /usr/local/lib/python3.10/dist-packages/airflow/example_dags/example_short_circuit_operator.py took 0.909 seconds
[2025-10-30T20:59:19.204-0700] {processor.py:161} INFO - Started process (PID=602) to work on /usr/local/lib/python3.10/dist-packages/airflow/example_dags/example_short_circuit_operator.py
[2025-10-30T20:59:19.206-0700] {processor.py:830} INFO - Processing file /usr/local/lib/python3.10/dist-packages/airflow/example_dags/example_short_circuit_operator.py for tasks to queue
[2025-10-30T20:59:19.207-0700] {logging_mixin.py:188} INFO - [2025-10-30T20:59:19.207-0700] {dagbag.py:545} INFO - Filling up the DagBag from /usr/local/lib/python3.10/dist-packages/airflow/example_dags/example_short_circuit_operator.py
[2025-10-30T20:59:19.214-0700] {processor.py:840} INFO - DAG(s) 'example_short_circuit_operator' retrieved from /usr/local/lib/python3.10/dist-packages/airflow/example_dags/example_short_circuit_operator.py
[2025-10-30T20:59:19.245-0700] {logging_mixin.py:188} INFO - [2025-10-30T20:59:19.245-0700] {dag.py:3089} INFO - Sync 1 DAGs
[2025-10-30T20:59:19.278-0700] {logging_mixin.py:188} INFO - [2025-10-30T20:59:19.278-0700] {dag.py:3947} INFO - Setting next_dagrun for example_short_circuit_operator to 2025-10-30 00:00:00+00:00, run_after=2025-10-31 00:00:00+00:00
[2025-10-30T20:59:19.361-0700] {processor.py:183} INFO - Processing /usr/local/lib/python3.10/dist-packages/airflow/example_dags/example_short_circuit_operator.py took 0.162 seconds
[2025-10-30T21:00:27.566-0700] {processor.py:161} INFO - Started process (PID=674) to work on /usr/local/lib/python3.10/dist-packages/airflow/example_dags/example_short_circuit_operator.py
[2025-10-30T21:00:27.568-0700] {processor.py:830} INFO - Processing file /usr/local/lib/python3.10/dist-packages/airflow/example_dags/example_short_circuit_operator.py for tasks to queue
[2025-10-30T21:00:27.570-0700] {logging_mixin.py:188} INFO - [2025-10-30T21:00:27.570-0700] {dagbag.py:545} INFO - Filling up the DagBag from /usr/local/lib/python3.10/dist-packages/airflow/example_dags/example_short_circuit_operator.py
[2025-10-30T21:00:27.580-0700] {processor.py:840} INFO - DAG(s) 'example_short_circuit_operator' retrieved from /usr/local/lib/python3.10/dist-packages/airflow/example_dags/example_short_circuit_operator.py
[2025-10-30T21:00:27.631-0700] {logging_mixin.py:188} INFO - [2025-10-30T21:00:27.631-0700] {dag.py:3089} INFO - Sync 1 DAGs
[2025-10-30T21:00:27.663-0700] {logging_mixin.py:188} INFO - [2025-10-30T21:00:27.663-0700] {dag.py:3947} INFO - Setting next_dagrun for example_short_circuit_operator to 2025-10-30 00:00:00+00:00, run_after=2025-10-31 00:00:00+00:00
[2025-10-30T21:00:27.765-0700] {processor.py:183} INFO - Processing /usr/local/lib/python3.10/dist-packages/airflow/example_dags/example_short_circuit_operator.py took 0.207 seconds
[2025-10-30T21:01:38.137-0700] {processor.py:161} INFO - Started process (PID=752) to work on /usr/local/lib/python3.10/dist-packages/airflow/example_dags/example_short_circuit_operator.py
[2025-10-30T21:01:38.138-0700] {processor.py:830} INFO - Processing file /usr/local/lib/python3.10/dist-packages/airflow/example_dags/example_short_circuit_operator.py for tasks to queue
[2025-10-30T21:01:38.140-0700] {logging_mixin.py:188} INFO - [2025-10-30T21:01:38.139-0700] {dagbag.py:545} INFO - Filling up the DagBag from /usr/local/lib/python3.10/dist-packages/airflow/example_dags/example_short_circuit_operator.py
[2025-10-30T21:01:38.153-0700] {processor.py:840} INFO - DAG(s) 'example_short_circuit_operator' retrieved from /usr/local/lib/python3.10/dist-packages/airflow/example_dags/example_short_circuit_operator.py
[2025-10-30T21:01:38.193-0700] {logging_mixin.py:188} INFO - [2025-10-30T21:01:38.192-0700] {dag.py:3089} INFO - Sync 1 DAGs
[2025-10-30T21:01:38.225-0700] {logging_mixin.py:188} INFO - [2025-10-30T21:01:38.225-0700] {dag.py:3947} INFO - Setting next_dagrun for example_short_circuit_operator to 2025-10-30 00:00:00+00:00, run_after=2025-10-31 00:00:00+00:00
[2025-10-30T21:01:38.291-0700] {processor.py:183} INFO - Processing /usr/local/lib/python3.10/dist-packages/airflow/example_dags/example_short_circuit_operator.py took 0.166 seconds
[2025-10-30T21:02:46.543-0700] {processor.py:161} INFO - Started process (PID=823) to work on /usr/local/lib/python3.10/dist-packages/airflow/example_dags/example_short_circuit_operator.py
[2025-10-30T21:02:46.544-0700] {processor.py:830} INFO - Processing file /usr/local/lib/python3.10/dist-packages/airflow/example_dags/example_short_circuit_operator.py for tasks to queue
[2025-10-30T21:02:46.546-0700] {logging_mixin.py:188} INFO - [2025-10-30T21:02:46.545-0700] {dagbag.py:545} INFO - Filling up the DagBag from /usr/local/lib/python3.10/dist-packages/airflow/example_dags/example_short_circuit_operator.py
[2025-10-30T21:02:46.556-0700] {processor.py:840} INFO - DAG(s) 'example_short_circuit_operator' retrieved from /usr/local/lib/python3.10/dist-packages/airflow/example_dags/example_short_circuit_operator.py
[2025-10-30T21:02:46.595-0700] {logging_mixin.py:188} INFO - [2025-10-30T21:02:46.595-0700] {dag.py:3089} INFO - Sync 1 DAGs
[2025-10-30T21:02:46.628-0700] {logging_mixin.py:188} INFO - [2025-10-30T21:02:46.628-0700] {dag.py:3947} INFO - Setting next_dagrun for example_short_circuit_operator to 2025-10-30 00:00:00+00:00, run_after=2025-10-31 00:00:00+00:00
[2025-10-30T21:02:46.714-0700] {processor.py:183} INFO - Processing /usr/local/lib/python3.10/dist-packages/airflow/example_dags/example_short_circuit_operator.py took 0.179 seconds
[2025-10-30T21:03:56.639-0700] {processor.py:161} INFO - Started process (PID=896) to work on /usr/local/lib/python3.10/dist-packages/airflow/example_dags/example_short_circuit_operator.py
[2025-10-30T21:03:56.641-0700] {processor.py:830} INFO - Processing file /usr/local/lib/python3.10/dist-packages/airflow/example_dags/example_short_circuit_operator.py for tasks to queue
[2025-10-30T21:03:56.643-0700] {logging_mixin.py:188} INFO - [2025-10-30T21:03:56.642-0700] {dagbag.py:545} INFO - Filling up the DagBag from /usr/local/lib/python3.10/dist-packages/airflow/example_dags/example_short_circuit_operator.py
[2025-10-30T21:03:56.653-0700] {processor.py:840} INFO - DAG(s) 'example_short_circuit_operator' retrieved from /usr/local/lib/python3.10/dist-packages/airflow/example_dags/example_short_circuit_operator.py
[2025-10-30T21:03:56.694-0700] {logging_mixin.py:188} INFO - [2025-10-30T21:03:56.694-0700] {dag.py:3089} INFO - Sync 1 DAGs
[2025-10-30T21:03:56.733-0700] {logging_mixin.py:188} INFO - [2025-10-30T21:03:56.733-0700] {dag.py:3947} INFO - Setting next_dagrun for example_short_circuit_operator to 2025-10-30 00:00:00+00:00, run_after=2025-10-31 00:00:00+00:00
[2025-10-30T21:03:56.833-0700] {processor.py:183} INFO - Processing /usr/local/lib/python3.10/dist-packages/airflow/example_dags/example_short_circuit_operator.py took 0.202 seconds
[2025-10-30T21:05:07.727-0700] {processor.py:161} INFO - Started process (PID=968) to work on /usr/local/lib/python3.10/dist-packages/airflow/example_dags/example_short_circuit_operator.py
[2025-10-30T21:05:07.728-0700] {processor.py:830} INFO - Processing file /usr/local/lib/python3.10/dist-packages/airflow/example_dags/example_short_circuit_operator.py for tasks to queue
[2025-10-30T21:05:07.729-0700] {logging_mixin.py:188} INFO - [2025-10-30T21:05:07.729-0700] {dagbag.py:545} INFO - Filling up the DagBag from /usr/local/lib/python3.10/dist-packages/airflow/example_dags/example_short_circuit_operator.py
[2025-10-30T21:05:07.736-0700] {processor.py:840} INFO - DAG(s) 'example_short_circuit_operator' retrieved from /usr/local/lib/python3.10/dist-packages/airflow/example_dags/example_short_circuit_operator.py
[2025-10-30T21:05:07.772-0700] {logging_mixin.py:188} INFO - [2025-10-30T21:05:07.771-0700] {dag.py:3089} INFO - Sync 1 DAGs
[2025-10-30T21:05:07.801-0700] {logging_mixin.py:188} INFO - [2025-10-30T21:05:07.801-0700] {dag.py:3947} INFO - Setting next_dagrun for example_short_circuit_operator to 2025-10-30 00:00:00+00:00, run_after=2025-10-31 00:00:00+00:00
[2025-10-30T21:05:07.910-0700] {processor.py:183} INFO - Processing /usr/local/lib/python3.10/dist-packages/airflow/example_dags/example_short_circuit_operator.py took 0.189 seconds
[2025-10-30T21:06:16.879-0700] {processor.py:161} INFO - Started process (PID=1040) to work on /usr/local/lib/python3.10/dist-packages/airflow/example_dags/example_short_circuit_operator.py
[2025-10-30T21:06:16.881-0700] {processor.py:830} INFO - Processing file /usr/local/lib/python3.10/dist-packages/airflow/example_dags/example_short_circuit_operator.py for tasks to queue
[2025-10-30T21:06:16.882-0700] {logging_mixin.py:188} INFO - [2025-10-30T21:06:16.882-0700] {dagbag.py:545} INFO - Filling up the DagBag from /usr/local/lib/python3.10/dist-packages/airflow/example_dags/example_short_circuit_operator.py
[2025-10-30T21:06:16.892-0700] {processor.py:840} INFO - DAG(s) 'example_short_circuit_operator' retrieved from /usr/local/lib/python3.10/dist-packages/airflow/example_dags/example_short_circuit_operator.py
[2025-10-30T21:06:16.922-0700] {logging_mixin.py:188} INFO - [2025-10-30T21:06:16.922-0700] {dag.py:3089} INFO - Sync 1 DAGs
[2025-10-30T21:06:16.951-0700] {logging_mixin.py:188} INFO - [2025-10-30T21:06:16.951-0700] {dag.py:3947} INFO - Setting next_dagrun for example_short_circuit_operator to 2025-10-30 00:00:00+00:00, run_after=2025-10-31 00:00:00+00:00
[2025-10-30T21:06:17.013-0700] {processor.py:183} INFO - Processing /usr/local/lib/python3.10/dist-packages/airflow/example_dags/example_short_circuit_operator.py took 0.140 seconds
[2025-10-30T21:08:04.832-0700] {processor.py:161} INFO - Started process (PID=1087) to work on /usr/local/lib/python3.10/dist-packages/airflow/example_dags/example_short_circuit_operator.py
[2025-10-30T21:08:04.834-0700] {processor.py:830} INFO - Processing file /usr/local/lib/python3.10/dist-packages/airflow/example_dags/example_short_circuit_operator.py for tasks to queue
[2025-10-30T21:08:04.836-0700] {logging_mixin.py:188} INFO - [2025-10-30T21:08:04.835-0700] {dagbag.py:545} INFO - Filling up the DagBag from /usr/local/lib/python3.10/dist-packages/airflow/example_dags/example_short_circuit_operator.py
[2025-10-30T21:08:04.845-0700] {processor.py:840} INFO - DAG(s) 'example_short_circuit_operator' retrieved from /usr/local/lib/python3.10/dist-packages/airflow/example_dags/example_short_circuit_operator.py
[2025-10-30T21:08:04.885-0700] {logging_mixin.py:188} INFO - [2025-10-30T21:08:04.884-0700] {dag.py:3089} INFO - Sync 1 DAGs
[2025-10-30T21:08:04.920-0700] {logging_mixin.py:188} INFO - [2025-10-30T21:08:04.919-0700] {dag.py:3947} INFO - Setting next_dagrun for example_short_circuit_operator to 2025-10-30 00:00:00+00:00, run_after=2025-10-31 00:00:00+00:00
[2025-10-30T21:08:05.012-0700] {processor.py:183} INFO - Processing /usr/local/lib/python3.10/dist-packages/airflow/example_dags/example_short_circuit_operator.py took 0.186 seconds
[2025-10-30T21:09:06.935-0700] {processor.py:161} INFO - Started process (PID=1148) to work on /usr/local/lib/python3.10/dist-packages/airflow/example_dags/example_short_circuit_operator.py
[2025-10-30T21:09:06.936-0700] {processor.py:830} INFO - Processing file /usr/local/lib/python3.10/dist-packages/airflow/example_dags/example_short_circuit_operator.py for tasks to queue
[2025-10-30T21:09:06.938-0700] {logging_mixin.py:188} INFO - [2025-10-30T21:09:06.937-0700] {dagbag.py:545} INFO - Filling up the DagBag from /usr/local/lib/python3.10/dist-packages/airflow/example_dags/example_short_circuit_operator.py
[2025-10-30T21:09:06.943-0700] {processor.py:840} INFO - DAG(s) 'example_short_circuit_operator' retrieved from /usr/local/lib/python3.10/dist-packages/airflow/example_dags/example_short_circuit_operator.py
[2025-10-30T21:09:06.979-0700] {logging_mixin.py:188} INFO - [2025-10-30T21:09:06.979-0700] {dag.py:3089} INFO - Sync 1 DAGs
[2025-10-30T21:09:07.196-0700] {logging_mixin.py:188} INFO - [2025-10-30T21:09:07.195-0700] {dag.py:3947} INFO - Setting next_dagrun for example_short_circuit_operator to 2025-10-30 00:00:00+00:00, run_after=2025-10-31 00:00:00+00:00
[2025-10-30T21:09:07.262-0700] {processor.py:183} INFO - Processing /usr/local/lib/python3.10/dist-packages/airflow/example_dags/example_short_circuit_operator.py took 0.333 seconds
[2025-10-30T21:10:21.198-0700] {processor.py:161} INFO - Started process (PID=1219) to work on /usr/local/lib/python3.10/dist-packages/airflow/example_dags/example_short_circuit_operator.py
[2025-10-30T21:10:21.200-0700] {processor.py:830} INFO - Processing file /usr/local/lib/python3.10/dist-packages/airflow/example_dags/example_short_circuit_operator.py for tasks to queue
[2025-10-30T21:10:21.203-0700] {logging_mixin.py:188} INFO - [2025-10-30T21:10:21.203-0700] {dagbag.py:545} INFO - Filling up the DagBag from /usr/local/lib/python3.10/dist-packages/airflow/example_dags/example_short_circuit_operator.py
[2025-10-30T21:10:21.214-0700] {processor.py:840} INFO - DAG(s) 'example_short_circuit_operator' retrieved from /usr/local/lib/python3.10/dist-packages/airflow/example_dags/example_short_circuit_operator.py
[2025-10-30T21:10:21.260-0700] {logging_mixin.py:188} INFO - [2025-10-30T21:10:21.260-0700] {dag.py:3089} INFO - Sync 1 DAGs
[2025-10-30T21:10:21.298-0700] {logging_mixin.py:188} INFO - [2025-10-30T21:10:21.298-0700] {dag.py:3947} INFO - Setting next_dagrun for example_short_circuit_operator to 2025-10-30 00:00:00+00:00, run_after=2025-10-31 00:00:00+00:00
[2025-10-30T21:10:21.422-0700] {processor.py:183} INFO - Processing /usr/local/lib/python3.10/dist-packages/airflow/example_dags/example_short_circuit_operator.py took 0.235 seconds
[2025-10-30T21:11:41.771-0700] {processor.py:161} INFO - Started process (PID=1294) to work on /usr/local/lib/python3.10/dist-packages/airflow/example_dags/example_short_circuit_operator.py
[2025-10-30T21:11:41.773-0700] {processor.py:830} INFO - Processing file /usr/local/lib/python3.10/dist-packages/airflow/example_dags/example_short_circuit_operator.py for tasks to queue
[2025-10-30T21:11:41.775-0700] {logging_mixin.py:188} INFO - [2025-10-30T21:11:41.775-0700] {dagbag.py:545} INFO - Filling up the DagBag from /usr/local/lib/python3.10/dist-packages/airflow/example_dags/example_short_circuit_operator.py
[2025-10-30T21:11:41.785-0700] {processor.py:840} INFO - DAG(s) 'example_short_circuit_operator' retrieved from /usr/local/lib/python3.10/dist-packages/airflow/example_dags/example_short_circuit_operator.py
[2025-10-30T21:11:41.831-0700] {logging_mixin.py:188} INFO - [2025-10-30T21:11:41.831-0700] {dag.py:3089} INFO - Sync 1 DAGs
[2025-10-30T21:11:41.866-0700] {logging_mixin.py:188} INFO - [2025-10-30T21:11:41.866-0700] {dag.py:3947} INFO - Setting next_dagrun for example_short_circuit_operator to 2025-10-30 00:00:00+00:00, run_after=2025-10-31 00:00:00+00:00
[2025-10-30T21:11:41.975-0700] {processor.py:183} INFO - Processing /usr/local/lib/python3.10/dist-packages/airflow/example_dags/example_short_circuit_operator.py took 0.210 seconds
[2025-10-30T21:13:03.991-0700] {processor.py:161} INFO - Started process (PID=1378) to work on /usr/local/lib/python3.10/dist-packages/airflow/example_dags/example_short_circuit_operator.py
[2025-10-30T21:13:03.993-0700] {processor.py:830} INFO - Processing file /usr/local/lib/python3.10/dist-packages/airflow/example_dags/example_short_circuit_operator.py for tasks to queue
[2025-10-30T21:13:03.996-0700] {logging_mixin.py:188} INFO - [2025-10-30T21:13:03.995-0700] {dagbag.py:545} INFO - Filling up the DagBag from /usr/local/lib/python3.10/dist-packages/airflow/example_dags/example_short_circuit_operator.py
[2025-10-30T21:13:04.008-0700] {processor.py:840} INFO - DAG(s) 'example_short_circuit_operator' retrieved from /usr/local/lib/python3.10/dist-packages/airflow/example_dags/example_short_circuit_operator.py
[2025-10-30T21:13:04.046-0700] {logging_mixin.py:188} INFO - [2025-10-30T21:13:04.045-0700] {dag.py:3089} INFO - Sync 1 DAGs
[2025-10-30T21:13:04.081-0700] {logging_mixin.py:188} INFO - [2025-10-30T21:13:04.080-0700] {dag.py:3947} INFO - Setting next_dagrun for example_short_circuit_operator to 2025-10-30 00:00:00+00:00, run_after=2025-10-31 00:00:00+00:00
[2025-10-30T21:13:04.426-0700] {processor.py:183} INFO - Processing /usr/local/lib/python3.10/dist-packages/airflow/example_dags/example_short_circuit_operator.py took 0.442 seconds
[2025-10-30T21:15:21.076-0700] {processor.py:161} INFO - Started process (PID=1486) to work on /usr/local/lib/python3.10/dist-packages/airflow/example_dags/example_short_circuit_operator.py
[2025-10-30T21:15:21.078-0700] {processor.py:830} INFO - Processing file /usr/local/lib/python3.10/dist-packages/airflow/example_dags/example_short_circuit_operator.py for tasks to queue
[2025-10-30T21:15:21.085-0700] {logging_mixin.py:188} INFO - [2025-10-30T21:15:21.084-0700] {dagbag.py:545} INFO - Filling up the DagBag from /usr/local/lib/python3.10/dist-packages/airflow/example_dags/example_short_circuit_operator.py
[2025-10-30T21:15:21.095-0700] {processor.py:840} INFO - DAG(s) 'example_short_circuit_operator' retrieved from /usr/local/lib/python3.10/dist-packages/airflow/example_dags/example_short_circuit_operator.py
[2025-10-30T21:15:21.138-0700] {logging_mixin.py:188} INFO - [2025-10-30T21:15:21.138-0700] {dag.py:3089} INFO - Sync 1 DAGs
[2025-10-30T21:15:21.174-0700] {logging_mixin.py:188} INFO - [2025-10-30T21:15:21.173-0700] {dag.py:3947} INFO - Setting next_dagrun for example_short_circuit_operator to 2025-10-30 00:00:00+00:00, run_after=2025-10-31 00:00:00+00:00
[2025-10-30T21:15:21.283-0700] {processor.py:183} INFO - Processing /usr/local/lib/python3.10/dist-packages/airflow/example_dags/example_short_circuit_operator.py took 0.215 seconds
[2025-10-30T21:16:33.896-0700] {processor.py:161} INFO - Started process (PID=1545) to work on /usr/local/lib/python3.10/dist-packages/airflow/example_dags/example_short_circuit_operator.py
[2025-10-30T21:16:33.899-0700] {processor.py:830} INFO - Processing file /usr/local/lib/python3.10/dist-packages/airflow/example_dags/example_short_circuit_operator.py for tasks to queue
[2025-10-30T21:16:33.902-0700] {logging_mixin.py:188} INFO - [2025-10-30T21:16:33.901-0700] {dagbag.py:545} INFO - Filling up the DagBag from /usr/local/lib/python3.10/dist-packages/airflow/example_dags/example_short_circuit_operator.py
[2025-10-30T21:16:33.918-0700] {processor.py:840} INFO - DAG(s) 'example_short_circuit_operator' retrieved from /usr/local/lib/python3.10/dist-packages/airflow/example_dags/example_short_circuit_operator.py
[2025-10-30T21:16:33.990-0700] {logging_mixin.py:188} INFO - [2025-10-30T21:16:33.989-0700] {dag.py:3089} INFO - Sync 1 DAGs
[2025-10-30T21:16:34.028-0700] {logging_mixin.py:188} INFO - [2025-10-30T21:16:34.027-0700] {dag.py:3947} INFO - Setting next_dagrun for example_short_circuit_operator to 2025-10-30 00:00:00+00:00, run_after=2025-10-31 00:00:00+00:00
[2025-10-30T21:16:34.170-0700] {processor.py:183} INFO - Processing /usr/local/lib/python3.10/dist-packages/airflow/example_dags/example_short_circuit_operator.py took 0.286 seconds
[2025-10-30T21:17:56.186-0700] {processor.py:161} INFO - Started process (PID=1622) to work on /usr/local/lib/python3.10/dist-packages/airflow/example_dags/example_short_circuit_operator.py
[2025-10-30T21:17:56.189-0700] {processor.py:830} INFO - Processing file /usr/local/lib/python3.10/dist-packages/airflow/example_dags/example_short_circuit_operator.py for tasks to queue
[2025-10-30T21:17:56.193-0700] {logging_mixin.py:188} INFO - [2025-10-30T21:17:56.193-0700] {dagbag.py:545} INFO - Filling up the DagBag from /usr/local/lib/python3.10/dist-packages/airflow/example_dags/example_short_circuit_operator.py
[2025-10-30T21:17:56.205-0700] {processor.py:840} INFO - DAG(s) 'example_short_circuit_operator' retrieved from /usr/local/lib/python3.10/dist-packages/airflow/example_dags/example_short_circuit_operator.py
[2025-10-30T21:17:56.265-0700] {logging_mixin.py:188} INFO - [2025-10-30T21:17:56.265-0700] {dag.py:3089} INFO - Sync 1 DAGs
[2025-10-30T21:17:56.329-0700] {logging_mixin.py:188} INFO - [2025-10-30T21:17:56.328-0700] {dag.py:3947} INFO - Setting next_dagrun for example_short_circuit_operator to 2025-10-30 00:00:00+00:00, run_after=2025-10-31 00:00:00+00:00
[2025-10-30T21:17:56.437-0700] {processor.py:183} INFO - Processing /usr/local/lib/python3.10/dist-packages/airflow/example_dags/example_short_circuit_operator.py took 0.257 seconds
[2025-10-30T21:19:19.160-0700] {processor.py:161} INFO - Started process (PID=1697) to work on /usr/local/lib/python3.10/dist-packages/airflow/example_dags/example_short_circuit_operator.py
[2025-10-30T21:19:19.162-0700] {processor.py:830} INFO - Processing file /usr/local/lib/python3.10/dist-packages/airflow/example_dags/example_short_circuit_operator.py for tasks to queue
[2025-10-30T21:19:19.164-0700] {logging_mixin.py:188} INFO - [2025-10-30T21:19:19.164-0700] {dagbag.py:545} INFO - Filling up the DagBag from /usr/local/lib/python3.10/dist-packages/airflow/example_dags/example_short_circuit_operator.py
[2025-10-30T21:19:19.172-0700] {processor.py:840} INFO - DAG(s) 'example_short_circuit_operator' retrieved from /usr/local/lib/python3.10/dist-packages/airflow/example_dags/example_short_circuit_operator.py
[2025-10-30T21:19:19.218-0700] {logging_mixin.py:188} INFO - [2025-10-30T21:19:19.217-0700] {dag.py:3089} INFO - Sync 1 DAGs
[2025-10-30T21:19:19.262-0700] {logging_mixin.py:188} INFO - [2025-10-30T21:19:19.261-0700] {dag.py:3947} INFO - Setting next_dagrun for example_short_circuit_operator to 2025-10-30 00:00:00+00:00, run_after=2025-10-31 00:00:00+00:00
[2025-10-30T21:19:19.384-0700] {processor.py:183} INFO - Processing /usr/local/lib/python3.10/dist-packages/airflow/example_dags/example_short_circuit_operator.py took 0.231 seconds
[2025-10-30T21:20:42.743-0700] {processor.py:161} INFO - Started process (PID=1774) to work on /usr/local/lib/python3.10/dist-packages/airflow/example_dags/example_short_circuit_operator.py
[2025-10-30T21:20:42.745-0700] {processor.py:830} INFO - Processing file /usr/local/lib/python3.10/dist-packages/airflow/example_dags/example_short_circuit_operator.py for tasks to queue
[2025-10-30T21:20:42.748-0700] {logging_mixin.py:188} INFO - [2025-10-30T21:20:42.747-0700] {dagbag.py:545} INFO - Filling up the DagBag from /usr/local/lib/python3.10/dist-packages/airflow/example_dags/example_short_circuit_operator.py
[2025-10-30T21:20:42.756-0700] {processor.py:840} INFO - DAG(s) 'example_short_circuit_operator' retrieved from /usr/local/lib/python3.10/dist-packages/airflow/example_dags/example_short_circuit_operator.py
[2025-10-30T21:20:42.804-0700] {logging_mixin.py:188} INFO - [2025-10-30T21:20:42.804-0700] {dag.py:3089} INFO - Sync 1 DAGs
[2025-10-30T21:20:42.844-0700] {logging_mixin.py:188} INFO - [2025-10-30T21:20:42.844-0700] {dag.py:3947} INFO - Setting next_dagrun for example_short_circuit_operator to 2025-10-30 00:00:00+00:00, run_after=2025-10-31 00:00:00+00:00
[2025-10-30T21:20:42.954-0700] {processor.py:183} INFO - Processing /usr/local/lib/python3.10/dist-packages/airflow/example_dags/example_short_circuit_operator.py took 0.217 seconds
[2025-10-30T21:22:02.613-0700] {processor.py:161} INFO - Started process (PID=1857) to work on /usr/local/lib/python3.10/dist-packages/airflow/example_dags/example_short_circuit_operator.py
[2025-10-30T21:22:02.615-0700] {processor.py:830} INFO - Processing file /usr/local/lib/python3.10/dist-packages/airflow/example_dags/example_short_circuit_operator.py for tasks to queue
[2025-10-30T21:22:02.617-0700] {logging_mixin.py:188} INFO - [2025-10-30T21:22:02.617-0700] {dagbag.py:545} INFO - Filling up the DagBag from /usr/local/lib/python3.10/dist-packages/airflow/example_dags/example_short_circuit_operator.py
[2025-10-30T21:22:02.626-0700] {processor.py:840} INFO - DAG(s) 'example_short_circuit_operator' retrieved from /usr/local/lib/python3.10/dist-packages/airflow/example_dags/example_short_circuit_operator.py
[2025-10-30T21:22:02.672-0700] {logging_mixin.py:188} INFO - [2025-10-30T21:22:02.672-0700] {dag.py:3089} INFO - Sync 1 DAGs
[2025-10-30T21:22:02.715-0700] {logging_mixin.py:188} INFO - [2025-10-30T21:22:02.714-0700] {dag.py:3947} INFO - Setting next_dagrun for example_short_circuit_operator to 2025-10-30 00:00:00+00:00, run_after=2025-10-31 00:00:00+00:00
[2025-10-30T21:22:02.856-0700] {processor.py:183} INFO - Processing /usr/local/lib/python3.10/dist-packages/airflow/example_dags/example_short_circuit_operator.py took 0.250 seconds
[2025-10-30T21:23:23.835-0700] {processor.py:161} INFO - Started process (PID=1941) to work on /usr/local/lib/python3.10/dist-packages/airflow/example_dags/example_short_circuit_operator.py
[2025-10-30T21:23:23.837-0700] {processor.py:830} INFO - Processing file /usr/local/lib/python3.10/dist-packages/airflow/example_dags/example_short_circuit_operator.py for tasks to queue
[2025-10-30T21:23:23.840-0700] {logging_mixin.py:188} INFO - [2025-10-30T21:23:23.839-0700] {dagbag.py:545} INFO - Filling up the DagBag from /usr/local/lib/python3.10/dist-packages/airflow/example_dags/example_short_circuit_operator.py
[2025-10-30T21:23:23.849-0700] {processor.py:840} INFO - DAG(s) 'example_short_circuit_operator' retrieved from /usr/local/lib/python3.10/dist-packages/airflow/example_dags/example_short_circuit_operator.py
[2025-10-30T21:23:23.903-0700] {logging_mixin.py:188} INFO - [2025-10-30T21:23:23.903-0700] {dag.py:3089} INFO - Sync 1 DAGs
[2025-10-30T21:23:23.958-0700] {logging_mixin.py:188} INFO - [2025-10-30T21:23:23.958-0700] {dag.py:3947} INFO - Setting next_dagrun for example_short_circuit_operator to 2025-10-30 00:00:00+00:00, run_after=2025-10-31 00:00:00+00:00
[2025-10-30T21:23:24.129-0700] {processor.py:183} INFO - Processing /usr/local/lib/python3.10/dist-packages/airflow/example_dags/example_short_circuit_operator.py took 0.305 seconds
[2025-10-30T21:24:43.698-0700] {processor.py:161} INFO - Started process (PID=2015) to work on /usr/local/lib/python3.10/dist-packages/airflow/example_dags/example_short_circuit_operator.py
[2025-10-30T21:24:43.700-0700] {processor.py:830} INFO - Processing file /usr/local/lib/python3.10/dist-packages/airflow/example_dags/example_short_circuit_operator.py for tasks to queue
[2025-10-30T21:24:43.703-0700] {logging_mixin.py:188} INFO - [2025-10-30T21:24:43.703-0700] {dagbag.py:545} INFO - Filling up the DagBag from /usr/local/lib/python3.10/dist-packages/airflow/example_dags/example_short_circuit_operator.py
[2025-10-30T21:24:43.718-0700] {processor.py:840} INFO - DAG(s) 'example_short_circuit_operator' retrieved from /usr/local/lib/python3.10/dist-packages/airflow/example_dags/example_short_circuit_operator.py
[2025-10-30T21:24:43.769-0700] {logging_mixin.py:188} INFO - [2025-10-30T21:24:43.769-0700] {dag.py:3089} INFO - Sync 1 DAGs
[2025-10-30T21:24:43.824-0700] {logging_mixin.py:188} INFO - [2025-10-30T21:24:43.823-0700] {dag.py:3947} INFO - Setting next_dagrun for example_short_circuit_operator to 2025-10-30 00:00:00+00:00, run_after=2025-10-31 00:00:00+00:00
[2025-10-30T21:24:43.942-0700] {processor.py:183} INFO - Processing /usr/local/lib/python3.10/dist-packages/airflow/example_dags/example_short_circuit_operator.py took 0.253 seconds
[2025-10-30T21:26:08.750-0700] {processor.py:161} INFO - Started process (PID=2091) to work on /usr/local/lib/python3.10/dist-packages/airflow/example_dags/example_short_circuit_operator.py
[2025-10-30T21:26:08.752-0700] {processor.py:830} INFO - Processing file /usr/local/lib/python3.10/dist-packages/airflow/example_dags/example_short_circuit_operator.py for tasks to queue
[2025-10-30T21:26:08.755-0700] {logging_mixin.py:188} INFO - [2025-10-30T21:26:08.754-0700] {dagbag.py:545} INFO - Filling up the DagBag from /usr/local/lib/python3.10/dist-packages/airflow/example_dags/example_short_circuit_operator.py
[2025-10-30T21:26:08.767-0700] {processor.py:840} INFO - DAG(s) 'example_short_circuit_operator' retrieved from /usr/local/lib/python3.10/dist-packages/airflow/example_dags/example_short_circuit_operator.py
[2025-10-30T21:26:08.805-0700] {logging_mixin.py:188} INFO - [2025-10-30T21:26:08.805-0700] {dag.py:3089} INFO - Sync 1 DAGs
[2025-10-30T21:26:08.843-0700] {logging_mixin.py:188} INFO - [2025-10-30T21:26:08.843-0700] {dag.py:3947} INFO - Setting next_dagrun for example_short_circuit_operator to 2025-10-30 00:00:00+00:00, run_after=2025-10-31 00:00:00+00:00
[2025-10-30T21:26:08.951-0700] {processor.py:183} INFO - Processing /usr/local/lib/python3.10/dist-packages/airflow/example_dags/example_short_circuit_operator.py took 0.207 seconds
[2025-10-30T21:27:30.878-0700] {processor.py:161} INFO - Started process (PID=2167) to work on /usr/local/lib/python3.10/dist-packages/airflow/example_dags/example_short_circuit_operator.py
[2025-10-30T21:27:30.880-0700] {processor.py:830} INFO - Processing file /usr/local/lib/python3.10/dist-packages/airflow/example_dags/example_short_circuit_operator.py for tasks to queue
[2025-10-30T21:27:30.883-0700] {logging_mixin.py:188} INFO - [2025-10-30T21:27:30.883-0700] {dagbag.py:545} INFO - Filling up the DagBag from /usr/local/lib/python3.10/dist-packages/airflow/example_dags/example_short_circuit_operator.py
[2025-10-30T21:27:30.896-0700] {processor.py:840} INFO - DAG(s) 'example_short_circuit_operator' retrieved from /usr/local/lib/python3.10/dist-packages/airflow/example_dags/example_short_circuit_operator.py
[2025-10-30T21:27:30.949-0700] {logging_mixin.py:188} INFO - [2025-10-30T21:27:30.949-0700] {dag.py:3089} INFO - Sync 1 DAGs
[2025-10-30T21:27:31.071-0700] {logging_mixin.py:188} INFO - [2025-10-30T21:27:31.071-0700] {dag.py:3947} INFO - Setting next_dagrun for example_short_circuit_operator to 2025-10-30 00:00:00+00:00, run_after=2025-10-31 00:00:00+00:00
[2025-10-30T21:27:31.184-0700] {processor.py:183} INFO - Processing /usr/local/lib/python3.10/dist-packages/airflow/example_dags/example_short_circuit_operator.py took 0.318 seconds
[2025-10-30T21:28:52.609-0700] {processor.py:161} INFO - Started process (PID=2242) to work on /usr/local/lib/python3.10/dist-packages/airflow/example_dags/example_short_circuit_operator.py
[2025-10-30T21:28:52.612-0700] {processor.py:830} INFO - Processing file /usr/local/lib/python3.10/dist-packages/airflow/example_dags/example_short_circuit_operator.py for tasks to queue
[2025-10-30T21:28:52.617-0700] {logging_mixin.py:188} INFO - [2025-10-30T21:28:52.616-0700] {dagbag.py:545} INFO - Filling up the DagBag from /usr/local/lib/python3.10/dist-packages/airflow/example_dags/example_short_circuit_operator.py
[2025-10-30T21:28:52.629-0700] {processor.py:840} INFO - DAG(s) 'example_short_circuit_operator' retrieved from /usr/local/lib/python3.10/dist-packages/airflow/example_dags/example_short_circuit_operator.py
[2025-10-30T21:28:52.704-0700] {logging_mixin.py:188} INFO - [2025-10-30T21:28:52.704-0700] {dag.py:3089} INFO - Sync 1 DAGs
[2025-10-30T21:28:52.746-0700] {logging_mixin.py:188} INFO - [2025-10-30T21:28:52.746-0700] {dag.py:3947} INFO - Setting next_dagrun for example_short_circuit_operator to 2025-10-30 00:00:00+00:00, run_after=2025-10-31 00:00:00+00:00
[2025-10-30T21:28:52.864-0700] {processor.py:183} INFO - Processing /usr/local/lib/python3.10/dist-packages/airflow/example_dags/example_short_circuit_operator.py took 0.269 seconds
[2025-10-30T21:30:17.117-0700] {processor.py:161} INFO - Started process (PID=2317) to work on /usr/local/lib/python3.10/dist-packages/airflow/example_dags/example_short_circuit_operator.py
[2025-10-30T21:30:17.121-0700] {processor.py:830} INFO - Processing file /usr/local/lib/python3.10/dist-packages/airflow/example_dags/example_short_circuit_operator.py for tasks to queue
[2025-10-30T21:30:17.125-0700] {logging_mixin.py:188} INFO - [2025-10-30T21:30:17.124-0700] {dagbag.py:545} INFO - Filling up the DagBag from /usr/local/lib/python3.10/dist-packages/airflow/example_dags/example_short_circuit_operator.py
[2025-10-30T21:30:17.140-0700] {processor.py:840} INFO - DAG(s) 'example_short_circuit_operator' retrieved from /usr/local/lib/python3.10/dist-packages/airflow/example_dags/example_short_circuit_operator.py
[2025-10-30T21:30:17.192-0700] {logging_mixin.py:188} INFO - [2025-10-30T21:30:17.191-0700] {dag.py:3089} INFO - Sync 1 DAGs
[2025-10-30T21:30:17.241-0700] {logging_mixin.py:188} INFO - [2025-10-30T21:30:17.241-0700] {dag.py:3947} INFO - Setting next_dagrun for example_short_circuit_operator to 2025-10-30 00:00:00+00:00, run_after=2025-10-31 00:00:00+00:00
[2025-10-30T21:30:17.355-0700] {processor.py:183} INFO - Processing /usr/local/lib/python3.10/dist-packages/airflow/example_dags/example_short_circuit_operator.py took 0.252 seconds
[2025-10-30T21:31:38.187-0700] {processor.py:161} INFO - Started process (PID=2391) to work on /usr/local/lib/python3.10/dist-packages/airflow/example_dags/example_short_circuit_operator.py
[2025-10-30T21:31:38.190-0700] {processor.py:830} INFO - Processing file /usr/local/lib/python3.10/dist-packages/airflow/example_dags/example_short_circuit_operator.py for tasks to queue
[2025-10-30T21:31:38.194-0700] {logging_mixin.py:188} INFO - [2025-10-30T21:31:38.193-0700] {dagbag.py:545} INFO - Filling up the DagBag from /usr/local/lib/python3.10/dist-packages/airflow/example_dags/example_short_circuit_operator.py
[2025-10-30T21:31:38.206-0700] {processor.py:840} INFO - DAG(s) 'example_short_circuit_operator' retrieved from /usr/local/lib/python3.10/dist-packages/airflow/example_dags/example_short_circuit_operator.py
[2025-10-30T21:31:38.260-0700] {logging_mixin.py:188} INFO - [2025-10-30T21:31:38.260-0700] {dag.py:3089} INFO - Sync 1 DAGs
[2025-10-30T21:31:38.306-0700] {logging_mixin.py:188} INFO - [2025-10-30T21:31:38.306-0700] {dag.py:3947} INFO - Setting next_dagrun for example_short_circuit_operator to 2025-10-30 00:00:00+00:00, run_after=2025-10-31 00:00:00+00:00
[2025-10-30T21:31:38.441-0700] {processor.py:183} INFO - Processing /usr/local/lib/python3.10/dist-packages/airflow/example_dags/example_short_circuit_operator.py took 0.263 seconds
[2025-10-30T21:32:58.299-0700] {processor.py:161} INFO - Started process (PID=2470) to work on /usr/local/lib/python3.10/dist-packages/airflow/example_dags/example_short_circuit_operator.py
[2025-10-30T21:32:58.303-0700] {processor.py:830} INFO - Processing file /usr/local/lib/python3.10/dist-packages/airflow/example_dags/example_short_circuit_operator.py for tasks to queue
[2025-10-30T21:32:58.306-0700] {logging_mixin.py:188} INFO - [2025-10-30T21:32:58.305-0700] {dagbag.py:545} INFO - Filling up the DagBag from /usr/local/lib/python3.10/dist-packages/airflow/example_dags/example_short_circuit_operator.py
[2025-10-30T21:32:58.324-0700] {processor.py:840} INFO - DAG(s) 'example_short_circuit_operator' retrieved from /usr/local/lib/python3.10/dist-packages/airflow/example_dags/example_short_circuit_operator.py
[2025-10-30T21:32:58.386-0700] {logging_mixin.py:188} INFO - [2025-10-30T21:32:58.386-0700] {dag.py:3089} INFO - Sync 1 DAGs
[2025-10-30T21:32:58.433-0700] {logging_mixin.py:188} INFO - [2025-10-30T21:32:58.432-0700] {dag.py:3947} INFO - Setting next_dagrun for example_short_circuit_operator to 2025-10-30 00:00:00+00:00, run_after=2025-10-31 00:00:00+00:00
[2025-10-30T21:32:58.603-0700] {processor.py:183} INFO - Processing /usr/local/lib/python3.10/dist-packages/airflow/example_dags/example_short_circuit_operator.py took 0.318 seconds
[2025-10-30T21:34:52.100-0700] {processor.py:161} INFO - Started process (PID=2547) to work on /usr/local/lib/python3.10/dist-packages/airflow/example_dags/example_short_circuit_operator.py
[2025-10-30T21:34:52.103-0700] {processor.py:830} INFO - Processing file /usr/local/lib/python3.10/dist-packages/airflow/example_dags/example_short_circuit_operator.py for tasks to queue
[2025-10-30T21:34:52.107-0700] {logging_mixin.py:188} INFO - [2025-10-30T21:34:52.107-0700] {dagbag.py:545} INFO - Filling up the DagBag from /usr/local/lib/python3.10/dist-packages/airflow/example_dags/example_short_circuit_operator.py
[2025-10-30T21:34:52.127-0700] {processor.py:840} INFO - DAG(s) 'example_short_circuit_operator' retrieved from /usr/local/lib/python3.10/dist-packages/airflow/example_dags/example_short_circuit_operator.py
[2025-10-30T21:34:52.191-0700] {logging_mixin.py:188} INFO - [2025-10-30T21:34:52.191-0700] {dag.py:3089} INFO - Sync 1 DAGs
[2025-10-30T21:34:52.249-0700] {logging_mixin.py:188} INFO - [2025-10-30T21:34:52.248-0700] {dag.py:3947} INFO - Setting next_dagrun for example_short_circuit_operator to 2025-10-30 00:00:00+00:00, run_after=2025-10-31 00:00:00+00:00
[2025-10-30T21:34:52.372-0700] {processor.py:183} INFO - Processing /usr/local/lib/python3.10/dist-packages/airflow/example_dags/example_short_circuit_operator.py took 0.287 seconds
[2025-10-30T21:36:17.059-0700] {processor.py:161} INFO - Started process (PID=2633) to work on /usr/local/lib/python3.10/dist-packages/airflow/example_dags/example_short_circuit_operator.py
[2025-10-30T21:36:17.061-0700] {processor.py:830} INFO - Processing file /usr/local/lib/python3.10/dist-packages/airflow/example_dags/example_short_circuit_operator.py for tasks to queue
[2025-10-30T21:36:17.063-0700] {logging_mixin.py:188} INFO - [2025-10-30T21:36:17.063-0700] {dagbag.py:545} INFO - Filling up the DagBag from /usr/local/lib/python3.10/dist-packages/airflow/example_dags/example_short_circuit_operator.py
[2025-10-30T21:36:17.072-0700] {processor.py:840} INFO - DAG(s) 'example_short_circuit_operator' retrieved from /usr/local/lib/python3.10/dist-packages/airflow/example_dags/example_short_circuit_operator.py
[2025-10-30T21:36:17.124-0700] {logging_mixin.py:188} INFO - [2025-10-30T21:36:17.124-0700] {dag.py:3089} INFO - Sync 1 DAGs
[2025-10-30T21:36:17.170-0700] {logging_mixin.py:188} INFO - [2025-10-30T21:36:17.169-0700] {dag.py:3947} INFO - Setting next_dagrun for example_short_circuit_operator to 2025-10-30 00:00:00+00:00, run_after=2025-10-31 00:00:00+00:00
[2025-10-30T21:36:17.314-0700] {processor.py:183} INFO - Processing /usr/local/lib/python3.10/dist-packages/airflow/example_dags/example_short_circuit_operator.py took 0.265 seconds
[2025-10-30T21:37:14.657-0700] {processor.py:161} INFO - Started process (PID=2678) to work on /usr/local/lib/python3.10/dist-packages/airflow/example_dags/example_short_circuit_operator.py
[2025-10-30T21:37:14.660-0700] {processor.py:830} INFO - Processing file /usr/local/lib/python3.10/dist-packages/airflow/example_dags/example_short_circuit_operator.py for tasks to queue
[2025-10-30T21:37:14.663-0700] {logging_mixin.py:188} INFO - [2025-10-30T21:37:14.662-0700] {dagbag.py:545} INFO - Filling up the DagBag from /usr/local/lib/python3.10/dist-packages/airflow/example_dags/example_short_circuit_operator.py
[2025-10-30T21:37:14.673-0700] {processor.py:840} INFO - DAG(s) 'example_short_circuit_operator' retrieved from /usr/local/lib/python3.10/dist-packages/airflow/example_dags/example_short_circuit_operator.py
[2025-10-30T21:37:14.713-0700] {logging_mixin.py:188} INFO - [2025-10-30T21:37:14.713-0700] {dag.py:3089} INFO - Sync 1 DAGs
[2025-10-30T21:37:14.749-0700] {logging_mixin.py:188} INFO - [2025-10-30T21:37:14.749-0700] {dag.py:3947} INFO - Setting next_dagrun for example_short_circuit_operator to 2025-10-30 00:00:00+00:00, run_after=2025-10-31 00:00:00+00:00
[2025-10-30T21:37:14.873-0700] {processor.py:183} INFO - Processing /usr/local/lib/python3.10/dist-packages/airflow/example_dags/example_short_circuit_operator.py took 0.225 seconds
[2025-10-30T21:38:51.654-0700] {processor.py:161} INFO - Started process (PID=2782) to work on /usr/local/lib/python3.10/dist-packages/airflow/example_dags/example_short_circuit_operator.py
[2025-10-30T21:38:51.656-0700] {processor.py:830} INFO - Processing file /usr/local/lib/python3.10/dist-packages/airflow/example_dags/example_short_circuit_operator.py for tasks to queue
[2025-10-30T21:38:51.659-0700] {logging_mixin.py:188} INFO - [2025-10-30T21:38:51.659-0700] {dagbag.py:545} INFO - Filling up the DagBag from /usr/local/lib/python3.10/dist-packages/airflow/example_dags/example_short_circuit_operator.py
[2025-10-30T21:38:51.669-0700] {processor.py:840} INFO - DAG(s) 'example_short_circuit_operator' retrieved from /usr/local/lib/python3.10/dist-packages/airflow/example_dags/example_short_circuit_operator.py
[2025-10-30T21:38:51.716-0700] {logging_mixin.py:188} INFO - [2025-10-30T21:38:51.716-0700] {dag.py:3089} INFO - Sync 1 DAGs
[2025-10-30T21:38:51.752-0700] {logging_mixin.py:188} INFO - [2025-10-30T21:38:51.752-0700] {dag.py:3947} INFO - Setting next_dagrun for example_short_circuit_operator to 2025-10-30 00:00:00+00:00, run_after=2025-10-31 00:00:00+00:00
[2025-10-30T21:38:51.864-0700] {processor.py:183} INFO - Processing /usr/local/lib/python3.10/dist-packages/airflow/example_dags/example_short_circuit_operator.py took 0.221 seconds
[2025-10-30T21:40:20.196-0700] {processor.py:161} INFO - Started process (PID=2860) to work on /usr/local/lib/python3.10/dist-packages/airflow/example_dags/example_short_circuit_operator.py
[2025-10-30T21:40:20.199-0700] {processor.py:830} INFO - Processing file /usr/local/lib/python3.10/dist-packages/airflow/example_dags/example_short_circuit_operator.py for tasks to queue
[2025-10-30T21:40:20.202-0700] {logging_mixin.py:188} INFO - [2025-10-30T21:40:20.202-0700] {dagbag.py:545} INFO - Filling up the DagBag from /usr/local/lib/python3.10/dist-packages/airflow/example_dags/example_short_circuit_operator.py
[2025-10-30T21:40:20.215-0700] {processor.py:840} INFO - DAG(s) 'example_short_circuit_operator' retrieved from /usr/local/lib/python3.10/dist-packages/airflow/example_dags/example_short_circuit_operator.py
[2025-10-30T21:40:20.275-0700] {logging_mixin.py:188} INFO - [2025-10-30T21:40:20.275-0700] {dag.py:3089} INFO - Sync 1 DAGs
[2025-10-30T21:40:20.319-0700] {logging_mixin.py:188} INFO - [2025-10-30T21:40:20.319-0700] {dag.py:3947} INFO - Setting next_dagrun for example_short_circuit_operator to 2025-10-30 00:00:00+00:00, run_after=2025-10-31 00:00:00+00:00
[2025-10-30T21:40:20.445-0700] {processor.py:183} INFO - Processing /usr/local/lib/python3.10/dist-packages/airflow/example_dags/example_short_circuit_operator.py took 0.255 seconds
[2025-10-30T21:41:48.827-0700] {processor.py:161} INFO - Started process (PID=2938) to work on /usr/local/lib/python3.10/dist-packages/airflow/example_dags/example_short_circuit_operator.py
[2025-10-30T21:41:48.829-0700] {processor.py:830} INFO - Processing file /usr/local/lib/python3.10/dist-packages/airflow/example_dags/example_short_circuit_operator.py for tasks to queue
[2025-10-30T21:41:48.833-0700] {logging_mixin.py:188} INFO - [2025-10-30T21:41:48.832-0700] {dagbag.py:545} INFO - Filling up the DagBag from /usr/local/lib/python3.10/dist-packages/airflow/example_dags/example_short_circuit_operator.py
[2025-10-30T21:41:48.843-0700] {processor.py:840} INFO - DAG(s) 'example_short_circuit_operator' retrieved from /usr/local/lib/python3.10/dist-packages/airflow/example_dags/example_short_circuit_operator.py
[2025-10-30T21:41:48.896-0700] {logging_mixin.py:188} INFO - [2025-10-30T21:41:48.896-0700] {dag.py:3089} INFO - Sync 1 DAGs
[2025-10-30T21:41:48.936-0700] {logging_mixin.py:188} INFO - [2025-10-30T21:41:48.936-0700] {dag.py:3947} INFO - Setting next_dagrun for example_short_circuit_operator to 2025-10-30 00:00:00+00:00, run_after=2025-10-31 00:00:00+00:00
[2025-10-30T21:41:49.078-0700] {processor.py:183} INFO - Processing /usr/local/lib/python3.10/dist-packages/airflow/example_dags/example_short_circuit_operator.py took 0.260 seconds
[2025-10-30T21:43:20.279-0700] {processor.py:161} INFO - Started process (PID=3017) to work on /usr/local/lib/python3.10/dist-packages/airflow/example_dags/example_short_circuit_operator.py
[2025-10-30T21:43:20.281-0700] {processor.py:830} INFO - Processing file /usr/local/lib/python3.10/dist-packages/airflow/example_dags/example_short_circuit_operator.py for tasks to queue
[2025-10-30T21:43:20.284-0700] {logging_mixin.py:188} INFO - [2025-10-30T21:43:20.283-0700] {dagbag.py:545} INFO - Filling up the DagBag from /usr/local/lib/python3.10/dist-packages/airflow/example_dags/example_short_circuit_operator.py
[2025-10-30T21:43:20.297-0700] {processor.py:840} INFO - DAG(s) 'example_short_circuit_operator' retrieved from /usr/local/lib/python3.10/dist-packages/airflow/example_dags/example_short_circuit_operator.py
[2025-10-30T21:43:20.341-0700] {logging_mixin.py:188} INFO - [2025-10-30T21:43:20.341-0700] {dag.py:3089} INFO - Sync 1 DAGs
[2025-10-30T21:43:20.374-0700] {logging_mixin.py:188} INFO - [2025-10-30T21:43:20.373-0700] {dag.py:3947} INFO - Setting next_dagrun for example_short_circuit_operator to 2025-10-30 00:00:00+00:00, run_after=2025-10-31 00:00:00+00:00
[2025-10-30T21:43:20.478-0700] {processor.py:183} INFO - Processing /usr/local/lib/python3.10/dist-packages/airflow/example_dags/example_short_circuit_operator.py took 0.209 seconds
[2025-10-30T21:44:48.228-0700] {processor.py:161} INFO - Started process (PID=3094) to work on /usr/local/lib/python3.10/dist-packages/airflow/example_dags/example_short_circuit_operator.py
[2025-10-30T21:44:48.230-0700] {processor.py:830} INFO - Processing file /usr/local/lib/python3.10/dist-packages/airflow/example_dags/example_short_circuit_operator.py for tasks to queue
[2025-10-30T21:44:48.233-0700] {logging_mixin.py:188} INFO - [2025-10-30T21:44:48.232-0700] {dagbag.py:545} INFO - Filling up the DagBag from /usr/local/lib/python3.10/dist-packages/airflow/example_dags/example_short_circuit_operator.py
[2025-10-30T21:44:48.242-0700] {processor.py:840} INFO - DAG(s) 'example_short_circuit_operator' retrieved from /usr/local/lib/python3.10/dist-packages/airflow/example_dags/example_short_circuit_operator.py
[2025-10-30T21:44:48.294-0700] {logging_mixin.py:188} INFO - [2025-10-30T21:44:48.294-0700] {dag.py:3089} INFO - Sync 1 DAGs
[2025-10-30T21:44:48.338-0700] {logging_mixin.py:188} INFO - [2025-10-30T21:44:48.337-0700] {dag.py:3947} INFO - Setting next_dagrun for example_short_circuit_operator to 2025-10-30 00:00:00+00:00, run_after=2025-10-31 00:00:00+00:00
[2025-10-30T21:44:48.483-0700] {processor.py:183} INFO - Processing /usr/local/lib/python3.10/dist-packages/airflow/example_dags/example_short_circuit_operator.py took 0.264 seconds
[2025-10-30T21:45:44.136-0700] {processor.py:161} INFO - Started process (PID=3160) to work on /usr/local/lib/python3.10/dist-packages/airflow/example_dags/example_short_circuit_operator.py
[2025-10-30T21:45:44.138-0700] {processor.py:830} INFO - Processing file /usr/local/lib/python3.10/dist-packages/airflow/example_dags/example_short_circuit_operator.py for tasks to queue
[2025-10-30T21:45:44.142-0700] {logging_mixin.py:188} INFO - [2025-10-30T21:45:44.141-0700] {dagbag.py:545} INFO - Filling up the DagBag from /usr/local/lib/python3.10/dist-packages/airflow/example_dags/example_short_circuit_operator.py
[2025-10-30T21:45:44.153-0700] {processor.py:840} INFO - DAG(s) 'example_short_circuit_operator' retrieved from /usr/local/lib/python3.10/dist-packages/airflow/example_dags/example_short_circuit_operator.py
[2025-10-30T21:45:44.200-0700] {logging_mixin.py:188} INFO - [2025-10-30T21:45:44.199-0700] {dag.py:3089} INFO - Sync 1 DAGs
[2025-10-30T21:45:44.237-0700] {logging_mixin.py:188} INFO - [2025-10-30T21:45:44.237-0700] {dag.py:3947} INFO - Setting next_dagrun for example_short_circuit_operator to 2025-10-30 00:00:00+00:00, run_after=2025-10-31 00:00:00+00:00
[2025-10-30T21:45:44.379-0700] {processor.py:183} INFO - Processing /usr/local/lib/python3.10/dist-packages/airflow/example_dags/example_short_circuit_operator.py took 0.255 seconds
[2025-10-30T21:46:37.347-0700] {processor.py:161} INFO - Started process (PID=3205) to work on /usr/local/lib/python3.10/dist-packages/airflow/example_dags/example_short_circuit_operator.py
[2025-10-30T21:46:37.349-0700] {processor.py:830} INFO - Processing file /usr/local/lib/python3.10/dist-packages/airflow/example_dags/example_short_circuit_operator.py for tasks to queue
[2025-10-30T21:46:37.353-0700] {logging_mixin.py:188} INFO - [2025-10-30T21:46:37.352-0700] {dagbag.py:545} INFO - Filling up the DagBag from /usr/local/lib/python3.10/dist-packages/airflow/example_dags/example_short_circuit_operator.py
[2025-10-30T21:46:37.364-0700] {processor.py:840} INFO - DAG(s) 'example_short_circuit_operator' retrieved from /usr/local/lib/python3.10/dist-packages/airflow/example_dags/example_short_circuit_operator.py
[2025-10-30T21:46:37.407-0700] {logging_mixin.py:188} INFO - [2025-10-30T21:46:37.406-0700] {dag.py:3089} INFO - Sync 1 DAGs
[2025-10-30T21:46:37.443-0700] {logging_mixin.py:188} INFO - [2025-10-30T21:46:37.443-0700] {dag.py:3947} INFO - Setting next_dagrun for example_short_circuit_operator to 2025-10-30 00:00:00+00:00, run_after=2025-10-31 00:00:00+00:00
[2025-10-30T21:46:37.562-0700] {processor.py:183} INFO - Processing /usr/local/lib/python3.10/dist-packages/airflow/example_dags/example_short_circuit_operator.py took 0.227 seconds
[2025-10-30T21:48:02.535-0700] {processor.py:161} INFO - Started process (PID=3415) to work on /usr/local/lib/python3.10/dist-packages/airflow/example_dags/example_short_circuit_operator.py
[2025-10-30T21:48:02.537-0700] {processor.py:830} INFO - Processing file /usr/local/lib/python3.10/dist-packages/airflow/example_dags/example_short_circuit_operator.py for tasks to queue
[2025-10-30T21:48:02.540-0700] {logging_mixin.py:188} INFO - [2025-10-30T21:48:02.539-0700] {dagbag.py:545} INFO - Filling up the DagBag from /usr/local/lib/python3.10/dist-packages/airflow/example_dags/example_short_circuit_operator.py
[2025-10-30T21:48:02.551-0700] {processor.py:840} INFO - DAG(s) 'example_short_circuit_operator' retrieved from /usr/local/lib/python3.10/dist-packages/airflow/example_dags/example_short_circuit_operator.py
[2025-10-30T21:48:02.592-0700] {logging_mixin.py:188} INFO - [2025-10-30T21:48:02.591-0700] {dag.py:3089} INFO - Sync 1 DAGs
[2025-10-30T21:48:02.628-0700] {logging_mixin.py:188} INFO - [2025-10-30T21:48:02.627-0700] {dag.py:3947} INFO - Setting next_dagrun for example_short_circuit_operator to 2025-10-30 00:00:00+00:00, run_after=2025-10-31 00:00:00+00:00
[2025-10-30T21:48:02.735-0700] {processor.py:183} INFO - Processing /usr/local/lib/python3.10/dist-packages/airflow/example_dags/example_short_circuit_operator.py took 0.208 seconds
[2025-10-30T21:51:09.157-0700] {processor.py:161} INFO - Started process (PID=3674) to work on /usr/local/lib/python3.10/dist-packages/airflow/example_dags/example_short_circuit_operator.py
[2025-10-30T21:51:09.192-0700] {processor.py:830} INFO - Processing file /usr/local/lib/python3.10/dist-packages/airflow/example_dags/example_short_circuit_operator.py for tasks to queue
[2025-10-30T21:51:09.197-0700] {logging_mixin.py:188} INFO - [2025-10-30T21:51:09.197-0700] {dagbag.py:545} INFO - Filling up the DagBag from /usr/local/lib/python3.10/dist-packages/airflow/example_dags/example_short_circuit_operator.py
[2025-10-30T21:51:09.230-0700] {processor.py:840} INFO - DAG(s) 'example_short_circuit_operator' retrieved from /usr/local/lib/python3.10/dist-packages/airflow/example_dags/example_short_circuit_operator.py
[2025-10-30T21:51:09.403-0700] {logging_mixin.py:188} INFO - [2025-10-30T21:51:09.403-0700] {dag.py:3089} INFO - Sync 1 DAGs
[2025-10-30T21:51:09.445-0700] {logging_mixin.py:188} INFO - [2025-10-30T21:51:09.445-0700] {dag.py:3947} INFO - Setting next_dagrun for example_short_circuit_operator to 2025-10-30 00:00:00+00:00, run_after=2025-10-31 00:00:00+00:00
[2025-10-30T21:51:09.555-0700] {processor.py:183} INFO - Processing /usr/local/lib/python3.10/dist-packages/airflow/example_dags/example_short_circuit_operator.py took 0.407 seconds
[2025-10-30T21:52:36.471-0700] {processor.py:161} INFO - Started process (PID=3752) to work on /usr/local/lib/python3.10/dist-packages/airflow/example_dags/example_short_circuit_operator.py
[2025-10-30T21:52:36.473-0700] {processor.py:830} INFO - Processing file /usr/local/lib/python3.10/dist-packages/airflow/example_dags/example_short_circuit_operator.py for tasks to queue
[2025-10-30T21:52:36.476-0700] {logging_mixin.py:188} INFO - [2025-10-30T21:52:36.475-0700] {dagbag.py:545} INFO - Filling up the DagBag from /usr/local/lib/python3.10/dist-packages/airflow/example_dags/example_short_circuit_operator.py
[2025-10-30T21:52:36.485-0700] {processor.py:840} INFO - DAG(s) 'example_short_circuit_operator' retrieved from /usr/local/lib/python3.10/dist-packages/airflow/example_dags/example_short_circuit_operator.py
[2025-10-30T21:52:36.533-0700] {logging_mixin.py:188} INFO - [2025-10-30T21:52:36.532-0700] {dag.py:3089} INFO - Sync 1 DAGs
[2025-10-30T21:52:36.574-0700] {logging_mixin.py:188} INFO - [2025-10-30T21:52:36.574-0700] {dag.py:3947} INFO - Setting next_dagrun for example_short_circuit_operator to 2025-10-30 00:00:00+00:00, run_after=2025-10-31 00:00:00+00:00
[2025-10-30T21:52:36.679-0700] {processor.py:183} INFO - Processing /usr/local/lib/python3.10/dist-packages/airflow/example_dags/example_short_circuit_operator.py took 0.215 seconds
[2025-10-30T21:55:33.752-0700] {processor.py:161} INFO - Started process (PID=4007) to work on /usr/local/lib/python3.10/dist-packages/airflow/example_dags/example_short_circuit_operator.py
[2025-10-30T21:55:33.756-0700] {processor.py:830} INFO - Processing file /usr/local/lib/python3.10/dist-packages/airflow/example_dags/example_short_circuit_operator.py for tasks to queue
[2025-10-30T21:55:33.761-0700] {logging_mixin.py:188} INFO - [2025-10-30T21:55:33.760-0700] {dagbag.py:545} INFO - Filling up the DagBag from /usr/local/lib/python3.10/dist-packages/airflow/example_dags/example_short_circuit_operator.py
[2025-10-30T21:55:33.776-0700] {processor.py:840} INFO - DAG(s) 'example_short_circuit_operator' retrieved from /usr/local/lib/python3.10/dist-packages/airflow/example_dags/example_short_circuit_operator.py
[2025-10-30T21:55:33.838-0700] {logging_mixin.py:188} INFO - [2025-10-30T21:55:33.838-0700] {dag.py:3089} INFO - Sync 1 DAGs
[2025-10-30T21:55:33.886-0700] {logging_mixin.py:188} INFO - [2025-10-30T21:55:33.885-0700] {dag.py:3947} INFO - Setting next_dagrun for example_short_circuit_operator to 2025-10-30 00:00:00+00:00, run_after=2025-10-31 00:00:00+00:00
[2025-10-30T21:55:34.051-0700] {processor.py:183} INFO - Processing /usr/local/lib/python3.10/dist-packages/airflow/example_dags/example_short_circuit_operator.py took 0.312 seconds
[2025-10-30T21:56:41.637-0700] {processor.py:161} INFO - Started process (PID=4063) to work on /usr/local/lib/python3.10/dist-packages/airflow/example_dags/example_short_circuit_operator.py
[2025-10-30T21:56:41.639-0700] {processor.py:830} INFO - Processing file /usr/local/lib/python3.10/dist-packages/airflow/example_dags/example_short_circuit_operator.py for tasks to queue
[2025-10-30T21:56:41.642-0700] {logging_mixin.py:188} INFO - [2025-10-30T21:56:41.641-0700] {dagbag.py:545} INFO - Filling up the DagBag from /usr/local/lib/python3.10/dist-packages/airflow/example_dags/example_short_circuit_operator.py
[2025-10-30T21:56:41.651-0700] {processor.py:840} INFO - DAG(s) 'example_short_circuit_operator' retrieved from /usr/local/lib/python3.10/dist-packages/airflow/example_dags/example_short_circuit_operator.py
[2025-10-30T21:56:41.710-0700] {logging_mixin.py:188} INFO - [2025-10-30T21:56:41.710-0700] {dag.py:3089} INFO - Sync 1 DAGs
[2025-10-30T21:56:41.752-0700] {logging_mixin.py:188} INFO - [2025-10-30T21:56:41.752-0700] {dag.py:3947} INFO - Setting next_dagrun for example_short_circuit_operator to 2025-10-30 00:00:00+00:00, run_after=2025-10-31 00:00:00+00:00
[2025-10-30T21:56:41.925-0700] {processor.py:183} INFO - Processing /usr/local/lib/python3.10/dist-packages/airflow/example_dags/example_short_circuit_operator.py took 0.295 seconds
[2025-10-30T21:58:07.063-0700] {processor.py:161} INFO - Started process (PID=4140) to work on /usr/local/lib/python3.10/dist-packages/airflow/example_dags/example_short_circuit_operator.py
[2025-10-30T21:58:07.066-0700] {processor.py:830} INFO - Processing file /usr/local/lib/python3.10/dist-packages/airflow/example_dags/example_short_circuit_operator.py for tasks to queue
[2025-10-30T21:58:07.069-0700] {logging_mixin.py:188} INFO - [2025-10-30T21:58:07.069-0700] {dagbag.py:545} INFO - Filling up the DagBag from /usr/local/lib/python3.10/dist-packages/airflow/example_dags/example_short_circuit_operator.py
[2025-10-30T21:58:07.079-0700] {processor.py:840} INFO - DAG(s) 'example_short_circuit_operator' retrieved from /usr/local/lib/python3.10/dist-packages/airflow/example_dags/example_short_circuit_operator.py
[2025-10-30T21:58:07.110-0700] {logging_mixin.py:188} INFO - [2025-10-30T21:58:07.110-0700] {dag.py:3089} INFO - Sync 1 DAGs
[2025-10-30T21:58:07.139-0700] {logging_mixin.py:188} INFO - [2025-10-30T21:58:07.139-0700] {dag.py:3947} INFO - Setting next_dagrun for example_short_circuit_operator to 2025-10-30 00:00:00+00:00, run_after=2025-10-31 00:00:00+00:00
[2025-10-30T21:58:07.228-0700] {processor.py:183} INFO - Processing /usr/local/lib/python3.10/dist-packages/airflow/example_dags/example_short_circuit_operator.py took 0.173 seconds
[2025-10-30T21:59:27.948-0700] {processor.py:161} INFO - Started process (PID=4215) to work on /usr/local/lib/python3.10/dist-packages/airflow/example_dags/example_short_circuit_operator.py
[2025-10-30T21:59:27.950-0700] {processor.py:830} INFO - Processing file /usr/local/lib/python3.10/dist-packages/airflow/example_dags/example_short_circuit_operator.py for tasks to queue
[2025-10-30T21:59:27.953-0700] {logging_mixin.py:188} INFO - [2025-10-30T21:59:27.953-0700] {dagbag.py:545} INFO - Filling up the DagBag from /usr/local/lib/python3.10/dist-packages/airflow/example_dags/example_short_circuit_operator.py
[2025-10-30T21:59:27.963-0700] {processor.py:840} INFO - DAG(s) 'example_short_circuit_operator' retrieved from /usr/local/lib/python3.10/dist-packages/airflow/example_dags/example_short_circuit_operator.py
[2025-10-30T21:59:28.017-0700] {logging_mixin.py:188} INFO - [2025-10-30T21:59:28.017-0700] {dag.py:3089} INFO - Sync 1 DAGs
[2025-10-30T21:59:28.058-0700] {logging_mixin.py:188} INFO - [2025-10-30T21:59:28.057-0700] {dag.py:3947} INFO - Setting next_dagrun for example_short_circuit_operator to 2025-10-30 00:00:00+00:00, run_after=2025-10-31 00:00:00+00:00
[2025-10-30T21:59:28.212-0700] {processor.py:183} INFO - Processing /usr/local/lib/python3.10/dist-packages/airflow/example_dags/example_short_circuit_operator.py took 0.270 seconds
[2025-10-30T22:00:54.457-0700] {processor.py:161} INFO - Started process (PID=4292) to work on /usr/local/lib/python3.10/dist-packages/airflow/example_dags/example_short_circuit_operator.py
[2025-10-30T22:00:54.459-0700] {processor.py:830} INFO - Processing file /usr/local/lib/python3.10/dist-packages/airflow/example_dags/example_short_circuit_operator.py for tasks to queue
[2025-10-30T22:00:54.462-0700] {logging_mixin.py:188} INFO - [2025-10-30T22:00:54.462-0700] {dagbag.py:545} INFO - Filling up the DagBag from /usr/local/lib/python3.10/dist-packages/airflow/example_dags/example_short_circuit_operator.py
[2025-10-30T22:00:54.471-0700] {processor.py:840} INFO - DAG(s) 'example_short_circuit_operator' retrieved from /usr/local/lib/python3.10/dist-packages/airflow/example_dags/example_short_circuit_operator.py
[2025-10-30T22:00:54.517-0700] {logging_mixin.py:188} INFO - [2025-10-30T22:00:54.517-0700] {dag.py:3089} INFO - Sync 1 DAGs
[2025-10-30T22:00:54.555-0700] {logging_mixin.py:188} INFO - [2025-10-30T22:00:54.554-0700] {dag.py:3947} INFO - Setting next_dagrun for example_short_circuit_operator to 2025-10-30 00:00:00+00:00, run_after=2025-10-31 00:00:00+00:00
[2025-10-30T22:00:54.663-0700] {processor.py:183} INFO - Processing /usr/local/lib/python3.10/dist-packages/airflow/example_dags/example_short_circuit_operator.py took 0.213 seconds
[2025-10-30T22:02:16.719-0700] {processor.py:161} INFO - Started process (PID=4368) to work on /usr/local/lib/python3.10/dist-packages/airflow/example_dags/example_short_circuit_operator.py
[2025-10-30T22:02:16.720-0700] {processor.py:830} INFO - Processing file /usr/local/lib/python3.10/dist-packages/airflow/example_dags/example_short_circuit_operator.py for tasks to queue
[2025-10-30T22:02:16.723-0700] {logging_mixin.py:188} INFO - [2025-10-30T22:02:16.723-0700] {dagbag.py:545} INFO - Filling up the DagBag from /usr/local/lib/python3.10/dist-packages/airflow/example_dags/example_short_circuit_operator.py
[2025-10-30T22:02:16.733-0700] {processor.py:840} INFO - DAG(s) 'example_short_circuit_operator' retrieved from /usr/local/lib/python3.10/dist-packages/airflow/example_dags/example_short_circuit_operator.py
[2025-10-30T22:02:16.780-0700] {logging_mixin.py:188} INFO - [2025-10-30T22:02:16.779-0700] {dag.py:3089} INFO - Sync 1 DAGs
[2025-10-30T22:02:16.816-0700] {logging_mixin.py:188} INFO - [2025-10-30T22:02:16.815-0700] {dag.py:3947} INFO - Setting next_dagrun for example_short_circuit_operator to 2025-10-30 00:00:00+00:00, run_after=2025-10-31 00:00:00+00:00
[2025-10-30T22:02:16.936-0700] {processor.py:183} INFO - Processing /usr/local/lib/python3.10/dist-packages/airflow/example_dags/example_short_circuit_operator.py took 0.224 seconds
[2025-10-30T22:03:42.246-0700] {processor.py:161} INFO - Started process (PID=4444) to work on /usr/local/lib/python3.10/dist-packages/airflow/example_dags/example_short_circuit_operator.py
[2025-10-30T22:03:42.248-0700] {processor.py:830} INFO - Processing file /usr/local/lib/python3.10/dist-packages/airflow/example_dags/example_short_circuit_operator.py for tasks to queue
[2025-10-30T22:03:42.251-0700] {logging_mixin.py:188} INFO - [2025-10-30T22:03:42.250-0700] {dagbag.py:545} INFO - Filling up the DagBag from /usr/local/lib/python3.10/dist-packages/airflow/example_dags/example_short_circuit_operator.py
[2025-10-30T22:03:42.260-0700] {processor.py:840} INFO - DAG(s) 'example_short_circuit_operator' retrieved from /usr/local/lib/python3.10/dist-packages/airflow/example_dags/example_short_circuit_operator.py
[2025-10-30T22:03:42.306-0700] {logging_mixin.py:188} INFO - [2025-10-30T22:03:42.306-0700] {dag.py:3089} INFO - Sync 1 DAGs
[2025-10-30T22:03:42.341-0700] {logging_mixin.py:188} INFO - [2025-10-30T22:03:42.341-0700] {dag.py:3947} INFO - Setting next_dagrun for example_short_circuit_operator to 2025-10-30 00:00:00+00:00, run_after=2025-10-31 00:00:00+00:00
[2025-10-30T22:03:42.490-0700] {processor.py:183} INFO - Processing /usr/local/lib/python3.10/dist-packages/airflow/example_dags/example_short_circuit_operator.py took 0.251 seconds
[2025-10-30T22:05:12.465-0700] {processor.py:161} INFO - Started process (PID=4522) to work on /usr/local/lib/python3.10/dist-packages/airflow/example_dags/example_short_circuit_operator.py
[2025-10-30T22:05:12.467-0700] {processor.py:830} INFO - Processing file /usr/local/lib/python3.10/dist-packages/airflow/example_dags/example_short_circuit_operator.py for tasks to queue
[2025-10-30T22:05:12.469-0700] {logging_mixin.py:188} INFO - [2025-10-30T22:05:12.469-0700] {dagbag.py:545} INFO - Filling up the DagBag from /usr/local/lib/python3.10/dist-packages/airflow/example_dags/example_short_circuit_operator.py
[2025-10-30T22:05:12.479-0700] {processor.py:840} INFO - DAG(s) 'example_short_circuit_operator' retrieved from /usr/local/lib/python3.10/dist-packages/airflow/example_dags/example_short_circuit_operator.py
[2025-10-30T22:05:12.524-0700] {logging_mixin.py:188} INFO - [2025-10-30T22:05:12.524-0700] {dag.py:3089} INFO - Sync 1 DAGs
[2025-10-30T22:05:12.572-0700] {logging_mixin.py:188} INFO - [2025-10-30T22:05:12.571-0700] {dag.py:3947} INFO - Setting next_dagrun for example_short_circuit_operator to 2025-10-30 00:00:00+00:00, run_after=2025-10-31 00:00:00+00:00
[2025-10-30T22:05:12.767-0700] {processor.py:183} INFO - Processing /usr/local/lib/python3.10/dist-packages/airflow/example_dags/example_short_circuit_operator.py took 0.311 seconds
