[2025-10-30T20:58:12.236-0700] {processor.py:161} INFO - Started process (PID=543) to work on /usr/local/lib/python3.10/dist-packages/airflow/example_dags/example_task_group_decorator.py
[2025-10-30T20:58:12.238-0700] {processor.py:830} INFO - Processing file /usr/local/lib/python3.10/dist-packages/airflow/example_dags/example_task_group_decorator.py for tasks to queue
[2025-10-30T20:58:12.239-0700] {logging_mixin.py:188} INFO - [2025-10-30T20:58:12.239-0700] {dagbag.py:545} INFO - Filling up the DagBag from /usr/local/lib/python3.10/dist-packages/airflow/example_dags/example_task_group_decorator.py
[2025-10-30T20:58:12.256-0700] {processor.py:840} INFO - DAG(s) 'example_task_group_decorator' retrieved from /usr/local/lib/python3.10/dist-packages/airflow/example_dags/example_task_group_decorator.py
[2025-10-30T20:58:12.416-0700] {logging_mixin.py:188} INFO - [2025-10-30T20:58:12.416-0700] {override.py:1858} INFO - Created Permission View: can delete on DAG:example_task_group_decorator
[2025-10-30T20:58:12.456-0700] {logging_mixin.py:188} INFO - [2025-10-30T20:58:12.456-0700] {override.py:1858} INFO - Created Permission View: can edit on DAG:example_task_group_decorator
[2025-10-30T20:58:12.489-0700] {logging_mixin.py:188} INFO - [2025-10-30T20:58:12.489-0700] {override.py:1858} INFO - Created Permission View: can read on DAG:example_task_group_decorator
[2025-10-30T20:58:12.490-0700] {logging_mixin.py:188} INFO - [2025-10-30T20:58:12.490-0700] {dag.py:3089} INFO - Sync 1 DAGs
[2025-10-30T20:58:12.504-0700] {logging_mixin.py:188} INFO - [2025-10-30T20:58:12.504-0700] {dag.py:3111} INFO - Creating ORM DAG for example_task_group_decorator
[2025-10-30T20:58:12.515-0700] {logging_mixin.py:188} INFO - [2025-10-30T20:58:12.515-0700] {dag.py:3947} INFO - Setting next_dagrun for example_task_group_decorator to 2025-10-30 00:00:00+00:00, run_after=2025-10-31 00:00:00+00:00
[2025-10-30T20:58:12.572-0700] {processor.py:183} INFO - Processing /usr/local/lib/python3.10/dist-packages/airflow/example_dags/example_task_group_decorator.py took 0.343 seconds
[2025-10-30T20:59:22.846-0700] {processor.py:161} INFO - Started process (PID=605) to work on /usr/local/lib/python3.10/dist-packages/airflow/example_dags/example_task_group_decorator.py
[2025-10-30T20:59:22.847-0700] {processor.py:830} INFO - Processing file /usr/local/lib/python3.10/dist-packages/airflow/example_dags/example_task_group_decorator.py for tasks to queue
[2025-10-30T20:59:22.848-0700] {logging_mixin.py:188} INFO - [2025-10-30T20:59:22.848-0700] {dagbag.py:545} INFO - Filling up the DagBag from /usr/local/lib/python3.10/dist-packages/airflow/example_dags/example_task_group_decorator.py
[2025-10-30T20:59:22.859-0700] {processor.py:840} INFO - DAG(s) 'example_task_group_decorator' retrieved from /usr/local/lib/python3.10/dist-packages/airflow/example_dags/example_task_group_decorator.py
[2025-10-30T20:59:22.892-0700] {logging_mixin.py:188} INFO - [2025-10-30T20:59:22.892-0700] {dag.py:3089} INFO - Sync 1 DAGs
[2025-10-30T20:59:22.920-0700] {logging_mixin.py:188} INFO - [2025-10-30T20:59:22.920-0700] {dag.py:3947} INFO - Setting next_dagrun for example_task_group_decorator to 2025-10-30 00:00:00+00:00, run_after=2025-10-31 00:00:00+00:00
[2025-10-30T20:59:22.982-0700] {processor.py:183} INFO - Processing /usr/local/lib/python3.10/dist-packages/airflow/example_dags/example_task_group_decorator.py took 0.141 seconds
[2025-10-30T21:00:31.563-0700] {processor.py:161} INFO - Started process (PID=678) to work on /usr/local/lib/python3.10/dist-packages/airflow/example_dags/example_task_group_decorator.py
[2025-10-30T21:00:31.564-0700] {processor.py:830} INFO - Processing file /usr/local/lib/python3.10/dist-packages/airflow/example_dags/example_task_group_decorator.py for tasks to queue
[2025-10-30T21:00:31.566-0700] {logging_mixin.py:188} INFO - [2025-10-30T21:00:31.565-0700] {dagbag.py:545} INFO - Filling up the DagBag from /usr/local/lib/python3.10/dist-packages/airflow/example_dags/example_task_group_decorator.py
[2025-10-30T21:00:31.578-0700] {processor.py:840} INFO - DAG(s) 'example_task_group_decorator' retrieved from /usr/local/lib/python3.10/dist-packages/airflow/example_dags/example_task_group_decorator.py
[2025-10-30T21:00:31.624-0700] {logging_mixin.py:188} INFO - [2025-10-30T21:00:31.624-0700] {dag.py:3089} INFO - Sync 1 DAGs
[2025-10-30T21:00:31.658-0700] {logging_mixin.py:188} INFO - [2025-10-30T21:00:31.658-0700] {dag.py:3947} INFO - Setting next_dagrun for example_task_group_decorator to 2025-10-30 00:00:00+00:00, run_after=2025-10-31 00:00:00+00:00
[2025-10-30T21:00:31.808-0700] {processor.py:183} INFO - Processing /usr/local/lib/python3.10/dist-packages/airflow/example_dags/example_task_group_decorator.py took 0.251 seconds
[2025-10-30T21:01:42.670-0700] {processor.py:161} INFO - Started process (PID=755) to work on /usr/local/lib/python3.10/dist-packages/airflow/example_dags/example_task_group_decorator.py
[2025-10-30T21:01:42.672-0700] {processor.py:830} INFO - Processing file /usr/local/lib/python3.10/dist-packages/airflow/example_dags/example_task_group_decorator.py for tasks to queue
[2025-10-30T21:01:42.675-0700] {logging_mixin.py:188} INFO - [2025-10-30T21:01:42.674-0700] {dagbag.py:545} INFO - Filling up the DagBag from /usr/local/lib/python3.10/dist-packages/airflow/example_dags/example_task_group_decorator.py
[2025-10-30T21:01:42.695-0700] {processor.py:840} INFO - DAG(s) 'example_task_group_decorator' retrieved from /usr/local/lib/python3.10/dist-packages/airflow/example_dags/example_task_group_decorator.py
[2025-10-30T21:01:42.757-0700] {logging_mixin.py:188} INFO - [2025-10-30T21:01:42.756-0700] {dag.py:3089} INFO - Sync 1 DAGs
[2025-10-30T21:01:42.821-0700] {logging_mixin.py:188} INFO - [2025-10-30T21:01:42.820-0700] {dag.py:3947} INFO - Setting next_dagrun for example_task_group_decorator to 2025-10-30 00:00:00+00:00, run_after=2025-10-31 00:00:00+00:00
[2025-10-30T21:01:43.014-0700] {processor.py:183} INFO - Processing /usr/local/lib/python3.10/dist-packages/airflow/example_dags/example_task_group_decorator.py took 0.353 seconds
[2025-10-30T21:02:50.155-0700] {processor.py:161} INFO - Started process (PID=826) to work on /usr/local/lib/python3.10/dist-packages/airflow/example_dags/example_task_group_decorator.py
[2025-10-30T21:02:50.156-0700] {processor.py:830} INFO - Processing file /usr/local/lib/python3.10/dist-packages/airflow/example_dags/example_task_group_decorator.py for tasks to queue
[2025-10-30T21:02:50.157-0700] {logging_mixin.py:188} INFO - [2025-10-30T21:02:50.157-0700] {dagbag.py:545} INFO - Filling up the DagBag from /usr/local/lib/python3.10/dist-packages/airflow/example_dags/example_task_group_decorator.py
[2025-10-30T21:02:50.168-0700] {processor.py:840} INFO - DAG(s) 'example_task_group_decorator' retrieved from /usr/local/lib/python3.10/dist-packages/airflow/example_dags/example_task_group_decorator.py
[2025-10-30T21:02:50.209-0700] {logging_mixin.py:188} INFO - [2025-10-30T21:02:50.209-0700] {dag.py:3089} INFO - Sync 1 DAGs
[2025-10-30T21:02:50.239-0700] {logging_mixin.py:188} INFO - [2025-10-30T21:02:50.238-0700] {dag.py:3947} INFO - Setting next_dagrun for example_task_group_decorator to 2025-10-30 00:00:00+00:00, run_after=2025-10-31 00:00:00+00:00
[2025-10-30T21:02:50.336-0700] {processor.py:183} INFO - Processing /usr/local/lib/python3.10/dist-packages/airflow/example_dags/example_task_group_decorator.py took 0.185 seconds
[2025-10-30T21:04:00.901-0700] {processor.py:161} INFO - Started process (PID=899) to work on /usr/local/lib/python3.10/dist-packages/airflow/example_dags/example_task_group_decorator.py
[2025-10-30T21:04:00.904-0700] {processor.py:830} INFO - Processing file /usr/local/lib/python3.10/dist-packages/airflow/example_dags/example_task_group_decorator.py for tasks to queue
[2025-10-30T21:04:00.906-0700] {logging_mixin.py:188} INFO - [2025-10-30T21:04:00.906-0700] {dagbag.py:545} INFO - Filling up the DagBag from /usr/local/lib/python3.10/dist-packages/airflow/example_dags/example_task_group_decorator.py
[2025-10-30T21:04:00.925-0700] {processor.py:840} INFO - DAG(s) 'example_task_group_decorator' retrieved from /usr/local/lib/python3.10/dist-packages/airflow/example_dags/example_task_group_decorator.py
[2025-10-30T21:04:00.970-0700] {logging_mixin.py:188} INFO - [2025-10-30T21:04:00.970-0700] {dag.py:3089} INFO - Sync 1 DAGs
[2025-10-30T21:04:01.009-0700] {logging_mixin.py:188} INFO - [2025-10-30T21:04:01.009-0700] {dag.py:3947} INFO - Setting next_dagrun for example_task_group_decorator to 2025-10-30 00:00:00+00:00, run_after=2025-10-31 00:00:00+00:00
[2025-10-30T21:04:01.157-0700] {processor.py:183} INFO - Processing /usr/local/lib/python3.10/dist-packages/airflow/example_dags/example_task_group_decorator.py took 0.270 seconds
[2025-10-30T21:05:11.796-0700] {processor.py:161} INFO - Started process (PID=971) to work on /usr/local/lib/python3.10/dist-packages/airflow/example_dags/example_task_group_decorator.py
[2025-10-30T21:05:11.797-0700] {processor.py:830} INFO - Processing file /usr/local/lib/python3.10/dist-packages/airflow/example_dags/example_task_group_decorator.py for tasks to queue
[2025-10-30T21:05:11.798-0700] {logging_mixin.py:188} INFO - [2025-10-30T21:05:11.798-0700] {dagbag.py:545} INFO - Filling up the DagBag from /usr/local/lib/python3.10/dist-packages/airflow/example_dags/example_task_group_decorator.py
[2025-10-30T21:05:11.809-0700] {processor.py:840} INFO - DAG(s) 'example_task_group_decorator' retrieved from /usr/local/lib/python3.10/dist-packages/airflow/example_dags/example_task_group_decorator.py
[2025-10-30T21:05:11.853-0700] {logging_mixin.py:188} INFO - [2025-10-30T21:05:11.853-0700] {dag.py:3089} INFO - Sync 1 DAGs
[2025-10-30T21:05:11.882-0700] {logging_mixin.py:188} INFO - [2025-10-30T21:05:11.882-0700] {dag.py:3947} INFO - Setting next_dagrun for example_task_group_decorator to 2025-10-30 00:00:00+00:00, run_after=2025-10-31 00:00:00+00:00
[2025-10-30T21:05:11.979-0700] {processor.py:183} INFO - Processing /usr/local/lib/python3.10/dist-packages/airflow/example_dags/example_task_group_decorator.py took 0.188 seconds
[2025-10-30T21:06:21.038-0700] {processor.py:161} INFO - Started process (PID=1044) to work on /usr/local/lib/python3.10/dist-packages/airflow/example_dags/example_task_group_decorator.py
[2025-10-30T21:06:21.039-0700] {processor.py:830} INFO - Processing file /usr/local/lib/python3.10/dist-packages/airflow/example_dags/example_task_group_decorator.py for tasks to queue
[2025-10-30T21:06:21.041-0700] {logging_mixin.py:188} INFO - [2025-10-30T21:06:21.040-0700] {dagbag.py:545} INFO - Filling up the DagBag from /usr/local/lib/python3.10/dist-packages/airflow/example_dags/example_task_group_decorator.py
[2025-10-30T21:06:21.054-0700] {processor.py:840} INFO - DAG(s) 'example_task_group_decorator' retrieved from /usr/local/lib/python3.10/dist-packages/airflow/example_dags/example_task_group_decorator.py
[2025-10-30T21:06:21.087-0700] {logging_mixin.py:188} INFO - [2025-10-30T21:06:21.087-0700] {dag.py:3089} INFO - Sync 1 DAGs
[2025-10-30T21:06:21.110-0700] {logging_mixin.py:188} INFO - [2025-10-30T21:06:21.110-0700] {dag.py:3947} INFO - Setting next_dagrun for example_task_group_decorator to 2025-10-30 00:00:00+00:00, run_after=2025-10-31 00:00:00+00:00
[2025-10-30T21:06:21.164-0700] {processor.py:183} INFO - Processing /usr/local/lib/python3.10/dist-packages/airflow/example_dags/example_task_group_decorator.py took 0.132 seconds
[2025-10-30T21:08:08.584-0700] {processor.py:161} INFO - Started process (PID=1090) to work on /usr/local/lib/python3.10/dist-packages/airflow/example_dags/example_task_group_decorator.py
[2025-10-30T21:08:08.585-0700] {processor.py:830} INFO - Processing file /usr/local/lib/python3.10/dist-packages/airflow/example_dags/example_task_group_decorator.py for tasks to queue
[2025-10-30T21:08:08.587-0700] {logging_mixin.py:188} INFO - [2025-10-30T21:08:08.587-0700] {dagbag.py:545} INFO - Filling up the DagBag from /usr/local/lib/python3.10/dist-packages/airflow/example_dags/example_task_group_decorator.py
[2025-10-30T21:08:08.602-0700] {processor.py:840} INFO - DAG(s) 'example_task_group_decorator' retrieved from /usr/local/lib/python3.10/dist-packages/airflow/example_dags/example_task_group_decorator.py
[2025-10-30T21:08:08.646-0700] {logging_mixin.py:188} INFO - [2025-10-30T21:08:08.646-0700] {dag.py:3089} INFO - Sync 1 DAGs
[2025-10-30T21:08:08.676-0700] {logging_mixin.py:188} INFO - [2025-10-30T21:08:08.675-0700] {dag.py:3947} INFO - Setting next_dagrun for example_task_group_decorator to 2025-10-30 00:00:00+00:00, run_after=2025-10-31 00:00:00+00:00
[2025-10-30T21:08:08.755-0700] {processor.py:183} INFO - Processing /usr/local/lib/python3.10/dist-packages/airflow/example_dags/example_task_group_decorator.py took 0.176 seconds
[2025-10-30T21:09:10.946-0700] {processor.py:161} INFO - Started process (PID=1151) to work on /usr/local/lib/python3.10/dist-packages/airflow/example_dags/example_task_group_decorator.py
[2025-10-30T21:09:10.947-0700] {processor.py:830} INFO - Processing file /usr/local/lib/python3.10/dist-packages/airflow/example_dags/example_task_group_decorator.py for tasks to queue
[2025-10-30T21:09:10.949-0700] {logging_mixin.py:188} INFO - [2025-10-30T21:09:10.948-0700] {dagbag.py:545} INFO - Filling up the DagBag from /usr/local/lib/python3.10/dist-packages/airflow/example_dags/example_task_group_decorator.py
[2025-10-30T21:09:10.959-0700] {processor.py:840} INFO - DAG(s) 'example_task_group_decorator' retrieved from /usr/local/lib/python3.10/dist-packages/airflow/example_dags/example_task_group_decorator.py
[2025-10-30T21:09:10.992-0700] {logging_mixin.py:188} INFO - [2025-10-30T21:09:10.992-0700] {dag.py:3089} INFO - Sync 1 DAGs
[2025-10-30T21:09:11.020-0700] {logging_mixin.py:188} INFO - [2025-10-30T21:09:11.020-0700] {dag.py:3947} INFO - Setting next_dagrun for example_task_group_decorator to 2025-10-30 00:00:00+00:00, run_after=2025-10-31 00:00:00+00:00
[2025-10-30T21:09:11.095-0700] {processor.py:183} INFO - Processing /usr/local/lib/python3.10/dist-packages/airflow/example_dags/example_task_group_decorator.py took 0.154 seconds
[2025-10-30T21:10:24.913-0700] {processor.py:161} INFO - Started process (PID=1222) to work on /usr/local/lib/python3.10/dist-packages/airflow/example_dags/example_task_group_decorator.py
[2025-10-30T21:10:24.916-0700] {processor.py:830} INFO - Processing file /usr/local/lib/python3.10/dist-packages/airflow/example_dags/example_task_group_decorator.py for tasks to queue
[2025-10-30T21:10:24.919-0700] {logging_mixin.py:188} INFO - [2025-10-30T21:10:24.919-0700] {dagbag.py:545} INFO - Filling up the DagBag from /usr/local/lib/python3.10/dist-packages/airflow/example_dags/example_task_group_decorator.py
[2025-10-30T21:10:24.934-0700] {processor.py:840} INFO - DAG(s) 'example_task_group_decorator' retrieved from /usr/local/lib/python3.10/dist-packages/airflow/example_dags/example_task_group_decorator.py
[2025-10-30T21:10:24.992-0700] {logging_mixin.py:188} INFO - [2025-10-30T21:10:24.991-0700] {dag.py:3089} INFO - Sync 1 DAGs
[2025-10-30T21:10:25.034-0700] {logging_mixin.py:188} INFO - [2025-10-30T21:10:25.033-0700] {dag.py:3947} INFO - Setting next_dagrun for example_task_group_decorator to 2025-10-30 00:00:00+00:00, run_after=2025-10-31 00:00:00+00:00
[2025-10-30T21:10:25.183-0700] {processor.py:183} INFO - Processing /usr/local/lib/python3.10/dist-packages/airflow/example_dags/example_task_group_decorator.py took 0.278 seconds
[2025-10-30T21:11:45.758-0700] {processor.py:161} INFO - Started process (PID=1297) to work on /usr/local/lib/python3.10/dist-packages/airflow/example_dags/example_task_group_decorator.py
[2025-10-30T21:11:45.760-0700] {processor.py:830} INFO - Processing file /usr/local/lib/python3.10/dist-packages/airflow/example_dags/example_task_group_decorator.py for tasks to queue
[2025-10-30T21:11:45.764-0700] {logging_mixin.py:188} INFO - [2025-10-30T21:11:45.763-0700] {dagbag.py:545} INFO - Filling up the DagBag from /usr/local/lib/python3.10/dist-packages/airflow/example_dags/example_task_group_decorator.py
[2025-10-30T21:11:45.781-0700] {processor.py:840} INFO - DAG(s) 'example_task_group_decorator' retrieved from /usr/local/lib/python3.10/dist-packages/airflow/example_dags/example_task_group_decorator.py
[2025-10-30T21:11:45.832-0700] {logging_mixin.py:188} INFO - [2025-10-30T21:11:45.832-0700] {dag.py:3089} INFO - Sync 1 DAGs
[2025-10-30T21:11:45.864-0700] {logging_mixin.py:188} INFO - [2025-10-30T21:11:45.864-0700] {dag.py:3947} INFO - Setting next_dagrun for example_task_group_decorator to 2025-10-30 00:00:00+00:00, run_after=2025-10-31 00:00:00+00:00
[2025-10-30T21:11:45.971-0700] {processor.py:183} INFO - Processing /usr/local/lib/python3.10/dist-packages/airflow/example_dags/example_task_group_decorator.py took 0.219 seconds
[2025-10-30T21:13:08.140-0700] {processor.py:161} INFO - Started process (PID=1381) to work on /usr/local/lib/python3.10/dist-packages/airflow/example_dags/example_task_group_decorator.py
[2025-10-30T21:13:08.142-0700] {processor.py:830} INFO - Processing file /usr/local/lib/python3.10/dist-packages/airflow/example_dags/example_task_group_decorator.py for tasks to queue
[2025-10-30T21:13:08.145-0700] {logging_mixin.py:188} INFO - [2025-10-30T21:13:08.144-0700] {dagbag.py:545} INFO - Filling up the DagBag from /usr/local/lib/python3.10/dist-packages/airflow/example_dags/example_task_group_decorator.py
[2025-10-30T21:13:08.161-0700] {processor.py:840} INFO - DAG(s) 'example_task_group_decorator' retrieved from /usr/local/lib/python3.10/dist-packages/airflow/example_dags/example_task_group_decorator.py
[2025-10-30T21:13:08.201-0700] {logging_mixin.py:188} INFO - [2025-10-30T21:13:08.201-0700] {dag.py:3089} INFO - Sync 1 DAGs
[2025-10-30T21:13:08.241-0700] {logging_mixin.py:188} INFO - [2025-10-30T21:13:08.240-0700] {dag.py:3947} INFO - Setting next_dagrun for example_task_group_decorator to 2025-10-30 00:00:00+00:00, run_after=2025-10-31 00:00:00+00:00
[2025-10-30T21:13:08.351-0700] {processor.py:183} INFO - Processing /usr/local/lib/python3.10/dist-packages/airflow/example_dags/example_task_group_decorator.py took 0.218 seconds
[2025-10-30T21:15:25.950-0700] {processor.py:161} INFO - Started process (PID=1489) to work on /usr/local/lib/python3.10/dist-packages/airflow/example_dags/example_task_group_decorator.py
[2025-10-30T21:15:25.952-0700] {processor.py:830} INFO - Processing file /usr/local/lib/python3.10/dist-packages/airflow/example_dags/example_task_group_decorator.py for tasks to queue
[2025-10-30T21:15:25.955-0700] {logging_mixin.py:188} INFO - [2025-10-30T21:15:25.954-0700] {dagbag.py:545} INFO - Filling up the DagBag from /usr/local/lib/python3.10/dist-packages/airflow/example_dags/example_task_group_decorator.py
[2025-10-30T21:15:25.977-0700] {processor.py:840} INFO - DAG(s) 'example_task_group_decorator' retrieved from /usr/local/lib/python3.10/dist-packages/airflow/example_dags/example_task_group_decorator.py
[2025-10-30T21:15:26.031-0700] {logging_mixin.py:188} INFO - [2025-10-30T21:15:26.030-0700] {dag.py:3089} INFO - Sync 1 DAGs
[2025-10-30T21:15:26.073-0700] {logging_mixin.py:188} INFO - [2025-10-30T21:15:26.072-0700] {dag.py:3947} INFO - Setting next_dagrun for example_task_group_decorator to 2025-10-30 00:00:00+00:00, run_after=2025-10-31 00:00:00+00:00
[2025-10-30T21:15:26.214-0700] {processor.py:183} INFO - Processing /usr/local/lib/python3.10/dist-packages/airflow/example_dags/example_task_group_decorator.py took 0.271 seconds
[2025-10-30T21:16:38.354-0700] {processor.py:161} INFO - Started process (PID=1548) to work on /usr/local/lib/python3.10/dist-packages/airflow/example_dags/example_task_group_decorator.py
[2025-10-30T21:16:38.358-0700] {processor.py:830} INFO - Processing file /usr/local/lib/python3.10/dist-packages/airflow/example_dags/example_task_group_decorator.py for tasks to queue
[2025-10-30T21:16:38.366-0700] {logging_mixin.py:188} INFO - [2025-10-30T21:16:38.365-0700] {dagbag.py:545} INFO - Filling up the DagBag from /usr/local/lib/python3.10/dist-packages/airflow/example_dags/example_task_group_decorator.py
[2025-10-30T21:16:38.398-0700] {processor.py:840} INFO - DAG(s) 'example_task_group_decorator' retrieved from /usr/local/lib/python3.10/dist-packages/airflow/example_dags/example_task_group_decorator.py
[2025-10-30T21:16:38.492-0700] {logging_mixin.py:188} INFO - [2025-10-30T21:16:38.491-0700] {dag.py:3089} INFO - Sync 1 DAGs
[2025-10-30T21:16:38.549-0700] {logging_mixin.py:188} INFO - [2025-10-30T21:16:38.549-0700] {dag.py:3947} INFO - Setting next_dagrun for example_task_group_decorator to 2025-10-30 00:00:00+00:00, run_after=2025-10-31 00:00:00+00:00
[2025-10-30T21:16:38.733-0700] {processor.py:183} INFO - Processing /usr/local/lib/python3.10/dist-packages/airflow/example_dags/example_task_group_decorator.py took 0.396 seconds
[2025-10-30T21:18:00.463-0700] {processor.py:161} INFO - Started process (PID=1625) to work on /usr/local/lib/python3.10/dist-packages/airflow/example_dags/example_task_group_decorator.py
[2025-10-30T21:18:00.465-0700] {processor.py:830} INFO - Processing file /usr/local/lib/python3.10/dist-packages/airflow/example_dags/example_task_group_decorator.py for tasks to queue
[2025-10-30T21:18:00.470-0700] {logging_mixin.py:188} INFO - [2025-10-30T21:18:00.469-0700] {dagbag.py:545} INFO - Filling up the DagBag from /usr/local/lib/python3.10/dist-packages/airflow/example_dags/example_task_group_decorator.py
[2025-10-30T21:18:00.496-0700] {processor.py:840} INFO - DAG(s) 'example_task_group_decorator' retrieved from /usr/local/lib/python3.10/dist-packages/airflow/example_dags/example_task_group_decorator.py
[2025-10-30T21:18:00.554-0700] {logging_mixin.py:188} INFO - [2025-10-30T21:18:00.553-0700] {dag.py:3089} INFO - Sync 1 DAGs
[2025-10-30T21:18:00.593-0700] {logging_mixin.py:188} INFO - [2025-10-30T21:18:00.593-0700] {dag.py:3947} INFO - Setting next_dagrun for example_task_group_decorator to 2025-10-30 00:00:00+00:00, run_after=2025-10-31 00:00:00+00:00
[2025-10-30T21:18:00.701-0700] {processor.py:183} INFO - Processing /usr/local/lib/python3.10/dist-packages/airflow/example_dags/example_task_group_decorator.py took 0.244 seconds
[2025-10-30T21:19:23.176-0700] {processor.py:161} INFO - Started process (PID=1700) to work on /usr/local/lib/python3.10/dist-packages/airflow/example_dags/example_task_group_decorator.py
[2025-10-30T21:19:23.178-0700] {processor.py:830} INFO - Processing file /usr/local/lib/python3.10/dist-packages/airflow/example_dags/example_task_group_decorator.py for tasks to queue
[2025-10-30T21:19:23.181-0700] {logging_mixin.py:188} INFO - [2025-10-30T21:19:23.180-0700] {dagbag.py:545} INFO - Filling up the DagBag from /usr/local/lib/python3.10/dist-packages/airflow/example_dags/example_task_group_decorator.py
[2025-10-30T21:19:23.196-0700] {processor.py:840} INFO - DAG(s) 'example_task_group_decorator' retrieved from /usr/local/lib/python3.10/dist-packages/airflow/example_dags/example_task_group_decorator.py
[2025-10-30T21:19:23.243-0700] {logging_mixin.py:188} INFO - [2025-10-30T21:19:23.243-0700] {dag.py:3089} INFO - Sync 1 DAGs
[2025-10-30T21:19:23.284-0700] {logging_mixin.py:188} INFO - [2025-10-30T21:19:23.284-0700] {dag.py:3947} INFO - Setting next_dagrun for example_task_group_decorator to 2025-10-30 00:00:00+00:00, run_after=2025-10-31 00:00:00+00:00
[2025-10-30T21:19:23.415-0700] {processor.py:183} INFO - Processing /usr/local/lib/python3.10/dist-packages/airflow/example_dags/example_task_group_decorator.py took 0.246 seconds
[2025-10-30T21:20:47.300-0700] {processor.py:161} INFO - Started process (PID=1777) to work on /usr/local/lib/python3.10/dist-packages/airflow/example_dags/example_task_group_decorator.py
[2025-10-30T21:20:47.302-0700] {processor.py:830} INFO - Processing file /usr/local/lib/python3.10/dist-packages/airflow/example_dags/example_task_group_decorator.py for tasks to queue
[2025-10-30T21:20:47.305-0700] {logging_mixin.py:188} INFO - [2025-10-30T21:20:47.305-0700] {dagbag.py:545} INFO - Filling up the DagBag from /usr/local/lib/python3.10/dist-packages/airflow/example_dags/example_task_group_decorator.py
[2025-10-30T21:20:47.321-0700] {processor.py:840} INFO - DAG(s) 'example_task_group_decorator' retrieved from /usr/local/lib/python3.10/dist-packages/airflow/example_dags/example_task_group_decorator.py
[2025-10-30T21:20:47.360-0700] {logging_mixin.py:188} INFO - [2025-10-30T21:20:47.359-0700] {dag.py:3089} INFO - Sync 1 DAGs
[2025-10-30T21:20:47.397-0700] {logging_mixin.py:188} INFO - [2025-10-30T21:20:47.397-0700] {dag.py:3947} INFO - Setting next_dagrun for example_task_group_decorator to 2025-10-30 00:00:00+00:00, run_after=2025-10-31 00:00:00+00:00
[2025-10-30T21:20:47.478-0700] {processor.py:183} INFO - Processing /usr/local/lib/python3.10/dist-packages/airflow/example_dags/example_task_group_decorator.py took 0.185 seconds
[2025-10-30T21:22:06.355-0700] {processor.py:161} INFO - Started process (PID=1860) to work on /usr/local/lib/python3.10/dist-packages/airflow/example_dags/example_task_group_decorator.py
[2025-10-30T21:22:06.357-0700] {processor.py:830} INFO - Processing file /usr/local/lib/python3.10/dist-packages/airflow/example_dags/example_task_group_decorator.py for tasks to queue
[2025-10-30T21:22:06.359-0700] {logging_mixin.py:188} INFO - [2025-10-30T21:22:06.359-0700] {dagbag.py:545} INFO - Filling up the DagBag from /usr/local/lib/python3.10/dist-packages/airflow/example_dags/example_task_group_decorator.py
[2025-10-30T21:22:06.374-0700] {processor.py:840} INFO - DAG(s) 'example_task_group_decorator' retrieved from /usr/local/lib/python3.10/dist-packages/airflow/example_dags/example_task_group_decorator.py
[2025-10-30T21:22:06.418-0700] {logging_mixin.py:188} INFO - [2025-10-30T21:22:06.418-0700] {dag.py:3089} INFO - Sync 1 DAGs
[2025-10-30T21:22:06.448-0700] {logging_mixin.py:188} INFO - [2025-10-30T21:22:06.448-0700] {dag.py:3947} INFO - Setting next_dagrun for example_task_group_decorator to 2025-10-30 00:00:00+00:00, run_after=2025-10-31 00:00:00+00:00
[2025-10-30T21:22:06.564-0700] {processor.py:183} INFO - Processing /usr/local/lib/python3.10/dist-packages/airflow/example_dags/example_task_group_decorator.py took 0.217 seconds
[2025-10-30T21:23:28.638-0700] {processor.py:161} INFO - Started process (PID=1944) to work on /usr/local/lib/python3.10/dist-packages/airflow/example_dags/example_task_group_decorator.py
[2025-10-30T21:23:28.640-0700] {processor.py:830} INFO - Processing file /usr/local/lib/python3.10/dist-packages/airflow/example_dags/example_task_group_decorator.py for tasks to queue
[2025-10-30T21:23:28.643-0700] {logging_mixin.py:188} INFO - [2025-10-30T21:23:28.642-0700] {dagbag.py:545} INFO - Filling up the DagBag from /usr/local/lib/python3.10/dist-packages/airflow/example_dags/example_task_group_decorator.py
[2025-10-30T21:23:28.658-0700] {processor.py:840} INFO - DAG(s) 'example_task_group_decorator' retrieved from /usr/local/lib/python3.10/dist-packages/airflow/example_dags/example_task_group_decorator.py
[2025-10-30T21:23:28.707-0700] {logging_mixin.py:188} INFO - [2025-10-30T21:23:28.707-0700] {dag.py:3089} INFO - Sync 1 DAGs
[2025-10-30T21:23:28.749-0700] {logging_mixin.py:188} INFO - [2025-10-30T21:23:28.748-0700] {dag.py:3947} INFO - Setting next_dagrun for example_task_group_decorator to 2025-10-30 00:00:00+00:00, run_after=2025-10-31 00:00:00+00:00
[2025-10-30T21:23:28.935-0700] {processor.py:183} INFO - Processing /usr/local/lib/python3.10/dist-packages/airflow/example_dags/example_task_group_decorator.py took 0.307 seconds
[2025-10-30T21:24:47.878-0700] {processor.py:161} INFO - Started process (PID=2018) to work on /usr/local/lib/python3.10/dist-packages/airflow/example_dags/example_task_group_decorator.py
[2025-10-30T21:24:47.880-0700] {processor.py:830} INFO - Processing file /usr/local/lib/python3.10/dist-packages/airflow/example_dags/example_task_group_decorator.py for tasks to queue
[2025-10-30T21:24:47.882-0700] {logging_mixin.py:188} INFO - [2025-10-30T21:24:47.882-0700] {dagbag.py:545} INFO - Filling up the DagBag from /usr/local/lib/python3.10/dist-packages/airflow/example_dags/example_task_group_decorator.py
[2025-10-30T21:24:47.896-0700] {processor.py:840} INFO - DAG(s) 'example_task_group_decorator' retrieved from /usr/local/lib/python3.10/dist-packages/airflow/example_dags/example_task_group_decorator.py
[2025-10-30T21:24:47.941-0700] {logging_mixin.py:188} INFO - [2025-10-30T21:24:47.941-0700] {dag.py:3089} INFO - Sync 1 DAGs
[2025-10-30T21:24:47.972-0700] {logging_mixin.py:188} INFO - [2025-10-30T21:24:47.972-0700] {dag.py:3947} INFO - Setting next_dagrun for example_task_group_decorator to 2025-10-30 00:00:00+00:00, run_after=2025-10-31 00:00:00+00:00
[2025-10-30T21:24:48.067-0700] {processor.py:183} INFO - Processing /usr/local/lib/python3.10/dist-packages/airflow/example_dags/example_task_group_decorator.py took 0.204 seconds
[2025-10-30T21:26:12.607-0700] {processor.py:161} INFO - Started process (PID=2094) to work on /usr/local/lib/python3.10/dist-packages/airflow/example_dags/example_task_group_decorator.py
[2025-10-30T21:26:12.609-0700] {processor.py:830} INFO - Processing file /usr/local/lib/python3.10/dist-packages/airflow/example_dags/example_task_group_decorator.py for tasks to queue
[2025-10-30T21:26:12.612-0700] {logging_mixin.py:188} INFO - [2025-10-30T21:26:12.611-0700] {dagbag.py:545} INFO - Filling up the DagBag from /usr/local/lib/python3.10/dist-packages/airflow/example_dags/example_task_group_decorator.py
[2025-10-30T21:26:12.625-0700] {processor.py:840} INFO - DAG(s) 'example_task_group_decorator' retrieved from /usr/local/lib/python3.10/dist-packages/airflow/example_dags/example_task_group_decorator.py
[2025-10-30T21:26:12.670-0700] {logging_mixin.py:188} INFO - [2025-10-30T21:26:12.670-0700] {dag.py:3089} INFO - Sync 1 DAGs
[2025-10-30T21:26:12.710-0700] {logging_mixin.py:188} INFO - [2025-10-30T21:26:12.709-0700] {dag.py:3947} INFO - Setting next_dagrun for example_task_group_decorator to 2025-10-30 00:00:00+00:00, run_after=2025-10-31 00:00:00+00:00
[2025-10-30T21:26:12.804-0700] {processor.py:183} INFO - Processing /usr/local/lib/python3.10/dist-packages/airflow/example_dags/example_task_group_decorator.py took 0.205 seconds
[2025-10-30T21:27:35.139-0700] {processor.py:161} INFO - Started process (PID=2170) to work on /usr/local/lib/python3.10/dist-packages/airflow/example_dags/example_task_group_decorator.py
[2025-10-30T21:27:35.143-0700] {processor.py:830} INFO - Processing file /usr/local/lib/python3.10/dist-packages/airflow/example_dags/example_task_group_decorator.py for tasks to queue
[2025-10-30T21:27:35.146-0700] {logging_mixin.py:188} INFO - [2025-10-30T21:27:35.145-0700] {dagbag.py:545} INFO - Filling up the DagBag from /usr/local/lib/python3.10/dist-packages/airflow/example_dags/example_task_group_decorator.py
[2025-10-30T21:27:35.170-0700] {processor.py:840} INFO - DAG(s) 'example_task_group_decorator' retrieved from /usr/local/lib/python3.10/dist-packages/airflow/example_dags/example_task_group_decorator.py
[2025-10-30T21:27:35.221-0700] {logging_mixin.py:188} INFO - [2025-10-30T21:27:35.221-0700] {dag.py:3089} INFO - Sync 1 DAGs
[2025-10-30T21:27:35.284-0700] {logging_mixin.py:188} INFO - [2025-10-30T21:27:35.284-0700] {dag.py:3947} INFO - Setting next_dagrun for example_task_group_decorator to 2025-10-30 00:00:00+00:00, run_after=2025-10-31 00:00:00+00:00
[2025-10-30T21:27:35.431-0700] {processor.py:183} INFO - Processing /usr/local/lib/python3.10/dist-packages/airflow/example_dags/example_task_group_decorator.py took 0.308 seconds
[2025-10-30T21:28:57.551-0700] {processor.py:161} INFO - Started process (PID=2245) to work on /usr/local/lib/python3.10/dist-packages/airflow/example_dags/example_task_group_decorator.py
[2025-10-30T21:28:57.554-0700] {processor.py:830} INFO - Processing file /usr/local/lib/python3.10/dist-packages/airflow/example_dags/example_task_group_decorator.py for tasks to queue
[2025-10-30T21:28:57.559-0700] {logging_mixin.py:188} INFO - [2025-10-30T21:28:57.558-0700] {dagbag.py:545} INFO - Filling up the DagBag from /usr/local/lib/python3.10/dist-packages/airflow/example_dags/example_task_group_decorator.py
[2025-10-30T21:28:57.587-0700] {processor.py:840} INFO - DAG(s) 'example_task_group_decorator' retrieved from /usr/local/lib/python3.10/dist-packages/airflow/example_dags/example_task_group_decorator.py
[2025-10-30T21:28:57.676-0700] {logging_mixin.py:188} INFO - [2025-10-30T21:28:57.676-0700] {dag.py:3089} INFO - Sync 1 DAGs
[2025-10-30T21:28:57.717-0700] {logging_mixin.py:188} INFO - [2025-10-30T21:28:57.717-0700] {dag.py:3947} INFO - Setting next_dagrun for example_task_group_decorator to 2025-10-30 00:00:00+00:00, run_after=2025-10-31 00:00:00+00:00
[2025-10-30T21:28:57.889-0700] {processor.py:183} INFO - Processing /usr/local/lib/python3.10/dist-packages/airflow/example_dags/example_task_group_decorator.py took 0.353 seconds
[2025-10-30T21:30:21.754-0700] {processor.py:161} INFO - Started process (PID=2320) to work on /usr/local/lib/python3.10/dist-packages/airflow/example_dags/example_task_group_decorator.py
[2025-10-30T21:30:21.756-0700] {processor.py:830} INFO - Processing file /usr/local/lib/python3.10/dist-packages/airflow/example_dags/example_task_group_decorator.py for tasks to queue
[2025-10-30T21:30:21.760-0700] {logging_mixin.py:188} INFO - [2025-10-30T21:30:21.759-0700] {dagbag.py:545} INFO - Filling up the DagBag from /usr/local/lib/python3.10/dist-packages/airflow/example_dags/example_task_group_decorator.py
[2025-10-30T21:30:21.783-0700] {processor.py:840} INFO - DAG(s) 'example_task_group_decorator' retrieved from /usr/local/lib/python3.10/dist-packages/airflow/example_dags/example_task_group_decorator.py
[2025-10-30T21:30:21.827-0700] {logging_mixin.py:188} INFO - [2025-10-30T21:30:21.827-0700] {dag.py:3089} INFO - Sync 1 DAGs
[2025-10-30T21:30:21.875-0700] {logging_mixin.py:188} INFO - [2025-10-30T21:30:21.875-0700] {dag.py:3947} INFO - Setting next_dagrun for example_task_group_decorator to 2025-10-30 00:00:00+00:00, run_after=2025-10-31 00:00:00+00:00
[2025-10-30T21:30:22.041-0700] {processor.py:183} INFO - Processing /usr/local/lib/python3.10/dist-packages/airflow/example_dags/example_task_group_decorator.py took 0.299 seconds
[2025-10-30T21:31:42.283-0700] {processor.py:161} INFO - Started process (PID=2394) to work on /usr/local/lib/python3.10/dist-packages/airflow/example_dags/example_task_group_decorator.py
[2025-10-30T21:31:42.285-0700] {processor.py:830} INFO - Processing file /usr/local/lib/python3.10/dist-packages/airflow/example_dags/example_task_group_decorator.py for tasks to queue
[2025-10-30T21:31:42.289-0700] {logging_mixin.py:188} INFO - [2025-10-30T21:31:42.288-0700] {dagbag.py:545} INFO - Filling up the DagBag from /usr/local/lib/python3.10/dist-packages/airflow/example_dags/example_task_group_decorator.py
[2025-10-30T21:31:42.308-0700] {processor.py:840} INFO - DAG(s) 'example_task_group_decorator' retrieved from /usr/local/lib/python3.10/dist-packages/airflow/example_dags/example_task_group_decorator.py
[2025-10-30T21:31:42.357-0700] {logging_mixin.py:188} INFO - [2025-10-30T21:31:42.356-0700] {dag.py:3089} INFO - Sync 1 DAGs
[2025-10-30T21:31:42.529-0700] {logging_mixin.py:188} INFO - [2025-10-30T21:31:42.529-0700] {dag.py:3947} INFO - Setting next_dagrun for example_task_group_decorator to 2025-10-30 00:00:00+00:00, run_after=2025-10-31 00:00:00+00:00
[2025-10-30T21:31:42.811-0700] {processor.py:183} INFO - Processing /usr/local/lib/python3.10/dist-packages/airflow/example_dags/example_task_group_decorator.py took 0.535 seconds
[2025-10-30T21:33:02.253-0700] {processor.py:161} INFO - Started process (PID=2473) to work on /usr/local/lib/python3.10/dist-packages/airflow/example_dags/example_task_group_decorator.py
[2025-10-30T21:33:02.256-0700] {processor.py:830} INFO - Processing file /usr/local/lib/python3.10/dist-packages/airflow/example_dags/example_task_group_decorator.py for tasks to queue
[2025-10-30T21:33:02.259-0700] {logging_mixin.py:188} INFO - [2025-10-30T21:33:02.258-0700] {dagbag.py:545} INFO - Filling up the DagBag from /usr/local/lib/python3.10/dist-packages/airflow/example_dags/example_task_group_decorator.py
[2025-10-30T21:33:02.279-0700] {processor.py:840} INFO - DAG(s) 'example_task_group_decorator' retrieved from /usr/local/lib/python3.10/dist-packages/airflow/example_dags/example_task_group_decorator.py
[2025-10-30T21:33:02.347-0700] {logging_mixin.py:188} INFO - [2025-10-30T21:33:02.347-0700] {dag.py:3089} INFO - Sync 1 DAGs
[2025-10-30T21:33:02.395-0700] {logging_mixin.py:188} INFO - [2025-10-30T21:33:02.395-0700] {dag.py:3947} INFO - Setting next_dagrun for example_task_group_decorator to 2025-10-30 00:00:00+00:00, run_after=2025-10-31 00:00:00+00:00
[2025-10-30T21:33:02.562-0700] {processor.py:183} INFO - Processing /usr/local/lib/python3.10/dist-packages/airflow/example_dags/example_task_group_decorator.py took 0.317 seconds
[2025-10-30T21:34:57.167-0700] {processor.py:161} INFO - Started process (PID=2550) to work on /usr/local/lib/python3.10/dist-packages/airflow/example_dags/example_task_group_decorator.py
[2025-10-30T21:34:57.169-0700] {processor.py:830} INFO - Processing file /usr/local/lib/python3.10/dist-packages/airflow/example_dags/example_task_group_decorator.py for tasks to queue
[2025-10-30T21:34:57.172-0700] {logging_mixin.py:188} INFO - [2025-10-30T21:34:57.172-0700] {dagbag.py:545} INFO - Filling up the DagBag from /usr/local/lib/python3.10/dist-packages/airflow/example_dags/example_task_group_decorator.py
[2025-10-30T21:34:57.197-0700] {processor.py:840} INFO - DAG(s) 'example_task_group_decorator' retrieved from /usr/local/lib/python3.10/dist-packages/airflow/example_dags/example_task_group_decorator.py
[2025-10-30T21:34:57.246-0700] {logging_mixin.py:188} INFO - [2025-10-30T21:34:57.246-0700] {dag.py:3089} INFO - Sync 1 DAGs
[2025-10-30T21:34:57.281-0700] {logging_mixin.py:188} INFO - [2025-10-30T21:34:57.280-0700] {dag.py:3947} INFO - Setting next_dagrun for example_task_group_decorator to 2025-10-30 00:00:00+00:00, run_after=2025-10-31 00:00:00+00:00
[2025-10-30T21:34:57.386-0700] {processor.py:183} INFO - Processing /usr/local/lib/python3.10/dist-packages/airflow/example_dags/example_task_group_decorator.py took 0.228 seconds
[2025-10-30T21:36:22.344-0700] {processor.py:161} INFO - Started process (PID=2636) to work on /usr/local/lib/python3.10/dist-packages/airflow/example_dags/example_task_group_decorator.py
[2025-10-30T21:36:22.345-0700] {processor.py:830} INFO - Processing file /usr/local/lib/python3.10/dist-packages/airflow/example_dags/example_task_group_decorator.py for tasks to queue
[2025-10-30T21:36:22.349-0700] {logging_mixin.py:188} INFO - [2025-10-30T21:36:22.348-0700] {dagbag.py:545} INFO - Filling up the DagBag from /usr/local/lib/python3.10/dist-packages/airflow/example_dags/example_task_group_decorator.py
[2025-10-30T21:36:22.374-0700] {processor.py:840} INFO - DAG(s) 'example_task_group_decorator' retrieved from /usr/local/lib/python3.10/dist-packages/airflow/example_dags/example_task_group_decorator.py
[2025-10-30T21:36:22.421-0700] {logging_mixin.py:188} INFO - [2025-10-30T21:36:22.421-0700] {dag.py:3089} INFO - Sync 1 DAGs
[2025-10-30T21:36:22.528-0700] {logging_mixin.py:188} INFO - [2025-10-30T21:36:22.527-0700] {dag.py:3947} INFO - Setting next_dagrun for example_task_group_decorator to 2025-10-30 00:00:00+00:00, run_after=2025-10-31 00:00:00+00:00
[2025-10-30T21:36:22.641-0700] {processor.py:183} INFO - Processing /usr/local/lib/python3.10/dist-packages/airflow/example_dags/example_task_group_decorator.py took 0.316 seconds
[2025-10-30T21:38:01.314-0700] {processor.py:161} INFO - Started process (PID=2717) to work on /usr/local/lib/python3.10/dist-packages/airflow/example_dags/example_task_group_decorator.py
[2025-10-30T21:38:01.317-0700] {processor.py:830} INFO - Processing file /usr/local/lib/python3.10/dist-packages/airflow/example_dags/example_task_group_decorator.py for tasks to queue
[2025-10-30T21:38:01.321-0700] {logging_mixin.py:188} INFO - [2025-10-30T21:38:01.321-0700] {dagbag.py:545} INFO - Filling up the DagBag from /usr/local/lib/python3.10/dist-packages/airflow/example_dags/example_task_group_decorator.py
[2025-10-30T21:38:01.343-0700] {processor.py:840} INFO - DAG(s) 'example_task_group_decorator' retrieved from /usr/local/lib/python3.10/dist-packages/airflow/example_dags/example_task_group_decorator.py
[2025-10-30T21:38:01.399-0700] {logging_mixin.py:188} INFO - [2025-10-30T21:38:01.398-0700] {dag.py:3089} INFO - Sync 1 DAGs
[2025-10-30T21:38:01.493-0700] {logging_mixin.py:188} INFO - [2025-10-30T21:38:01.493-0700] {dag.py:3947} INFO - Setting next_dagrun for example_task_group_decorator to 2025-10-30 00:00:00+00:00, run_after=2025-10-31 00:00:00+00:00
[2025-10-30T21:38:01.607-0700] {processor.py:183} INFO - Processing /usr/local/lib/python3.10/dist-packages/airflow/example_dags/example_task_group_decorator.py took 0.308 seconds
[2025-10-30T21:39:32.374-0700] {processor.py:161} INFO - Started process (PID=2819) to work on /usr/local/lib/python3.10/dist-packages/airflow/example_dags/example_task_group_decorator.py
[2025-10-30T21:39:32.376-0700] {processor.py:830} INFO - Processing file /usr/local/lib/python3.10/dist-packages/airflow/example_dags/example_task_group_decorator.py for tasks to queue
[2025-10-30T21:39:32.379-0700] {logging_mixin.py:188} INFO - [2025-10-30T21:39:32.379-0700] {dagbag.py:545} INFO - Filling up the DagBag from /usr/local/lib/python3.10/dist-packages/airflow/example_dags/example_task_group_decorator.py
[2025-10-30T21:39:32.408-0700] {processor.py:840} INFO - DAG(s) 'example_task_group_decorator' retrieved from /usr/local/lib/python3.10/dist-packages/airflow/example_dags/example_task_group_decorator.py
[2025-10-30T21:39:32.474-0700] {logging_mixin.py:188} INFO - [2025-10-30T21:39:32.473-0700] {dag.py:3089} INFO - Sync 1 DAGs
[2025-10-30T21:39:32.523-0700] {logging_mixin.py:188} INFO - [2025-10-30T21:39:32.522-0700] {dag.py:3947} INFO - Setting next_dagrun for example_task_group_decorator to 2025-10-30 00:00:00+00:00, run_after=2025-10-31 00:00:00+00:00
[2025-10-30T21:39:32.707-0700] {processor.py:183} INFO - Processing /usr/local/lib/python3.10/dist-packages/airflow/example_dags/example_task_group_decorator.py took 0.344 seconds
[2025-10-30T21:41:02.423-0700] {processor.py:161} INFO - Started process (PID=2897) to work on /usr/local/lib/python3.10/dist-packages/airflow/example_dags/example_task_group_decorator.py
[2025-10-30T21:41:02.425-0700] {processor.py:830} INFO - Processing file /usr/local/lib/python3.10/dist-packages/airflow/example_dags/example_task_group_decorator.py for tasks to queue
[2025-10-30T21:41:02.427-0700] {logging_mixin.py:188} INFO - [2025-10-30T21:41:02.427-0700] {dagbag.py:545} INFO - Filling up the DagBag from /usr/local/lib/python3.10/dist-packages/airflow/example_dags/example_task_group_decorator.py
[2025-10-30T21:41:02.443-0700] {processor.py:840} INFO - DAG(s) 'example_task_group_decorator' retrieved from /usr/local/lib/python3.10/dist-packages/airflow/example_dags/example_task_group_decorator.py
[2025-10-30T21:41:02.488-0700] {logging_mixin.py:188} INFO - [2025-10-30T21:41:02.488-0700] {dag.py:3089} INFO - Sync 1 DAGs
[2025-10-30T21:41:02.531-0700] {logging_mixin.py:188} INFO - [2025-10-30T21:41:02.531-0700] {dag.py:3947} INFO - Setting next_dagrun for example_task_group_decorator to 2025-10-30 00:00:00+00:00, run_after=2025-10-31 00:00:00+00:00
[2025-10-30T21:41:02.679-0700] {processor.py:183} INFO - Processing /usr/local/lib/python3.10/dist-packages/airflow/example_dags/example_task_group_decorator.py took 0.263 seconds
[2025-10-30T21:42:33.272-0700] {processor.py:161} INFO - Started process (PID=2976) to work on /usr/local/lib/python3.10/dist-packages/airflow/example_dags/example_task_group_decorator.py
[2025-10-30T21:42:33.274-0700] {processor.py:830} INFO - Processing file /usr/local/lib/python3.10/dist-packages/airflow/example_dags/example_task_group_decorator.py for tasks to queue
[2025-10-30T21:42:33.277-0700] {logging_mixin.py:188} INFO - [2025-10-30T21:42:33.277-0700] {dagbag.py:545} INFO - Filling up the DagBag from /usr/local/lib/python3.10/dist-packages/airflow/example_dags/example_task_group_decorator.py
[2025-10-30T21:42:33.297-0700] {processor.py:840} INFO - DAG(s) 'example_task_group_decorator' retrieved from /usr/local/lib/python3.10/dist-packages/airflow/example_dags/example_task_group_decorator.py
[2025-10-30T21:42:33.351-0700] {logging_mixin.py:188} INFO - [2025-10-30T21:42:33.351-0700] {dag.py:3089} INFO - Sync 1 DAGs
[2025-10-30T21:42:33.396-0700] {logging_mixin.py:188} INFO - [2025-10-30T21:42:33.396-0700] {dag.py:3947} INFO - Setting next_dagrun for example_task_group_decorator to 2025-10-30 00:00:00+00:00, run_after=2025-10-31 00:00:00+00:00
[2025-10-30T21:42:33.538-0700] {processor.py:183} INFO - Processing /usr/local/lib/python3.10/dist-packages/airflow/example_dags/example_task_group_decorator.py took 0.273 seconds
[2025-10-30T21:44:00.255-0700] {processor.py:161} INFO - Started process (PID=3053) to work on /usr/local/lib/python3.10/dist-packages/airflow/example_dags/example_task_group_decorator.py
[2025-10-30T21:44:00.258-0700] {processor.py:830} INFO - Processing file /usr/local/lib/python3.10/dist-packages/airflow/example_dags/example_task_group_decorator.py for tasks to queue
[2025-10-30T21:44:00.261-0700] {logging_mixin.py:188} INFO - [2025-10-30T21:44:00.260-0700] {dagbag.py:545} INFO - Filling up the DagBag from /usr/local/lib/python3.10/dist-packages/airflow/example_dags/example_task_group_decorator.py
[2025-10-30T21:44:00.279-0700] {processor.py:840} INFO - DAG(s) 'example_task_group_decorator' retrieved from /usr/local/lib/python3.10/dist-packages/airflow/example_dags/example_task_group_decorator.py
[2025-10-30T21:44:00.339-0700] {logging_mixin.py:188} INFO - [2025-10-30T21:44:00.339-0700] {dag.py:3089} INFO - Sync 1 DAGs
[2025-10-30T21:44:00.376-0700] {logging_mixin.py:188} INFO - [2025-10-30T21:44:00.376-0700] {dag.py:3947} INFO - Setting next_dagrun for example_task_group_decorator to 2025-10-30 00:00:00+00:00, run_after=2025-10-31 00:00:00+00:00
[2025-10-30T21:44:00.523-0700] {processor.py:183} INFO - Processing /usr/local/lib/python3.10/dist-packages/airflow/example_dags/example_task_group_decorator.py took 0.278 seconds
[2025-10-30T21:45:47.758-0700] {processor.py:161} INFO - Started process (PID=3163) to work on /usr/local/lib/python3.10/dist-packages/airflow/example_dags/example_task_group_decorator.py
[2025-10-30T21:45:47.760-0700] {processor.py:830} INFO - Processing file /usr/local/lib/python3.10/dist-packages/airflow/example_dags/example_task_group_decorator.py for tasks to queue
[2025-10-30T21:45:47.763-0700] {logging_mixin.py:188} INFO - [2025-10-30T21:45:47.763-0700] {dagbag.py:545} INFO - Filling up the DagBag from /usr/local/lib/python3.10/dist-packages/airflow/example_dags/example_task_group_decorator.py
[2025-10-30T21:45:47.778-0700] {processor.py:840} INFO - DAG(s) 'example_task_group_decorator' retrieved from /usr/local/lib/python3.10/dist-packages/airflow/example_dags/example_task_group_decorator.py
[2025-10-30T21:45:47.830-0700] {logging_mixin.py:188} INFO - [2025-10-30T21:45:47.829-0700] {dag.py:3089} INFO - Sync 1 DAGs
[2025-10-30T21:45:47.888-0700] {logging_mixin.py:188} INFO - [2025-10-30T21:45:47.888-0700] {dag.py:3947} INFO - Setting next_dagrun for example_task_group_decorator to 2025-10-30 00:00:00+00:00, run_after=2025-10-31 00:00:00+00:00
[2025-10-30T21:45:48.073-0700] {processor.py:183} INFO - Processing /usr/local/lib/python3.10/dist-packages/airflow/example_dags/example_task_group_decorator.py took 0.327 seconds
[2025-10-30T21:47:14.960-0700] {processor.py:161} INFO - Started process (PID=3240) to work on /usr/local/lib/python3.10/dist-packages/airflow/example_dags/example_task_group_decorator.py
[2025-10-30T21:47:14.964-0700] {processor.py:830} INFO - Processing file /usr/local/lib/python3.10/dist-packages/airflow/example_dags/example_task_group_decorator.py for tasks to queue
[2025-10-30T21:47:14.969-0700] {logging_mixin.py:188} INFO - [2025-10-30T21:47:14.968-0700] {dagbag.py:545} INFO - Filling up the DagBag from /usr/local/lib/python3.10/dist-packages/airflow/example_dags/example_task_group_decorator.py
[2025-10-30T21:47:14.993-0700] {processor.py:840} INFO - DAG(s) 'example_task_group_decorator' retrieved from /usr/local/lib/python3.10/dist-packages/airflow/example_dags/example_task_group_decorator.py
[2025-10-30T21:47:15.039-0700] {logging_mixin.py:188} INFO - [2025-10-30T21:47:15.038-0700] {dag.py:3089} INFO - Sync 1 DAGs
[2025-10-30T21:47:15.085-0700] {logging_mixin.py:188} INFO - [2025-10-30T21:47:15.085-0700] {dag.py:3947} INFO - Setting next_dagrun for example_task_group_decorator to 2025-10-30 00:00:00+00:00, run_after=2025-10-31 00:00:00+00:00
[2025-10-30T21:47:15.210-0700] {processor.py:183} INFO - Processing /usr/local/lib/python3.10/dist-packages/airflow/example_dags/example_task_group_decorator.py took 0.267 seconds
[2025-10-30T21:50:23.517-0700] {processor.py:161} INFO - Started process (PID=3633) to work on /usr/local/lib/python3.10/dist-packages/airflow/example_dags/example_task_group_decorator.py
[2025-10-30T21:50:23.519-0700] {processor.py:830} INFO - Processing file /usr/local/lib/python3.10/dist-packages/airflow/example_dags/example_task_group_decorator.py for tasks to queue
[2025-10-30T21:50:23.522-0700] {logging_mixin.py:188} INFO - [2025-10-30T21:50:23.522-0700] {dagbag.py:545} INFO - Filling up the DagBag from /usr/local/lib/python3.10/dist-packages/airflow/example_dags/example_task_group_decorator.py
[2025-10-30T21:50:23.542-0700] {processor.py:840} INFO - DAG(s) 'example_task_group_decorator' retrieved from /usr/local/lib/python3.10/dist-packages/airflow/example_dags/example_task_group_decorator.py
[2025-10-30T21:50:23.585-0700] {logging_mixin.py:188} INFO - [2025-10-30T21:50:23.585-0700] {dag.py:3089} INFO - Sync 1 DAGs
[2025-10-30T21:50:23.629-0700] {logging_mixin.py:188} INFO - [2025-10-30T21:50:23.628-0700] {dag.py:3947} INFO - Setting next_dagrun for example_task_group_decorator to 2025-10-30 00:00:00+00:00, run_after=2025-10-31 00:00:00+00:00
[2025-10-30T21:50:23.750-0700] {processor.py:183} INFO - Processing /usr/local/lib/python3.10/dist-packages/airflow/example_dags/example_task_group_decorator.py took 0.241 seconds
[2025-10-30T21:51:48.207-0700] {processor.py:161} INFO - Started process (PID=3710) to work on /usr/local/lib/python3.10/dist-packages/airflow/example_dags/example_task_group_decorator.py
[2025-10-30T21:51:48.208-0700] {processor.py:830} INFO - Processing file /usr/local/lib/python3.10/dist-packages/airflow/example_dags/example_task_group_decorator.py for tasks to queue
[2025-10-30T21:51:48.216-0700] {logging_mixin.py:188} INFO - [2025-10-30T21:51:48.213-0700] {dagbag.py:545} INFO - Filling up the DagBag from /usr/local/lib/python3.10/dist-packages/airflow/example_dags/example_task_group_decorator.py
[2025-10-30T21:51:48.239-0700] {processor.py:840} INFO - DAG(s) 'example_task_group_decorator' retrieved from /usr/local/lib/python3.10/dist-packages/airflow/example_dags/example_task_group_decorator.py
[2025-10-30T21:51:48.288-0700] {logging_mixin.py:188} INFO - [2025-10-30T21:51:48.288-0700] {dag.py:3089} INFO - Sync 1 DAGs
[2025-10-30T21:51:48.324-0700] {logging_mixin.py:188} INFO - [2025-10-30T21:51:48.323-0700] {dag.py:3947} INFO - Setting next_dagrun for example_task_group_decorator to 2025-10-30 00:00:00+00:00, run_after=2025-10-31 00:00:00+00:00
[2025-10-30T21:51:48.412-0700] {processor.py:183} INFO - Processing /usr/local/lib/python3.10/dist-packages/airflow/example_dags/example_task_group_decorator.py took 0.214 seconds
[2025-10-30T21:53:16.234-0700] {processor.py:161} INFO - Started process (PID=3788) to work on /usr/local/lib/python3.10/dist-packages/airflow/example_dags/example_task_group_decorator.py
[2025-10-30T21:53:16.236-0700] {processor.py:830} INFO - Processing file /usr/local/lib/python3.10/dist-packages/airflow/example_dags/example_task_group_decorator.py for tasks to queue
[2025-10-30T21:53:16.239-0700] {logging_mixin.py:188} INFO - [2025-10-30T21:53:16.239-0700] {dagbag.py:545} INFO - Filling up the DagBag from /usr/local/lib/python3.10/dist-packages/airflow/example_dags/example_task_group_decorator.py
[2025-10-30T21:53:16.259-0700] {processor.py:840} INFO - DAG(s) 'example_task_group_decorator' retrieved from /usr/local/lib/python3.10/dist-packages/airflow/example_dags/example_task_group_decorator.py
[2025-10-30T21:53:16.310-0700] {logging_mixin.py:188} INFO - [2025-10-30T21:53:16.310-0700] {dag.py:3089} INFO - Sync 1 DAGs
[2025-10-30T21:53:16.364-0700] {logging_mixin.py:188} INFO - [2025-10-30T21:53:16.364-0700] {dag.py:3947} INFO - Setting next_dagrun for example_task_group_decorator to 2025-10-30 00:00:00+00:00, run_after=2025-10-31 00:00:00+00:00
[2025-10-30T21:53:16.500-0700] {processor.py:183} INFO - Processing /usr/local/lib/python3.10/dist-packages/airflow/example_dags/example_task_group_decorator.py took 0.277 seconds
[2025-10-30T21:55:38.404-0700] {processor.py:161} INFO - Started process (PID=4010) to work on /usr/local/lib/python3.10/dist-packages/airflow/example_dags/example_task_group_decorator.py
[2025-10-30T21:55:38.406-0700] {processor.py:830} INFO - Processing file /usr/local/lib/python3.10/dist-packages/airflow/example_dags/example_task_group_decorator.py for tasks to queue
[2025-10-30T21:55:38.409-0700] {logging_mixin.py:188} INFO - [2025-10-30T21:55:38.408-0700] {dagbag.py:545} INFO - Filling up the DagBag from /usr/local/lib/python3.10/dist-packages/airflow/example_dags/example_task_group_decorator.py
[2025-10-30T21:55:38.425-0700] {processor.py:840} INFO - DAG(s) 'example_task_group_decorator' retrieved from /usr/local/lib/python3.10/dist-packages/airflow/example_dags/example_task_group_decorator.py
[2025-10-30T21:55:38.484-0700] {logging_mixin.py:188} INFO - [2025-10-30T21:55:38.483-0700] {dag.py:3089} INFO - Sync 1 DAGs
[2025-10-30T21:55:38.519-0700] {logging_mixin.py:188} INFO - [2025-10-30T21:55:38.519-0700] {dag.py:3947} INFO - Setting next_dagrun for example_task_group_decorator to 2025-10-30 00:00:00+00:00, run_after=2025-10-31 00:00:00+00:00
[2025-10-30T21:55:38.633-0700] {processor.py:183} INFO - Processing /usr/local/lib/python3.10/dist-packages/airflow/example_dags/example_task_group_decorator.py took 0.237 seconds
[2025-10-30T21:56:45.653-0700] {processor.py:161} INFO - Started process (PID=4066) to work on /usr/local/lib/python3.10/dist-packages/airflow/example_dags/example_task_group_decorator.py
[2025-10-30T21:56:45.656-0700] {processor.py:830} INFO - Processing file /usr/local/lib/python3.10/dist-packages/airflow/example_dags/example_task_group_decorator.py for tasks to queue
[2025-10-30T21:56:45.659-0700] {logging_mixin.py:188} INFO - [2025-10-30T21:56:45.659-0700] {dagbag.py:545} INFO - Filling up the DagBag from /usr/local/lib/python3.10/dist-packages/airflow/example_dags/example_task_group_decorator.py
[2025-10-30T21:56:45.675-0700] {processor.py:840} INFO - DAG(s) 'example_task_group_decorator' retrieved from /usr/local/lib/python3.10/dist-packages/airflow/example_dags/example_task_group_decorator.py
[2025-10-30T21:56:45.744-0700] {logging_mixin.py:188} INFO - [2025-10-30T21:56:45.744-0700] {dag.py:3089} INFO - Sync 1 DAGs
[2025-10-30T21:56:45.811-0700] {logging_mixin.py:188} INFO - [2025-10-30T21:56:45.811-0700] {dag.py:3947} INFO - Setting next_dagrun for example_task_group_decorator to 2025-10-30 00:00:00+00:00, run_after=2025-10-31 00:00:00+00:00
[2025-10-30T21:56:45.958-0700] {processor.py:183} INFO - Processing /usr/local/lib/python3.10/dist-packages/airflow/example_dags/example_task_group_decorator.py took 0.314 seconds
[2025-10-30T21:58:11.026-0700] {processor.py:161} INFO - Started process (PID=4143) to work on /usr/local/lib/python3.10/dist-packages/airflow/example_dags/example_task_group_decorator.py
[2025-10-30T21:58:11.028-0700] {processor.py:830} INFO - Processing file /usr/local/lib/python3.10/dist-packages/airflow/example_dags/example_task_group_decorator.py for tasks to queue
[2025-10-30T21:58:11.030-0700] {logging_mixin.py:188} INFO - [2025-10-30T21:58:11.030-0700] {dagbag.py:545} INFO - Filling up the DagBag from /usr/local/lib/python3.10/dist-packages/airflow/example_dags/example_task_group_decorator.py
[2025-10-30T21:58:11.045-0700] {processor.py:840} INFO - DAG(s) 'example_task_group_decorator' retrieved from /usr/local/lib/python3.10/dist-packages/airflow/example_dags/example_task_group_decorator.py
[2025-10-30T21:58:11.078-0700] {logging_mixin.py:188} INFO - [2025-10-30T21:58:11.078-0700] {dag.py:3089} INFO - Sync 1 DAGs
[2025-10-30T21:58:11.113-0700] {logging_mixin.py:188} INFO - [2025-10-30T21:58:11.113-0700] {dag.py:3947} INFO - Setting next_dagrun for example_task_group_decorator to 2025-10-30 00:00:00+00:00, run_after=2025-10-31 00:00:00+00:00
[2025-10-30T21:58:11.219-0700] {processor.py:183} INFO - Processing /usr/local/lib/python3.10/dist-packages/airflow/example_dags/example_task_group_decorator.py took 0.202 seconds
[2025-10-30T21:59:31.979-0700] {processor.py:161} INFO - Started process (PID=4218) to work on /usr/local/lib/python3.10/dist-packages/airflow/example_dags/example_task_group_decorator.py
[2025-10-30T21:59:31.981-0700] {processor.py:830} INFO - Processing file /usr/local/lib/python3.10/dist-packages/airflow/example_dags/example_task_group_decorator.py for tasks to queue
[2025-10-30T21:59:31.984-0700] {logging_mixin.py:188} INFO - [2025-10-30T21:59:31.984-0700] {dagbag.py:545} INFO - Filling up the DagBag from /usr/local/lib/python3.10/dist-packages/airflow/example_dags/example_task_group_decorator.py
[2025-10-30T21:59:32.000-0700] {processor.py:840} INFO - DAG(s) 'example_task_group_decorator' retrieved from /usr/local/lib/python3.10/dist-packages/airflow/example_dags/example_task_group_decorator.py
[2025-10-30T21:59:32.065-0700] {logging_mixin.py:188} INFO - [2025-10-30T21:59:32.065-0700] {dag.py:3089} INFO - Sync 1 DAGs
[2025-10-30T21:59:32.123-0700] {logging_mixin.py:188} INFO - [2025-10-30T21:59:32.123-0700] {dag.py:3947} INFO - Setting next_dagrun for example_task_group_decorator to 2025-10-30 00:00:00+00:00, run_after=2025-10-31 00:00:00+00:00
[2025-10-30T21:59:32.311-0700] {processor.py:183} INFO - Processing /usr/local/lib/python3.10/dist-packages/airflow/example_dags/example_task_group_decorator.py took 0.340 seconds
[2025-10-30T22:00:58.472-0700] {processor.py:161} INFO - Started process (PID=4295) to work on /usr/local/lib/python3.10/dist-packages/airflow/example_dags/example_task_group_decorator.py
[2025-10-30T22:00:58.481-0700] {processor.py:830} INFO - Processing file /usr/local/lib/python3.10/dist-packages/airflow/example_dags/example_task_group_decorator.py for tasks to queue
[2025-10-30T22:00:58.485-0700] {logging_mixin.py:188} INFO - [2025-10-30T22:00:58.484-0700] {dagbag.py:545} INFO - Filling up the DagBag from /usr/local/lib/python3.10/dist-packages/airflow/example_dags/example_task_group_decorator.py
[2025-10-30T22:00:58.501-0700] {processor.py:840} INFO - DAG(s) 'example_task_group_decorator' retrieved from /usr/local/lib/python3.10/dist-packages/airflow/example_dags/example_task_group_decorator.py
[2025-10-30T22:00:58.544-0700] {logging_mixin.py:188} INFO - [2025-10-30T22:00:58.544-0700] {dag.py:3089} INFO - Sync 1 DAGs
[2025-10-30T22:00:58.578-0700] {logging_mixin.py:188} INFO - [2025-10-30T22:00:58.578-0700] {dag.py:3947} INFO - Setting next_dagrun for example_task_group_decorator to 2025-10-30 00:00:00+00:00, run_after=2025-10-31 00:00:00+00:00
[2025-10-30T22:00:58.677-0700] {processor.py:183} INFO - Processing /usr/local/lib/python3.10/dist-packages/airflow/example_dags/example_task_group_decorator.py took 0.214 seconds
[2025-10-30T22:02:19.784-0700] {processor.py:161} INFO - Started process (PID=4371) to work on /usr/local/lib/python3.10/dist-packages/airflow/example_dags/example_task_group_decorator.py
[2025-10-30T22:02:19.787-0700] {processor.py:830} INFO - Processing file /usr/local/lib/python3.10/dist-packages/airflow/example_dags/example_task_group_decorator.py for tasks to queue
[2025-10-30T22:02:19.790-0700] {logging_mixin.py:188} INFO - [2025-10-30T22:02:19.789-0700] {dagbag.py:545} INFO - Filling up the DagBag from /usr/local/lib/python3.10/dist-packages/airflow/example_dags/example_task_group_decorator.py
[2025-10-30T22:02:19.808-0700] {processor.py:840} INFO - DAG(s) 'example_task_group_decorator' retrieved from /usr/local/lib/python3.10/dist-packages/airflow/example_dags/example_task_group_decorator.py
[2025-10-30T22:02:19.848-0700] {logging_mixin.py:188} INFO - [2025-10-30T22:02:19.848-0700] {dag.py:3089} INFO - Sync 1 DAGs
[2025-10-30T22:02:19.887-0700] {logging_mixin.py:188} INFO - [2025-10-30T22:02:19.886-0700] {dag.py:3947} INFO - Setting next_dagrun for example_task_group_decorator to 2025-10-30 00:00:00+00:00, run_after=2025-10-31 00:00:00+00:00
[2025-10-30T22:02:19.993-0700] {processor.py:183} INFO - Processing /usr/local/lib/python3.10/dist-packages/airflow/example_dags/example_task_group_decorator.py took 0.217 seconds
[2025-10-30T22:03:46.170-0700] {processor.py:161} INFO - Started process (PID=4447) to work on /usr/local/lib/python3.10/dist-packages/airflow/example_dags/example_task_group_decorator.py
[2025-10-30T22:03:46.173-0700] {processor.py:830} INFO - Processing file /usr/local/lib/python3.10/dist-packages/airflow/example_dags/example_task_group_decorator.py for tasks to queue
[2025-10-30T22:03:46.175-0700] {logging_mixin.py:188} INFO - [2025-10-30T22:03:46.175-0700] {dagbag.py:545} INFO - Filling up the DagBag from /usr/local/lib/python3.10/dist-packages/airflow/example_dags/example_task_group_decorator.py
[2025-10-30T22:03:46.198-0700] {processor.py:840} INFO - DAG(s) 'example_task_group_decorator' retrieved from /usr/local/lib/python3.10/dist-packages/airflow/example_dags/example_task_group_decorator.py
[2025-10-30T22:03:46.271-0700] {logging_mixin.py:188} INFO - [2025-10-30T22:03:46.269-0700] {dag.py:3089} INFO - Sync 1 DAGs
[2025-10-30T22:03:46.321-0700] {logging_mixin.py:188} INFO - [2025-10-30T22:03:46.321-0700] {dag.py:3947} INFO - Setting next_dagrun for example_task_group_decorator to 2025-10-30 00:00:00+00:00, run_after=2025-10-31 00:00:00+00:00
[2025-10-30T22:03:46.498-0700] {processor.py:183} INFO - Processing /usr/local/lib/python3.10/dist-packages/airflow/example_dags/example_task_group_decorator.py took 0.338 seconds
