[2025-10-30T20:58:57.635-0700] {processor.py:161} INFO - Started process (PID=578) to work on /usr/local/lib/python3.10/dist-packages/airflow/example_dags/example_branch_operator.py
[2025-10-30T20:58:57.637-0700] {processor.py:830} INFO - Processing file /usr/local/lib/python3.10/dist-packages/airflow/example_dags/example_branch_operator.py for tasks to queue
[2025-10-30T20:58:57.639-0700] {logging_mixin.py:188} INFO - [2025-10-30T20:58:57.639-0700] {dagbag.py:545} INFO - Filling up the DagBag from /usr/local/lib/python3.10/dist-packages/airflow/example_dags/example_branch_operator.py
[2025-10-30T20:58:57.709-0700] {processor.py:842} WARNING - No viable dags retrieved from /usr/local/lib/python3.10/dist-packages/airflow/example_dags/example_branch_operator.py
[2025-10-30T20:58:57.735-0700] {processor.py:183} INFO - Processing /usr/local/lib/python3.10/dist-packages/airflow/example_dags/example_branch_operator.py took 0.114 seconds
[2025-10-30T21:00:13.031-0700] {processor.py:161} INFO - Started process (PID=654) to work on /usr/local/lib/python3.10/dist-packages/airflow/example_dags/example_branch_operator.py
[2025-10-30T21:00:13.032-0700] {processor.py:830} INFO - Processing file /usr/local/lib/python3.10/dist-packages/airflow/example_dags/example_branch_operator.py for tasks to queue
[2025-10-30T21:00:13.033-0700] {logging_mixin.py:188} INFO - [2025-10-30T21:00:13.033-0700] {dagbag.py:545} INFO - Filling up the DagBag from /usr/local/lib/python3.10/dist-packages/airflow/example_dags/example_branch_operator.py
[2025-10-30T21:00:13.076-0700] {processor.py:842} WARNING - No viable dags retrieved from /usr/local/lib/python3.10/dist-packages/airflow/example_dags/example_branch_operator.py
[2025-10-30T21:00:13.093-0700] {processor.py:183} INFO - Processing /usr/local/lib/python3.10/dist-packages/airflow/example_dags/example_branch_operator.py took 0.068 seconds
[2025-10-30T21:01:24.123-0700] {processor.py:161} INFO - Started process (PID=728) to work on /usr/local/lib/python3.10/dist-packages/airflow/example_dags/example_branch_operator.py
[2025-10-30T21:01:24.125-0700] {processor.py:830} INFO - Processing file /usr/local/lib/python3.10/dist-packages/airflow/example_dags/example_branch_operator.py for tasks to queue
[2025-10-30T21:01:24.126-0700] {logging_mixin.py:188} INFO - [2025-10-30T21:01:24.126-0700] {dagbag.py:545} INFO - Filling up the DagBag from /usr/local/lib/python3.10/dist-packages/airflow/example_dags/example_branch_operator.py
[2025-10-30T21:01:24.171-0700] {processor.py:842} WARNING - No viable dags retrieved from /usr/local/lib/python3.10/dist-packages/airflow/example_dags/example_branch_operator.py
[2025-10-30T21:01:24.195-0700] {processor.py:183} INFO - Processing /usr/local/lib/python3.10/dist-packages/airflow/example_dags/example_branch_operator.py took 0.076 seconds
[2025-10-30T21:02:29.868-0700] {processor.py:161} INFO - Started process (PID=803) to work on /usr/local/lib/python3.10/dist-packages/airflow/example_dags/example_branch_operator.py
[2025-10-30T21:02:29.869-0700] {processor.py:830} INFO - Processing file /usr/local/lib/python3.10/dist-packages/airflow/example_dags/example_branch_operator.py for tasks to queue
[2025-10-30T21:02:29.871-0700] {logging_mixin.py:188} INFO - [2025-10-30T21:02:29.870-0700] {dagbag.py:545} INFO - Filling up the DagBag from /usr/local/lib/python3.10/dist-packages/airflow/example_dags/example_branch_operator.py
[2025-10-30T21:02:29.951-0700] {processor.py:842} WARNING - No viable dags retrieved from /usr/local/lib/python3.10/dist-packages/airflow/example_dags/example_branch_operator.py
[2025-10-30T21:02:29.978-0700] {processor.py:183} INFO - Processing /usr/local/lib/python3.10/dist-packages/airflow/example_dags/example_branch_operator.py took 0.116 seconds
[2025-10-30T21:03:41.362-0700] {processor.py:161} INFO - Started process (PID=875) to work on /usr/local/lib/python3.10/dist-packages/airflow/example_dags/example_branch_operator.py
[2025-10-30T21:03:41.363-0700] {processor.py:830} INFO - Processing file /usr/local/lib/python3.10/dist-packages/airflow/example_dags/example_branch_operator.py for tasks to queue
[2025-10-30T21:03:41.364-0700] {logging_mixin.py:188} INFO - [2025-10-30T21:03:41.364-0700] {dagbag.py:545} INFO - Filling up the DagBag from /usr/local/lib/python3.10/dist-packages/airflow/example_dags/example_branch_operator.py
[2025-10-30T21:03:41.411-0700] {processor.py:842} WARNING - No viable dags retrieved from /usr/local/lib/python3.10/dist-packages/airflow/example_dags/example_branch_operator.py
[2025-10-30T21:03:41.431-0700] {processor.py:183} INFO - Processing /usr/local/lib/python3.10/dist-packages/airflow/example_dags/example_branch_operator.py took 0.074 seconds
[2025-10-30T21:04:54.463-0700] {processor.py:161} INFO - Started process (PID=950) to work on /usr/local/lib/python3.10/dist-packages/airflow/example_dags/example_branch_operator.py
[2025-10-30T21:04:54.465-0700] {processor.py:830} INFO - Processing file /usr/local/lib/python3.10/dist-packages/airflow/example_dags/example_branch_operator.py for tasks to queue
[2025-10-30T21:04:54.466-0700] {logging_mixin.py:188} INFO - [2025-10-30T21:04:54.466-0700] {dagbag.py:545} INFO - Filling up the DagBag from /usr/local/lib/python3.10/dist-packages/airflow/example_dags/example_branch_operator.py
[2025-10-30T21:04:54.545-0700] {processor.py:842} WARNING - No viable dags retrieved from /usr/local/lib/python3.10/dist-packages/airflow/example_dags/example_branch_operator.py
[2025-10-30T21:04:54.568-0700] {processor.py:183} INFO - Processing /usr/local/lib/python3.10/dist-packages/airflow/example_dags/example_branch_operator.py took 0.110 seconds
[2025-10-30T21:06:02.040-0700] {processor.py:161} INFO - Started process (PID=1020) to work on /usr/local/lib/python3.10/dist-packages/airflow/example_dags/example_branch_operator.py
[2025-10-30T21:06:02.043-0700] {processor.py:830} INFO - Processing file /usr/local/lib/python3.10/dist-packages/airflow/example_dags/example_branch_operator.py for tasks to queue
[2025-10-30T21:06:02.044-0700] {logging_mixin.py:188} INFO - [2025-10-30T21:06:02.043-0700] {dagbag.py:545} INFO - Filling up the DagBag from /usr/local/lib/python3.10/dist-packages/airflow/example_dags/example_branch_operator.py
[2025-10-30T21:06:02.158-0700] {processor.py:842} WARNING - No viable dags retrieved from /usr/local/lib/python3.10/dist-packages/airflow/example_dags/example_branch_operator.py
[2025-10-30T21:06:02.193-0700] {processor.py:183} INFO - Processing /usr/local/lib/python3.10/dist-packages/airflow/example_dags/example_branch_operator.py took 0.161 seconds
[2025-10-30T21:08:47.549-0700] {processor.py:161} INFO - Started process (PID=1124) to work on /usr/local/lib/python3.10/dist-packages/airflow/example_dags/example_branch_operator.py
[2025-10-30T21:08:47.550-0700] {processor.py:830} INFO - Processing file /usr/local/lib/python3.10/dist-packages/airflow/example_dags/example_branch_operator.py for tasks to queue
[2025-10-30T21:08:47.553-0700] {logging_mixin.py:188} INFO - [2025-10-30T21:08:47.552-0700] {dagbag.py:545} INFO - Filling up the DagBag from /usr/local/lib/python3.10/dist-packages/airflow/example_dags/example_branch_operator.py
[2025-10-30T21:08:47.611-0700] {processor.py:842} WARNING - No viable dags retrieved from /usr/local/lib/python3.10/dist-packages/airflow/example_dags/example_branch_operator.py
[2025-10-30T21:08:47.627-0700] {processor.py:183} INFO - Processing /usr/local/lib/python3.10/dist-packages/airflow/example_dags/example_branch_operator.py took 0.083 seconds
[2025-10-30T21:10:00.190-0700] {processor.py:161} INFO - Started process (PID=1195) to work on /usr/local/lib/python3.10/dist-packages/airflow/example_dags/example_branch_operator.py
[2025-10-30T21:10:00.193-0700] {processor.py:830} INFO - Processing file /usr/local/lib/python3.10/dist-packages/airflow/example_dags/example_branch_operator.py for tasks to queue
[2025-10-30T21:10:00.197-0700] {logging_mixin.py:188} INFO - [2025-10-30T21:10:00.197-0700] {dagbag.py:545} INFO - Filling up the DagBag from /usr/local/lib/python3.10/dist-packages/airflow/example_dags/example_branch_operator.py
[2025-10-30T21:10:00.296-0700] {processor.py:842} WARNING - No viable dags retrieved from /usr/local/lib/python3.10/dist-packages/airflow/example_dags/example_branch_operator.py
[2025-10-30T21:10:00.330-0700] {processor.py:183} INFO - Processing /usr/local/lib/python3.10/dist-packages/airflow/example_dags/example_branch_operator.py took 0.149 seconds
[2025-10-30T21:11:19.512-0700] {processor.py:161} INFO - Started process (PID=1270) to work on /usr/local/lib/python3.10/dist-packages/airflow/example_dags/example_branch_operator.py
[2025-10-30T21:11:19.514-0700] {processor.py:830} INFO - Processing file /usr/local/lib/python3.10/dist-packages/airflow/example_dags/example_branch_operator.py for tasks to queue
[2025-10-30T21:11:19.517-0700] {logging_mixin.py:188} INFO - [2025-10-30T21:11:19.516-0700] {dagbag.py:545} INFO - Filling up the DagBag from /usr/local/lib/python3.10/dist-packages/airflow/example_dags/example_branch_operator.py
[2025-10-30T21:11:19.620-0700] {processor.py:842} WARNING - No viable dags retrieved from /usr/local/lib/python3.10/dist-packages/airflow/example_dags/example_branch_operator.py
[2025-10-30T21:11:19.651-0700] {processor.py:183} INFO - Processing /usr/local/lib/python3.10/dist-packages/airflow/example_dags/example_branch_operator.py took 0.145 seconds
[2025-10-30T21:12:42.367-0700] {processor.py:161} INFO - Started process (PID=1354) to work on /usr/local/lib/python3.10/dist-packages/airflow/example_dags/example_branch_operator.py
[2025-10-30T21:12:42.369-0700] {processor.py:830} INFO - Processing file /usr/local/lib/python3.10/dist-packages/airflow/example_dags/example_branch_operator.py for tasks to queue
[2025-10-30T21:12:42.372-0700] {logging_mixin.py:188} INFO - [2025-10-30T21:12:42.371-0700] {dagbag.py:545} INFO - Filling up the DagBag from /usr/local/lib/python3.10/dist-packages/airflow/example_dags/example_branch_operator.py
[2025-10-30T21:12:42.516-0700] {processor.py:842} WARNING - No viable dags retrieved from /usr/local/lib/python3.10/dist-packages/airflow/example_dags/example_branch_operator.py
[2025-10-30T21:12:42.562-0700] {processor.py:183} INFO - Processing /usr/local/lib/python3.10/dist-packages/airflow/example_dags/example_branch_operator.py took 0.204 seconds
[2025-10-30T21:14:04.712-0700] {processor.py:161} INFO - Started process (PID=1432) to work on /usr/local/lib/python3.10/dist-packages/airflow/example_dags/example_branch_operator.py
[2025-10-30T21:14:04.714-0700] {processor.py:830} INFO - Processing file /usr/local/lib/python3.10/dist-packages/airflow/example_dags/example_branch_operator.py for tasks to queue
[2025-10-30T21:14:04.717-0700] {logging_mixin.py:188} INFO - [2025-10-30T21:14:04.717-0700] {dagbag.py:545} INFO - Filling up the DagBag from /usr/local/lib/python3.10/dist-packages/airflow/example_dags/example_branch_operator.py
[2025-10-30T21:14:04.881-0700] {processor.py:842} WARNING - No viable dags retrieved from /usr/local/lib/python3.10/dist-packages/airflow/example_dags/example_branch_operator.py
[2025-10-30T21:14:04.916-0700] {processor.py:183} INFO - Processing /usr/local/lib/python3.10/dist-packages/airflow/example_dags/example_branch_operator.py took 0.213 seconds
[2025-10-30T21:16:09.588-0700] {processor.py:161} INFO - Started process (PID=1521) to work on /usr/local/lib/python3.10/dist-packages/airflow/example_dags/example_branch_operator.py
[2025-10-30T21:16:09.590-0700] {processor.py:830} INFO - Processing file /usr/local/lib/python3.10/dist-packages/airflow/example_dags/example_branch_operator.py for tasks to queue
[2025-10-30T21:16:09.593-0700] {logging_mixin.py:188} INFO - [2025-10-30T21:16:09.592-0700] {dagbag.py:545} INFO - Filling up the DagBag from /usr/local/lib/python3.10/dist-packages/airflow/example_dags/example_branch_operator.py
[2025-10-30T21:16:09.707-0700] {processor.py:842} WARNING - No viable dags retrieved from /usr/local/lib/python3.10/dist-packages/airflow/example_dags/example_branch_operator.py
[2025-10-30T21:16:09.748-0700] {processor.py:183} INFO - Processing /usr/local/lib/python3.10/dist-packages/airflow/example_dags/example_branch_operator.py took 0.169 seconds
[2025-10-30T21:17:32.496-0700] {processor.py:161} INFO - Started process (PID=1598) to work on /usr/local/lib/python3.10/dist-packages/airflow/example_dags/example_branch_operator.py
[2025-10-30T21:17:32.497-0700] {processor.py:830} INFO - Processing file /usr/local/lib/python3.10/dist-packages/airflow/example_dags/example_branch_operator.py for tasks to queue
[2025-10-30T21:17:32.500-0700] {logging_mixin.py:188} INFO - [2025-10-30T21:17:32.500-0700] {dagbag.py:545} INFO - Filling up the DagBag from /usr/local/lib/python3.10/dist-packages/airflow/example_dags/example_branch_operator.py
[2025-10-30T21:17:32.599-0700] {processor.py:842} WARNING - No viable dags retrieved from /usr/local/lib/python3.10/dist-packages/airflow/example_dags/example_branch_operator.py
[2025-10-30T21:17:32.635-0700] {processor.py:183} INFO - Processing /usr/local/lib/python3.10/dist-packages/airflow/example_dags/example_branch_operator.py took 0.149 seconds
[2025-10-30T21:18:57.160-0700] {processor.py:161} INFO - Started process (PID=1673) to work on /usr/local/lib/python3.10/dist-packages/airflow/example_dags/example_branch_operator.py
[2025-10-30T21:18:57.162-0700] {processor.py:830} INFO - Processing file /usr/local/lib/python3.10/dist-packages/airflow/example_dags/example_branch_operator.py for tasks to queue
[2025-10-30T21:18:57.165-0700] {logging_mixin.py:188} INFO - [2025-10-30T21:18:57.165-0700] {dagbag.py:545} INFO - Filling up the DagBag from /usr/local/lib/python3.10/dist-packages/airflow/example_dags/example_branch_operator.py
[2025-10-30T21:18:57.304-0700] {processor.py:842} WARNING - No viable dags retrieved from /usr/local/lib/python3.10/dist-packages/airflow/example_dags/example_branch_operator.py
[2025-10-30T21:18:57.342-0700] {processor.py:183} INFO - Processing /usr/local/lib/python3.10/dist-packages/airflow/example_dags/example_branch_operator.py took 0.189 seconds
[2025-10-30T21:20:20.653-0700] {processor.py:161} INFO - Started process (PID=1750) to work on /usr/local/lib/python3.10/dist-packages/airflow/example_dags/example_branch_operator.py
[2025-10-30T21:20:20.655-0700] {processor.py:830} INFO - Processing file /usr/local/lib/python3.10/dist-packages/airflow/example_dags/example_branch_operator.py for tasks to queue
[2025-10-30T21:20:20.658-0700] {logging_mixin.py:188} INFO - [2025-10-30T21:20:20.657-0700] {dagbag.py:545} INFO - Filling up the DagBag from /usr/local/lib/python3.10/dist-packages/airflow/example_dags/example_branch_operator.py
[2025-10-30T21:20:20.794-0700] {processor.py:842} WARNING - No viable dags retrieved from /usr/local/lib/python3.10/dist-packages/airflow/example_dags/example_branch_operator.py
[2025-10-30T21:20:20.824-0700] {processor.py:183} INFO - Processing /usr/local/lib/python3.10/dist-packages/airflow/example_dags/example_branch_operator.py took 0.178 seconds
[2025-10-30T21:21:40.917-0700] {processor.py:161} INFO - Started process (PID=1834) to work on /usr/local/lib/python3.10/dist-packages/airflow/example_dags/example_branch_operator.py
[2025-10-30T21:21:40.919-0700] {processor.py:830} INFO - Processing file /usr/local/lib/python3.10/dist-packages/airflow/example_dags/example_branch_operator.py for tasks to queue
[2025-10-30T21:21:40.923-0700] {logging_mixin.py:188} INFO - [2025-10-30T21:21:40.923-0700] {dagbag.py:545} INFO - Filling up the DagBag from /usr/local/lib/python3.10/dist-packages/airflow/example_dags/example_branch_operator.py
[2025-10-30T21:21:41.050-0700] {processor.py:842} WARNING - No viable dags retrieved from /usr/local/lib/python3.10/dist-packages/airflow/example_dags/example_branch_operator.py
[2025-10-30T21:21:41.086-0700] {processor.py:183} INFO - Processing /usr/local/lib/python3.10/dist-packages/airflow/example_dags/example_branch_operator.py took 0.178 seconds
[2025-10-30T21:23:02.479-0700] {processor.py:161} INFO - Started process (PID=1908) to work on /usr/local/lib/python3.10/dist-packages/airflow/example_dags/example_branch_operator.py
[2025-10-30T21:23:02.485-0700] {processor.py:830} INFO - Processing file /usr/local/lib/python3.10/dist-packages/airflow/example_dags/example_branch_operator.py for tasks to queue
[2025-10-30T21:23:02.500-0700] {logging_mixin.py:188} INFO - [2025-10-30T21:23:02.499-0700] {dagbag.py:545} INFO - Filling up the DagBag from /usr/local/lib/python3.10/dist-packages/airflow/example_dags/example_branch_operator.py
[2025-10-30T21:23:02.718-0700] {processor.py:842} WARNING - No viable dags retrieved from /usr/local/lib/python3.10/dist-packages/airflow/example_dags/example_branch_operator.py
[2025-10-30T21:23:02.755-0700] {processor.py:183} INFO - Processing /usr/local/lib/python3.10/dist-packages/airflow/example_dags/example_branch_operator.py took 0.284 seconds
[2025-10-30T21:24:24.451-0700] {processor.py:161} INFO - Started process (PID=1993) to work on /usr/local/lib/python3.10/dist-packages/airflow/example_dags/example_branch_operator.py
[2025-10-30T21:24:24.453-0700] {processor.py:830} INFO - Processing file /usr/local/lib/python3.10/dist-packages/airflow/example_dags/example_branch_operator.py for tasks to queue
[2025-10-30T21:24:24.456-0700] {logging_mixin.py:188} INFO - [2025-10-30T21:24:24.455-0700] {dagbag.py:545} INFO - Filling up the DagBag from /usr/local/lib/python3.10/dist-packages/airflow/example_dags/example_branch_operator.py
[2025-10-30T21:24:24.626-0700] {processor.py:842} WARNING - No viable dags retrieved from /usr/local/lib/python3.10/dist-packages/airflow/example_dags/example_branch_operator.py
[2025-10-30T21:24:24.674-0700] {processor.py:183} INFO - Processing /usr/local/lib/python3.10/dist-packages/airflow/example_dags/example_branch_operator.py took 0.230 seconds
[2025-10-30T21:25:45.406-0700] {processor.py:161} INFO - Started process (PID=2067) to work on /usr/local/lib/python3.10/dist-packages/airflow/example_dags/example_branch_operator.py
[2025-10-30T21:25:45.409-0700] {processor.py:830} INFO - Processing file /usr/local/lib/python3.10/dist-packages/airflow/example_dags/example_branch_operator.py for tasks to queue
[2025-10-30T21:25:45.415-0700] {logging_mixin.py:188} INFO - [2025-10-30T21:25:45.414-0700] {dagbag.py:545} INFO - Filling up the DagBag from /usr/local/lib/python3.10/dist-packages/airflow/example_dags/example_branch_operator.py
[2025-10-30T21:25:45.611-0700] {processor.py:842} WARNING - No viable dags retrieved from /usr/local/lib/python3.10/dist-packages/airflow/example_dags/example_branch_operator.py
[2025-10-30T21:25:45.682-0700] {processor.py:183} INFO - Processing /usr/local/lib/python3.10/dist-packages/airflow/example_dags/example_branch_operator.py took 0.293 seconds
[2025-10-30T21:27:09.879-0700] {processor.py:161} INFO - Started process (PID=2144) to work on /usr/local/lib/python3.10/dist-packages/airflow/example_dags/example_branch_operator.py
[2025-10-30T21:27:09.881-0700] {processor.py:830} INFO - Processing file /usr/local/lib/python3.10/dist-packages/airflow/example_dags/example_branch_operator.py for tasks to queue
[2025-10-30T21:27:09.884-0700] {logging_mixin.py:188} INFO - [2025-10-30T21:27:09.883-0700] {dagbag.py:545} INFO - Filling up the DagBag from /usr/local/lib/python3.10/dist-packages/airflow/example_dags/example_branch_operator.py
[2025-10-30T21:27:09.991-0700] {processor.py:842} WARNING - No viable dags retrieved from /usr/local/lib/python3.10/dist-packages/airflow/example_dags/example_branch_operator.py
[2025-10-30T21:27:10.027-0700] {processor.py:183} INFO - Processing /usr/local/lib/python3.10/dist-packages/airflow/example_dags/example_branch_operator.py took 0.157 seconds
[2025-10-30T21:28:32.858-0700] {processor.py:161} INFO - Started process (PID=2220) to work on /usr/local/lib/python3.10/dist-packages/airflow/example_dags/example_branch_operator.py
[2025-10-30T21:28:32.860-0700] {processor.py:830} INFO - Processing file /usr/local/lib/python3.10/dist-packages/airflow/example_dags/example_branch_operator.py for tasks to queue
[2025-10-30T21:28:32.862-0700] {logging_mixin.py:188} INFO - [2025-10-30T21:28:32.862-0700] {dagbag.py:545} INFO - Filling up the DagBag from /usr/local/lib/python3.10/dist-packages/airflow/example_dags/example_branch_operator.py
[2025-10-30T21:28:32.970-0700] {processor.py:842} WARNING - No viable dags retrieved from /usr/local/lib/python3.10/dist-packages/airflow/example_dags/example_branch_operator.py
[2025-10-30T21:28:33.005-0700] {processor.py:183} INFO - Processing /usr/local/lib/python3.10/dist-packages/airflow/example_dags/example_branch_operator.py took 0.154 seconds
[2025-10-30T21:29:57.728-0700] {processor.py:161} INFO - Started process (PID=2295) to work on /usr/local/lib/python3.10/dist-packages/airflow/example_dags/example_branch_operator.py
[2025-10-30T21:29:57.730-0700] {processor.py:830} INFO - Processing file /usr/local/lib/python3.10/dist-packages/airflow/example_dags/example_branch_operator.py for tasks to queue
[2025-10-30T21:29:57.733-0700] {logging_mixin.py:188} INFO - [2025-10-30T21:29:57.733-0700] {dagbag.py:545} INFO - Filling up the DagBag from /usr/local/lib/python3.10/dist-packages/airflow/example_dags/example_branch_operator.py
[2025-10-30T21:29:57.874-0700] {processor.py:842} WARNING - No viable dags retrieved from /usr/local/lib/python3.10/dist-packages/airflow/example_dags/example_branch_operator.py
[2025-10-30T21:29:57.905-0700] {processor.py:183} INFO - Processing /usr/local/lib/python3.10/dist-packages/airflow/example_dags/example_branch_operator.py took 0.191 seconds
[2025-10-30T21:31:17.266-0700] {processor.py:161} INFO - Started process (PID=2369) to work on /usr/local/lib/python3.10/dist-packages/airflow/example_dags/example_branch_operator.py
[2025-10-30T21:31:17.268-0700] {processor.py:830} INFO - Processing file /usr/local/lib/python3.10/dist-packages/airflow/example_dags/example_branch_operator.py for tasks to queue
[2025-10-30T21:31:17.271-0700] {logging_mixin.py:188} INFO - [2025-10-30T21:31:17.271-0700] {dagbag.py:545} INFO - Filling up the DagBag from /usr/local/lib/python3.10/dist-packages/airflow/example_dags/example_branch_operator.py
[2025-10-30T21:31:17.461-0700] {processor.py:842} WARNING - No viable dags retrieved from /usr/local/lib/python3.10/dist-packages/airflow/example_dags/example_branch_operator.py
[2025-10-30T21:31:17.497-0700] {processor.py:183} INFO - Processing /usr/local/lib/python3.10/dist-packages/airflow/example_dags/example_branch_operator.py took 0.241 seconds
[2025-10-30T21:32:37.999-0700] {processor.py:161} INFO - Started process (PID=2446) to work on /usr/local/lib/python3.10/dist-packages/airflow/example_dags/example_branch_operator.py
[2025-10-30T21:32:38.001-0700] {processor.py:830} INFO - Processing file /usr/local/lib/python3.10/dist-packages/airflow/example_dags/example_branch_operator.py for tasks to queue
[2025-10-30T21:32:38.005-0700] {logging_mixin.py:188} INFO - [2025-10-30T21:32:38.004-0700] {dagbag.py:545} INFO - Filling up the DagBag from /usr/local/lib/python3.10/dist-packages/airflow/example_dags/example_branch_operator.py
[2025-10-30T21:32:38.181-0700] {processor.py:842} WARNING - No viable dags retrieved from /usr/local/lib/python3.10/dist-packages/airflow/example_dags/example_branch_operator.py
[2025-10-30T21:32:38.223-0700] {processor.py:183} INFO - Processing /usr/local/lib/python3.10/dist-packages/airflow/example_dags/example_branch_operator.py took 0.231 seconds
[2025-10-30T21:35:50.597-0700] {processor.py:161} INFO - Started process (PID=2608) to work on /usr/local/lib/python3.10/dist-packages/airflow/example_dags/example_branch_operator.py
[2025-10-30T21:35:50.599-0700] {processor.py:830} INFO - Processing file /usr/local/lib/python3.10/dist-packages/airflow/example_dags/example_branch_operator.py for tasks to queue
[2025-10-30T21:35:50.603-0700] {logging_mixin.py:188} INFO - [2025-10-30T21:35:50.602-0700] {dagbag.py:545} INFO - Filling up the DagBag from /usr/local/lib/python3.10/dist-packages/airflow/example_dags/example_branch_operator.py
[2025-10-30T21:35:50.722-0700] {processor.py:842} WARNING - No viable dags retrieved from /usr/local/lib/python3.10/dist-packages/airflow/example_dags/example_branch_operator.py
[2025-10-30T21:35:50.765-0700] {processor.py:183} INFO - Processing /usr/local/lib/python3.10/dist-packages/airflow/example_dags/example_branch_operator.py took 0.178 seconds
[2025-10-30T21:37:37.331-0700] {processor.py:161} INFO - Started process (PID=2693) to work on /usr/local/lib/python3.10/dist-packages/airflow/example_dags/example_branch_operator.py
[2025-10-30T21:37:37.333-0700] {processor.py:830} INFO - Processing file /usr/local/lib/python3.10/dist-packages/airflow/example_dags/example_branch_operator.py for tasks to queue
[2025-10-30T21:37:37.336-0700] {logging_mixin.py:188} INFO - [2025-10-30T21:37:37.336-0700] {dagbag.py:545} INFO - Filling up the DagBag from /usr/local/lib/python3.10/dist-packages/airflow/example_dags/example_branch_operator.py
[2025-10-30T21:37:37.540-0700] {processor.py:842} WARNING - No viable dags retrieved from /usr/local/lib/python3.10/dist-packages/airflow/example_dags/example_branch_operator.py
[2025-10-30T21:37:37.579-0700] {processor.py:183} INFO - Processing /usr/local/lib/python3.10/dist-packages/airflow/example_dags/example_branch_operator.py took 0.260 seconds
[2025-10-30T21:39:12.436-0700] {processor.py:161} INFO - Started process (PID=2797) to work on /usr/local/lib/python3.10/dist-packages/airflow/example_dags/example_branch_operator.py
[2025-10-30T21:39:12.439-0700] {processor.py:830} INFO - Processing file /usr/local/lib/python3.10/dist-packages/airflow/example_dags/example_branch_operator.py for tasks to queue
[2025-10-30T21:39:12.444-0700] {logging_mixin.py:188} INFO - [2025-10-30T21:39:12.443-0700] {dagbag.py:545} INFO - Filling up the DagBag from /usr/local/lib/python3.10/dist-packages/airflow/example_dags/example_branch_operator.py
[2025-10-30T21:39:12.646-0700] {processor.py:842} WARNING - No viable dags retrieved from /usr/local/lib/python3.10/dist-packages/airflow/example_dags/example_branch_operator.py
[2025-10-30T21:39:12.688-0700] {processor.py:183} INFO - Processing /usr/local/lib/python3.10/dist-packages/airflow/example_dags/example_branch_operator.py took 0.267 seconds
[2025-10-30T21:40:42.681-0700] {processor.py:161} INFO - Started process (PID=2875) to work on /usr/local/lib/python3.10/dist-packages/airflow/example_dags/example_branch_operator.py
[2025-10-30T21:40:42.683-0700] {processor.py:830} INFO - Processing file /usr/local/lib/python3.10/dist-packages/airflow/example_dags/example_branch_operator.py for tasks to queue
[2025-10-30T21:40:42.685-0700] {logging_mixin.py:188} INFO - [2025-10-30T21:40:42.685-0700] {dagbag.py:545} INFO - Filling up the DagBag from /usr/local/lib/python3.10/dist-packages/airflow/example_dags/example_branch_operator.py
[2025-10-30T21:40:42.871-0700] {processor.py:842} WARNING - No viable dags retrieved from /usr/local/lib/python3.10/dist-packages/airflow/example_dags/example_branch_operator.py
[2025-10-30T21:40:42.918-0700] {processor.py:183} INFO - Processing /usr/local/lib/python3.10/dist-packages/airflow/example_dags/example_branch_operator.py took 0.244 seconds
[2025-10-30T21:42:10.934-0700] {processor.py:161} INFO - Started process (PID=2953) to work on /usr/local/lib/python3.10/dist-packages/airflow/example_dags/example_branch_operator.py
[2025-10-30T21:42:10.937-0700] {processor.py:830} INFO - Processing file /usr/local/lib/python3.10/dist-packages/airflow/example_dags/example_branch_operator.py for tasks to queue
[2025-10-30T21:42:10.940-0700] {logging_mixin.py:188} INFO - [2025-10-30T21:42:10.939-0700] {dagbag.py:545} INFO - Filling up the DagBag from /usr/local/lib/python3.10/dist-packages/airflow/example_dags/example_branch_operator.py
[2025-10-30T21:42:11.095-0700] {processor.py:842} WARNING - No viable dags retrieved from /usr/local/lib/python3.10/dist-packages/airflow/example_dags/example_branch_operator.py
[2025-10-30T21:42:11.135-0700] {processor.py:183} INFO - Processing /usr/local/lib/python3.10/dist-packages/airflow/example_dags/example_branch_operator.py took 0.208 seconds
[2025-10-30T21:43:41.082-0700] {processor.py:161} INFO - Started process (PID=3032) to work on /usr/local/lib/python3.10/dist-packages/airflow/example_dags/example_branch_operator.py
[2025-10-30T21:43:41.085-0700] {processor.py:830} INFO - Processing file /usr/local/lib/python3.10/dist-packages/airflow/example_dags/example_branch_operator.py for tasks to queue
[2025-10-30T21:43:41.087-0700] {logging_mixin.py:188} INFO - [2025-10-30T21:43:41.087-0700] {dagbag.py:545} INFO - Filling up the DagBag from /usr/local/lib/python3.10/dist-packages/airflow/example_dags/example_branch_operator.py
[2025-10-30T21:43:41.273-0700] {processor.py:842} WARNING - No viable dags retrieved from /usr/local/lib/python3.10/dist-packages/airflow/example_dags/example_branch_operator.py
[2025-10-30T21:43:41.323-0700] {processor.py:183} INFO - Processing /usr/local/lib/python3.10/dist-packages/airflow/example_dags/example_branch_operator.py took 0.249 seconds
[2025-10-30T21:45:16.729-0700] {processor.py:161} INFO - Started process (PID=3135) to work on /usr/local/lib/python3.10/dist-packages/airflow/example_dags/example_branch_operator.py
[2025-10-30T21:45:16.731-0700] {processor.py:830} INFO - Processing file /usr/local/lib/python3.10/dist-packages/airflow/example_dags/example_branch_operator.py for tasks to queue
[2025-10-30T21:45:16.733-0700] {logging_mixin.py:188} INFO - [2025-10-30T21:45:16.733-0700] {dagbag.py:545} INFO - Filling up the DagBag from /usr/local/lib/python3.10/dist-packages/airflow/example_dags/example_branch_operator.py
[2025-10-30T21:45:16.844-0700] {processor.py:842} WARNING - No viable dags retrieved from /usr/local/lib/python3.10/dist-packages/airflow/example_dags/example_branch_operator.py
[2025-10-30T21:45:16.903-0700] {processor.py:183} INFO - Processing /usr/local/lib/python3.10/dist-packages/airflow/example_dags/example_branch_operator.py took 0.186 seconds
[2025-10-30T21:46:57.270-0700] {processor.py:161} INFO - Started process (PID=3219) to work on /usr/local/lib/python3.10/dist-packages/airflow/example_dags/example_branch_operator.py
[2025-10-30T21:46:57.272-0700] {processor.py:830} INFO - Processing file /usr/local/lib/python3.10/dist-packages/airflow/example_dags/example_branch_operator.py for tasks to queue
[2025-10-30T21:46:57.276-0700] {logging_mixin.py:188} INFO - [2025-10-30T21:46:57.276-0700] {dagbag.py:545} INFO - Filling up the DagBag from /usr/local/lib/python3.10/dist-packages/airflow/example_dags/example_branch_operator.py
[2025-10-30T21:46:57.373-0700] {processor.py:842} WARNING - No viable dags retrieved from /usr/local/lib/python3.10/dist-packages/airflow/example_dags/example_branch_operator.py
[2025-10-30T21:46:57.402-0700] {processor.py:183} INFO - Processing /usr/local/lib/python3.10/dist-packages/airflow/example_dags/example_branch_operator.py took 0.140 seconds
[2025-10-30T21:48:29.755-0700] {processor.py:161} INFO - Started process (PID=3455) to work on /usr/local/lib/python3.10/dist-packages/airflow/example_dags/example_branch_operator.py
[2025-10-30T21:48:29.757-0700] {processor.py:830} INFO - Processing file /usr/local/lib/python3.10/dist-packages/airflow/example_dags/example_branch_operator.py for tasks to queue
[2025-10-30T21:48:29.759-0700] {logging_mixin.py:188} INFO - [2025-10-30T21:48:29.759-0700] {dagbag.py:545} INFO - Filling up the DagBag from /usr/local/lib/python3.10/dist-packages/airflow/example_dags/example_branch_operator.py
[2025-10-30T21:48:29.929-0700] {processor.py:842} WARNING - No viable dags retrieved from /usr/local/lib/python3.10/dist-packages/airflow/example_dags/example_branch_operator.py
[2025-10-30T21:48:29.975-0700] {processor.py:183} INFO - Processing /usr/local/lib/python3.10/dist-packages/airflow/example_dags/example_branch_operator.py took 0.232 seconds
[2025-10-30T21:51:28.838-0700] {processor.py:161} INFO - Started process (PID=3688) to work on /usr/local/lib/python3.10/dist-packages/airflow/example_dags/example_branch_operator.py
[2025-10-30T21:51:28.853-0700] {processor.py:830} INFO - Processing file /usr/local/lib/python3.10/dist-packages/airflow/example_dags/example_branch_operator.py for tasks to queue
[2025-10-30T21:51:28.865-0700] {logging_mixin.py:188} INFO - [2025-10-30T21:51:28.864-0700] {dagbag.py:545} INFO - Filling up the DagBag from /usr/local/lib/python3.10/dist-packages/airflow/example_dags/example_branch_operator.py
[2025-10-30T21:51:28.973-0700] {processor.py:842} WARNING - No viable dags retrieved from /usr/local/lib/python3.10/dist-packages/airflow/example_dags/example_branch_operator.py
[2025-10-30T21:51:29.004-0700] {processor.py:183} INFO - Processing /usr/local/lib/python3.10/dist-packages/airflow/example_dags/example_branch_operator.py took 0.175 seconds
[2025-10-30T21:52:56.025-0700] {processor.py:161} INFO - Started process (PID=3766) to work on /usr/local/lib/python3.10/dist-packages/airflow/example_dags/example_branch_operator.py
[2025-10-30T21:52:56.027-0700] {processor.py:830} INFO - Processing file /usr/local/lib/python3.10/dist-packages/airflow/example_dags/example_branch_operator.py for tasks to queue
[2025-10-30T21:52:56.030-0700] {logging_mixin.py:188} INFO - [2025-10-30T21:52:56.029-0700] {dagbag.py:545} INFO - Filling up the DagBag from /usr/local/lib/python3.10/dist-packages/airflow/example_dags/example_branch_operator.py
[2025-10-30T21:52:56.118-0700] {processor.py:842} WARNING - No viable dags retrieved from /usr/local/lib/python3.10/dist-packages/airflow/example_dags/example_branch_operator.py
[2025-10-30T21:52:56.151-0700] {processor.py:183} INFO - Processing /usr/local/lib/python3.10/dist-packages/airflow/example_dags/example_branch_operator.py took 0.135 seconds
[2025-10-30T21:56:17.139-0700] {processor.py:161} INFO - Started process (PID=4038) to work on /usr/local/lib/python3.10/dist-packages/airflow/example_dags/example_branch_operator.py
[2025-10-30T21:56:17.141-0700] {processor.py:830} INFO - Processing file /usr/local/lib/python3.10/dist-packages/airflow/example_dags/example_branch_operator.py for tasks to queue
[2025-10-30T21:56:17.144-0700] {logging_mixin.py:188} INFO - [2025-10-30T21:56:17.143-0700] {dagbag.py:545} INFO - Filling up the DagBag from /usr/local/lib/python3.10/dist-packages/airflow/example_dags/example_branch_operator.py
[2025-10-30T21:56:17.263-0700] {processor.py:842} WARNING - No viable dags retrieved from /usr/local/lib/python3.10/dist-packages/airflow/example_dags/example_branch_operator.py
[2025-10-30T21:56:17.306-0700] {processor.py:183} INFO - Processing /usr/local/lib/python3.10/dist-packages/airflow/example_dags/example_branch_operator.py took 0.174 seconds
[2025-10-30T21:57:43.923-0700] {processor.py:161} INFO - Started process (PID=4115) to work on /usr/local/lib/python3.10/dist-packages/airflow/example_dags/example_branch_operator.py
[2025-10-30T21:57:43.924-0700] {processor.py:830} INFO - Processing file /usr/local/lib/python3.10/dist-packages/airflow/example_dags/example_branch_operator.py for tasks to queue
[2025-10-30T21:57:43.928-0700] {logging_mixin.py:188} INFO - [2025-10-30T21:57:43.927-0700] {dagbag.py:545} INFO - Filling up the DagBag from /usr/local/lib/python3.10/dist-packages/airflow/example_dags/example_branch_operator.py
[2025-10-30T21:57:44.059-0700] {processor.py:842} WARNING - No viable dags retrieved from /usr/local/lib/python3.10/dist-packages/airflow/example_dags/example_branch_operator.py
[2025-10-30T21:57:44.091-0700] {processor.py:183} INFO - Processing /usr/local/lib/python3.10/dist-packages/airflow/example_dags/example_branch_operator.py took 0.176 seconds
[2025-10-30T21:59:05.410-0700] {processor.py:161} INFO - Started process (PID=4191) to work on /usr/local/lib/python3.10/dist-packages/airflow/example_dags/example_branch_operator.py
[2025-10-30T21:59:05.412-0700] {processor.py:830} INFO - Processing file /usr/local/lib/python3.10/dist-packages/airflow/example_dags/example_branch_operator.py for tasks to queue
[2025-10-30T21:59:05.415-0700] {logging_mixin.py:188} INFO - [2025-10-30T21:59:05.414-0700] {dagbag.py:545} INFO - Filling up the DagBag from /usr/local/lib/python3.10/dist-packages/airflow/example_dags/example_branch_operator.py
[2025-10-30T21:59:05.587-0700] {processor.py:842} WARNING - No viable dags retrieved from /usr/local/lib/python3.10/dist-packages/airflow/example_dags/example_branch_operator.py
[2025-10-30T21:59:05.635-0700] {processor.py:183} INFO - Processing /usr/local/lib/python3.10/dist-packages/airflow/example_dags/example_branch_operator.py took 0.232 seconds
[2025-10-30T22:00:28.607-0700] {processor.py:161} INFO - Started process (PID=4267) to work on /usr/local/lib/python3.10/dist-packages/airflow/example_dags/example_branch_operator.py
[2025-10-30T22:00:28.610-0700] {processor.py:830} INFO - Processing file /usr/local/lib/python3.10/dist-packages/airflow/example_dags/example_branch_operator.py for tasks to queue
[2025-10-30T22:00:28.612-0700] {logging_mixin.py:188} INFO - [2025-10-30T22:00:28.612-0700] {dagbag.py:545} INFO - Filling up the DagBag from /usr/local/lib/python3.10/dist-packages/airflow/example_dags/example_branch_operator.py
[2025-10-30T22:00:28.732-0700] {processor.py:842} WARNING - No viable dags retrieved from /usr/local/lib/python3.10/dist-packages/airflow/example_dags/example_branch_operator.py
[2025-10-30T22:00:28.766-0700] {processor.py:183} INFO - Processing /usr/local/lib/python3.10/dist-packages/airflow/example_dags/example_branch_operator.py took 0.168 seconds
[2025-10-30T22:01:51.976-0700] {processor.py:161} INFO - Started process (PID=4343) to work on /usr/local/lib/python3.10/dist-packages/airflow/example_dags/example_branch_operator.py
[2025-10-30T22:01:51.977-0700] {processor.py:830} INFO - Processing file /usr/local/lib/python3.10/dist-packages/airflow/example_dags/example_branch_operator.py for tasks to queue
[2025-10-30T22:01:51.980-0700] {logging_mixin.py:188} INFO - [2025-10-30T22:01:51.980-0700] {dagbag.py:545} INFO - Filling up the DagBag from /usr/local/lib/python3.10/dist-packages/airflow/example_dags/example_branch_operator.py
[2025-10-30T22:01:52.099-0700] {processor.py:842} WARNING - No viable dags retrieved from /usr/local/lib/python3.10/dist-packages/airflow/example_dags/example_branch_operator.py
[2025-10-30T22:01:52.126-0700] {processor.py:183} INFO - Processing /usr/local/lib/python3.10/dist-packages/airflow/example_dags/example_branch_operator.py took 0.157 seconds
[2025-10-30T22:03:16.048-0700] {processor.py:161} INFO - Started process (PID=4419) to work on /usr/local/lib/python3.10/dist-packages/airflow/example_dags/example_branch_operator.py
[2025-10-30T22:03:16.051-0700] {processor.py:830} INFO - Processing file /usr/local/lib/python3.10/dist-packages/airflow/example_dags/example_branch_operator.py for tasks to queue
[2025-10-30T22:03:16.055-0700] {logging_mixin.py:188} INFO - [2025-10-30T22:03:16.054-0700] {dagbag.py:545} INFO - Filling up the DagBag from /usr/local/lib/python3.10/dist-packages/airflow/example_dags/example_branch_operator.py
[2025-10-30T22:03:16.262-0700] {processor.py:842} WARNING - No viable dags retrieved from /usr/local/lib/python3.10/dist-packages/airflow/example_dags/example_branch_operator.py
[2025-10-30T22:03:16.301-0700] {processor.py:183} INFO - Processing /usr/local/lib/python3.10/dist-packages/airflow/example_dags/example_branch_operator.py took 0.264 seconds
[2025-10-30T22:04:48.436-0700] {processor.py:161} INFO - Started process (PID=4498) to work on /usr/local/lib/python3.10/dist-packages/airflow/example_dags/example_branch_operator.py
[2025-10-30T22:04:48.438-0700] {processor.py:830} INFO - Processing file /usr/local/lib/python3.10/dist-packages/airflow/example_dags/example_branch_operator.py for tasks to queue
[2025-10-30T22:04:48.441-0700] {logging_mixin.py:188} INFO - [2025-10-30T22:04:48.440-0700] {dagbag.py:545} INFO - Filling up the DagBag from /usr/local/lib/python3.10/dist-packages/airflow/example_dags/example_branch_operator.py
[2025-10-30T22:04:48.542-0700] {processor.py:842} WARNING - No viable dags retrieved from /usr/local/lib/python3.10/dist-packages/airflow/example_dags/example_branch_operator.py
[2025-10-30T22:04:48.584-0700] {processor.py:183} INFO - Processing /usr/local/lib/python3.10/dist-packages/airflow/example_dags/example_branch_operator.py took 0.156 seconds
