[2025-10-30T20:58:16.083-0700] {processor.py:161} INFO - Started process (PID=546) to work on /usr/local/lib/python3.10/dist-packages/airflow/example_dags/example_sensor_decorator.py
[2025-10-30T20:58:16.084-0700] {processor.py:830} INFO - Processing file /usr/local/lib/python3.10/dist-packages/airflow/example_dags/example_sensor_decorator.py for tasks to queue
[2025-10-30T20:58:16.086-0700] {logging_mixin.py:188} INFO - [2025-10-30T20:58:16.085-0700] {dagbag.py:545} INFO - Filling up the DagBag from /usr/local/lib/python3.10/dist-packages/airflow/example_dags/example_sensor_decorator.py
[2025-10-30T20:58:16.093-0700] {processor.py:840} INFO - DAG(s) 'example_sensor_decorator' retrieved from /usr/local/lib/python3.10/dist-packages/airflow/example_dags/example_sensor_decorator.py
[2025-10-30T20:58:16.261-0700] {logging_mixin.py:188} INFO - [2025-10-30T20:58:16.260-0700] {override.py:1858} INFO - Created Permission View: can delete on DAG:example_sensor_decorator
[2025-10-30T20:58:16.307-0700] {logging_mixin.py:188} INFO - [2025-10-30T20:58:16.307-0700] {override.py:1858} INFO - Created Permission View: can edit on DAG:example_sensor_decorator
[2025-10-30T20:58:16.345-0700] {logging_mixin.py:188} INFO - [2025-10-30T20:58:16.345-0700] {override.py:1858} INFO - Created Permission View: can read on DAG:example_sensor_decorator
[2025-10-30T20:58:16.346-0700] {logging_mixin.py:188} INFO - [2025-10-30T20:58:16.346-0700] {dag.py:3089} INFO - Sync 1 DAGs
[2025-10-30T20:58:16.361-0700] {logging_mixin.py:188} INFO - [2025-10-30T20:58:16.361-0700] {dag.py:3111} INFO - Creating ORM DAG for example_sensor_decorator
[2025-10-30T20:58:16.362-0700] {logging_mixin.py:188} INFO - [2025-10-30T20:58:16.362-0700] {dag.py:3947} INFO - Setting next_dagrun for example_sensor_decorator to None, run_after=None
[2025-10-30T20:58:16.452-0700] {processor.py:183} INFO - Processing /usr/local/lib/python3.10/dist-packages/airflow/example_dags/example_sensor_decorator.py took 0.374 seconds
[2025-10-30T20:59:25.867-0700] {processor.py:161} INFO - Started process (PID=609) to work on /usr/local/lib/python3.10/dist-packages/airflow/example_dags/example_sensor_decorator.py
[2025-10-30T20:59:25.868-0700] {processor.py:830} INFO - Processing file /usr/local/lib/python3.10/dist-packages/airflow/example_dags/example_sensor_decorator.py for tasks to queue
[2025-10-30T20:59:25.869-0700] {logging_mixin.py:188} INFO - [2025-10-30T20:59:25.869-0700] {dagbag.py:545} INFO - Filling up the DagBag from /usr/local/lib/python3.10/dist-packages/airflow/example_dags/example_sensor_decorator.py
[2025-10-30T20:59:25.877-0700] {processor.py:840} INFO - DAG(s) 'example_sensor_decorator' retrieved from /usr/local/lib/python3.10/dist-packages/airflow/example_dags/example_sensor_decorator.py
[2025-10-30T20:59:25.910-0700] {logging_mixin.py:188} INFO - [2025-10-30T20:59:25.910-0700] {dag.py:3089} INFO - Sync 1 DAGs
[2025-10-30T20:59:25.930-0700] {logging_mixin.py:188} INFO - [2025-10-30T20:59:25.930-0700] {dag.py:3947} INFO - Setting next_dagrun for example_sensor_decorator to None, run_after=None
[2025-10-30T20:59:26.007-0700] {processor.py:183} INFO - Processing /usr/local/lib/python3.10/dist-packages/airflow/example_dags/example_sensor_decorator.py took 0.148 seconds
[2025-10-30T21:00:36.206-0700] {processor.py:161} INFO - Started process (PID=681) to work on /usr/local/lib/python3.10/dist-packages/airflow/example_dags/example_sensor_decorator.py
[2025-10-30T21:00:36.207-0700] {processor.py:830} INFO - Processing file /usr/local/lib/python3.10/dist-packages/airflow/example_dags/example_sensor_decorator.py for tasks to queue
[2025-10-30T21:00:36.208-0700] {logging_mixin.py:188} INFO - [2025-10-30T21:00:36.208-0700] {dagbag.py:545} INFO - Filling up the DagBag from /usr/local/lib/python3.10/dist-packages/airflow/example_dags/example_sensor_decorator.py
[2025-10-30T21:00:36.214-0700] {processor.py:840} INFO - DAG(s) 'example_sensor_decorator' retrieved from /usr/local/lib/python3.10/dist-packages/airflow/example_dags/example_sensor_decorator.py
[2025-10-30T21:00:36.240-0700] {logging_mixin.py:188} INFO - [2025-10-30T21:00:36.240-0700] {dag.py:3089} INFO - Sync 1 DAGs
[2025-10-30T21:00:36.257-0700] {logging_mixin.py:188} INFO - [2025-10-30T21:00:36.257-0700] {dag.py:3947} INFO - Setting next_dagrun for example_sensor_decorator to None, run_after=None
[2025-10-30T21:00:36.317-0700] {processor.py:183} INFO - Processing /usr/local/lib/python3.10/dist-packages/airflow/example_dags/example_sensor_decorator.py took 0.116 seconds
[2025-10-30T21:01:46.429-0700] {processor.py:161} INFO - Started process (PID=758) to work on /usr/local/lib/python3.10/dist-packages/airflow/example_dags/example_sensor_decorator.py
[2025-10-30T21:01:46.448-0700] {processor.py:830} INFO - Processing file /usr/local/lib/python3.10/dist-packages/airflow/example_dags/example_sensor_decorator.py for tasks to queue
[2025-10-30T21:01:46.455-0700] {logging_mixin.py:188} INFO - [2025-10-30T21:01:46.454-0700] {dagbag.py:545} INFO - Filling up the DagBag from /usr/local/lib/python3.10/dist-packages/airflow/example_dags/example_sensor_decorator.py
[2025-10-30T21:01:46.465-0700] {processor.py:840} INFO - DAG(s) 'example_sensor_decorator' retrieved from /usr/local/lib/python3.10/dist-packages/airflow/example_dags/example_sensor_decorator.py
[2025-10-30T21:01:46.496-0700] {logging_mixin.py:188} INFO - [2025-10-30T21:01:46.496-0700] {dag.py:3089} INFO - Sync 1 DAGs
[2025-10-30T21:01:46.510-0700] {logging_mixin.py:188} INFO - [2025-10-30T21:01:46.510-0700] {dag.py:3947} INFO - Setting next_dagrun for example_sensor_decorator to None, run_after=None
[2025-10-30T21:01:46.587-0700] {processor.py:183} INFO - Processing /usr/local/lib/python3.10/dist-packages/airflow/example_dags/example_sensor_decorator.py took 0.165 seconds
[2025-10-30T21:02:53.441-0700] {processor.py:161} INFO - Started process (PID=829) to work on /usr/local/lib/python3.10/dist-packages/airflow/example_dags/example_sensor_decorator.py
[2025-10-30T21:02:53.443-0700] {processor.py:830} INFO - Processing file /usr/local/lib/python3.10/dist-packages/airflow/example_dags/example_sensor_decorator.py for tasks to queue
[2025-10-30T21:02:53.444-0700] {logging_mixin.py:188} INFO - [2025-10-30T21:02:53.444-0700] {dagbag.py:545} INFO - Filling up the DagBag from /usr/local/lib/python3.10/dist-packages/airflow/example_dags/example_sensor_decorator.py
[2025-10-30T21:02:53.452-0700] {processor.py:840} INFO - DAG(s) 'example_sensor_decorator' retrieved from /usr/local/lib/python3.10/dist-packages/airflow/example_dags/example_sensor_decorator.py
[2025-10-30T21:02:53.493-0700] {logging_mixin.py:188} INFO - [2025-10-30T21:02:53.492-0700] {dag.py:3089} INFO - Sync 1 DAGs
[2025-10-30T21:02:53.508-0700] {logging_mixin.py:188} INFO - [2025-10-30T21:02:53.508-0700] {dag.py:3947} INFO - Setting next_dagrun for example_sensor_decorator to None, run_after=None
[2025-10-30T21:02:53.574-0700] {processor.py:183} INFO - Processing /usr/local/lib/python3.10/dist-packages/airflow/example_dags/example_sensor_decorator.py took 0.141 seconds
[2025-10-30T21:04:05.492-0700] {processor.py:161} INFO - Started process (PID=902) to work on /usr/local/lib/python3.10/dist-packages/airflow/example_dags/example_sensor_decorator.py
[2025-10-30T21:04:05.493-0700] {processor.py:830} INFO - Processing file /usr/local/lib/python3.10/dist-packages/airflow/example_dags/example_sensor_decorator.py for tasks to queue
[2025-10-30T21:04:05.494-0700] {logging_mixin.py:188} INFO - [2025-10-30T21:04:05.494-0700] {dagbag.py:545} INFO - Filling up the DagBag from /usr/local/lib/python3.10/dist-packages/airflow/example_dags/example_sensor_decorator.py
[2025-10-30T21:04:05.500-0700] {processor.py:840} INFO - DAG(s) 'example_sensor_decorator' retrieved from /usr/local/lib/python3.10/dist-packages/airflow/example_dags/example_sensor_decorator.py
[2025-10-30T21:04:05.525-0700] {logging_mixin.py:188} INFO - [2025-10-30T21:04:05.525-0700] {dag.py:3089} INFO - Sync 1 DAGs
[2025-10-30T21:04:05.538-0700] {logging_mixin.py:188} INFO - [2025-10-30T21:04:05.538-0700] {dag.py:3947} INFO - Setting next_dagrun for example_sensor_decorator to None, run_after=None
[2025-10-30T21:04:05.609-0700] {processor.py:183} INFO - Processing /usr/local/lib/python3.10/dist-packages/airflow/example_dags/example_sensor_decorator.py took 0.122 seconds
[2025-10-30T21:05:14.308-0700] {processor.py:161} INFO - Started process (PID=974) to work on /usr/local/lib/python3.10/dist-packages/airflow/example_dags/example_sensor_decorator.py
[2025-10-30T21:05:14.309-0700] {processor.py:830} INFO - Processing file /usr/local/lib/python3.10/dist-packages/airflow/example_dags/example_sensor_decorator.py for tasks to queue
[2025-10-30T21:05:14.311-0700] {logging_mixin.py:188} INFO - [2025-10-30T21:05:14.310-0700] {dagbag.py:545} INFO - Filling up the DagBag from /usr/local/lib/python3.10/dist-packages/airflow/example_dags/example_sensor_decorator.py
[2025-10-30T21:05:14.321-0700] {processor.py:840} INFO - DAG(s) 'example_sensor_decorator' retrieved from /usr/local/lib/python3.10/dist-packages/airflow/example_dags/example_sensor_decorator.py
[2025-10-30T21:05:14.352-0700] {logging_mixin.py:188} INFO - [2025-10-30T21:05:14.352-0700] {dag.py:3089} INFO - Sync 1 DAGs
[2025-10-30T21:05:14.371-0700] {logging_mixin.py:188} INFO - [2025-10-30T21:05:14.371-0700] {dag.py:3947} INFO - Setting next_dagrun for example_sensor_decorator to None, run_after=None
[2025-10-30T21:05:14.453-0700] {processor.py:183} INFO - Processing /usr/local/lib/python3.10/dist-packages/airflow/example_dags/example_sensor_decorator.py took 0.150 seconds
[2025-10-30T21:08:12.605-0700] {processor.py:161} INFO - Started process (PID=1093) to work on /usr/local/lib/python3.10/dist-packages/airflow/example_dags/example_sensor_decorator.py
[2025-10-30T21:08:12.607-0700] {processor.py:830} INFO - Processing file /usr/local/lib/python3.10/dist-packages/airflow/example_dags/example_sensor_decorator.py for tasks to queue
[2025-10-30T21:08:12.610-0700] {logging_mixin.py:188} INFO - [2025-10-30T21:08:12.609-0700] {dagbag.py:545} INFO - Filling up the DagBag from /usr/local/lib/python3.10/dist-packages/airflow/example_dags/example_sensor_decorator.py
[2025-10-30T21:08:12.632-0700] {processor.py:840} INFO - DAG(s) 'example_sensor_decorator' retrieved from /usr/local/lib/python3.10/dist-packages/airflow/example_dags/example_sensor_decorator.py
[2025-10-30T21:08:12.708-0700] {logging_mixin.py:188} INFO - [2025-10-30T21:08:12.707-0700] {dag.py:3089} INFO - Sync 1 DAGs
[2025-10-30T21:08:12.726-0700] {logging_mixin.py:188} INFO - [2025-10-30T21:08:12.726-0700] {dag.py:3947} INFO - Setting next_dagrun for example_sensor_decorator to None, run_after=None
[2025-10-30T21:08:12.796-0700] {processor.py:183} INFO - Processing /usr/local/lib/python3.10/dist-packages/airflow/example_dags/example_sensor_decorator.py took 0.197 seconds
[2025-10-30T21:09:15.081-0700] {processor.py:161} INFO - Started process (PID=1154) to work on /usr/local/lib/python3.10/dist-packages/airflow/example_dags/example_sensor_decorator.py
[2025-10-30T21:09:15.083-0700] {processor.py:830} INFO - Processing file /usr/local/lib/python3.10/dist-packages/airflow/example_dags/example_sensor_decorator.py for tasks to queue
[2025-10-30T21:09:15.085-0700] {logging_mixin.py:188} INFO - [2025-10-30T21:09:15.084-0700] {dagbag.py:545} INFO - Filling up the DagBag from /usr/local/lib/python3.10/dist-packages/airflow/example_dags/example_sensor_decorator.py
[2025-10-30T21:09:15.090-0700] {processor.py:840} INFO - DAG(s) 'example_sensor_decorator' retrieved from /usr/local/lib/python3.10/dist-packages/airflow/example_dags/example_sensor_decorator.py
[2025-10-30T21:09:15.122-0700] {logging_mixin.py:188} INFO - [2025-10-30T21:09:15.122-0700] {dag.py:3089} INFO - Sync 1 DAGs
[2025-10-30T21:09:15.140-0700] {logging_mixin.py:188} INFO - [2025-10-30T21:09:15.140-0700] {dag.py:3947} INFO - Setting next_dagrun for example_sensor_decorator to None, run_after=None
[2025-10-30T21:09:15.237-0700] {processor.py:183} INFO - Processing /usr/local/lib/python3.10/dist-packages/airflow/example_dags/example_sensor_decorator.py took 0.161 seconds
[2025-10-30T21:10:28.885-0700] {processor.py:161} INFO - Started process (PID=1225) to work on /usr/local/lib/python3.10/dist-packages/airflow/example_dags/example_sensor_decorator.py
[2025-10-30T21:10:28.890-0700] {processor.py:830} INFO - Processing file /usr/local/lib/python3.10/dist-packages/airflow/example_dags/example_sensor_decorator.py for tasks to queue
[2025-10-30T21:10:28.894-0700] {logging_mixin.py:188} INFO - [2025-10-30T21:10:28.893-0700] {dagbag.py:545} INFO - Filling up the DagBag from /usr/local/lib/python3.10/dist-packages/airflow/example_dags/example_sensor_decorator.py
[2025-10-30T21:10:28.902-0700] {processor.py:840} INFO - DAG(s) 'example_sensor_decorator' retrieved from /usr/local/lib/python3.10/dist-packages/airflow/example_dags/example_sensor_decorator.py
[2025-10-30T21:10:28.945-0700] {logging_mixin.py:188} INFO - [2025-10-30T21:10:28.944-0700] {dag.py:3089} INFO - Sync 1 DAGs
[2025-10-30T21:10:28.966-0700] {logging_mixin.py:188} INFO - [2025-10-30T21:10:28.966-0700] {dag.py:3947} INFO - Setting next_dagrun for example_sensor_decorator to None, run_after=None
[2025-10-30T21:10:29.066-0700] {processor.py:183} INFO - Processing /usr/local/lib/python3.10/dist-packages/airflow/example_dags/example_sensor_decorator.py took 0.188 seconds
[2025-10-30T21:11:50.666-0700] {processor.py:161} INFO - Started process (PID=1300) to work on /usr/local/lib/python3.10/dist-packages/airflow/example_dags/example_sensor_decorator.py
[2025-10-30T21:11:50.668-0700] {processor.py:830} INFO - Processing file /usr/local/lib/python3.10/dist-packages/airflow/example_dags/example_sensor_decorator.py for tasks to queue
[2025-10-30T21:11:50.670-0700] {logging_mixin.py:188} INFO - [2025-10-30T21:11:50.670-0700] {dagbag.py:545} INFO - Filling up the DagBag from /usr/local/lib/python3.10/dist-packages/airflow/example_dags/example_sensor_decorator.py
[2025-10-30T21:11:50.679-0700] {processor.py:840} INFO - DAG(s) 'example_sensor_decorator' retrieved from /usr/local/lib/python3.10/dist-packages/airflow/example_dags/example_sensor_decorator.py
[2025-10-30T21:11:50.721-0700] {logging_mixin.py:188} INFO - [2025-10-30T21:11:50.721-0700] {dag.py:3089} INFO - Sync 1 DAGs
[2025-10-30T21:11:50.739-0700] {logging_mixin.py:188} INFO - [2025-10-30T21:11:50.739-0700] {dag.py:3947} INFO - Setting next_dagrun for example_sensor_decorator to None, run_after=None
[2025-10-30T21:11:50.865-0700] {processor.py:183} INFO - Processing /usr/local/lib/python3.10/dist-packages/airflow/example_dags/example_sensor_decorator.py took 0.207 seconds
[2025-10-30T21:13:12.403-0700] {processor.py:161} INFO - Started process (PID=1384) to work on /usr/local/lib/python3.10/dist-packages/airflow/example_dags/example_sensor_decorator.py
[2025-10-30T21:13:12.405-0700] {processor.py:830} INFO - Processing file /usr/local/lib/python3.10/dist-packages/airflow/example_dags/example_sensor_decorator.py for tasks to queue
[2025-10-30T21:13:12.407-0700] {logging_mixin.py:188} INFO - [2025-10-30T21:13:12.407-0700] {dagbag.py:545} INFO - Filling up the DagBag from /usr/local/lib/python3.10/dist-packages/airflow/example_dags/example_sensor_decorator.py
[2025-10-30T21:13:12.416-0700] {processor.py:840} INFO - DAG(s) 'example_sensor_decorator' retrieved from /usr/local/lib/python3.10/dist-packages/airflow/example_dags/example_sensor_decorator.py
[2025-10-30T21:13:12.459-0700] {logging_mixin.py:188} INFO - [2025-10-30T21:13:12.459-0700] {dag.py:3089} INFO - Sync 1 DAGs
[2025-10-30T21:13:12.486-0700] {logging_mixin.py:188} INFO - [2025-10-30T21:13:12.486-0700] {dag.py:3947} INFO - Setting next_dagrun for example_sensor_decorator to None, run_after=None
[2025-10-30T21:13:12.652-0700] {processor.py:183} INFO - Processing /usr/local/lib/python3.10/dist-packages/airflow/example_dags/example_sensor_decorator.py took 0.257 seconds
[2025-10-30T21:15:30.936-0700] {processor.py:161} INFO - Started process (PID=1492) to work on /usr/local/lib/python3.10/dist-packages/airflow/example_dags/example_sensor_decorator.py
[2025-10-30T21:15:30.938-0700] {processor.py:830} INFO - Processing file /usr/local/lib/python3.10/dist-packages/airflow/example_dags/example_sensor_decorator.py for tasks to queue
[2025-10-30T21:15:30.941-0700] {logging_mixin.py:188} INFO - [2025-10-30T21:15:30.940-0700] {dagbag.py:545} INFO - Filling up the DagBag from /usr/local/lib/python3.10/dist-packages/airflow/example_dags/example_sensor_decorator.py
[2025-10-30T21:15:30.948-0700] {processor.py:840} INFO - DAG(s) 'example_sensor_decorator' retrieved from /usr/local/lib/python3.10/dist-packages/airflow/example_dags/example_sensor_decorator.py
[2025-10-30T21:15:30.998-0700] {logging_mixin.py:188} INFO - [2025-10-30T21:15:30.998-0700] {dag.py:3089} INFO - Sync 1 DAGs
[2025-10-30T21:15:31.018-0700] {logging_mixin.py:188} INFO - [2025-10-30T21:15:31.018-0700] {dag.py:3947} INFO - Setting next_dagrun for example_sensor_decorator to None, run_after=None
[2025-10-30T21:15:31.143-0700] {processor.py:183} INFO - Processing /usr/local/lib/python3.10/dist-packages/airflow/example_dags/example_sensor_decorator.py took 0.214 seconds
[2025-10-30T21:16:42.719-0700] {processor.py:161} INFO - Started process (PID=1551) to work on /usr/local/lib/python3.10/dist-packages/airflow/example_dags/example_sensor_decorator.py
[2025-10-30T21:16:42.721-0700] {processor.py:830} INFO - Processing file /usr/local/lib/python3.10/dist-packages/airflow/example_dags/example_sensor_decorator.py for tasks to queue
[2025-10-30T21:16:42.724-0700] {logging_mixin.py:188} INFO - [2025-10-30T21:16:42.724-0700] {dagbag.py:545} INFO - Filling up the DagBag from /usr/local/lib/python3.10/dist-packages/airflow/example_dags/example_sensor_decorator.py
[2025-10-30T21:16:42.737-0700] {processor.py:840} INFO - DAG(s) 'example_sensor_decorator' retrieved from /usr/local/lib/python3.10/dist-packages/airflow/example_dags/example_sensor_decorator.py
[2025-10-30T21:16:42.806-0700] {logging_mixin.py:188} INFO - [2025-10-30T21:16:42.805-0700] {dag.py:3089} INFO - Sync 1 DAGs
[2025-10-30T21:16:42.843-0700] {logging_mixin.py:188} INFO - [2025-10-30T21:16:42.843-0700] {dag.py:3947} INFO - Setting next_dagrun for example_sensor_decorator to None, run_after=None
[2025-10-30T21:16:43.011-0700] {processor.py:183} INFO - Processing /usr/local/lib/python3.10/dist-packages/airflow/example_dags/example_sensor_decorator.py took 0.302 seconds
[2025-10-30T21:18:04.492-0700] {processor.py:161} INFO - Started process (PID=1628) to work on /usr/local/lib/python3.10/dist-packages/airflow/example_dags/example_sensor_decorator.py
[2025-10-30T21:18:04.496-0700] {processor.py:830} INFO - Processing file /usr/local/lib/python3.10/dist-packages/airflow/example_dags/example_sensor_decorator.py for tasks to queue
[2025-10-30T21:18:04.500-0700] {logging_mixin.py:188} INFO - [2025-10-30T21:18:04.499-0700] {dagbag.py:545} INFO - Filling up the DagBag from /usr/local/lib/python3.10/dist-packages/airflow/example_dags/example_sensor_decorator.py
[2025-10-30T21:18:04.510-0700] {processor.py:840} INFO - DAG(s) 'example_sensor_decorator' retrieved from /usr/local/lib/python3.10/dist-packages/airflow/example_dags/example_sensor_decorator.py
[2025-10-30T21:18:04.558-0700] {logging_mixin.py:188} INFO - [2025-10-30T21:18:04.558-0700] {dag.py:3089} INFO - Sync 1 DAGs
[2025-10-30T21:18:04.580-0700] {logging_mixin.py:188} INFO - [2025-10-30T21:18:04.580-0700] {dag.py:3947} INFO - Setting next_dagrun for example_sensor_decorator to None, run_after=None
[2025-10-30T21:18:04.734-0700] {processor.py:183} INFO - Processing /usr/local/lib/python3.10/dist-packages/airflow/example_dags/example_sensor_decorator.py took 0.256 seconds
[2025-10-30T21:19:27.835-0700] {processor.py:161} INFO - Started process (PID=1703) to work on /usr/local/lib/python3.10/dist-packages/airflow/example_dags/example_sensor_decorator.py
[2025-10-30T21:19:27.838-0700] {processor.py:830} INFO - Processing file /usr/local/lib/python3.10/dist-packages/airflow/example_dags/example_sensor_decorator.py for tasks to queue
[2025-10-30T21:19:27.843-0700] {logging_mixin.py:188} INFO - [2025-10-30T21:19:27.842-0700] {dagbag.py:545} INFO - Filling up the DagBag from /usr/local/lib/python3.10/dist-packages/airflow/example_dags/example_sensor_decorator.py
[2025-10-30T21:19:27.858-0700] {processor.py:840} INFO - DAG(s) 'example_sensor_decorator' retrieved from /usr/local/lib/python3.10/dist-packages/airflow/example_dags/example_sensor_decorator.py
[2025-10-30T21:19:27.927-0700] {logging_mixin.py:188} INFO - [2025-10-30T21:19:27.926-0700] {dag.py:3089} INFO - Sync 1 DAGs
[2025-10-30T21:19:27.962-0700] {logging_mixin.py:188} INFO - [2025-10-30T21:19:27.962-0700] {dag.py:3947} INFO - Setting next_dagrun for example_sensor_decorator to None, run_after=None
[2025-10-30T21:19:28.068-0700] {processor.py:183} INFO - Processing /usr/local/lib/python3.10/dist-packages/airflow/example_dags/example_sensor_decorator.py took 0.240 seconds
[2025-10-30T21:20:51.267-0700] {processor.py:161} INFO - Started process (PID=1780) to work on /usr/local/lib/python3.10/dist-packages/airflow/example_dags/example_sensor_decorator.py
[2025-10-30T21:20:51.269-0700] {processor.py:830} INFO - Processing file /usr/local/lib/python3.10/dist-packages/airflow/example_dags/example_sensor_decorator.py for tasks to queue
[2025-10-30T21:20:51.271-0700] {logging_mixin.py:188} INFO - [2025-10-30T21:20:51.271-0700] {dagbag.py:545} INFO - Filling up the DagBag from /usr/local/lib/python3.10/dist-packages/airflow/example_dags/example_sensor_decorator.py
[2025-10-30T21:20:51.278-0700] {processor.py:840} INFO - DAG(s) 'example_sensor_decorator' retrieved from /usr/local/lib/python3.10/dist-packages/airflow/example_dags/example_sensor_decorator.py
[2025-10-30T21:20:51.314-0700] {logging_mixin.py:188} INFO - [2025-10-30T21:20:51.314-0700] {dag.py:3089} INFO - Sync 1 DAGs
[2025-10-30T21:20:51.334-0700] {logging_mixin.py:188} INFO - [2025-10-30T21:20:51.333-0700] {dag.py:3947} INFO - Setting next_dagrun for example_sensor_decorator to None, run_after=None
[2025-10-30T21:20:51.445-0700] {processor.py:183} INFO - Processing /usr/local/lib/python3.10/dist-packages/airflow/example_dags/example_sensor_decorator.py took 0.187 seconds
[2025-10-30T21:22:10.373-0700] {processor.py:161} INFO - Started process (PID=1863) to work on /usr/local/lib/python3.10/dist-packages/airflow/example_dags/example_sensor_decorator.py
[2025-10-30T21:22:10.391-0700] {processor.py:830} INFO - Processing file /usr/local/lib/python3.10/dist-packages/airflow/example_dags/example_sensor_decorator.py for tasks to queue
[2025-10-30T21:22:10.400-0700] {logging_mixin.py:188} INFO - [2025-10-30T21:22:10.399-0700] {dagbag.py:545} INFO - Filling up the DagBag from /usr/local/lib/python3.10/dist-packages/airflow/example_dags/example_sensor_decorator.py
[2025-10-30T21:22:10.428-0700] {processor.py:840} INFO - DAG(s) 'example_sensor_decorator' retrieved from /usr/local/lib/python3.10/dist-packages/airflow/example_dags/example_sensor_decorator.py
[2025-10-30T21:22:10.540-0700] {logging_mixin.py:188} INFO - [2025-10-30T21:22:10.540-0700] {dag.py:3089} INFO - Sync 1 DAGs
[2025-10-30T21:22:10.575-0700] {logging_mixin.py:188} INFO - [2025-10-30T21:22:10.575-0700] {dag.py:3947} INFO - Setting next_dagrun for example_sensor_decorator to None, run_after=None
[2025-10-30T21:22:10.681-0700] {processor.py:183} INFO - Processing /usr/local/lib/python3.10/dist-packages/airflow/example_dags/example_sensor_decorator.py took 0.330 seconds
[2025-10-30T21:23:32.395-0700] {processor.py:161} INFO - Started process (PID=1947) to work on /usr/local/lib/python3.10/dist-packages/airflow/example_dags/example_sensor_decorator.py
[2025-10-30T21:23:32.397-0700] {processor.py:830} INFO - Processing file /usr/local/lib/python3.10/dist-packages/airflow/example_dags/example_sensor_decorator.py for tasks to queue
[2025-10-30T21:23:32.400-0700] {logging_mixin.py:188} INFO - [2025-10-30T21:23:32.400-0700] {dagbag.py:545} INFO - Filling up the DagBag from /usr/local/lib/python3.10/dist-packages/airflow/example_dags/example_sensor_decorator.py
[2025-10-30T21:23:32.410-0700] {processor.py:840} INFO - DAG(s) 'example_sensor_decorator' retrieved from /usr/local/lib/python3.10/dist-packages/airflow/example_dags/example_sensor_decorator.py
[2025-10-30T21:23:32.460-0700] {logging_mixin.py:188} INFO - [2025-10-30T21:23:32.460-0700] {dag.py:3089} INFO - Sync 1 DAGs
[2025-10-30T21:23:32.483-0700] {logging_mixin.py:188} INFO - [2025-10-30T21:23:32.483-0700] {dag.py:3947} INFO - Setting next_dagrun for example_sensor_decorator to None, run_after=None
[2025-10-30T21:23:32.622-0700] {processor.py:183} INFO - Processing /usr/local/lib/python3.10/dist-packages/airflow/example_dags/example_sensor_decorator.py took 0.236 seconds
[2025-10-30T21:24:52.118-0700] {processor.py:161} INFO - Started process (PID=2021) to work on /usr/local/lib/python3.10/dist-packages/airflow/example_dags/example_sensor_decorator.py
[2025-10-30T21:24:52.121-0700] {processor.py:830} INFO - Processing file /usr/local/lib/python3.10/dist-packages/airflow/example_dags/example_sensor_decorator.py for tasks to queue
[2025-10-30T21:24:52.125-0700] {logging_mixin.py:188} INFO - [2025-10-30T21:24:52.124-0700] {dagbag.py:545} INFO - Filling up the DagBag from /usr/local/lib/python3.10/dist-packages/airflow/example_dags/example_sensor_decorator.py
[2025-10-30T21:24:52.137-0700] {processor.py:840} INFO - DAG(s) 'example_sensor_decorator' retrieved from /usr/local/lib/python3.10/dist-packages/airflow/example_dags/example_sensor_decorator.py
[2025-10-30T21:24:52.206-0700] {logging_mixin.py:188} INFO - [2025-10-30T21:24:52.206-0700] {dag.py:3089} INFO - Sync 1 DAGs
[2025-10-30T21:24:52.235-0700] {logging_mixin.py:188} INFO - [2025-10-30T21:24:52.234-0700] {dag.py:3947} INFO - Setting next_dagrun for example_sensor_decorator to None, run_after=None
[2025-10-30T21:24:52.372-0700] {processor.py:183} INFO - Processing /usr/local/lib/python3.10/dist-packages/airflow/example_dags/example_sensor_decorator.py took 0.268 seconds
[2025-10-30T21:26:17.221-0700] {processor.py:161} INFO - Started process (PID=2097) to work on /usr/local/lib/python3.10/dist-packages/airflow/example_dags/example_sensor_decorator.py
[2025-10-30T21:26:17.223-0700] {processor.py:830} INFO - Processing file /usr/local/lib/python3.10/dist-packages/airflow/example_dags/example_sensor_decorator.py for tasks to queue
[2025-10-30T21:26:17.226-0700] {logging_mixin.py:188} INFO - [2025-10-30T21:26:17.225-0700] {dagbag.py:545} INFO - Filling up the DagBag from /usr/local/lib/python3.10/dist-packages/airflow/example_dags/example_sensor_decorator.py
[2025-10-30T21:26:17.235-0700] {processor.py:840} INFO - DAG(s) 'example_sensor_decorator' retrieved from /usr/local/lib/python3.10/dist-packages/airflow/example_dags/example_sensor_decorator.py
[2025-10-30T21:26:17.277-0700] {logging_mixin.py:188} INFO - [2025-10-30T21:26:17.276-0700] {dag.py:3089} INFO - Sync 1 DAGs
[2025-10-30T21:26:17.305-0700] {logging_mixin.py:188} INFO - [2025-10-30T21:26:17.304-0700] {dag.py:3947} INFO - Setting next_dagrun for example_sensor_decorator to None, run_after=None
[2025-10-30T21:26:17.446-0700] {processor.py:183} INFO - Processing /usr/local/lib/python3.10/dist-packages/airflow/example_dags/example_sensor_decorator.py took 0.234 seconds
[2025-10-30T21:27:39.530-0700] {processor.py:161} INFO - Started process (PID=2173) to work on /usr/local/lib/python3.10/dist-packages/airflow/example_dags/example_sensor_decorator.py
[2025-10-30T21:27:39.532-0700] {processor.py:830} INFO - Processing file /usr/local/lib/python3.10/dist-packages/airflow/example_dags/example_sensor_decorator.py for tasks to queue
[2025-10-30T21:27:39.534-0700] {logging_mixin.py:188} INFO - [2025-10-30T21:27:39.534-0700] {dagbag.py:545} INFO - Filling up the DagBag from /usr/local/lib/python3.10/dist-packages/airflow/example_dags/example_sensor_decorator.py
[2025-10-30T21:27:39.542-0700] {processor.py:840} INFO - DAG(s) 'example_sensor_decorator' retrieved from /usr/local/lib/python3.10/dist-packages/airflow/example_dags/example_sensor_decorator.py
[2025-10-30T21:27:39.581-0700] {logging_mixin.py:188} INFO - [2025-10-30T21:27:39.581-0700] {dag.py:3089} INFO - Sync 1 DAGs
[2025-10-30T21:27:39.600-0700] {logging_mixin.py:188} INFO - [2025-10-30T21:27:39.600-0700] {dag.py:3947} INFO - Setting next_dagrun for example_sensor_decorator to None, run_after=None
[2025-10-30T21:27:39.709-0700] {processor.py:183} INFO - Processing /usr/local/lib/python3.10/dist-packages/airflow/example_dags/example_sensor_decorator.py took 0.190 seconds
[2025-10-30T21:29:01.626-0700] {processor.py:161} INFO - Started process (PID=2248) to work on /usr/local/lib/python3.10/dist-packages/airflow/example_dags/example_sensor_decorator.py
[2025-10-30T21:29:01.628-0700] {processor.py:830} INFO - Processing file /usr/local/lib/python3.10/dist-packages/airflow/example_dags/example_sensor_decorator.py for tasks to queue
[2025-10-30T21:29:01.631-0700] {logging_mixin.py:188} INFO - [2025-10-30T21:29:01.631-0700] {dagbag.py:545} INFO - Filling up the DagBag from /usr/local/lib/python3.10/dist-packages/airflow/example_dags/example_sensor_decorator.py
[2025-10-30T21:29:01.639-0700] {processor.py:840} INFO - DAG(s) 'example_sensor_decorator' retrieved from /usr/local/lib/python3.10/dist-packages/airflow/example_dags/example_sensor_decorator.py
[2025-10-30T21:29:01.680-0700] {logging_mixin.py:188} INFO - [2025-10-30T21:29:01.680-0700] {dag.py:3089} INFO - Sync 1 DAGs
[2025-10-30T21:29:01.726-0700] {logging_mixin.py:188} INFO - [2025-10-30T21:29:01.725-0700] {dag.py:3947} INFO - Setting next_dagrun for example_sensor_decorator to None, run_after=None
[2025-10-30T21:29:01.833-0700] {processor.py:183} INFO - Processing /usr/local/lib/python3.10/dist-packages/airflow/example_dags/example_sensor_decorator.py took 0.214 seconds
[2025-10-30T21:30:25.840-0700] {processor.py:161} INFO - Started process (PID=2323) to work on /usr/local/lib/python3.10/dist-packages/airflow/example_dags/example_sensor_decorator.py
[2025-10-30T21:30:25.843-0700] {processor.py:830} INFO - Processing file /usr/local/lib/python3.10/dist-packages/airflow/example_dags/example_sensor_decorator.py for tasks to queue
[2025-10-30T21:30:25.846-0700] {logging_mixin.py:188} INFO - [2025-10-30T21:30:25.845-0700] {dagbag.py:545} INFO - Filling up the DagBag from /usr/local/lib/python3.10/dist-packages/airflow/example_dags/example_sensor_decorator.py
[2025-10-30T21:30:25.856-0700] {processor.py:840} INFO - DAG(s) 'example_sensor_decorator' retrieved from /usr/local/lib/python3.10/dist-packages/airflow/example_dags/example_sensor_decorator.py
[2025-10-30T21:30:25.895-0700] {logging_mixin.py:188} INFO - [2025-10-30T21:30:25.895-0700] {dag.py:3089} INFO - Sync 1 DAGs
[2025-10-30T21:30:25.919-0700] {logging_mixin.py:188} INFO - [2025-10-30T21:30:25.918-0700] {dag.py:3947} INFO - Setting next_dagrun for example_sensor_decorator to None, run_after=None
[2025-10-30T21:30:26.010-0700] {processor.py:183} INFO - Processing /usr/local/lib/python3.10/dist-packages/airflow/example_dags/example_sensor_decorator.py took 0.179 seconds
[2025-10-30T21:31:46.315-0700] {processor.py:161} INFO - Started process (PID=2397) to work on /usr/local/lib/python3.10/dist-packages/airflow/example_dags/example_sensor_decorator.py
[2025-10-30T21:31:46.319-0700] {processor.py:830} INFO - Processing file /usr/local/lib/python3.10/dist-packages/airflow/example_dags/example_sensor_decorator.py for tasks to queue
[2025-10-30T21:31:46.325-0700] {logging_mixin.py:188} INFO - [2025-10-30T21:31:46.325-0700] {dagbag.py:545} INFO - Filling up the DagBag from /usr/local/lib/python3.10/dist-packages/airflow/example_dags/example_sensor_decorator.py
[2025-10-30T21:31:46.334-0700] {processor.py:840} INFO - DAG(s) 'example_sensor_decorator' retrieved from /usr/local/lib/python3.10/dist-packages/airflow/example_dags/example_sensor_decorator.py
[2025-10-30T21:31:46.376-0700] {logging_mixin.py:188} INFO - [2025-10-30T21:31:46.375-0700] {dag.py:3089} INFO - Sync 1 DAGs
[2025-10-30T21:31:46.393-0700] {logging_mixin.py:188} INFO - [2025-10-30T21:31:46.393-0700] {dag.py:3947} INFO - Setting next_dagrun for example_sensor_decorator to None, run_after=None
[2025-10-30T21:31:46.491-0700] {processor.py:183} INFO - Processing /usr/local/lib/python3.10/dist-packages/airflow/example_dags/example_sensor_decorator.py took 0.184 seconds
[2025-10-30T21:33:06.172-0700] {processor.py:161} INFO - Started process (PID=2477) to work on /usr/local/lib/python3.10/dist-packages/airflow/example_dags/example_sensor_decorator.py
[2025-10-30T21:33:06.175-0700] {processor.py:830} INFO - Processing file /usr/local/lib/python3.10/dist-packages/airflow/example_dags/example_sensor_decorator.py for tasks to queue
[2025-10-30T21:33:06.183-0700] {logging_mixin.py:188} INFO - [2025-10-30T21:33:06.178-0700] {dagbag.py:545} INFO - Filling up the DagBag from /usr/local/lib/python3.10/dist-packages/airflow/example_dags/example_sensor_decorator.py
[2025-10-30T21:33:06.212-0700] {processor.py:840} INFO - DAG(s) 'example_sensor_decorator' retrieved from /usr/local/lib/python3.10/dist-packages/airflow/example_dags/example_sensor_decorator.py
[2025-10-30T21:33:06.290-0700] {logging_mixin.py:188} INFO - [2025-10-30T21:33:06.289-0700] {dag.py:3089} INFO - Sync 1 DAGs
[2025-10-30T21:33:06.325-0700] {logging_mixin.py:188} INFO - [2025-10-30T21:33:06.325-0700] {dag.py:3947} INFO - Setting next_dagrun for example_sensor_decorator to None, run_after=None
[2025-10-30T21:33:06.432-0700] {processor.py:183} INFO - Processing /usr/local/lib/python3.10/dist-packages/airflow/example_dags/example_sensor_decorator.py took 0.278 seconds
[2025-10-30T21:35:00.841-0700] {processor.py:161} INFO - Started process (PID=2553) to work on /usr/local/lib/python3.10/dist-packages/airflow/example_dags/example_sensor_decorator.py
[2025-10-30T21:35:00.843-0700] {processor.py:830} INFO - Processing file /usr/local/lib/python3.10/dist-packages/airflow/example_dags/example_sensor_decorator.py for tasks to queue
[2025-10-30T21:35:00.847-0700] {logging_mixin.py:188} INFO - [2025-10-30T21:35:00.847-0700] {dagbag.py:545} INFO - Filling up the DagBag from /usr/local/lib/python3.10/dist-packages/airflow/example_dags/example_sensor_decorator.py
[2025-10-30T21:35:00.865-0700] {processor.py:840} INFO - DAG(s) 'example_sensor_decorator' retrieved from /usr/local/lib/python3.10/dist-packages/airflow/example_dags/example_sensor_decorator.py
[2025-10-30T21:35:00.918-0700] {logging_mixin.py:188} INFO - [2025-10-30T21:35:00.917-0700] {dag.py:3089} INFO - Sync 1 DAGs
[2025-10-30T21:35:00.942-0700] {logging_mixin.py:188} INFO - [2025-10-30T21:35:00.942-0700] {dag.py:3947} INFO - Setting next_dagrun for example_sensor_decorator to None, run_after=None
[2025-10-30T21:35:01.075-0700] {processor.py:183} INFO - Processing /usr/local/lib/python3.10/dist-packages/airflow/example_dags/example_sensor_decorator.py took 0.244 seconds
[2025-10-30T21:36:26.826-0700] {processor.py:161} INFO - Started process (PID=2639) to work on /usr/local/lib/python3.10/dist-packages/airflow/example_dags/example_sensor_decorator.py
[2025-10-30T21:36:26.828-0700] {processor.py:830} INFO - Processing file /usr/local/lib/python3.10/dist-packages/airflow/example_dags/example_sensor_decorator.py for tasks to queue
[2025-10-30T21:36:26.832-0700] {logging_mixin.py:188} INFO - [2025-10-30T21:36:26.832-0700] {dagbag.py:545} INFO - Filling up the DagBag from /usr/local/lib/python3.10/dist-packages/airflow/example_dags/example_sensor_decorator.py
[2025-10-30T21:36:26.845-0700] {processor.py:840} INFO - DAG(s) 'example_sensor_decorator' retrieved from /usr/local/lib/python3.10/dist-packages/airflow/example_dags/example_sensor_decorator.py
[2025-10-30T21:36:26.919-0700] {logging_mixin.py:188} INFO - [2025-10-30T21:36:26.918-0700] {dag.py:3089} INFO - Sync 1 DAGs
[2025-10-30T21:36:26.953-0700] {logging_mixin.py:188} INFO - [2025-10-30T21:36:26.953-0700] {dag.py:3947} INFO - Setting next_dagrun for example_sensor_decorator to None, run_after=None
[2025-10-30T21:36:27.123-0700] {processor.py:183} INFO - Processing /usr/local/lib/python3.10/dist-packages/airflow/example_dags/example_sensor_decorator.py took 0.310 seconds
[2025-10-30T21:38:06.049-0700] {processor.py:161} INFO - Started process (PID=2720) to work on /usr/local/lib/python3.10/dist-packages/airflow/example_dags/example_sensor_decorator.py
[2025-10-30T21:38:06.052-0700] {processor.py:830} INFO - Processing file /usr/local/lib/python3.10/dist-packages/airflow/example_dags/example_sensor_decorator.py for tasks to queue
[2025-10-30T21:38:06.054-0700] {logging_mixin.py:188} INFO - [2025-10-30T21:38:06.054-0700] {dagbag.py:545} INFO - Filling up the DagBag from /usr/local/lib/python3.10/dist-packages/airflow/example_dags/example_sensor_decorator.py
[2025-10-30T21:38:06.063-0700] {processor.py:840} INFO - DAG(s) 'example_sensor_decorator' retrieved from /usr/local/lib/python3.10/dist-packages/airflow/example_dags/example_sensor_decorator.py
[2025-10-30T21:38:06.112-0700] {logging_mixin.py:188} INFO - [2025-10-30T21:38:06.111-0700] {dag.py:3089} INFO - Sync 1 DAGs
[2025-10-30T21:38:06.134-0700] {logging_mixin.py:188} INFO - [2025-10-30T21:38:06.133-0700] {dag.py:3947} INFO - Setting next_dagrun for example_sensor_decorator to None, run_after=None
[2025-10-30T21:38:06.278-0700] {processor.py:183} INFO - Processing /usr/local/lib/python3.10/dist-packages/airflow/example_dags/example_sensor_decorator.py took 0.235 seconds
[2025-10-30T21:39:36.868-0700] {processor.py:161} INFO - Started process (PID=2822) to work on /usr/local/lib/python3.10/dist-packages/airflow/example_dags/example_sensor_decorator.py
[2025-10-30T21:39:36.870-0700] {processor.py:830} INFO - Processing file /usr/local/lib/python3.10/dist-packages/airflow/example_dags/example_sensor_decorator.py for tasks to queue
[2025-10-30T21:39:36.872-0700] {logging_mixin.py:188} INFO - [2025-10-30T21:39:36.872-0700] {dagbag.py:545} INFO - Filling up the DagBag from /usr/local/lib/python3.10/dist-packages/airflow/example_dags/example_sensor_decorator.py
[2025-10-30T21:39:36.881-0700] {processor.py:840} INFO - DAG(s) 'example_sensor_decorator' retrieved from /usr/local/lib/python3.10/dist-packages/airflow/example_dags/example_sensor_decorator.py
[2025-10-30T21:39:36.919-0700] {logging_mixin.py:188} INFO - [2025-10-30T21:39:36.919-0700] {dag.py:3089} INFO - Sync 1 DAGs
[2025-10-30T21:39:36.942-0700] {logging_mixin.py:188} INFO - [2025-10-30T21:39:36.942-0700] {dag.py:3947} INFO - Setting next_dagrun for example_sensor_decorator to None, run_after=None
[2025-10-30T21:39:37.085-0700] {processor.py:183} INFO - Processing /usr/local/lib/python3.10/dist-packages/airflow/example_dags/example_sensor_decorator.py took 0.224 seconds
[2025-10-30T21:41:06.417-0700] {processor.py:161} INFO - Started process (PID=2900) to work on /usr/local/lib/python3.10/dist-packages/airflow/example_dags/example_sensor_decorator.py
[2025-10-30T21:41:06.420-0700] {processor.py:830} INFO - Processing file /usr/local/lib/python3.10/dist-packages/airflow/example_dags/example_sensor_decorator.py for tasks to queue
[2025-10-30T21:41:06.424-0700] {logging_mixin.py:188} INFO - [2025-10-30T21:41:06.423-0700] {dagbag.py:545} INFO - Filling up the DagBag from /usr/local/lib/python3.10/dist-packages/airflow/example_dags/example_sensor_decorator.py
[2025-10-30T21:41:06.438-0700] {processor.py:840} INFO - DAG(s) 'example_sensor_decorator' retrieved from /usr/local/lib/python3.10/dist-packages/airflow/example_dags/example_sensor_decorator.py
[2025-10-30T21:41:06.503-0700] {logging_mixin.py:188} INFO - [2025-10-30T21:41:06.502-0700] {dag.py:3089} INFO - Sync 1 DAGs
[2025-10-30T21:41:06.530-0700] {logging_mixin.py:188} INFO - [2025-10-30T21:41:06.530-0700] {dag.py:3947} INFO - Setting next_dagrun for example_sensor_decorator to None, run_after=None
[2025-10-30T21:41:06.677-0700] {processor.py:183} INFO - Processing /usr/local/lib/python3.10/dist-packages/airflow/example_dags/example_sensor_decorator.py took 0.276 seconds
[2025-10-30T21:42:38.068-0700] {processor.py:161} INFO - Started process (PID=2979) to work on /usr/local/lib/python3.10/dist-packages/airflow/example_dags/example_sensor_decorator.py
[2025-10-30T21:42:38.070-0700] {processor.py:830} INFO - Processing file /usr/local/lib/python3.10/dist-packages/airflow/example_dags/example_sensor_decorator.py for tasks to queue
[2025-10-30T21:42:38.073-0700] {logging_mixin.py:188} INFO - [2025-10-30T21:42:38.073-0700] {dagbag.py:545} INFO - Filling up the DagBag from /usr/local/lib/python3.10/dist-packages/airflow/example_dags/example_sensor_decorator.py
[2025-10-30T21:42:38.084-0700] {processor.py:840} INFO - DAG(s) 'example_sensor_decorator' retrieved from /usr/local/lib/python3.10/dist-packages/airflow/example_dags/example_sensor_decorator.py
[2025-10-30T21:42:38.139-0700] {logging_mixin.py:188} INFO - [2025-10-30T21:42:38.139-0700] {dag.py:3089} INFO - Sync 1 DAGs
[2025-10-30T21:42:38.163-0700] {logging_mixin.py:188} INFO - [2025-10-30T21:42:38.163-0700] {dag.py:3947} INFO - Setting next_dagrun for example_sensor_decorator to None, run_after=None
[2025-10-30T21:42:38.295-0700] {processor.py:183} INFO - Processing /usr/local/lib/python3.10/dist-packages/airflow/example_dags/example_sensor_decorator.py took 0.236 seconds
[2025-10-30T21:44:04.292-0700] {processor.py:161} INFO - Started process (PID=3056) to work on /usr/local/lib/python3.10/dist-packages/airflow/example_dags/example_sensor_decorator.py
[2025-10-30T21:44:04.295-0700] {processor.py:830} INFO - Processing file /usr/local/lib/python3.10/dist-packages/airflow/example_dags/example_sensor_decorator.py for tasks to queue
[2025-10-30T21:44:04.300-0700] {logging_mixin.py:188} INFO - [2025-10-30T21:44:04.299-0700] {dagbag.py:545} INFO - Filling up the DagBag from /usr/local/lib/python3.10/dist-packages/airflow/example_dags/example_sensor_decorator.py
[2025-10-30T21:44:04.317-0700] {processor.py:840} INFO - DAG(s) 'example_sensor_decorator' retrieved from /usr/local/lib/python3.10/dist-packages/airflow/example_dags/example_sensor_decorator.py
[2025-10-30T21:44:04.382-0700] {logging_mixin.py:188} INFO - [2025-10-30T21:44:04.382-0700] {dag.py:3089} INFO - Sync 1 DAGs
[2025-10-30T21:44:04.419-0700] {logging_mixin.py:188} INFO - [2025-10-30T21:44:04.418-0700] {dag.py:3947} INFO - Setting next_dagrun for example_sensor_decorator to None, run_after=None
[2025-10-30T21:44:04.624-0700] {processor.py:183} INFO - Processing /usr/local/lib/python3.10/dist-packages/airflow/example_dags/example_sensor_decorator.py took 0.347 seconds
[2025-10-30T21:45:51.782-0700] {processor.py:161} INFO - Started process (PID=3166) to work on /usr/local/lib/python3.10/dist-packages/airflow/example_dags/example_sensor_decorator.py
[2025-10-30T21:45:51.785-0700] {processor.py:830} INFO - Processing file /usr/local/lib/python3.10/dist-packages/airflow/example_dags/example_sensor_decorator.py for tasks to queue
[2025-10-30T21:45:51.790-0700] {logging_mixin.py:188} INFO - [2025-10-30T21:45:51.789-0700] {dagbag.py:545} INFO - Filling up the DagBag from /usr/local/lib/python3.10/dist-packages/airflow/example_dags/example_sensor_decorator.py
[2025-10-30T21:45:51.804-0700] {processor.py:840} INFO - DAG(s) 'example_sensor_decorator' retrieved from /usr/local/lib/python3.10/dist-packages/airflow/example_dags/example_sensor_decorator.py
[2025-10-30T21:45:51.862-0700] {logging_mixin.py:188} INFO - [2025-10-30T21:45:51.862-0700] {dag.py:3089} INFO - Sync 1 DAGs
[2025-10-30T21:45:51.893-0700] {logging_mixin.py:188} INFO - [2025-10-30T21:45:51.892-0700] {dag.py:3947} INFO - Setting next_dagrun for example_sensor_decorator to None, run_after=None
[2025-10-30T21:45:52.105-0700] {processor.py:183} INFO - Processing /usr/local/lib/python3.10/dist-packages/airflow/example_dags/example_sensor_decorator.py took 0.330 seconds
[2025-10-30T21:47:19.669-0700] {processor.py:161} INFO - Started process (PID=3243) to work on /usr/local/lib/python3.10/dist-packages/airflow/example_dags/example_sensor_decorator.py
[2025-10-30T21:47:19.671-0700] {processor.py:830} INFO - Processing file /usr/local/lib/python3.10/dist-packages/airflow/example_dags/example_sensor_decorator.py for tasks to queue
[2025-10-30T21:47:19.673-0700] {logging_mixin.py:188} INFO - [2025-10-30T21:47:19.673-0700] {dagbag.py:545} INFO - Filling up the DagBag from /usr/local/lib/python3.10/dist-packages/airflow/example_dags/example_sensor_decorator.py
[2025-10-30T21:47:19.682-0700] {processor.py:840} INFO - DAG(s) 'example_sensor_decorator' retrieved from /usr/local/lib/python3.10/dist-packages/airflow/example_dags/example_sensor_decorator.py
[2025-10-30T21:47:19.727-0700] {logging_mixin.py:188} INFO - [2025-10-30T21:47:19.726-0700] {dag.py:3089} INFO - Sync 1 DAGs
[2025-10-30T21:47:19.750-0700] {logging_mixin.py:188} INFO - [2025-10-30T21:47:19.750-0700] {dag.py:3947} INFO - Setting next_dagrun for example_sensor_decorator to None, run_after=None
[2025-10-30T21:47:19.874-0700] {processor.py:183} INFO - Processing /usr/local/lib/python3.10/dist-packages/airflow/example_dags/example_sensor_decorator.py took 0.213 seconds
[2025-10-30T21:50:28.226-0700] {processor.py:161} INFO - Started process (PID=3636) to work on /usr/local/lib/python3.10/dist-packages/airflow/example_dags/example_sensor_decorator.py
[2025-10-30T21:50:28.229-0700] {processor.py:830} INFO - Processing file /usr/local/lib/python3.10/dist-packages/airflow/example_dags/example_sensor_decorator.py for tasks to queue
[2025-10-30T21:50:28.232-0700] {logging_mixin.py:188} INFO - [2025-10-30T21:50:28.231-0700] {dagbag.py:545} INFO - Filling up the DagBag from /usr/local/lib/python3.10/dist-packages/airflow/example_dags/example_sensor_decorator.py
[2025-10-30T21:50:28.242-0700] {processor.py:840} INFO - DAG(s) 'example_sensor_decorator' retrieved from /usr/local/lib/python3.10/dist-packages/airflow/example_dags/example_sensor_decorator.py
[2025-10-30T21:50:28.294-0700] {logging_mixin.py:188} INFO - [2025-10-30T21:50:28.294-0700] {dag.py:3089} INFO - Sync 1 DAGs
[2025-10-30T21:50:28.321-0700] {logging_mixin.py:188} INFO - [2025-10-30T21:50:28.321-0700] {dag.py:3947} INFO - Setting next_dagrun for example_sensor_decorator to None, run_after=None
[2025-10-30T21:50:28.467-0700] {processor.py:183} INFO - Processing /usr/local/lib/python3.10/dist-packages/airflow/example_dags/example_sensor_decorator.py took 0.248 seconds
[2025-10-30T21:51:52.486-0700] {processor.py:161} INFO - Started process (PID=3713) to work on /usr/local/lib/python3.10/dist-packages/airflow/example_dags/example_sensor_decorator.py
[2025-10-30T21:51:52.490-0700] {processor.py:830} INFO - Processing file /usr/local/lib/python3.10/dist-packages/airflow/example_dags/example_sensor_decorator.py for tasks to queue
[2025-10-30T21:51:52.495-0700] {logging_mixin.py:188} INFO - [2025-10-30T21:51:52.495-0700] {dagbag.py:545} INFO - Filling up the DagBag from /usr/local/lib/python3.10/dist-packages/airflow/example_dags/example_sensor_decorator.py
[2025-10-30T21:51:52.508-0700] {processor.py:840} INFO - DAG(s) 'example_sensor_decorator' retrieved from /usr/local/lib/python3.10/dist-packages/airflow/example_dags/example_sensor_decorator.py
[2025-10-30T21:51:52.561-0700] {logging_mixin.py:188} INFO - [2025-10-30T21:51:52.561-0700] {dag.py:3089} INFO - Sync 1 DAGs
[2025-10-30T21:51:52.599-0700] {logging_mixin.py:188} INFO - [2025-10-30T21:51:52.599-0700] {dag.py:3947} INFO - Setting next_dagrun for example_sensor_decorator to None, run_after=None
[2025-10-30T21:51:52.730-0700] {processor.py:183} INFO - Processing /usr/local/lib/python3.10/dist-packages/airflow/example_dags/example_sensor_decorator.py took 0.263 seconds
[2025-10-30T21:53:21.033-0700] {processor.py:161} INFO - Started process (PID=3791) to work on /usr/local/lib/python3.10/dist-packages/airflow/example_dags/example_sensor_decorator.py
[2025-10-30T21:53:21.035-0700] {processor.py:830} INFO - Processing file /usr/local/lib/python3.10/dist-packages/airflow/example_dags/example_sensor_decorator.py for tasks to queue
[2025-10-30T21:53:21.037-0700] {logging_mixin.py:188} INFO - [2025-10-30T21:53:21.037-0700] {dagbag.py:545} INFO - Filling up the DagBag from /usr/local/lib/python3.10/dist-packages/airflow/example_dags/example_sensor_decorator.py
[2025-10-30T21:53:21.047-0700] {processor.py:840} INFO - DAG(s) 'example_sensor_decorator' retrieved from /usr/local/lib/python3.10/dist-packages/airflow/example_dags/example_sensor_decorator.py
[2025-10-30T21:53:21.082-0700] {logging_mixin.py:188} INFO - [2025-10-30T21:53:21.082-0700] {dag.py:3089} INFO - Sync 1 DAGs
[2025-10-30T21:53:21.103-0700] {logging_mixin.py:188} INFO - [2025-10-30T21:53:21.103-0700] {dag.py:3947} INFO - Setting next_dagrun for example_sensor_decorator to None, run_after=None
[2025-10-30T21:53:21.206-0700] {processor.py:183} INFO - Processing /usr/local/lib/python3.10/dist-packages/airflow/example_dags/example_sensor_decorator.py took 0.181 seconds
[2025-10-30T21:55:42.773-0700] {processor.py:161} INFO - Started process (PID=4013) to work on /usr/local/lib/python3.10/dist-packages/airflow/example_dags/example_sensor_decorator.py
[2025-10-30T21:55:42.775-0700] {processor.py:830} INFO - Processing file /usr/local/lib/python3.10/dist-packages/airflow/example_dags/example_sensor_decorator.py for tasks to queue
[2025-10-30T21:55:42.779-0700] {logging_mixin.py:188} INFO - [2025-10-30T21:55:42.778-0700] {dagbag.py:545} INFO - Filling up the DagBag from /usr/local/lib/python3.10/dist-packages/airflow/example_dags/example_sensor_decorator.py
[2025-10-30T21:55:42.788-0700] {processor.py:840} INFO - DAG(s) 'example_sensor_decorator' retrieved from /usr/local/lib/python3.10/dist-packages/airflow/example_dags/example_sensor_decorator.py
[2025-10-30T21:55:42.831-0700] {logging_mixin.py:188} INFO - [2025-10-30T21:55:42.831-0700] {dag.py:3089} INFO - Sync 1 DAGs
[2025-10-30T21:55:42.848-0700] {logging_mixin.py:188} INFO - [2025-10-30T21:55:42.848-0700] {dag.py:3947} INFO - Setting next_dagrun for example_sensor_decorator to None, run_after=None
[2025-10-30T21:55:42.959-0700] {processor.py:183} INFO - Processing /usr/local/lib/python3.10/dist-packages/airflow/example_dags/example_sensor_decorator.py took 0.196 seconds
[2025-10-30T21:56:50.569-0700] {processor.py:161} INFO - Started process (PID=4069) to work on /usr/local/lib/python3.10/dist-packages/airflow/example_dags/example_sensor_decorator.py
[2025-10-30T21:56:50.571-0700] {processor.py:830} INFO - Processing file /usr/local/lib/python3.10/dist-packages/airflow/example_dags/example_sensor_decorator.py for tasks to queue
[2025-10-30T21:56:50.574-0700] {logging_mixin.py:188} INFO - [2025-10-30T21:56:50.573-0700] {dagbag.py:545} INFO - Filling up the DagBag from /usr/local/lib/python3.10/dist-packages/airflow/example_dags/example_sensor_decorator.py
[2025-10-30T21:56:50.582-0700] {processor.py:840} INFO - DAG(s) 'example_sensor_decorator' retrieved from /usr/local/lib/python3.10/dist-packages/airflow/example_dags/example_sensor_decorator.py
[2025-10-30T21:56:50.623-0700] {logging_mixin.py:188} INFO - [2025-10-30T21:56:50.623-0700] {dag.py:3089} INFO - Sync 1 DAGs
[2025-10-30T21:56:50.646-0700] {logging_mixin.py:188} INFO - [2025-10-30T21:56:50.646-0700] {dag.py:3947} INFO - Setting next_dagrun for example_sensor_decorator to None, run_after=None
[2025-10-30T21:56:50.770-0700] {processor.py:183} INFO - Processing /usr/local/lib/python3.10/dist-packages/airflow/example_dags/example_sensor_decorator.py took 0.208 seconds
[2025-10-30T21:58:15.020-0700] {processor.py:161} INFO - Started process (PID=4146) to work on /usr/local/lib/python3.10/dist-packages/airflow/example_dags/example_sensor_decorator.py
[2025-10-30T21:58:15.022-0700] {processor.py:830} INFO - Processing file /usr/local/lib/python3.10/dist-packages/airflow/example_dags/example_sensor_decorator.py for tasks to queue
[2025-10-30T21:58:15.027-0700] {logging_mixin.py:188} INFO - [2025-10-30T21:58:15.026-0700] {dagbag.py:545} INFO - Filling up the DagBag from /usr/local/lib/python3.10/dist-packages/airflow/example_dags/example_sensor_decorator.py
[2025-10-30T21:58:15.035-0700] {processor.py:840} INFO - DAG(s) 'example_sensor_decorator' retrieved from /usr/local/lib/python3.10/dist-packages/airflow/example_dags/example_sensor_decorator.py
[2025-10-30T21:58:15.076-0700] {logging_mixin.py:188} INFO - [2025-10-30T21:58:15.075-0700] {dag.py:3089} INFO - Sync 1 DAGs
[2025-10-30T21:58:15.093-0700] {logging_mixin.py:188} INFO - [2025-10-30T21:58:15.093-0700] {dag.py:3947} INFO - Setting next_dagrun for example_sensor_decorator to None, run_after=None
[2025-10-30T21:58:15.209-0700] {processor.py:183} INFO - Processing /usr/local/lib/python3.10/dist-packages/airflow/example_dags/example_sensor_decorator.py took 0.195 seconds
[2025-10-30T21:59:36.761-0700] {processor.py:161} INFO - Started process (PID=4221) to work on /usr/local/lib/python3.10/dist-packages/airflow/example_dags/example_sensor_decorator.py
[2025-10-30T21:59:36.763-0700] {processor.py:830} INFO - Processing file /usr/local/lib/python3.10/dist-packages/airflow/example_dags/example_sensor_decorator.py for tasks to queue
[2025-10-30T21:59:36.765-0700] {logging_mixin.py:188} INFO - [2025-10-30T21:59:36.765-0700] {dagbag.py:545} INFO - Filling up the DagBag from /usr/local/lib/python3.10/dist-packages/airflow/example_dags/example_sensor_decorator.py
[2025-10-30T21:59:36.775-0700] {processor.py:840} INFO - DAG(s) 'example_sensor_decorator' retrieved from /usr/local/lib/python3.10/dist-packages/airflow/example_dags/example_sensor_decorator.py
[2025-10-30T21:59:36.818-0700] {logging_mixin.py:188} INFO - [2025-10-30T21:59:36.817-0700] {dag.py:3089} INFO - Sync 1 DAGs
[2025-10-30T21:59:36.839-0700] {logging_mixin.py:188} INFO - [2025-10-30T21:59:36.839-0700] {dag.py:3947} INFO - Setting next_dagrun for example_sensor_decorator to None, run_after=None
[2025-10-30T21:59:36.996-0700] {processor.py:183} INFO - Processing /usr/local/lib/python3.10/dist-packages/airflow/example_dags/example_sensor_decorator.py took 0.243 seconds
[2025-10-30T22:01:02.548-0700] {processor.py:161} INFO - Started process (PID=4298) to work on /usr/local/lib/python3.10/dist-packages/airflow/example_dags/example_sensor_decorator.py
[2025-10-30T22:01:02.550-0700] {processor.py:830} INFO - Processing file /usr/local/lib/python3.10/dist-packages/airflow/example_dags/example_sensor_decorator.py for tasks to queue
[2025-10-30T22:01:02.552-0700] {logging_mixin.py:188} INFO - [2025-10-30T22:01:02.552-0700] {dagbag.py:545} INFO - Filling up the DagBag from /usr/local/lib/python3.10/dist-packages/airflow/example_dags/example_sensor_decorator.py
[2025-10-30T22:01:02.560-0700] {processor.py:840} INFO - DAG(s) 'example_sensor_decorator' retrieved from /usr/local/lib/python3.10/dist-packages/airflow/example_dags/example_sensor_decorator.py
[2025-10-30T22:01:02.594-0700] {logging_mixin.py:188} INFO - [2025-10-30T22:01:02.594-0700] {dag.py:3089} INFO - Sync 1 DAGs
[2025-10-30T22:01:02.613-0700] {logging_mixin.py:188} INFO - [2025-10-30T22:01:02.612-0700] {dag.py:3947} INFO - Setting next_dagrun for example_sensor_decorator to None, run_after=None
[2025-10-30T22:01:02.719-0700] {processor.py:183} INFO - Processing /usr/local/lib/python3.10/dist-packages/airflow/example_dags/example_sensor_decorator.py took 0.178 seconds
[2025-10-30T22:02:24.166-0700] {processor.py:161} INFO - Started process (PID=4374) to work on /usr/local/lib/python3.10/dist-packages/airflow/example_dags/example_sensor_decorator.py
[2025-10-30T22:02:24.169-0700] {processor.py:830} INFO - Processing file /usr/local/lib/python3.10/dist-packages/airflow/example_dags/example_sensor_decorator.py for tasks to queue
[2025-10-30T22:02:24.171-0700] {logging_mixin.py:188} INFO - [2025-10-30T22:02:24.171-0700] {dagbag.py:545} INFO - Filling up the DagBag from /usr/local/lib/python3.10/dist-packages/airflow/example_dags/example_sensor_decorator.py
[2025-10-30T22:02:24.180-0700] {processor.py:840} INFO - DAG(s) 'example_sensor_decorator' retrieved from /usr/local/lib/python3.10/dist-packages/airflow/example_dags/example_sensor_decorator.py
[2025-10-30T22:02:24.226-0700] {logging_mixin.py:188} INFO - [2025-10-30T22:02:24.225-0700] {dag.py:3089} INFO - Sync 1 DAGs
[2025-10-30T22:02:24.246-0700] {logging_mixin.py:188} INFO - [2025-10-30T22:02:24.246-0700] {dag.py:3947} INFO - Setting next_dagrun for example_sensor_decorator to None, run_after=None
[2025-10-30T22:02:24.369-0700] {processor.py:183} INFO - Processing /usr/local/lib/python3.10/dist-packages/airflow/example_dags/example_sensor_decorator.py took 0.210 seconds
[2025-10-30T22:03:51.119-0700] {processor.py:161} INFO - Started process (PID=4450) to work on /usr/local/lib/python3.10/dist-packages/airflow/example_dags/example_sensor_decorator.py
[2025-10-30T22:03:51.121-0700] {processor.py:830} INFO - Processing file /usr/local/lib/python3.10/dist-packages/airflow/example_dags/example_sensor_decorator.py for tasks to queue
[2025-10-30T22:03:51.123-0700] {logging_mixin.py:188} INFO - [2025-10-30T22:03:51.123-0700] {dagbag.py:545} INFO - Filling up the DagBag from /usr/local/lib/python3.10/dist-packages/airflow/example_dags/example_sensor_decorator.py
[2025-10-30T22:03:51.132-0700] {processor.py:840} INFO - DAG(s) 'example_sensor_decorator' retrieved from /usr/local/lib/python3.10/dist-packages/airflow/example_dags/example_sensor_decorator.py
[2025-10-30T22:03:51.172-0700] {logging_mixin.py:188} INFO - [2025-10-30T22:03:51.172-0700] {dag.py:3089} INFO - Sync 1 DAGs
[2025-10-30T22:03:51.198-0700] {logging_mixin.py:188} INFO - [2025-10-30T22:03:51.197-0700] {dag.py:3947} INFO - Setting next_dagrun for example_sensor_decorator to None, run_after=None
[2025-10-30T22:03:51.358-0700] {processor.py:183} INFO - Processing /usr/local/lib/python3.10/dist-packages/airflow/example_dags/example_sensor_decorator.py took 0.250 seconds
