[2025-10-30T20:58:48.238-0700] {processor.py:161} INFO - Started process (PID=572) to work on /usr/local/lib/python3.10/dist-packages/airflow/example_dags/example_display_name.py
[2025-10-30T20:58:48.239-0700] {processor.py:830} INFO - Processing file /usr/local/lib/python3.10/dist-packages/airflow/example_dags/example_display_name.py for tasks to queue
[2025-10-30T20:58:48.241-0700] {logging_mixin.py:188} INFO - [2025-10-30T20:58:48.241-0700] {dagbag.py:545} INFO - Filling up the DagBag from /usr/local/lib/python3.10/dist-packages/airflow/example_dags/example_display_name.py
[2025-10-30T20:58:48.259-0700] {processor.py:840} INFO - DAG(s) 'example_display_name' retrieved from /usr/local/lib/python3.10/dist-packages/airflow/example_dags/example_display_name.py
[2025-10-30T20:58:48.423-0700] {logging_mixin.py:188} INFO - [2025-10-30T20:58:48.422-0700] {override.py:1858} INFO - Created Permission View: can delete on DAG:example_display_name
[2025-10-30T20:58:48.469-0700] {logging_mixin.py:188} INFO - [2025-10-30T20:58:48.468-0700] {override.py:1858} INFO - Created Permission View: can edit on DAG:example_display_name
[2025-10-30T20:58:48.511-0700] {logging_mixin.py:188} INFO - [2025-10-30T20:58:48.510-0700] {override.py:1858} INFO - Created Permission View: can read on DAG:example_display_name
[2025-10-30T20:58:48.512-0700] {logging_mixin.py:188} INFO - [2025-10-30T20:58:48.511-0700] {dag.py:3089} INFO - Sync 1 DAGs
[2025-10-30T20:58:48.533-0700] {logging_mixin.py:188} INFO - [2025-10-30T20:58:48.533-0700] {dag.py:3111} INFO - Creating ORM DAG for example_display_name
[2025-10-30T20:58:48.534-0700] {logging_mixin.py:188} INFO - [2025-10-30T20:58:48.534-0700] {dag.py:3947} INFO - Setting next_dagrun for example_display_name to None, run_after=None
[2025-10-30T20:58:48.612-0700] {processor.py:183} INFO - Processing /usr/local/lib/python3.10/dist-packages/airflow/example_dags/example_display_name.py took 0.384 seconds
[2025-10-30T21:00:05.106-0700] {processor.py:161} INFO - Started process (PID=648) to work on /usr/local/lib/python3.10/dist-packages/airflow/example_dags/example_display_name.py
[2025-10-30T21:00:05.107-0700] {processor.py:830} INFO - Processing file /usr/local/lib/python3.10/dist-packages/airflow/example_dags/example_display_name.py for tasks to queue
[2025-10-30T21:00:05.108-0700] {logging_mixin.py:188} INFO - [2025-10-30T21:00:05.108-0700] {dagbag.py:545} INFO - Filling up the DagBag from /usr/local/lib/python3.10/dist-packages/airflow/example_dags/example_display_name.py
[2025-10-30T21:00:05.114-0700] {processor.py:840} INFO - DAG(s) 'example_display_name' retrieved from /usr/local/lib/python3.10/dist-packages/airflow/example_dags/example_display_name.py
[2025-10-30T21:00:05.161-0700] {logging_mixin.py:188} INFO - [2025-10-30T21:00:05.161-0700] {dag.py:3089} INFO - Sync 1 DAGs
[2025-10-30T21:00:05.180-0700] {logging_mixin.py:188} INFO - [2025-10-30T21:00:05.180-0700] {dag.py:3947} INFO - Setting next_dagrun for example_display_name to None, run_after=None
[2025-10-30T21:00:05.280-0700] {processor.py:183} INFO - Processing /usr/local/lib/python3.10/dist-packages/airflow/example_dags/example_display_name.py took 0.179 seconds
[2025-10-30T21:01:16.414-0700] {processor.py:161} INFO - Started process (PID=722) to work on /usr/local/lib/python3.10/dist-packages/airflow/example_dags/example_display_name.py
[2025-10-30T21:01:16.417-0700] {processor.py:830} INFO - Processing file /usr/local/lib/python3.10/dist-packages/airflow/example_dags/example_display_name.py for tasks to queue
[2025-10-30T21:01:16.420-0700] {logging_mixin.py:188} INFO - [2025-10-30T21:01:16.419-0700] {dagbag.py:545} INFO - Filling up the DagBag from /usr/local/lib/python3.10/dist-packages/airflow/example_dags/example_display_name.py
[2025-10-30T21:01:16.436-0700] {processor.py:840} INFO - DAG(s) 'example_display_name' retrieved from /usr/local/lib/python3.10/dist-packages/airflow/example_dags/example_display_name.py
[2025-10-30T21:01:16.509-0700] {logging_mixin.py:188} INFO - [2025-10-30T21:01:16.509-0700] {dag.py:3089} INFO - Sync 1 DAGs
[2025-10-30T21:01:16.547-0700] {logging_mixin.py:188} INFO - [2025-10-30T21:01:16.547-0700] {dag.py:3947} INFO - Setting next_dagrun for example_display_name to None, run_after=None
[2025-10-30T21:01:16.658-0700] {processor.py:183} INFO - Processing /usr/local/lib/python3.10/dist-packages/airflow/example_dags/example_display_name.py took 0.260 seconds
[2025-10-30T21:02:23.191-0700] {processor.py:161} INFO - Started process (PID=796) to work on /usr/local/lib/python3.10/dist-packages/airflow/example_dags/example_display_name.py
[2025-10-30T21:02:23.192-0700] {processor.py:830} INFO - Processing file /usr/local/lib/python3.10/dist-packages/airflow/example_dags/example_display_name.py for tasks to queue
[2025-10-30T21:02:23.194-0700] {logging_mixin.py:188} INFO - [2025-10-30T21:02:23.194-0700] {dagbag.py:545} INFO - Filling up the DagBag from /usr/local/lib/python3.10/dist-packages/airflow/example_dags/example_display_name.py
[2025-10-30T21:02:23.208-0700] {processor.py:840} INFO - DAG(s) 'example_display_name' retrieved from /usr/local/lib/python3.10/dist-packages/airflow/example_dags/example_display_name.py
[2025-10-30T21:02:23.250-0700] {logging_mixin.py:188} INFO - [2025-10-30T21:02:23.249-0700] {dag.py:3089} INFO - Sync 1 DAGs
[2025-10-30T21:02:23.267-0700] {logging_mixin.py:188} INFO - [2025-10-30T21:02:23.267-0700] {dag.py:3947} INFO - Setting next_dagrun for example_display_name to None, run_after=None
[2025-10-30T21:02:23.365-0700] {processor.py:183} INFO - Processing /usr/local/lib/python3.10/dist-packages/airflow/example_dags/example_display_name.py took 0.182 seconds
[2025-10-30T21:03:33.917-0700] {processor.py:161} INFO - Started process (PID=869) to work on /usr/local/lib/python3.10/dist-packages/airflow/example_dags/example_display_name.py
[2025-10-30T21:03:33.918-0700] {processor.py:830} INFO - Processing file /usr/local/lib/python3.10/dist-packages/airflow/example_dags/example_display_name.py for tasks to queue
[2025-10-30T21:03:33.919-0700] {logging_mixin.py:188} INFO - [2025-10-30T21:03:33.919-0700] {dagbag.py:545} INFO - Filling up the DagBag from /usr/local/lib/python3.10/dist-packages/airflow/example_dags/example_display_name.py
[2025-10-30T21:03:33.924-0700] {processor.py:840} INFO - DAG(s) 'example_display_name' retrieved from /usr/local/lib/python3.10/dist-packages/airflow/example_dags/example_display_name.py
[2025-10-30T21:03:33.944-0700] {logging_mixin.py:188} INFO - [2025-10-30T21:03:33.943-0700] {dag.py:3089} INFO - Sync 1 DAGs
[2025-10-30T21:03:33.955-0700] {logging_mixin.py:188} INFO - [2025-10-30T21:03:33.955-0700] {dag.py:3947} INFO - Setting next_dagrun for example_display_name to None, run_after=None
[2025-10-30T21:03:34.016-0700] {processor.py:183} INFO - Processing /usr/local/lib/python3.10/dist-packages/airflow/example_dags/example_display_name.py took 0.103 seconds
[2025-10-30T21:04:48.230-0700] {processor.py:161} INFO - Started process (PID=944) to work on /usr/local/lib/python3.10/dist-packages/airflow/example_dags/example_display_name.py
[2025-10-30T21:04:48.231-0700] {processor.py:830} INFO - Processing file /usr/local/lib/python3.10/dist-packages/airflow/example_dags/example_display_name.py for tasks to queue
[2025-10-30T21:04:48.233-0700] {logging_mixin.py:188} INFO - [2025-10-30T21:04:48.233-0700] {dagbag.py:545} INFO - Filling up the DagBag from /usr/local/lib/python3.10/dist-packages/airflow/example_dags/example_display_name.py
[2025-10-30T21:04:48.241-0700] {processor.py:840} INFO - DAG(s) 'example_display_name' retrieved from /usr/local/lib/python3.10/dist-packages/airflow/example_dags/example_display_name.py
[2025-10-30T21:04:48.278-0700] {logging_mixin.py:188} INFO - [2025-10-30T21:04:48.278-0700] {dag.py:3089} INFO - Sync 1 DAGs
[2025-10-30T21:04:48.295-0700] {logging_mixin.py:188} INFO - [2025-10-30T21:04:48.295-0700] {dag.py:3947} INFO - Setting next_dagrun for example_display_name to None, run_after=None
[2025-10-30T21:04:48.377-0700] {processor.py:183} INFO - Processing /usr/local/lib/python3.10/dist-packages/airflow/example_dags/example_display_name.py took 0.155 seconds
[2025-10-30T21:05:54.135-0700] {processor.py:161} INFO - Started process (PID=1014) to work on /usr/local/lib/python3.10/dist-packages/airflow/example_dags/example_display_name.py
[2025-10-30T21:05:54.136-0700] {processor.py:830} INFO - Processing file /usr/local/lib/python3.10/dist-packages/airflow/example_dags/example_display_name.py for tasks to queue
[2025-10-30T21:05:54.137-0700] {logging_mixin.py:188} INFO - [2025-10-30T21:05:54.137-0700] {dagbag.py:545} INFO - Filling up the DagBag from /usr/local/lib/python3.10/dist-packages/airflow/example_dags/example_display_name.py
[2025-10-30T21:05:54.144-0700] {processor.py:840} INFO - DAG(s) 'example_display_name' retrieved from /usr/local/lib/python3.10/dist-packages/airflow/example_dags/example_display_name.py
[2025-10-30T21:05:54.170-0700] {logging_mixin.py:188} INFO - [2025-10-30T21:05:54.170-0700] {dag.py:3089} INFO - Sync 1 DAGs
[2025-10-30T21:05:54.188-0700] {logging_mixin.py:188} INFO - [2025-10-30T21:05:54.187-0700] {dag.py:3947} INFO - Setting next_dagrun for example_display_name to None, run_after=None
[2025-10-30T21:05:54.238-0700] {processor.py:183} INFO - Processing /usr/local/lib/python3.10/dist-packages/airflow/example_dags/example_display_name.py took 0.108 seconds
[2025-10-30T21:08:39.636-0700] {processor.py:161} INFO - Started process (PID=1118) to work on /usr/local/lib/python3.10/dist-packages/airflow/example_dags/example_display_name.py
[2025-10-30T21:08:39.637-0700] {processor.py:830} INFO - Processing file /usr/local/lib/python3.10/dist-packages/airflow/example_dags/example_display_name.py for tasks to queue
[2025-10-30T21:08:39.640-0700] {logging_mixin.py:188} INFO - [2025-10-30T21:08:39.640-0700] {dagbag.py:545} INFO - Filling up the DagBag from /usr/local/lib/python3.10/dist-packages/airflow/example_dags/example_display_name.py
[2025-10-30T21:08:39.650-0700] {processor.py:840} INFO - DAG(s) 'example_display_name' retrieved from /usr/local/lib/python3.10/dist-packages/airflow/example_dags/example_display_name.py
[2025-10-30T21:08:39.676-0700] {logging_mixin.py:188} INFO - [2025-10-30T21:08:39.676-0700] {dag.py:3089} INFO - Sync 1 DAGs
[2025-10-30T21:08:39.690-0700] {logging_mixin.py:188} INFO - [2025-10-30T21:08:39.690-0700] {dag.py:3947} INFO - Setting next_dagrun for example_display_name to None, run_after=None
[2025-10-30T21:08:39.742-0700] {processor.py:183} INFO - Processing /usr/local/lib/python3.10/dist-packages/airflow/example_dags/example_display_name.py took 0.114 seconds
[2025-10-30T21:09:51.298-0700] {processor.py:161} INFO - Started process (PID=1189) to work on /usr/local/lib/python3.10/dist-packages/airflow/example_dags/example_display_name.py
[2025-10-30T21:09:51.300-0700] {processor.py:830} INFO - Processing file /usr/local/lib/python3.10/dist-packages/airflow/example_dags/example_display_name.py for tasks to queue
[2025-10-30T21:09:51.303-0700] {logging_mixin.py:188} INFO - [2025-10-30T21:09:51.303-0700] {dagbag.py:545} INFO - Filling up the DagBag from /usr/local/lib/python3.10/dist-packages/airflow/example_dags/example_display_name.py
[2025-10-30T21:09:51.314-0700] {processor.py:840} INFO - DAG(s) 'example_display_name' retrieved from /usr/local/lib/python3.10/dist-packages/airflow/example_dags/example_display_name.py
[2025-10-30T21:09:51.354-0700] {logging_mixin.py:188} INFO - [2025-10-30T21:09:51.353-0700] {dag.py:3089} INFO - Sync 1 DAGs
[2025-10-30T21:09:51.377-0700] {logging_mixin.py:188} INFO - [2025-10-30T21:09:51.376-0700] {dag.py:3947} INFO - Setting next_dagrun for example_display_name to None, run_after=None
[2025-10-30T21:09:51.478-0700] {processor.py:183} INFO - Processing /usr/local/lib/python3.10/dist-packages/airflow/example_dags/example_display_name.py took 0.188 seconds
[2025-10-30T21:11:11.417-0700] {processor.py:161} INFO - Started process (PID=1264) to work on /usr/local/lib/python3.10/dist-packages/airflow/example_dags/example_display_name.py
[2025-10-30T21:11:11.419-0700] {processor.py:830} INFO - Processing file /usr/local/lib/python3.10/dist-packages/airflow/example_dags/example_display_name.py for tasks to queue
[2025-10-30T21:11:11.422-0700] {logging_mixin.py:188} INFO - [2025-10-30T21:11:11.421-0700] {dagbag.py:545} INFO - Filling up the DagBag from /usr/local/lib/python3.10/dist-packages/airflow/example_dags/example_display_name.py
[2025-10-30T21:11:11.430-0700] {processor.py:840} INFO - DAG(s) 'example_display_name' retrieved from /usr/local/lib/python3.10/dist-packages/airflow/example_dags/example_display_name.py
[2025-10-30T21:11:11.475-0700] {logging_mixin.py:188} INFO - [2025-10-30T21:11:11.475-0700] {dag.py:3089} INFO - Sync 1 DAGs
[2025-10-30T21:11:11.494-0700] {logging_mixin.py:188} INFO - [2025-10-30T21:11:11.494-0700] {dag.py:3947} INFO - Setting next_dagrun for example_display_name to None, run_after=None
[2025-10-30T21:11:11.646-0700] {processor.py:183} INFO - Processing /usr/local/lib/python3.10/dist-packages/airflow/example_dags/example_display_name.py took 0.236 seconds
[2025-10-30T21:12:34.202-0700] {processor.py:161} INFO - Started process (PID=1348) to work on /usr/local/lib/python3.10/dist-packages/airflow/example_dags/example_display_name.py
[2025-10-30T21:12:34.204-0700] {processor.py:830} INFO - Processing file /usr/local/lib/python3.10/dist-packages/airflow/example_dags/example_display_name.py for tasks to queue
[2025-10-30T21:12:34.206-0700] {logging_mixin.py:188} INFO - [2025-10-30T21:12:34.206-0700] {dagbag.py:545} INFO - Filling up the DagBag from /usr/local/lib/python3.10/dist-packages/airflow/example_dags/example_display_name.py
[2025-10-30T21:12:34.215-0700] {processor.py:840} INFO - DAG(s) 'example_display_name' retrieved from /usr/local/lib/python3.10/dist-packages/airflow/example_dags/example_display_name.py
[2025-10-30T21:12:34.259-0700] {logging_mixin.py:188} INFO - [2025-10-30T21:12:34.259-0700] {dag.py:3089} INFO - Sync 1 DAGs
[2025-10-30T21:12:34.282-0700] {logging_mixin.py:188} INFO - [2025-10-30T21:12:34.282-0700] {dag.py:3947} INFO - Setting next_dagrun for example_display_name to None, run_after=None
[2025-10-30T21:12:34.447-0700] {processor.py:183} INFO - Processing /usr/local/lib/python3.10/dist-packages/airflow/example_dags/example_display_name.py took 0.252 seconds
[2025-10-30T21:13:56.561-0700] {processor.py:161} INFO - Started process (PID=1426) to work on /usr/local/lib/python3.10/dist-packages/airflow/example_dags/example_display_name.py
[2025-10-30T21:13:56.563-0700] {processor.py:830} INFO - Processing file /usr/local/lib/python3.10/dist-packages/airflow/example_dags/example_display_name.py for tasks to queue
[2025-10-30T21:13:56.567-0700] {logging_mixin.py:188} INFO - [2025-10-30T21:13:56.566-0700] {dagbag.py:545} INFO - Filling up the DagBag from /usr/local/lib/python3.10/dist-packages/airflow/example_dags/example_display_name.py
[2025-10-30T21:13:56.579-0700] {processor.py:840} INFO - DAG(s) 'example_display_name' retrieved from /usr/local/lib/python3.10/dist-packages/airflow/example_dags/example_display_name.py
[2025-10-30T21:13:56.624-0700] {logging_mixin.py:188} INFO - [2025-10-30T21:13:56.623-0700] {dag.py:3089} INFO - Sync 1 DAGs
[2025-10-30T21:13:56.650-0700] {logging_mixin.py:188} INFO - [2025-10-30T21:13:56.650-0700] {dag.py:3947} INFO - Setting next_dagrun for example_display_name to None, run_after=None
[2025-10-30T21:13:56.761-0700] {processor.py:183} INFO - Processing /usr/local/lib/python3.10/dist-packages/airflow/example_dags/example_display_name.py took 0.212 seconds
[2025-10-30T21:16:00.691-0700] {processor.py:161} INFO - Started process (PID=1515) to work on /usr/local/lib/python3.10/dist-packages/airflow/example_dags/example_display_name.py
[2025-10-30T21:16:00.693-0700] {processor.py:830} INFO - Processing file /usr/local/lib/python3.10/dist-packages/airflow/example_dags/example_display_name.py for tasks to queue
[2025-10-30T21:16:00.696-0700] {logging_mixin.py:188} INFO - [2025-10-30T21:16:00.695-0700] {dagbag.py:545} INFO - Filling up the DagBag from /usr/local/lib/python3.10/dist-packages/airflow/example_dags/example_display_name.py
[2025-10-30T21:16:00.706-0700] {processor.py:840} INFO - DAG(s) 'example_display_name' retrieved from /usr/local/lib/python3.10/dist-packages/airflow/example_dags/example_display_name.py
[2025-10-30T21:16:00.744-0700] {logging_mixin.py:188} INFO - [2025-10-30T21:16:00.743-0700] {dag.py:3089} INFO - Sync 1 DAGs
[2025-10-30T21:16:00.765-0700] {logging_mixin.py:188} INFO - [2025-10-30T21:16:00.764-0700] {dag.py:3947} INFO - Setting next_dagrun for example_display_name to None, run_after=None
[2025-10-30T21:16:00.875-0700] {processor.py:183} INFO - Processing /usr/local/lib/python3.10/dist-packages/airflow/example_dags/example_display_name.py took 0.194 seconds
[2025-10-30T21:17:24.066-0700] {processor.py:161} INFO - Started process (PID=1592) to work on /usr/local/lib/python3.10/dist-packages/airflow/example_dags/example_display_name.py
[2025-10-30T21:17:24.068-0700] {processor.py:830} INFO - Processing file /usr/local/lib/python3.10/dist-packages/airflow/example_dags/example_display_name.py for tasks to queue
[2025-10-30T21:17:24.072-0700] {logging_mixin.py:188} INFO - [2025-10-30T21:17:24.071-0700] {dagbag.py:545} INFO - Filling up the DagBag from /usr/local/lib/python3.10/dist-packages/airflow/example_dags/example_display_name.py
[2025-10-30T21:17:24.084-0700] {processor.py:840} INFO - DAG(s) 'example_display_name' retrieved from /usr/local/lib/python3.10/dist-packages/airflow/example_dags/example_display_name.py
[2025-10-30T21:17:24.135-0700] {logging_mixin.py:188} INFO - [2025-10-30T21:17:24.134-0700] {dag.py:3089} INFO - Sync 1 DAGs
[2025-10-30T21:17:24.160-0700] {logging_mixin.py:188} INFO - [2025-10-30T21:17:24.159-0700] {dag.py:3947} INFO - Setting next_dagrun for example_display_name to None, run_after=None
[2025-10-30T21:17:24.291-0700] {processor.py:183} INFO - Processing /usr/local/lib/python3.10/dist-packages/airflow/example_dags/example_display_name.py took 0.236 seconds
[2025-10-30T21:18:49.474-0700] {processor.py:161} INFO - Started process (PID=1667) to work on /usr/local/lib/python3.10/dist-packages/airflow/example_dags/example_display_name.py
[2025-10-30T21:18:49.477-0700] {processor.py:830} INFO - Processing file /usr/local/lib/python3.10/dist-packages/airflow/example_dags/example_display_name.py for tasks to queue
[2025-10-30T21:18:49.479-0700] {logging_mixin.py:188} INFO - [2025-10-30T21:18:49.479-0700] {dagbag.py:545} INFO - Filling up the DagBag from /usr/local/lib/python3.10/dist-packages/airflow/example_dags/example_display_name.py
[2025-10-30T21:18:49.486-0700] {processor.py:840} INFO - DAG(s) 'example_display_name' retrieved from /usr/local/lib/python3.10/dist-packages/airflow/example_dags/example_display_name.py
[2025-10-30T21:18:49.520-0700] {logging_mixin.py:188} INFO - [2025-10-30T21:18:49.520-0700] {dag.py:3089} INFO - Sync 1 DAGs
[2025-10-30T21:18:49.538-0700] {logging_mixin.py:188} INFO - [2025-10-30T21:18:49.538-0700] {dag.py:3947} INFO - Setting next_dagrun for example_display_name to None, run_after=None
[2025-10-30T21:18:49.690-0700] {processor.py:183} INFO - Processing /usr/local/lib/python3.10/dist-packages/airflow/example_dags/example_display_name.py took 0.225 seconds
[2025-10-30T21:20:12.625-0700] {processor.py:161} INFO - Started process (PID=1744) to work on /usr/local/lib/python3.10/dist-packages/airflow/example_dags/example_display_name.py
[2025-10-30T21:20:12.628-0700] {processor.py:830} INFO - Processing file /usr/local/lib/python3.10/dist-packages/airflow/example_dags/example_display_name.py for tasks to queue
[2025-10-30T21:20:12.630-0700] {logging_mixin.py:188} INFO - [2025-10-30T21:20:12.630-0700] {dagbag.py:545} INFO - Filling up the DagBag from /usr/local/lib/python3.10/dist-packages/airflow/example_dags/example_display_name.py
[2025-10-30T21:20:12.639-0700] {processor.py:840} INFO - DAG(s) 'example_display_name' retrieved from /usr/local/lib/python3.10/dist-packages/airflow/example_dags/example_display_name.py
[2025-10-30T21:20:12.683-0700] {logging_mixin.py:188} INFO - [2025-10-30T21:20:12.682-0700] {dag.py:3089} INFO - Sync 1 DAGs
[2025-10-30T21:20:12.704-0700] {logging_mixin.py:188} INFO - [2025-10-30T21:20:12.704-0700] {dag.py:3947} INFO - Setting next_dagrun for example_display_name to None, run_after=None
[2025-10-30T21:20:12.820-0700] {processor.py:183} INFO - Processing /usr/local/lib/python3.10/dist-packages/airflow/example_dags/example_display_name.py took 0.204 seconds
[2025-10-30T21:21:32.423-0700] {processor.py:161} INFO - Started process (PID=1819) to work on /usr/local/lib/python3.10/dist-packages/airflow/example_dags/example_display_name.py
[2025-10-30T21:21:32.426-0700] {processor.py:830} INFO - Processing file /usr/local/lib/python3.10/dist-packages/airflow/example_dags/example_display_name.py for tasks to queue
[2025-10-30T21:21:32.429-0700] {logging_mixin.py:188} INFO - [2025-10-30T21:21:32.429-0700] {dagbag.py:545} INFO - Filling up the DagBag from /usr/local/lib/python3.10/dist-packages/airflow/example_dags/example_display_name.py
[2025-10-30T21:21:32.439-0700] {processor.py:840} INFO - DAG(s) 'example_display_name' retrieved from /usr/local/lib/python3.10/dist-packages/airflow/example_dags/example_display_name.py
[2025-10-30T21:21:32.495-0700] {logging_mixin.py:188} INFO - [2025-10-30T21:21:32.495-0700] {dag.py:3089} INFO - Sync 1 DAGs
[2025-10-30T21:21:32.517-0700] {logging_mixin.py:188} INFO - [2025-10-30T21:21:32.517-0700] {dag.py:3947} INFO - Setting next_dagrun for example_display_name to None, run_after=None
[2025-10-30T21:21:32.642-0700] {processor.py:183} INFO - Processing /usr/local/lib/python3.10/dist-packages/airflow/example_dags/example_display_name.py took 0.228 seconds
[2025-10-30T21:22:53.980-0700] {processor.py:161} INFO - Started process (PID=1902) to work on /usr/local/lib/python3.10/dist-packages/airflow/example_dags/example_display_name.py
[2025-10-30T21:22:53.982-0700] {processor.py:830} INFO - Processing file /usr/local/lib/python3.10/dist-packages/airflow/example_dags/example_display_name.py for tasks to queue
[2025-10-30T21:22:53.984-0700] {logging_mixin.py:188} INFO - [2025-10-30T21:22:53.984-0700] {dagbag.py:545} INFO - Filling up the DagBag from /usr/local/lib/python3.10/dist-packages/airflow/example_dags/example_display_name.py
[2025-10-30T21:22:53.993-0700] {processor.py:840} INFO - DAG(s) 'example_display_name' retrieved from /usr/local/lib/python3.10/dist-packages/airflow/example_dags/example_display_name.py
[2025-10-30T21:22:54.041-0700] {logging_mixin.py:188} INFO - [2025-10-30T21:22:54.041-0700] {dag.py:3089} INFO - Sync 1 DAGs
[2025-10-30T21:22:54.060-0700] {logging_mixin.py:188} INFO - [2025-10-30T21:22:54.060-0700] {dag.py:3947} INFO - Setting next_dagrun for example_display_name to None, run_after=None
[2025-10-30T21:22:54.166-0700] {processor.py:183} INFO - Processing /usr/local/lib/python3.10/dist-packages/airflow/example_dags/example_display_name.py took 0.193 seconds
[2025-10-30T21:24:15.904-0700] {processor.py:161} INFO - Started process (PID=1987) to work on /usr/local/lib/python3.10/dist-packages/airflow/example_dags/example_display_name.py
[2025-10-30T21:24:15.906-0700] {processor.py:830} INFO - Processing file /usr/local/lib/python3.10/dist-packages/airflow/example_dags/example_display_name.py for tasks to queue
[2025-10-30T21:24:15.909-0700] {logging_mixin.py:188} INFO - [2025-10-30T21:24:15.908-0700] {dagbag.py:545} INFO - Filling up the DagBag from /usr/local/lib/python3.10/dist-packages/airflow/example_dags/example_display_name.py
[2025-10-30T21:24:15.917-0700] {processor.py:840} INFO - DAG(s) 'example_display_name' retrieved from /usr/local/lib/python3.10/dist-packages/airflow/example_dags/example_display_name.py
[2025-10-30T21:24:15.968-0700] {logging_mixin.py:188} INFO - [2025-10-30T21:24:15.968-0700] {dag.py:3089} INFO - Sync 1 DAGs
[2025-10-30T21:24:15.992-0700] {logging_mixin.py:188} INFO - [2025-10-30T21:24:15.991-0700] {dag.py:3947} INFO - Setting next_dagrun for example_display_name to None, run_after=None
[2025-10-30T21:24:16.108-0700] {processor.py:183} INFO - Processing /usr/local/lib/python3.10/dist-packages/airflow/example_dags/example_display_name.py took 0.212 seconds
[2025-10-30T21:25:37.282-0700] {processor.py:161} INFO - Started process (PID=2061) to work on /usr/local/lib/python3.10/dist-packages/airflow/example_dags/example_display_name.py
[2025-10-30T21:25:37.284-0700] {processor.py:830} INFO - Processing file /usr/local/lib/python3.10/dist-packages/airflow/example_dags/example_display_name.py for tasks to queue
[2025-10-30T21:25:37.287-0700] {logging_mixin.py:188} INFO - [2025-10-30T21:25:37.287-0700] {dagbag.py:545} INFO - Filling up the DagBag from /usr/local/lib/python3.10/dist-packages/airflow/example_dags/example_display_name.py
[2025-10-30T21:25:37.295-0700] {processor.py:840} INFO - DAG(s) 'example_display_name' retrieved from /usr/local/lib/python3.10/dist-packages/airflow/example_dags/example_display_name.py
[2025-10-30T21:25:37.350-0700] {logging_mixin.py:188} INFO - [2025-10-30T21:25:37.350-0700] {dag.py:3089} INFO - Sync 1 DAGs
[2025-10-30T21:25:37.372-0700] {logging_mixin.py:188} INFO - [2025-10-30T21:25:37.371-0700] {dag.py:3947} INFO - Setting next_dagrun for example_display_name to None, run_after=None
[2025-10-30T21:25:37.507-0700] {processor.py:183} INFO - Processing /usr/local/lib/python3.10/dist-packages/airflow/example_dags/example_display_name.py took 0.236 seconds
[2025-10-30T21:27:01.538-0700] {processor.py:161} INFO - Started process (PID=2138) to work on /usr/local/lib/python3.10/dist-packages/airflow/example_dags/example_display_name.py
[2025-10-30T21:27:01.541-0700] {processor.py:830} INFO - Processing file /usr/local/lib/python3.10/dist-packages/airflow/example_dags/example_display_name.py for tasks to queue
[2025-10-30T21:27:01.543-0700] {logging_mixin.py:188} INFO - [2025-10-30T21:27:01.543-0700] {dagbag.py:545} INFO - Filling up the DagBag from /usr/local/lib/python3.10/dist-packages/airflow/example_dags/example_display_name.py
[2025-10-30T21:27:01.551-0700] {processor.py:840} INFO - DAG(s) 'example_display_name' retrieved from /usr/local/lib/python3.10/dist-packages/airflow/example_dags/example_display_name.py
[2025-10-30T21:27:01.594-0700] {logging_mixin.py:188} INFO - [2025-10-30T21:27:01.594-0700] {dag.py:3089} INFO - Sync 1 DAGs
[2025-10-30T21:27:01.618-0700] {logging_mixin.py:188} INFO - [2025-10-30T21:27:01.618-0700] {dag.py:3947} INFO - Setting next_dagrun for example_display_name to None, run_after=None
[2025-10-30T21:27:01.770-0700] {processor.py:183} INFO - Processing /usr/local/lib/python3.10/dist-packages/airflow/example_dags/example_display_name.py took 0.240 seconds
[2025-10-30T21:28:24.676-0700] {processor.py:161} INFO - Started process (PID=2214) to work on /usr/local/lib/python3.10/dist-packages/airflow/example_dags/example_display_name.py
[2025-10-30T21:28:24.678-0700] {processor.py:830} INFO - Processing file /usr/local/lib/python3.10/dist-packages/airflow/example_dags/example_display_name.py for tasks to queue
[2025-10-30T21:28:24.682-0700] {logging_mixin.py:188} INFO - [2025-10-30T21:28:24.681-0700] {dagbag.py:545} INFO - Filling up the DagBag from /usr/local/lib/python3.10/dist-packages/airflow/example_dags/example_display_name.py
[2025-10-30T21:28:24.689-0700] {processor.py:840} INFO - DAG(s) 'example_display_name' retrieved from /usr/local/lib/python3.10/dist-packages/airflow/example_dags/example_display_name.py
[2025-10-30T21:28:24.730-0700] {logging_mixin.py:188} INFO - [2025-10-30T21:28:24.729-0700] {dag.py:3089} INFO - Sync 1 DAGs
[2025-10-30T21:28:24.749-0700] {logging_mixin.py:188} INFO - [2025-10-30T21:28:24.748-0700] {dag.py:3947} INFO - Setting next_dagrun for example_display_name to None, run_after=None
[2025-10-30T21:28:24.890-0700] {processor.py:183} INFO - Processing /usr/local/lib/python3.10/dist-packages/airflow/example_dags/example_display_name.py took 0.221 seconds
[2025-10-30T21:29:50.146-0700] {processor.py:161} INFO - Started process (PID=2289) to work on /usr/local/lib/python3.10/dist-packages/airflow/example_dags/example_display_name.py
[2025-10-30T21:29:50.148-0700] {processor.py:830} INFO - Processing file /usr/local/lib/python3.10/dist-packages/airflow/example_dags/example_display_name.py for tasks to queue
[2025-10-30T21:29:50.151-0700] {logging_mixin.py:188} INFO - [2025-10-30T21:29:50.150-0700] {dagbag.py:545} INFO - Filling up the DagBag from /usr/local/lib/python3.10/dist-packages/airflow/example_dags/example_display_name.py
[2025-10-30T21:29:50.159-0700] {processor.py:840} INFO - DAG(s) 'example_display_name' retrieved from /usr/local/lib/python3.10/dist-packages/airflow/example_dags/example_display_name.py
[2025-10-30T21:29:50.214-0700] {logging_mixin.py:188} INFO - [2025-10-30T21:29:50.213-0700] {dag.py:3089} INFO - Sync 1 DAGs
[2025-10-30T21:29:50.241-0700] {logging_mixin.py:188} INFO - [2025-10-30T21:29:50.240-0700] {dag.py:3947} INFO - Setting next_dagrun for example_display_name to None, run_after=None
[2025-10-30T21:29:50.399-0700] {processor.py:183} INFO - Processing /usr/local/lib/python3.10/dist-packages/airflow/example_dags/example_display_name.py took 0.262 seconds
[2025-10-30T21:31:09.467-0700] {processor.py:161} INFO - Started process (PID=2363) to work on /usr/local/lib/python3.10/dist-packages/airflow/example_dags/example_display_name.py
[2025-10-30T21:31:09.469-0700] {processor.py:830} INFO - Processing file /usr/local/lib/python3.10/dist-packages/airflow/example_dags/example_display_name.py for tasks to queue
[2025-10-30T21:31:09.472-0700] {logging_mixin.py:188} INFO - [2025-10-30T21:31:09.471-0700] {dagbag.py:545} INFO - Filling up the DagBag from /usr/local/lib/python3.10/dist-packages/airflow/example_dags/example_display_name.py
[2025-10-30T21:31:09.479-0700] {processor.py:840} INFO - DAG(s) 'example_display_name' retrieved from /usr/local/lib/python3.10/dist-packages/airflow/example_dags/example_display_name.py
[2025-10-30T21:31:09.517-0700] {logging_mixin.py:188} INFO - [2025-10-30T21:31:09.517-0700] {dag.py:3089} INFO - Sync 1 DAGs
[2025-10-30T21:31:09.541-0700] {logging_mixin.py:188} INFO - [2025-10-30T21:31:09.540-0700] {dag.py:3947} INFO - Setting next_dagrun for example_display_name to None, run_after=None
[2025-10-30T21:31:09.638-0700] {processor.py:183} INFO - Processing /usr/local/lib/python3.10/dist-packages/airflow/example_dags/example_display_name.py took 0.180 seconds
[2025-10-30T21:32:29.259-0700] {processor.py:161} INFO - Started process (PID=2439) to work on /usr/local/lib/python3.10/dist-packages/airflow/example_dags/example_display_name.py
[2025-10-30T21:32:29.261-0700] {processor.py:830} INFO - Processing file /usr/local/lib/python3.10/dist-packages/airflow/example_dags/example_display_name.py for tasks to queue
[2025-10-30T21:32:29.263-0700] {logging_mixin.py:188} INFO - [2025-10-30T21:32:29.262-0700] {dagbag.py:545} INFO - Filling up the DagBag from /usr/local/lib/python3.10/dist-packages/airflow/example_dags/example_display_name.py
[2025-10-30T21:32:29.270-0700] {processor.py:840} INFO - DAG(s) 'example_display_name' retrieved from /usr/local/lib/python3.10/dist-packages/airflow/example_dags/example_display_name.py
[2025-10-30T21:32:29.314-0700] {logging_mixin.py:188} INFO - [2025-10-30T21:32:29.314-0700] {dag.py:3089} INFO - Sync 1 DAGs
[2025-10-30T21:32:29.348-0700] {logging_mixin.py:188} INFO - [2025-10-30T21:32:29.348-0700] {dag.py:3947} INFO - Setting next_dagrun for example_display_name to None, run_after=None
[2025-10-30T21:32:29.500-0700] {processor.py:183} INFO - Processing /usr/local/lib/python3.10/dist-packages/airflow/example_dags/example_display_name.py took 0.247 seconds
[2025-10-30T21:35:42.616-0700] {processor.py:161} INFO - Started process (PID=2602) to work on /usr/local/lib/python3.10/dist-packages/airflow/example_dags/example_display_name.py
[2025-10-30T21:35:42.618-0700] {processor.py:830} INFO - Processing file /usr/local/lib/python3.10/dist-packages/airflow/example_dags/example_display_name.py for tasks to queue
[2025-10-30T21:35:42.622-0700] {logging_mixin.py:188} INFO - [2025-10-30T21:35:42.621-0700] {dagbag.py:545} INFO - Filling up the DagBag from /usr/local/lib/python3.10/dist-packages/airflow/example_dags/example_display_name.py
[2025-10-30T21:35:42.636-0700] {processor.py:840} INFO - DAG(s) 'example_display_name' retrieved from /usr/local/lib/python3.10/dist-packages/airflow/example_dags/example_display_name.py
[2025-10-30T21:35:42.684-0700] {logging_mixin.py:188} INFO - [2025-10-30T21:35:42.684-0700] {dag.py:3089} INFO - Sync 1 DAGs
[2025-10-30T21:35:42.709-0700] {logging_mixin.py:188} INFO - [2025-10-30T21:35:42.709-0700] {dag.py:3947} INFO - Setting next_dagrun for example_display_name to None, run_after=None
[2025-10-30T21:35:42.906-0700] {processor.py:183} INFO - Processing /usr/local/lib/python3.10/dist-packages/airflow/example_dags/example_display_name.py took 0.297 seconds
[2025-10-30T21:37:28.203-0700] {processor.py:161} INFO - Started process (PID=2687) to work on /usr/local/lib/python3.10/dist-packages/airflow/example_dags/example_display_name.py
[2025-10-30T21:37:28.205-0700] {processor.py:830} INFO - Processing file /usr/local/lib/python3.10/dist-packages/airflow/example_dags/example_display_name.py for tasks to queue
[2025-10-30T21:37:28.208-0700] {logging_mixin.py:188} INFO - [2025-10-30T21:37:28.208-0700] {dagbag.py:545} INFO - Filling up the DagBag from /usr/local/lib/python3.10/dist-packages/airflow/example_dags/example_display_name.py
[2025-10-30T21:37:28.218-0700] {processor.py:840} INFO - DAG(s) 'example_display_name' retrieved from /usr/local/lib/python3.10/dist-packages/airflow/example_dags/example_display_name.py
[2025-10-30T21:37:28.285-0700] {logging_mixin.py:188} INFO - [2025-10-30T21:37:28.285-0700] {dag.py:3089} INFO - Sync 1 DAGs
[2025-10-30T21:37:28.319-0700] {logging_mixin.py:188} INFO - [2025-10-30T21:37:28.319-0700] {dag.py:3947} INFO - Setting next_dagrun for example_display_name to None, run_after=None
[2025-10-30T21:37:28.476-0700] {processor.py:183} INFO - Processing /usr/local/lib/python3.10/dist-packages/airflow/example_dags/example_display_name.py took 0.281 seconds
[2025-10-30T21:39:04.287-0700] {processor.py:161} INFO - Started process (PID=2791) to work on /usr/local/lib/python3.10/dist-packages/airflow/example_dags/example_display_name.py
[2025-10-30T21:39:04.289-0700] {processor.py:830} INFO - Processing file /usr/local/lib/python3.10/dist-packages/airflow/example_dags/example_display_name.py for tasks to queue
[2025-10-30T21:39:04.292-0700] {logging_mixin.py:188} INFO - [2025-10-30T21:39:04.291-0700] {dagbag.py:545} INFO - Filling up the DagBag from /usr/local/lib/python3.10/dist-packages/airflow/example_dags/example_display_name.py
[2025-10-30T21:39:04.299-0700] {processor.py:840} INFO - DAG(s) 'example_display_name' retrieved from /usr/local/lib/python3.10/dist-packages/airflow/example_dags/example_display_name.py
[2025-10-30T21:39:04.345-0700] {logging_mixin.py:188} INFO - [2025-10-30T21:39:04.344-0700] {dag.py:3089} INFO - Sync 1 DAGs
[2025-10-30T21:39:04.367-0700] {logging_mixin.py:188} INFO - [2025-10-30T21:39:04.366-0700] {dag.py:3947} INFO - Setting next_dagrun for example_display_name to None, run_after=None
[2025-10-30T21:39:04.490-0700] {processor.py:183} INFO - Processing /usr/local/lib/python3.10/dist-packages/airflow/example_dags/example_display_name.py took 0.210 seconds
[2025-10-30T21:40:33.734-0700] {processor.py:161} INFO - Started process (PID=2869) to work on /usr/local/lib/python3.10/dist-packages/airflow/example_dags/example_display_name.py
[2025-10-30T21:40:33.737-0700] {processor.py:830} INFO - Processing file /usr/local/lib/python3.10/dist-packages/airflow/example_dags/example_display_name.py for tasks to queue
[2025-10-30T21:40:33.741-0700] {logging_mixin.py:188} INFO - [2025-10-30T21:40:33.740-0700] {dagbag.py:545} INFO - Filling up the DagBag from /usr/local/lib/python3.10/dist-packages/airflow/example_dags/example_display_name.py
[2025-10-30T21:40:33.757-0700] {processor.py:840} INFO - DAG(s) 'example_display_name' retrieved from /usr/local/lib/python3.10/dist-packages/airflow/example_dags/example_display_name.py
[2025-10-30T21:40:33.820-0700] {logging_mixin.py:188} INFO - [2025-10-30T21:40:33.820-0700] {dag.py:3089} INFO - Sync 1 DAGs
[2025-10-30T21:40:33.854-0700] {logging_mixin.py:188} INFO - [2025-10-30T21:40:33.854-0700] {dag.py:3947} INFO - Setting next_dagrun for example_display_name to None, run_after=None
[2025-10-30T21:40:34.052-0700] {processor.py:183} INFO - Processing /usr/local/lib/python3.10/dist-packages/airflow/example_dags/example_display_name.py took 0.335 seconds
[2025-10-30T21:42:03.232-0700] {processor.py:161} INFO - Started process (PID=2947) to work on /usr/local/lib/python3.10/dist-packages/airflow/example_dags/example_display_name.py
[2025-10-30T21:42:03.234-0700] {processor.py:830} INFO - Processing file /usr/local/lib/python3.10/dist-packages/airflow/example_dags/example_display_name.py for tasks to queue
[2025-10-30T21:42:03.238-0700] {logging_mixin.py:188} INFO - [2025-10-30T21:42:03.237-0700] {dagbag.py:545} INFO - Filling up the DagBag from /usr/local/lib/python3.10/dist-packages/airflow/example_dags/example_display_name.py
[2025-10-30T21:42:03.246-0700] {processor.py:840} INFO - DAG(s) 'example_display_name' retrieved from /usr/local/lib/python3.10/dist-packages/airflow/example_dags/example_display_name.py
[2025-10-30T21:42:03.295-0700] {logging_mixin.py:188} INFO - [2025-10-30T21:42:03.295-0700] {dag.py:3089} INFO - Sync 1 DAGs
[2025-10-30T21:42:03.318-0700] {logging_mixin.py:188} INFO - [2025-10-30T21:42:03.317-0700] {dag.py:3947} INFO - Setting next_dagrun for example_display_name to None, run_after=None
[2025-10-30T21:42:03.483-0700] {processor.py:183} INFO - Processing /usr/local/lib/python3.10/dist-packages/airflow/example_dags/example_display_name.py took 0.259 seconds
[2025-10-30T21:43:33.101-0700] {processor.py:161} INFO - Started process (PID=3026) to work on /usr/local/lib/python3.10/dist-packages/airflow/example_dags/example_display_name.py
[2025-10-30T21:43:33.104-0700] {processor.py:830} INFO - Processing file /usr/local/lib/python3.10/dist-packages/airflow/example_dags/example_display_name.py for tasks to queue
[2025-10-30T21:43:33.108-0700] {logging_mixin.py:188} INFO - [2025-10-30T21:43:33.107-0700] {dagbag.py:545} INFO - Filling up the DagBag from /usr/local/lib/python3.10/dist-packages/airflow/example_dags/example_display_name.py
[2025-10-30T21:43:33.126-0700] {processor.py:840} INFO - DAG(s) 'example_display_name' retrieved from /usr/local/lib/python3.10/dist-packages/airflow/example_dags/example_display_name.py
[2025-10-30T21:43:33.185-0700] {logging_mixin.py:188} INFO - [2025-10-30T21:43:33.184-0700] {dag.py:3089} INFO - Sync 1 DAGs
[2025-10-30T21:43:33.211-0700] {logging_mixin.py:188} INFO - [2025-10-30T21:43:33.210-0700] {dag.py:3947} INFO - Setting next_dagrun for example_display_name to None, run_after=None
[2025-10-30T21:43:33.354-0700] {processor.py:183} INFO - Processing /usr/local/lib/python3.10/dist-packages/airflow/example_dags/example_display_name.py took 0.267 seconds
[2025-10-30T21:45:00.788-0700] {processor.py:161} INFO - Started process (PID=3103) to work on /usr/local/lib/python3.10/dist-packages/airflow/example_dags/example_display_name.py
[2025-10-30T21:45:00.790-0700] {processor.py:830} INFO - Processing file /usr/local/lib/python3.10/dist-packages/airflow/example_dags/example_display_name.py for tasks to queue
[2025-10-30T21:45:00.795-0700] {logging_mixin.py:188} INFO - [2025-10-30T21:45:00.794-0700] {dagbag.py:545} INFO - Filling up the DagBag from /usr/local/lib/python3.10/dist-packages/airflow/example_dags/example_display_name.py
[2025-10-30T21:45:00.805-0700] {processor.py:840} INFO - DAG(s) 'example_display_name' retrieved from /usr/local/lib/python3.10/dist-packages/airflow/example_dags/example_display_name.py
[2025-10-30T21:45:00.846-0700] {logging_mixin.py:188} INFO - [2025-10-30T21:45:00.846-0700] {dag.py:3089} INFO - Sync 1 DAGs
[2025-10-30T21:45:00.869-0700] {logging_mixin.py:188} INFO - [2025-10-30T21:45:00.868-0700] {dag.py:3947} INFO - Setting next_dagrun for example_display_name to None, run_after=None
[2025-10-30T21:45:00.988-0700] {processor.py:183} INFO - Processing /usr/local/lib/python3.10/dist-packages/airflow/example_dags/example_display_name.py took 0.209 seconds
[2025-10-30T21:46:48.633-0700] {processor.py:161} INFO - Started process (PID=3213) to work on /usr/local/lib/python3.10/dist-packages/airflow/example_dags/example_display_name.py
[2025-10-30T21:46:48.635-0700] {processor.py:830} INFO - Processing file /usr/local/lib/python3.10/dist-packages/airflow/example_dags/example_display_name.py for tasks to queue
[2025-10-30T21:46:48.639-0700] {logging_mixin.py:188} INFO - [2025-10-30T21:46:48.638-0700] {dagbag.py:545} INFO - Filling up the DagBag from /usr/local/lib/python3.10/dist-packages/airflow/example_dags/example_display_name.py
[2025-10-30T21:46:48.648-0700] {processor.py:840} INFO - DAG(s) 'example_display_name' retrieved from /usr/local/lib/python3.10/dist-packages/airflow/example_dags/example_display_name.py
[2025-10-30T21:46:48.691-0700] {logging_mixin.py:188} INFO - [2025-10-30T21:46:48.691-0700] {dag.py:3089} INFO - Sync 1 DAGs
[2025-10-30T21:46:48.713-0700] {logging_mixin.py:188} INFO - [2025-10-30T21:46:48.713-0700] {dag.py:3947} INFO - Setting next_dagrun for example_display_name to None, run_after=None
[2025-10-30T21:46:48.818-0700] {processor.py:183} INFO - Processing /usr/local/lib/python3.10/dist-packages/airflow/example_dags/example_display_name.py took 0.193 seconds
[2025-10-30T21:48:20.117-0700] {processor.py:161} INFO - Started process (PID=3449) to work on /usr/local/lib/python3.10/dist-packages/airflow/example_dags/example_display_name.py
[2025-10-30T21:48:20.120-0700] {processor.py:830} INFO - Processing file /usr/local/lib/python3.10/dist-packages/airflow/example_dags/example_display_name.py for tasks to queue
[2025-10-30T21:48:20.132-0700] {logging_mixin.py:188} INFO - [2025-10-30T21:48:20.131-0700] {dagbag.py:545} INFO - Filling up the DagBag from /usr/local/lib/python3.10/dist-packages/airflow/example_dags/example_display_name.py
[2025-10-30T21:48:20.154-0700] {processor.py:840} INFO - DAG(s) 'example_display_name' retrieved from /usr/local/lib/python3.10/dist-packages/airflow/example_dags/example_display_name.py
[2025-10-30T21:48:20.211-0700] {logging_mixin.py:188} INFO - [2025-10-30T21:48:20.211-0700] {dag.py:3089} INFO - Sync 1 DAGs
[2025-10-30T21:48:20.251-0700] {logging_mixin.py:188} INFO - [2025-10-30T21:48:20.250-0700] {dag.py:3947} INFO - Setting next_dagrun for example_display_name to None, run_after=None
[2025-10-30T21:48:20.390-0700] {processor.py:183} INFO - Processing /usr/local/lib/python3.10/dist-packages/airflow/example_dags/example_display_name.py took 0.285 seconds
[2025-10-30T21:51:20.054-0700] {processor.py:161} INFO - Started process (PID=3682) to work on /usr/local/lib/python3.10/dist-packages/airflow/example_dags/example_display_name.py
[2025-10-30T21:51:20.057-0700] {processor.py:830} INFO - Processing file /usr/local/lib/python3.10/dist-packages/airflow/example_dags/example_display_name.py for tasks to queue
[2025-10-30T21:51:20.060-0700] {logging_mixin.py:188} INFO - [2025-10-30T21:51:20.059-0700] {dagbag.py:545} INFO - Filling up the DagBag from /usr/local/lib/python3.10/dist-packages/airflow/example_dags/example_display_name.py
[2025-10-30T21:51:20.068-0700] {processor.py:840} INFO - DAG(s) 'example_display_name' retrieved from /usr/local/lib/python3.10/dist-packages/airflow/example_dags/example_display_name.py
[2025-10-30T21:51:20.104-0700] {logging_mixin.py:188} INFO - [2025-10-30T21:51:20.103-0700] {dag.py:3089} INFO - Sync 1 DAGs
[2025-10-30T21:51:20.121-0700] {logging_mixin.py:188} INFO - [2025-10-30T21:51:20.121-0700] {dag.py:3947} INFO - Setting next_dagrun for example_display_name to None, run_after=None
[2025-10-30T21:51:20.233-0700] {processor.py:183} INFO - Processing /usr/local/lib/python3.10/dist-packages/airflow/example_dags/example_display_name.py took 0.188 seconds
[2025-10-30T21:52:47.492-0700] {processor.py:161} INFO - Started process (PID=3760) to work on /usr/local/lib/python3.10/dist-packages/airflow/example_dags/example_display_name.py
[2025-10-30T21:52:47.494-0700] {processor.py:830} INFO - Processing file /usr/local/lib/python3.10/dist-packages/airflow/example_dags/example_display_name.py for tasks to queue
[2025-10-30T21:52:47.499-0700] {logging_mixin.py:188} INFO - [2025-10-30T21:52:47.498-0700] {dagbag.py:545} INFO - Filling up the DagBag from /usr/local/lib/python3.10/dist-packages/airflow/example_dags/example_display_name.py
[2025-10-30T21:52:47.508-0700] {processor.py:840} INFO - DAG(s) 'example_display_name' retrieved from /usr/local/lib/python3.10/dist-packages/airflow/example_dags/example_display_name.py
[2025-10-30T21:52:47.547-0700] {logging_mixin.py:188} INFO - [2025-10-30T21:52:47.546-0700] {dag.py:3089} INFO - Sync 1 DAGs
[2025-10-30T21:52:47.565-0700] {logging_mixin.py:188} INFO - [2025-10-30T21:52:47.565-0700] {dag.py:3947} INFO - Setting next_dagrun for example_display_name to None, run_after=None
[2025-10-30T21:52:47.675-0700] {processor.py:183} INFO - Processing /usr/local/lib/python3.10/dist-packages/airflow/example_dags/example_display_name.py took 0.190 seconds
[2025-10-30T21:56:08.386-0700] {processor.py:161} INFO - Started process (PID=4032) to work on /usr/local/lib/python3.10/dist-packages/airflow/example_dags/example_display_name.py
[2025-10-30T21:56:08.389-0700] {processor.py:830} INFO - Processing file /usr/local/lib/python3.10/dist-packages/airflow/example_dags/example_display_name.py for tasks to queue
[2025-10-30T21:56:08.391-0700] {logging_mixin.py:188} INFO - [2025-10-30T21:56:08.391-0700] {dagbag.py:545} INFO - Filling up the DagBag from /usr/local/lib/python3.10/dist-packages/airflow/example_dags/example_display_name.py
[2025-10-30T21:56:08.400-0700] {processor.py:840} INFO - DAG(s) 'example_display_name' retrieved from /usr/local/lib/python3.10/dist-packages/airflow/example_dags/example_display_name.py
[2025-10-30T21:56:08.463-0700] {logging_mixin.py:188} INFO - [2025-10-30T21:56:08.462-0700] {dag.py:3089} INFO - Sync 1 DAGs
[2025-10-30T21:56:08.490-0700] {logging_mixin.py:188} INFO - [2025-10-30T21:56:08.490-0700] {dag.py:3947} INFO - Setting next_dagrun for example_display_name to None, run_after=None
[2025-10-30T21:56:08.600-0700] {processor.py:183} INFO - Processing /usr/local/lib/python3.10/dist-packages/airflow/example_dags/example_display_name.py took 0.223 seconds
[2025-10-30T21:57:35.997-0700] {processor.py:161} INFO - Started process (PID=4109) to work on /usr/local/lib/python3.10/dist-packages/airflow/example_dags/example_display_name.py
[2025-10-30T21:57:35.999-0700] {processor.py:830} INFO - Processing file /usr/local/lib/python3.10/dist-packages/airflow/example_dags/example_display_name.py for tasks to queue
[2025-10-30T21:57:36.001-0700] {logging_mixin.py:188} INFO - [2025-10-30T21:57:36.001-0700] {dagbag.py:545} INFO - Filling up the DagBag from /usr/local/lib/python3.10/dist-packages/airflow/example_dags/example_display_name.py
[2025-10-30T21:57:36.008-0700] {processor.py:840} INFO - DAG(s) 'example_display_name' retrieved from /usr/local/lib/python3.10/dist-packages/airflow/example_dags/example_display_name.py
[2025-10-30T21:57:36.045-0700] {logging_mixin.py:188} INFO - [2025-10-30T21:57:36.045-0700] {dag.py:3089} INFO - Sync 1 DAGs
[2025-10-30T21:57:36.066-0700] {logging_mixin.py:188} INFO - [2025-10-30T21:57:36.065-0700] {dag.py:3947} INFO - Setting next_dagrun for example_display_name to None, run_after=None
[2025-10-30T21:57:36.226-0700] {processor.py:183} INFO - Processing /usr/local/lib/python3.10/dist-packages/airflow/example_dags/example_display_name.py took 0.235 seconds
[2025-10-30T21:58:57.118-0700] {processor.py:161} INFO - Started process (PID=4185) to work on /usr/local/lib/python3.10/dist-packages/airflow/example_dags/example_display_name.py
[2025-10-30T21:58:57.120-0700] {processor.py:830} INFO - Processing file /usr/local/lib/python3.10/dist-packages/airflow/example_dags/example_display_name.py for tasks to queue
[2025-10-30T21:58:57.123-0700] {logging_mixin.py:188} INFO - [2025-10-30T21:58:57.122-0700] {dagbag.py:545} INFO - Filling up the DagBag from /usr/local/lib/python3.10/dist-packages/airflow/example_dags/example_display_name.py
[2025-10-30T21:58:57.131-0700] {processor.py:840} INFO - DAG(s) 'example_display_name' retrieved from /usr/local/lib/python3.10/dist-packages/airflow/example_dags/example_display_name.py
[2025-10-30T21:58:57.168-0700] {logging_mixin.py:188} INFO - [2025-10-30T21:58:57.167-0700] {dag.py:3089} INFO - Sync 1 DAGs
[2025-10-30T21:58:57.189-0700] {logging_mixin.py:188} INFO - [2025-10-30T21:58:57.189-0700] {dag.py:3947} INFO - Setting next_dagrun for example_display_name to None, run_after=None
[2025-10-30T21:58:57.296-0700] {processor.py:183} INFO - Processing /usr/local/lib/python3.10/dist-packages/airflow/example_dags/example_display_name.py took 0.187 seconds
[2025-10-30T22:00:21.259-0700] {processor.py:161} INFO - Started process (PID=4261) to work on /usr/local/lib/python3.10/dist-packages/airflow/example_dags/example_display_name.py
[2025-10-30T22:00:21.262-0700] {processor.py:830} INFO - Processing file /usr/local/lib/python3.10/dist-packages/airflow/example_dags/example_display_name.py for tasks to queue
[2025-10-30T22:00:21.264-0700] {logging_mixin.py:188} INFO - [2025-10-30T22:00:21.264-0700] {dagbag.py:545} INFO - Filling up the DagBag from /usr/local/lib/python3.10/dist-packages/airflow/example_dags/example_display_name.py
[2025-10-30T22:00:21.275-0700] {processor.py:840} INFO - DAG(s) 'example_display_name' retrieved from /usr/local/lib/python3.10/dist-packages/airflow/example_dags/example_display_name.py
[2025-10-30T22:00:21.324-0700] {logging_mixin.py:188} INFO - [2025-10-30T22:00:21.323-0700] {dag.py:3089} INFO - Sync 1 DAGs
[2025-10-30T22:00:21.357-0700] {logging_mixin.py:188} INFO - [2025-10-30T22:00:21.356-0700] {dag.py:3947} INFO - Setting next_dagrun for example_display_name to None, run_after=None
[2025-10-30T22:00:21.516-0700] {processor.py:183} INFO - Processing /usr/local/lib/python3.10/dist-packages/airflow/example_dags/example_display_name.py took 0.269 seconds
[2025-10-30T22:01:44.091-0700] {processor.py:161} INFO - Started process (PID=4337) to work on /usr/local/lib/python3.10/dist-packages/airflow/example_dags/example_display_name.py
[2025-10-30T22:01:44.093-0700] {processor.py:830} INFO - Processing file /usr/local/lib/python3.10/dist-packages/airflow/example_dags/example_display_name.py for tasks to queue
[2025-10-30T22:01:44.096-0700] {logging_mixin.py:188} INFO - [2025-10-30T22:01:44.096-0700] {dagbag.py:545} INFO - Filling up the DagBag from /usr/local/lib/python3.10/dist-packages/airflow/example_dags/example_display_name.py
[2025-10-30T22:01:44.104-0700] {processor.py:840} INFO - DAG(s) 'example_display_name' retrieved from /usr/local/lib/python3.10/dist-packages/airflow/example_dags/example_display_name.py
[2025-10-30T22:01:44.138-0700] {logging_mixin.py:188} INFO - [2025-10-30T22:01:44.138-0700] {dag.py:3089} INFO - Sync 1 DAGs
[2025-10-30T22:01:44.155-0700] {logging_mixin.py:188} INFO - [2025-10-30T22:01:44.155-0700] {dag.py:3947} INFO - Setting next_dagrun for example_display_name to None, run_after=None
[2025-10-30T22:01:44.264-0700] {processor.py:183} INFO - Processing /usr/local/lib/python3.10/dist-packages/airflow/example_dags/example_display_name.py took 0.183 seconds
[2025-10-30T22:03:07.650-0700] {processor.py:161} INFO - Started process (PID=4413) to work on /usr/local/lib/python3.10/dist-packages/airflow/example_dags/example_display_name.py
[2025-10-30T22:03:07.653-0700] {processor.py:830} INFO - Processing file /usr/local/lib/python3.10/dist-packages/airflow/example_dags/example_display_name.py for tasks to queue
[2025-10-30T22:03:07.656-0700] {logging_mixin.py:188} INFO - [2025-10-30T22:03:07.656-0700] {dagbag.py:545} INFO - Filling up the DagBag from /usr/local/lib/python3.10/dist-packages/airflow/example_dags/example_display_name.py
[2025-10-30T22:03:07.664-0700] {processor.py:840} INFO - DAG(s) 'example_display_name' retrieved from /usr/local/lib/python3.10/dist-packages/airflow/example_dags/example_display_name.py
[2025-10-30T22:03:07.720-0700] {logging_mixin.py:188} INFO - [2025-10-30T22:03:07.719-0700] {dag.py:3089} INFO - Sync 1 DAGs
[2025-10-30T22:03:07.745-0700] {logging_mixin.py:188} INFO - [2025-10-30T22:03:07.745-0700] {dag.py:3947} INFO - Setting next_dagrun for example_display_name to None, run_after=None
[2025-10-30T22:03:07.906-0700] {processor.py:183} INFO - Processing /usr/local/lib/python3.10/dist-packages/airflow/example_dags/example_display_name.py took 0.263 seconds
[2025-10-30T22:04:39.947-0700] {processor.py:161} INFO - Started process (PID=4492) to work on /usr/local/lib/python3.10/dist-packages/airflow/example_dags/example_display_name.py
[2025-10-30T22:04:39.949-0700] {processor.py:830} INFO - Processing file /usr/local/lib/python3.10/dist-packages/airflow/example_dags/example_display_name.py for tasks to queue
[2025-10-30T22:04:39.952-0700] {logging_mixin.py:188} INFO - [2025-10-30T22:04:39.951-0700] {dagbag.py:545} INFO - Filling up the DagBag from /usr/local/lib/python3.10/dist-packages/airflow/example_dags/example_display_name.py
[2025-10-30T22:04:39.961-0700] {processor.py:840} INFO - DAG(s) 'example_display_name' retrieved from /usr/local/lib/python3.10/dist-packages/airflow/example_dags/example_display_name.py
[2025-10-30T22:04:40.002-0700] {logging_mixin.py:188} INFO - [2025-10-30T22:04:40.002-0700] {dag.py:3089} INFO - Sync 1 DAGs
[2025-10-30T22:04:40.024-0700] {logging_mixin.py:188} INFO - [2025-10-30T22:04:40.024-0700] {dag.py:3947} INFO - Setting next_dagrun for example_display_name to None, run_after=None
[2025-10-30T22:04:40.136-0700] {processor.py:183} INFO - Processing /usr/local/lib/python3.10/dist-packages/airflow/example_dags/example_display_name.py took 0.196 seconds
