[2025-10-30T20:58:24.237-0700] {processor.py:161} INFO - Started process (PID=553) to work on /usr/local/lib/python3.10/dist-packages/airflow/example_dags/example_time_delta_sensor_async.py
[2025-10-30T20:58:24.238-0700] {processor.py:830} INFO - Processing file /usr/local/lib/python3.10/dist-packages/airflow/example_dags/example_time_delta_sensor_async.py for tasks to queue
[2025-10-30T20:58:24.239-0700] {logging_mixin.py:188} INFO - [2025-10-30T20:58:24.239-0700] {dagbag.py:545} INFO - Filling up the DagBag from /usr/local/lib/python3.10/dist-packages/airflow/example_dags/example_time_delta_sensor_async.py
[2025-10-30T20:58:24.248-0700] {processor.py:840} INFO - DAG(s) 'example_time_delta_sensor_async' retrieved from /usr/local/lib/python3.10/dist-packages/airflow/example_dags/example_time_delta_sensor_async.py
[2025-10-30T20:58:24.451-0700] {logging_mixin.py:188} INFO - [2025-10-30T20:58:24.451-0700] {override.py:1858} INFO - Created Permission View: can delete on DAG:example_time_delta_sensor_async
[2025-10-30T20:58:24.506-0700] {logging_mixin.py:188} INFO - [2025-10-30T20:58:24.505-0700] {override.py:1858} INFO - Created Permission View: can edit on DAG:example_time_delta_sensor_async
[2025-10-30T20:58:24.547-0700] {logging_mixin.py:188} INFO - [2025-10-30T20:58:24.547-0700] {override.py:1858} INFO - Created Permission View: can read on DAG:example_time_delta_sensor_async
[2025-10-30T20:58:24.548-0700] {logging_mixin.py:188} INFO - [2025-10-30T20:58:24.548-0700] {dag.py:3089} INFO - Sync 1 DAGs
[2025-10-30T20:58:24.568-0700] {logging_mixin.py:188} INFO - [2025-10-30T20:58:24.567-0700] {dag.py:3111} INFO - Creating ORM DAG for example_time_delta_sensor_async
[2025-10-30T20:58:24.569-0700] {logging_mixin.py:188} INFO - [2025-10-30T20:58:24.569-0700] {dag.py:3947} INFO - Setting next_dagrun for example_time_delta_sensor_async to None, run_after=None
[2025-10-30T20:58:24.654-0700] {processor.py:183} INFO - Processing /usr/local/lib/python3.10/dist-packages/airflow/example_dags/example_time_delta_sensor_async.py took 0.423 seconds
[2025-10-30T20:59:33.161-0700] {processor.py:161} INFO - Started process (PID=615) to work on /usr/local/lib/python3.10/dist-packages/airflow/example_dags/example_time_delta_sensor_async.py
[2025-10-30T20:59:33.162-0700] {processor.py:830} INFO - Processing file /usr/local/lib/python3.10/dist-packages/airflow/example_dags/example_time_delta_sensor_async.py for tasks to queue
[2025-10-30T20:59:33.163-0700] {logging_mixin.py:188} INFO - [2025-10-30T20:59:33.163-0700] {dagbag.py:545} INFO - Filling up the DagBag from /usr/local/lib/python3.10/dist-packages/airflow/example_dags/example_time_delta_sensor_async.py
[2025-10-30T20:59:33.169-0700] {processor.py:840} INFO - DAG(s) 'example_time_delta_sensor_async' retrieved from /usr/local/lib/python3.10/dist-packages/airflow/example_dags/example_time_delta_sensor_async.py
[2025-10-30T20:59:33.213-0700] {logging_mixin.py:188} INFO - [2025-10-30T20:59:33.213-0700] {dag.py:3089} INFO - Sync 1 DAGs
[2025-10-30T20:59:33.234-0700] {logging_mixin.py:188} INFO - [2025-10-30T20:59:33.233-0700] {dag.py:3947} INFO - Setting next_dagrun for example_time_delta_sensor_async to None, run_after=None
[2025-10-30T20:59:33.297-0700] {processor.py:183} INFO - Processing /usr/local/lib/python3.10/dist-packages/airflow/example_dags/example_time_delta_sensor_async.py took 0.141 seconds
[2025-10-30T21:00:43.807-0700] {processor.py:161} INFO - Started process (PID=687) to work on /usr/local/lib/python3.10/dist-packages/airflow/example_dags/example_time_delta_sensor_async.py
[2025-10-30T21:00:43.808-0700] {processor.py:830} INFO - Processing file /usr/local/lib/python3.10/dist-packages/airflow/example_dags/example_time_delta_sensor_async.py for tasks to queue
[2025-10-30T21:00:43.809-0700] {logging_mixin.py:188} INFO - [2025-10-30T21:00:43.809-0700] {dagbag.py:545} INFO - Filling up the DagBag from /usr/local/lib/python3.10/dist-packages/airflow/example_dags/example_time_delta_sensor_async.py
[2025-10-30T21:00:43.815-0700] {processor.py:840} INFO - DAG(s) 'example_time_delta_sensor_async' retrieved from /usr/local/lib/python3.10/dist-packages/airflow/example_dags/example_time_delta_sensor_async.py
[2025-10-30T21:00:43.844-0700] {logging_mixin.py:188} INFO - [2025-10-30T21:00:43.843-0700] {dag.py:3089} INFO - Sync 1 DAGs
[2025-10-30T21:00:43.863-0700] {logging_mixin.py:188} INFO - [2025-10-30T21:00:43.862-0700] {dag.py:3947} INFO - Setting next_dagrun for example_time_delta_sensor_async to None, run_after=None
[2025-10-30T21:00:43.927-0700] {processor.py:183} INFO - Processing /usr/local/lib/python3.10/dist-packages/airflow/example_dags/example_time_delta_sensor_async.py took 0.127 seconds
[2025-10-30T21:01:53.132-0700] {processor.py:161} INFO - Started process (PID=764) to work on /usr/local/lib/python3.10/dist-packages/airflow/example_dags/example_time_delta_sensor_async.py
[2025-10-30T21:01:53.134-0700] {processor.py:830} INFO - Processing file /usr/local/lib/python3.10/dist-packages/airflow/example_dags/example_time_delta_sensor_async.py for tasks to queue
[2025-10-30T21:01:53.135-0700] {logging_mixin.py:188} INFO - [2025-10-30T21:01:53.135-0700] {dagbag.py:545} INFO - Filling up the DagBag from /usr/local/lib/python3.10/dist-packages/airflow/example_dags/example_time_delta_sensor_async.py
[2025-10-30T21:01:53.141-0700] {processor.py:840} INFO - DAG(s) 'example_time_delta_sensor_async' retrieved from /usr/local/lib/python3.10/dist-packages/airflow/example_dags/example_time_delta_sensor_async.py
[2025-10-30T21:01:53.173-0700] {logging_mixin.py:188} INFO - [2025-10-30T21:01:53.173-0700] {dag.py:3089} INFO - Sync 1 DAGs
[2025-10-30T21:01:53.188-0700] {logging_mixin.py:188} INFO - [2025-10-30T21:01:53.188-0700] {dag.py:3947} INFO - Setting next_dagrun for example_time_delta_sensor_async to None, run_after=None
[2025-10-30T21:01:53.276-0700] {processor.py:183} INFO - Processing /usr/local/lib/python3.10/dist-packages/airflow/example_dags/example_time_delta_sensor_async.py took 0.149 seconds
[2025-10-30T21:03:00.592-0700] {processor.py:161} INFO - Started process (PID=835) to work on /usr/local/lib/python3.10/dist-packages/airflow/example_dags/example_time_delta_sensor_async.py
[2025-10-30T21:03:00.594-0700] {processor.py:830} INFO - Processing file /usr/local/lib/python3.10/dist-packages/airflow/example_dags/example_time_delta_sensor_async.py for tasks to queue
[2025-10-30T21:03:00.595-0700] {logging_mixin.py:188} INFO - [2025-10-30T21:03:00.594-0700] {dagbag.py:545} INFO - Filling up the DagBag from /usr/local/lib/python3.10/dist-packages/airflow/example_dags/example_time_delta_sensor_async.py
[2025-10-30T21:03:00.602-0700] {processor.py:840} INFO - DAG(s) 'example_time_delta_sensor_async' retrieved from /usr/local/lib/python3.10/dist-packages/airflow/example_dags/example_time_delta_sensor_async.py
[2025-10-30T21:03:00.634-0700] {logging_mixin.py:188} INFO - [2025-10-30T21:03:00.633-0700] {dag.py:3089} INFO - Sync 1 DAGs
[2025-10-30T21:03:00.649-0700] {logging_mixin.py:188} INFO - [2025-10-30T21:03:00.649-0700] {dag.py:3947} INFO - Setting next_dagrun for example_time_delta_sensor_async to None, run_after=None
[2025-10-30T21:03:00.717-0700] {processor.py:183} INFO - Processing /usr/local/lib/python3.10/dist-packages/airflow/example_dags/example_time_delta_sensor_async.py took 0.136 seconds
[2025-10-30T21:04:13.138-0700] {processor.py:161} INFO - Started process (PID=908) to work on /usr/local/lib/python3.10/dist-packages/airflow/example_dags/example_time_delta_sensor_async.py
[2025-10-30T21:04:13.139-0700] {processor.py:830} INFO - Processing file /usr/local/lib/python3.10/dist-packages/airflow/example_dags/example_time_delta_sensor_async.py for tasks to queue
[2025-10-30T21:04:13.140-0700] {logging_mixin.py:188} INFO - [2025-10-30T21:04:13.139-0700] {dagbag.py:545} INFO - Filling up the DagBag from /usr/local/lib/python3.10/dist-packages/airflow/example_dags/example_time_delta_sensor_async.py
[2025-10-30T21:04:13.144-0700] {processor.py:840} INFO - DAG(s) 'example_time_delta_sensor_async' retrieved from /usr/local/lib/python3.10/dist-packages/airflow/example_dags/example_time_delta_sensor_async.py
[2025-10-30T21:04:13.164-0700] {logging_mixin.py:188} INFO - [2025-10-30T21:04:13.163-0700] {dag.py:3089} INFO - Sync 1 DAGs
[2025-10-30T21:04:13.178-0700] {logging_mixin.py:188} INFO - [2025-10-30T21:04:13.177-0700] {dag.py:3947} INFO - Setting next_dagrun for example_time_delta_sensor_async to None, run_after=None
[2025-10-30T21:04:13.240-0700] {processor.py:183} INFO - Processing /usr/local/lib/python3.10/dist-packages/airflow/example_dags/example_time_delta_sensor_async.py took 0.107 seconds
[2025-10-30T21:05:22.375-0700] {processor.py:161} INFO - Started process (PID=980) to work on /usr/local/lib/python3.10/dist-packages/airflow/example_dags/example_time_delta_sensor_async.py
[2025-10-30T21:05:22.376-0700] {processor.py:830} INFO - Processing file /usr/local/lib/python3.10/dist-packages/airflow/example_dags/example_time_delta_sensor_async.py for tasks to queue
[2025-10-30T21:05:22.377-0700] {logging_mixin.py:188} INFO - [2025-10-30T21:05:22.377-0700] {dagbag.py:545} INFO - Filling up the DagBag from /usr/local/lib/python3.10/dist-packages/airflow/example_dags/example_time_delta_sensor_async.py
[2025-10-30T21:05:22.382-0700] {processor.py:840} INFO - DAG(s) 'example_time_delta_sensor_async' retrieved from /usr/local/lib/python3.10/dist-packages/airflow/example_dags/example_time_delta_sensor_async.py
[2025-10-30T21:05:22.416-0700] {logging_mixin.py:188} INFO - [2025-10-30T21:05:22.415-0700] {dag.py:3089} INFO - Sync 1 DAGs
[2025-10-30T21:05:22.433-0700] {logging_mixin.py:188} INFO - [2025-10-30T21:05:22.433-0700] {dag.py:3947} INFO - Setting next_dagrun for example_time_delta_sensor_async to None, run_after=None
[2025-10-30T21:05:22.491-0700] {processor.py:183} INFO - Processing /usr/local/lib/python3.10/dist-packages/airflow/example_dags/example_time_delta_sensor_async.py took 0.121 seconds
[2025-10-30T21:08:18.086-0700] {processor.py:161} INFO - Started process (PID=1099) to work on /usr/local/lib/python3.10/dist-packages/airflow/example_dags/example_time_delta_sensor_async.py
[2025-10-30T21:08:18.088-0700] {processor.py:830} INFO - Processing file /usr/local/lib/python3.10/dist-packages/airflow/example_dags/example_time_delta_sensor_async.py for tasks to queue
[2025-10-30T21:08:18.091-0700] {logging_mixin.py:188} INFO - [2025-10-30T21:08:18.091-0700] {dagbag.py:545} INFO - Filling up the DagBag from /usr/local/lib/python3.10/dist-packages/airflow/example_dags/example_time_delta_sensor_async.py
[2025-10-30T21:08:18.101-0700] {processor.py:840} INFO - DAG(s) 'example_time_delta_sensor_async' retrieved from /usr/local/lib/python3.10/dist-packages/airflow/example_dags/example_time_delta_sensor_async.py
[2025-10-30T21:08:18.142-0700] {logging_mixin.py:188} INFO - [2025-10-30T21:08:18.142-0700] {dag.py:3089} INFO - Sync 1 DAGs
[2025-10-30T21:08:18.163-0700] {logging_mixin.py:188} INFO - [2025-10-30T21:08:18.162-0700] {dag.py:3947} INFO - Setting next_dagrun for example_time_delta_sensor_async to None, run_after=None
[2025-10-30T21:08:18.249-0700] {processor.py:183} INFO - Processing /usr/local/lib/python3.10/dist-packages/airflow/example_dags/example_time_delta_sensor_async.py took 0.170 seconds
[2025-10-30T21:09:23.207-0700] {processor.py:161} INFO - Started process (PID=1160) to work on /usr/local/lib/python3.10/dist-packages/airflow/example_dags/example_time_delta_sensor_async.py
[2025-10-30T21:09:23.209-0700] {processor.py:830} INFO - Processing file /usr/local/lib/python3.10/dist-packages/airflow/example_dags/example_time_delta_sensor_async.py for tasks to queue
[2025-10-30T21:09:23.212-0700] {logging_mixin.py:188} INFO - [2025-10-30T21:09:23.211-0700] {dagbag.py:545} INFO - Filling up the DagBag from /usr/local/lib/python3.10/dist-packages/airflow/example_dags/example_time_delta_sensor_async.py
[2025-10-30T21:09:23.216-0700] {processor.py:840} INFO - DAG(s) 'example_time_delta_sensor_async' retrieved from /usr/local/lib/python3.10/dist-packages/airflow/example_dags/example_time_delta_sensor_async.py
[2025-10-30T21:09:23.251-0700] {logging_mixin.py:188} INFO - [2025-10-30T21:09:23.251-0700] {dag.py:3089} INFO - Sync 1 DAGs
[2025-10-30T21:09:23.269-0700] {logging_mixin.py:188} INFO - [2025-10-30T21:09:23.269-0700] {dag.py:3947} INFO - Setting next_dagrun for example_time_delta_sensor_async to None, run_after=None
[2025-10-30T21:09:23.331-0700] {processor.py:183} INFO - Processing /usr/local/lib/python3.10/dist-packages/airflow/example_dags/example_time_delta_sensor_async.py took 0.131 seconds
[2025-10-30T21:10:37.417-0700] {processor.py:161} INFO - Started process (PID=1231) to work on /usr/local/lib/python3.10/dist-packages/airflow/example_dags/example_time_delta_sensor_async.py
[2025-10-30T21:10:37.420-0700] {processor.py:830} INFO - Processing file /usr/local/lib/python3.10/dist-packages/airflow/example_dags/example_time_delta_sensor_async.py for tasks to queue
[2025-10-30T21:10:37.423-0700] {logging_mixin.py:188} INFO - [2025-10-30T21:10:37.422-0700] {dagbag.py:545} INFO - Filling up the DagBag from /usr/local/lib/python3.10/dist-packages/airflow/example_dags/example_time_delta_sensor_async.py
[2025-10-30T21:10:37.431-0700] {processor.py:840} INFO - DAG(s) 'example_time_delta_sensor_async' retrieved from /usr/local/lib/python3.10/dist-packages/airflow/example_dags/example_time_delta_sensor_async.py
[2025-10-30T21:10:37.462-0700] {logging_mixin.py:188} INFO - [2025-10-30T21:10:37.462-0700] {dag.py:3089} INFO - Sync 1 DAGs
[2025-10-30T21:10:37.480-0700] {logging_mixin.py:188} INFO - [2025-10-30T21:10:37.480-0700] {dag.py:3947} INFO - Setting next_dagrun for example_time_delta_sensor_async to None, run_after=None
[2025-10-30T21:10:37.587-0700] {processor.py:183} INFO - Processing /usr/local/lib/python3.10/dist-packages/airflow/example_dags/example_time_delta_sensor_async.py took 0.178 seconds
[2025-10-30T21:11:58.448-0700] {processor.py:161} INFO - Started process (PID=1307) to work on /usr/local/lib/python3.10/dist-packages/airflow/example_dags/example_time_delta_sensor_async.py
[2025-10-30T21:11:58.452-0700] {processor.py:830} INFO - Processing file /usr/local/lib/python3.10/dist-packages/airflow/example_dags/example_time_delta_sensor_async.py for tasks to queue
[2025-10-30T21:11:58.461-0700] {logging_mixin.py:188} INFO - [2025-10-30T21:11:58.458-0700] {dagbag.py:545} INFO - Filling up the DagBag from /usr/local/lib/python3.10/dist-packages/airflow/example_dags/example_time_delta_sensor_async.py
[2025-10-30T21:11:58.474-0700] {processor.py:840} INFO - DAG(s) 'example_time_delta_sensor_async' retrieved from /usr/local/lib/python3.10/dist-packages/airflow/example_dags/example_time_delta_sensor_async.py
[2025-10-30T21:11:58.518-0700] {logging_mixin.py:188} INFO - [2025-10-30T21:11:58.518-0700] {dag.py:3089} INFO - Sync 1 DAGs
[2025-10-30T21:11:58.544-0700] {logging_mixin.py:188} INFO - [2025-10-30T21:11:58.544-0700] {dag.py:3947} INFO - Setting next_dagrun for example_time_delta_sensor_async to None, run_after=None
[2025-10-30T21:11:58.653-0700] {processor.py:183} INFO - Processing /usr/local/lib/python3.10/dist-packages/airflow/example_dags/example_time_delta_sensor_async.py took 0.226 seconds
[2025-10-30T21:13:21.265-0700] {processor.py:161} INFO - Started process (PID=1390) to work on /usr/local/lib/python3.10/dist-packages/airflow/example_dags/example_time_delta_sensor_async.py
[2025-10-30T21:13:21.267-0700] {processor.py:830} INFO - Processing file /usr/local/lib/python3.10/dist-packages/airflow/example_dags/example_time_delta_sensor_async.py for tasks to queue
[2025-10-30T21:13:21.269-0700] {logging_mixin.py:188} INFO - [2025-10-30T21:13:21.269-0700] {dagbag.py:545} INFO - Filling up the DagBag from /usr/local/lib/python3.10/dist-packages/airflow/example_dags/example_time_delta_sensor_async.py
[2025-10-30T21:13:21.276-0700] {processor.py:840} INFO - DAG(s) 'example_time_delta_sensor_async' retrieved from /usr/local/lib/python3.10/dist-packages/airflow/example_dags/example_time_delta_sensor_async.py
[2025-10-30T21:13:21.311-0700] {logging_mixin.py:188} INFO - [2025-10-30T21:13:21.310-0700] {dag.py:3089} INFO - Sync 1 DAGs
[2025-10-30T21:13:21.330-0700] {logging_mixin.py:188} INFO - [2025-10-30T21:13:21.330-0700] {dag.py:3947} INFO - Setting next_dagrun for example_time_delta_sensor_async to None, run_after=None
[2025-10-30T21:13:21.485-0700] {processor.py:183} INFO - Processing /usr/local/lib/python3.10/dist-packages/airflow/example_dags/example_time_delta_sensor_async.py took 0.228 seconds
[2025-10-30T21:15:39.032-0700] {processor.py:161} INFO - Started process (PID=1498) to work on /usr/local/lib/python3.10/dist-packages/airflow/example_dags/example_time_delta_sensor_async.py
[2025-10-30T21:15:39.034-0700] {processor.py:830} INFO - Processing file /usr/local/lib/python3.10/dist-packages/airflow/example_dags/example_time_delta_sensor_async.py for tasks to queue
[2025-10-30T21:15:39.037-0700] {logging_mixin.py:188} INFO - [2025-10-30T21:15:39.037-0700] {dagbag.py:545} INFO - Filling up the DagBag from /usr/local/lib/python3.10/dist-packages/airflow/example_dags/example_time_delta_sensor_async.py
[2025-10-30T21:15:39.044-0700] {processor.py:840} INFO - DAG(s) 'example_time_delta_sensor_async' retrieved from /usr/local/lib/python3.10/dist-packages/airflow/example_dags/example_time_delta_sensor_async.py
[2025-10-30T21:15:39.094-0700] {logging_mixin.py:188} INFO - [2025-10-30T21:15:39.094-0700] {dag.py:3089} INFO - Sync 1 DAGs
[2025-10-30T21:15:39.120-0700] {logging_mixin.py:188} INFO - [2025-10-30T21:15:39.119-0700] {dag.py:3947} INFO - Setting next_dagrun for example_time_delta_sensor_async to None, run_after=None
[2025-10-30T21:15:39.296-0700] {processor.py:183} INFO - Processing /usr/local/lib/python3.10/dist-packages/airflow/example_dags/example_time_delta_sensor_async.py took 0.271 seconds
[2025-10-30T21:16:50.279-0700] {processor.py:161} INFO - Started process (PID=1558) to work on /usr/local/lib/python3.10/dist-packages/airflow/example_dags/example_time_delta_sensor_async.py
[2025-10-30T21:16:50.281-0700] {processor.py:830} INFO - Processing file /usr/local/lib/python3.10/dist-packages/airflow/example_dags/example_time_delta_sensor_async.py for tasks to queue
[2025-10-30T21:16:50.286-0700] {logging_mixin.py:188} INFO - [2025-10-30T21:16:50.285-0700] {dagbag.py:545} INFO - Filling up the DagBag from /usr/local/lib/python3.10/dist-packages/airflow/example_dags/example_time_delta_sensor_async.py
[2025-10-30T21:16:50.293-0700] {processor.py:840} INFO - DAG(s) 'example_time_delta_sensor_async' retrieved from /usr/local/lib/python3.10/dist-packages/airflow/example_dags/example_time_delta_sensor_async.py
[2025-10-30T21:16:50.343-0700] {logging_mixin.py:188} INFO - [2025-10-30T21:16:50.343-0700] {dag.py:3089} INFO - Sync 1 DAGs
[2025-10-30T21:16:50.366-0700] {logging_mixin.py:188} INFO - [2025-10-30T21:16:50.366-0700] {dag.py:3947} INFO - Setting next_dagrun for example_time_delta_sensor_async to None, run_after=None
[2025-10-30T21:16:50.553-0700] {processor.py:183} INFO - Processing /usr/local/lib/python3.10/dist-packages/airflow/example_dags/example_time_delta_sensor_async.py took 0.282 seconds
[2025-10-30T21:18:12.709-0700] {processor.py:161} INFO - Started process (PID=1634) to work on /usr/local/lib/python3.10/dist-packages/airflow/example_dags/example_time_delta_sensor_async.py
[2025-10-30T21:18:12.712-0700] {processor.py:830} INFO - Processing file /usr/local/lib/python3.10/dist-packages/airflow/example_dags/example_time_delta_sensor_async.py for tasks to queue
[2025-10-30T21:18:12.715-0700] {logging_mixin.py:188} INFO - [2025-10-30T21:18:12.714-0700] {dagbag.py:545} INFO - Filling up the DagBag from /usr/local/lib/python3.10/dist-packages/airflow/example_dags/example_time_delta_sensor_async.py
[2025-10-30T21:18:12.723-0700] {processor.py:840} INFO - DAG(s) 'example_time_delta_sensor_async' retrieved from /usr/local/lib/python3.10/dist-packages/airflow/example_dags/example_time_delta_sensor_async.py
[2025-10-30T21:18:12.800-0700] {logging_mixin.py:188} INFO - [2025-10-30T21:18:12.799-0700] {dag.py:3089} INFO - Sync 1 DAGs
[2025-10-30T21:18:12.838-0700] {logging_mixin.py:188} INFO - [2025-10-30T21:18:12.838-0700] {dag.py:3947} INFO - Setting next_dagrun for example_time_delta_sensor_async to None, run_after=None
[2025-10-30T21:18:12.956-0700] {processor.py:183} INFO - Processing /usr/local/lib/python3.10/dist-packages/airflow/example_dags/example_time_delta_sensor_async.py took 0.255 seconds
[2025-10-30T21:19:35.844-0700] {processor.py:161} INFO - Started process (PID=1710) to work on /usr/local/lib/python3.10/dist-packages/airflow/example_dags/example_time_delta_sensor_async.py
[2025-10-30T21:19:35.846-0700] {processor.py:830} INFO - Processing file /usr/local/lib/python3.10/dist-packages/airflow/example_dags/example_time_delta_sensor_async.py for tasks to queue
[2025-10-30T21:19:35.850-0700] {logging_mixin.py:188} INFO - [2025-10-30T21:19:35.849-0700] {dagbag.py:545} INFO - Filling up the DagBag from /usr/local/lib/python3.10/dist-packages/airflow/example_dags/example_time_delta_sensor_async.py
[2025-10-30T21:19:35.857-0700] {processor.py:840} INFO - DAG(s) 'example_time_delta_sensor_async' retrieved from /usr/local/lib/python3.10/dist-packages/airflow/example_dags/example_time_delta_sensor_async.py
[2025-10-30T21:19:35.895-0700] {logging_mixin.py:188} INFO - [2025-10-30T21:19:35.894-0700] {dag.py:3089} INFO - Sync 1 DAGs
[2025-10-30T21:19:35.913-0700] {logging_mixin.py:188} INFO - [2025-10-30T21:19:35.912-0700] {dag.py:3947} INFO - Setting next_dagrun for example_time_delta_sensor_async to None, run_after=None
[2025-10-30T21:19:36.045-0700] {processor.py:183} INFO - Processing /usr/local/lib/python3.10/dist-packages/airflow/example_dags/example_time_delta_sensor_async.py took 0.214 seconds
[2025-10-30T21:20:59.372-0700] {processor.py:161} INFO - Started process (PID=1786) to work on /usr/local/lib/python3.10/dist-packages/airflow/example_dags/example_time_delta_sensor_async.py
[2025-10-30T21:20:59.374-0700] {processor.py:830} INFO - Processing file /usr/local/lib/python3.10/dist-packages/airflow/example_dags/example_time_delta_sensor_async.py for tasks to queue
[2025-10-30T21:20:59.378-0700] {logging_mixin.py:188} INFO - [2025-10-30T21:20:59.377-0700] {dagbag.py:545} INFO - Filling up the DagBag from /usr/local/lib/python3.10/dist-packages/airflow/example_dags/example_time_delta_sensor_async.py
[2025-10-30T21:20:59.386-0700] {processor.py:840} INFO - DAG(s) 'example_time_delta_sensor_async' retrieved from /usr/local/lib/python3.10/dist-packages/airflow/example_dags/example_time_delta_sensor_async.py
[2025-10-30T21:20:59.422-0700] {logging_mixin.py:188} INFO - [2025-10-30T21:20:59.422-0700] {dag.py:3089} INFO - Sync 1 DAGs
[2025-10-30T21:20:59.439-0700] {logging_mixin.py:188} INFO - [2025-10-30T21:20:59.439-0700] {dag.py:3947} INFO - Setting next_dagrun for example_time_delta_sensor_async to None, run_after=None
[2025-10-30T21:20:59.575-0700] {processor.py:183} INFO - Processing /usr/local/lib/python3.10/dist-packages/airflow/example_dags/example_time_delta_sensor_async.py took 0.210 seconds
[2025-10-30T21:22:19.056-0700] {processor.py:161} INFO - Started process (PID=1869) to work on /usr/local/lib/python3.10/dist-packages/airflow/example_dags/example_time_delta_sensor_async.py
[2025-10-30T21:22:19.058-0700] {processor.py:830} INFO - Processing file /usr/local/lib/python3.10/dist-packages/airflow/example_dags/example_time_delta_sensor_async.py for tasks to queue
[2025-10-30T21:22:19.061-0700] {logging_mixin.py:188} INFO - [2025-10-30T21:22:19.060-0700] {dagbag.py:545} INFO - Filling up the DagBag from /usr/local/lib/python3.10/dist-packages/airflow/example_dags/example_time_delta_sensor_async.py
[2025-10-30T21:22:19.070-0700] {processor.py:840} INFO - DAG(s) 'example_time_delta_sensor_async' retrieved from /usr/local/lib/python3.10/dist-packages/airflow/example_dags/example_time_delta_sensor_async.py
[2025-10-30T21:22:19.106-0700] {logging_mixin.py:188} INFO - [2025-10-30T21:22:19.106-0700] {dag.py:3089} INFO - Sync 1 DAGs
[2025-10-30T21:22:19.127-0700] {logging_mixin.py:188} INFO - [2025-10-30T21:22:19.127-0700] {dag.py:3947} INFO - Setting next_dagrun for example_time_delta_sensor_async to None, run_after=None
[2025-10-30T21:22:19.226-0700] {processor.py:183} INFO - Processing /usr/local/lib/python3.10/dist-packages/airflow/example_dags/example_time_delta_sensor_async.py took 0.180 seconds
[2025-10-30T21:23:42.308-0700] {processor.py:161} INFO - Started process (PID=1953) to work on /usr/local/lib/python3.10/dist-packages/airflow/example_dags/example_time_delta_sensor_async.py
[2025-10-30T21:23:42.310-0700] {processor.py:830} INFO - Processing file /usr/local/lib/python3.10/dist-packages/airflow/example_dags/example_time_delta_sensor_async.py for tasks to queue
[2025-10-30T21:23:42.313-0700] {logging_mixin.py:188} INFO - [2025-10-30T21:23:42.313-0700] {dagbag.py:545} INFO - Filling up the DagBag from /usr/local/lib/python3.10/dist-packages/airflow/example_dags/example_time_delta_sensor_async.py
[2025-10-30T21:23:42.322-0700] {processor.py:840} INFO - DAG(s) 'example_time_delta_sensor_async' retrieved from /usr/local/lib/python3.10/dist-packages/airflow/example_dags/example_time_delta_sensor_async.py
[2025-10-30T21:23:42.365-0700] {logging_mixin.py:188} INFO - [2025-10-30T21:23:42.364-0700] {dag.py:3089} INFO - Sync 1 DAGs
[2025-10-30T21:23:42.398-0700] {logging_mixin.py:188} INFO - [2025-10-30T21:23:42.397-0700] {dag.py:3947} INFO - Setting next_dagrun for example_time_delta_sensor_async to None, run_after=None
[2025-10-30T21:23:42.512-0700] {processor.py:183} INFO - Processing /usr/local/lib/python3.10/dist-packages/airflow/example_dags/example_time_delta_sensor_async.py took 0.213 seconds
[2025-10-30T21:24:59.733-0700] {processor.py:161} INFO - Started process (PID=2027) to work on /usr/local/lib/python3.10/dist-packages/airflow/example_dags/example_time_delta_sensor_async.py
[2025-10-30T21:24:59.735-0700] {processor.py:830} INFO - Processing file /usr/local/lib/python3.10/dist-packages/airflow/example_dags/example_time_delta_sensor_async.py for tasks to queue
[2025-10-30T21:24:59.739-0700] {logging_mixin.py:188} INFO - [2025-10-30T21:24:59.739-0700] {dagbag.py:545} INFO - Filling up the DagBag from /usr/local/lib/python3.10/dist-packages/airflow/example_dags/example_time_delta_sensor_async.py
[2025-10-30T21:24:59.746-0700] {processor.py:840} INFO - DAG(s) 'example_time_delta_sensor_async' retrieved from /usr/local/lib/python3.10/dist-packages/airflow/example_dags/example_time_delta_sensor_async.py
[2025-10-30T21:24:59.787-0700] {logging_mixin.py:188} INFO - [2025-10-30T21:24:59.787-0700] {dag.py:3089} INFO - Sync 1 DAGs
[2025-10-30T21:24:59.811-0700] {logging_mixin.py:188} INFO - [2025-10-30T21:24:59.810-0700] {dag.py:3947} INFO - Setting next_dagrun for example_time_delta_sensor_async to None, run_after=None
[2025-10-30T21:24:59.914-0700] {processor.py:183} INFO - Processing /usr/local/lib/python3.10/dist-packages/airflow/example_dags/example_time_delta_sensor_async.py took 0.190 seconds
[2025-10-30T21:26:25.206-0700] {processor.py:161} INFO - Started process (PID=2103) to work on /usr/local/lib/python3.10/dist-packages/airflow/example_dags/example_time_delta_sensor_async.py
[2025-10-30T21:26:25.208-0700] {processor.py:830} INFO - Processing file /usr/local/lib/python3.10/dist-packages/airflow/example_dags/example_time_delta_sensor_async.py for tasks to queue
[2025-10-30T21:26:25.211-0700] {logging_mixin.py:188} INFO - [2025-10-30T21:26:25.210-0700] {dagbag.py:545} INFO - Filling up the DagBag from /usr/local/lib/python3.10/dist-packages/airflow/example_dags/example_time_delta_sensor_async.py
[2025-10-30T21:26:25.217-0700] {processor.py:840} INFO - DAG(s) 'example_time_delta_sensor_async' retrieved from /usr/local/lib/python3.10/dist-packages/airflow/example_dags/example_time_delta_sensor_async.py
[2025-10-30T21:26:25.268-0700] {logging_mixin.py:188} INFO - [2025-10-30T21:26:25.268-0700] {dag.py:3089} INFO - Sync 1 DAGs
[2025-10-30T21:26:25.292-0700] {logging_mixin.py:188} INFO - [2025-10-30T21:26:25.292-0700] {dag.py:3947} INFO - Setting next_dagrun for example_time_delta_sensor_async to None, run_after=None
[2025-10-30T21:26:25.400-0700] {processor.py:183} INFO - Processing /usr/local/lib/python3.10/dist-packages/airflow/example_dags/example_time_delta_sensor_async.py took 0.203 seconds
[2025-10-30T21:27:47.711-0700] {processor.py:161} INFO - Started process (PID=2179) to work on /usr/local/lib/python3.10/dist-packages/airflow/example_dags/example_time_delta_sensor_async.py
[2025-10-30T21:27:47.713-0700] {processor.py:830} INFO - Processing file /usr/local/lib/python3.10/dist-packages/airflow/example_dags/example_time_delta_sensor_async.py for tasks to queue
[2025-10-30T21:27:47.717-0700] {logging_mixin.py:188} INFO - [2025-10-30T21:27:47.716-0700] {dagbag.py:545} INFO - Filling up the DagBag from /usr/local/lib/python3.10/dist-packages/airflow/example_dags/example_time_delta_sensor_async.py
[2025-10-30T21:27:47.723-0700] {processor.py:840} INFO - DAG(s) 'example_time_delta_sensor_async' retrieved from /usr/local/lib/python3.10/dist-packages/airflow/example_dags/example_time_delta_sensor_async.py
[2025-10-30T21:27:47.767-0700] {logging_mixin.py:188} INFO - [2025-10-30T21:27:47.767-0700] {dag.py:3089} INFO - Sync 1 DAGs
[2025-10-30T21:27:47.788-0700] {logging_mixin.py:188} INFO - [2025-10-30T21:27:47.788-0700] {dag.py:3947} INFO - Setting next_dagrun for example_time_delta_sensor_async to None, run_after=None
[2025-10-30T21:27:47.933-0700] {processor.py:183} INFO - Processing /usr/local/lib/python3.10/dist-packages/airflow/example_dags/example_time_delta_sensor_async.py took 0.230 seconds
[2025-10-30T21:29:09.929-0700] {processor.py:161} INFO - Started process (PID=2254) to work on /usr/local/lib/python3.10/dist-packages/airflow/example_dags/example_time_delta_sensor_async.py
[2025-10-30T21:29:09.932-0700] {processor.py:830} INFO - Processing file /usr/local/lib/python3.10/dist-packages/airflow/example_dags/example_time_delta_sensor_async.py for tasks to queue
[2025-10-30T21:29:09.936-0700] {logging_mixin.py:188} INFO - [2025-10-30T21:29:09.935-0700] {dagbag.py:545} INFO - Filling up the DagBag from /usr/local/lib/python3.10/dist-packages/airflow/example_dags/example_time_delta_sensor_async.py
[2025-10-30T21:29:09.943-0700] {processor.py:840} INFO - DAG(s) 'example_time_delta_sensor_async' retrieved from /usr/local/lib/python3.10/dist-packages/airflow/example_dags/example_time_delta_sensor_async.py
[2025-10-30T21:29:10.004-0700] {logging_mixin.py:188} INFO - [2025-10-30T21:29:10.004-0700] {dag.py:3089} INFO - Sync 1 DAGs
[2025-10-30T21:29:10.034-0700] {logging_mixin.py:188} INFO - [2025-10-30T21:29:10.033-0700] {dag.py:3947} INFO - Setting next_dagrun for example_time_delta_sensor_async to None, run_after=None
[2025-10-30T21:29:10.197-0700] {processor.py:183} INFO - Processing /usr/local/lib/python3.10/dist-packages/airflow/example_dags/example_time_delta_sensor_async.py took 0.277 seconds
[2025-10-30T21:30:33.861-0700] {processor.py:161} INFO - Started process (PID=2329) to work on /usr/local/lib/python3.10/dist-packages/airflow/example_dags/example_time_delta_sensor_async.py
[2025-10-30T21:30:33.862-0700] {processor.py:830} INFO - Processing file /usr/local/lib/python3.10/dist-packages/airflow/example_dags/example_time_delta_sensor_async.py for tasks to queue
[2025-10-30T21:30:33.865-0700] {logging_mixin.py:188} INFO - [2025-10-30T21:30:33.865-0700] {dagbag.py:545} INFO - Filling up the DagBag from /usr/local/lib/python3.10/dist-packages/airflow/example_dags/example_time_delta_sensor_async.py
[2025-10-30T21:30:33.870-0700] {processor.py:840} INFO - DAG(s) 'example_time_delta_sensor_async' retrieved from /usr/local/lib/python3.10/dist-packages/airflow/example_dags/example_time_delta_sensor_async.py
[2025-10-30T21:30:33.904-0700] {logging_mixin.py:188} INFO - [2025-10-30T21:30:33.904-0700] {dag.py:3089} INFO - Sync 1 DAGs
[2025-10-30T21:30:33.921-0700] {logging_mixin.py:188} INFO - [2025-10-30T21:30:33.921-0700] {dag.py:3947} INFO - Setting next_dagrun for example_time_delta_sensor_async to None, run_after=None
[2025-10-30T21:30:34.013-0700] {processor.py:183} INFO - Processing /usr/local/lib/python3.10/dist-packages/airflow/example_dags/example_time_delta_sensor_async.py took 0.160 seconds
[2025-10-30T21:31:54.706-0700] {processor.py:161} INFO - Started process (PID=2403) to work on /usr/local/lib/python3.10/dist-packages/airflow/example_dags/example_time_delta_sensor_async.py
[2025-10-30T21:31:54.708-0700] {processor.py:830} INFO - Processing file /usr/local/lib/python3.10/dist-packages/airflow/example_dags/example_time_delta_sensor_async.py for tasks to queue
[2025-10-30T21:31:54.712-0700] {logging_mixin.py:188} INFO - [2025-10-30T21:31:54.711-0700] {dagbag.py:545} INFO - Filling up the DagBag from /usr/local/lib/python3.10/dist-packages/airflow/example_dags/example_time_delta_sensor_async.py
[2025-10-30T21:31:54.718-0700] {processor.py:840} INFO - DAG(s) 'example_time_delta_sensor_async' retrieved from /usr/local/lib/python3.10/dist-packages/airflow/example_dags/example_time_delta_sensor_async.py
[2025-10-30T21:31:54.760-0700] {logging_mixin.py:188} INFO - [2025-10-30T21:31:54.759-0700] {dag.py:3089} INFO - Sync 1 DAGs
[2025-10-30T21:31:54.782-0700] {logging_mixin.py:188} INFO - [2025-10-30T21:31:54.781-0700] {dag.py:3947} INFO - Setting next_dagrun for example_time_delta_sensor_async to None, run_after=None
[2025-10-30T21:31:54.904-0700] {processor.py:183} INFO - Processing /usr/local/lib/python3.10/dist-packages/airflow/example_dags/example_time_delta_sensor_async.py took 0.203 seconds
[2025-10-30T21:33:14.303-0700] {processor.py:161} INFO - Started process (PID=2483) to work on /usr/local/lib/python3.10/dist-packages/airflow/example_dags/example_time_delta_sensor_async.py
[2025-10-30T21:33:14.304-0700] {processor.py:830} INFO - Processing file /usr/local/lib/python3.10/dist-packages/airflow/example_dags/example_time_delta_sensor_async.py for tasks to queue
[2025-10-30T21:33:14.307-0700] {logging_mixin.py:188} INFO - [2025-10-30T21:33:14.307-0700] {dagbag.py:545} INFO - Filling up the DagBag from /usr/local/lib/python3.10/dist-packages/airflow/example_dags/example_time_delta_sensor_async.py
[2025-10-30T21:33:14.313-0700] {processor.py:840} INFO - DAG(s) 'example_time_delta_sensor_async' retrieved from /usr/local/lib/python3.10/dist-packages/airflow/example_dags/example_time_delta_sensor_async.py
[2025-10-30T21:33:14.354-0700] {logging_mixin.py:188} INFO - [2025-10-30T21:33:14.353-0700] {dag.py:3089} INFO - Sync 1 DAGs
[2025-10-30T21:33:14.371-0700] {logging_mixin.py:188} INFO - [2025-10-30T21:33:14.371-0700] {dag.py:3947} INFO - Setting next_dagrun for example_time_delta_sensor_async to None, run_after=None
[2025-10-30T21:33:14.474-0700] {processor.py:183} INFO - Processing /usr/local/lib/python3.10/dist-packages/airflow/example_dags/example_time_delta_sensor_async.py took 0.179 seconds
[2025-10-30T21:35:09.593-0700] {processor.py:161} INFO - Started process (PID=2559) to work on /usr/local/lib/python3.10/dist-packages/airflow/example_dags/example_time_delta_sensor_async.py
[2025-10-30T21:35:09.595-0700] {processor.py:830} INFO - Processing file /usr/local/lib/python3.10/dist-packages/airflow/example_dags/example_time_delta_sensor_async.py for tasks to queue
[2025-10-30T21:35:09.597-0700] {logging_mixin.py:188} INFO - [2025-10-30T21:35:09.597-0700] {dagbag.py:545} INFO - Filling up the DagBag from /usr/local/lib/python3.10/dist-packages/airflow/example_dags/example_time_delta_sensor_async.py
[2025-10-30T21:35:09.603-0700] {processor.py:840} INFO - DAG(s) 'example_time_delta_sensor_async' retrieved from /usr/local/lib/python3.10/dist-packages/airflow/example_dags/example_time_delta_sensor_async.py
[2025-10-30T21:35:09.646-0700] {logging_mixin.py:188} INFO - [2025-10-30T21:35:09.646-0700] {dag.py:3089} INFO - Sync 1 DAGs
[2025-10-30T21:35:09.669-0700] {logging_mixin.py:188} INFO - [2025-10-30T21:35:09.668-0700] {dag.py:3947} INFO - Setting next_dagrun for example_time_delta_sensor_async to None, run_after=None
[2025-10-30T21:35:09.819-0700] {processor.py:183} INFO - Processing /usr/local/lib/python3.10/dist-packages/airflow/example_dags/example_time_delta_sensor_async.py took 0.234 seconds
[2025-10-30T21:36:37.462-0700] {processor.py:161} INFO - Started process (PID=2645) to work on /usr/local/lib/python3.10/dist-packages/airflow/example_dags/example_time_delta_sensor_async.py
[2025-10-30T21:36:37.464-0700] {processor.py:830} INFO - Processing file /usr/local/lib/python3.10/dist-packages/airflow/example_dags/example_time_delta_sensor_async.py for tasks to queue
[2025-10-30T21:36:37.467-0700] {logging_mixin.py:188} INFO - [2025-10-30T21:36:37.467-0700] {dagbag.py:545} INFO - Filling up the DagBag from /usr/local/lib/python3.10/dist-packages/airflow/example_dags/example_time_delta_sensor_async.py
[2025-10-30T21:36:37.473-0700] {processor.py:840} INFO - DAG(s) 'example_time_delta_sensor_async' retrieved from /usr/local/lib/python3.10/dist-packages/airflow/example_dags/example_time_delta_sensor_async.py
[2025-10-30T21:36:37.518-0700] {logging_mixin.py:188} INFO - [2025-10-30T21:36:37.518-0700] {dag.py:3089} INFO - Sync 1 DAGs
[2025-10-30T21:36:37.542-0700] {logging_mixin.py:188} INFO - [2025-10-30T21:36:37.541-0700] {dag.py:3947} INFO - Setting next_dagrun for example_time_delta_sensor_async to None, run_after=None
[2025-10-30T21:36:37.666-0700] {processor.py:183} INFO - Processing /usr/local/lib/python3.10/dist-packages/airflow/example_dags/example_time_delta_sensor_async.py took 0.213 seconds
[2025-10-30T21:38:14.117-0700] {processor.py:161} INFO - Started process (PID=2726) to work on /usr/local/lib/python3.10/dist-packages/airflow/example_dags/example_time_delta_sensor_async.py
[2025-10-30T21:38:14.119-0700] {processor.py:830} INFO - Processing file /usr/local/lib/python3.10/dist-packages/airflow/example_dags/example_time_delta_sensor_async.py for tasks to queue
[2025-10-30T21:38:14.122-0700] {logging_mixin.py:188} INFO - [2025-10-30T21:38:14.121-0700] {dagbag.py:545} INFO - Filling up the DagBag from /usr/local/lib/python3.10/dist-packages/airflow/example_dags/example_time_delta_sensor_async.py
[2025-10-30T21:38:14.131-0700] {processor.py:840} INFO - DAG(s) 'example_time_delta_sensor_async' retrieved from /usr/local/lib/python3.10/dist-packages/airflow/example_dags/example_time_delta_sensor_async.py
[2025-10-30T21:38:14.166-0700] {logging_mixin.py:188} INFO - [2025-10-30T21:38:14.165-0700] {dag.py:3089} INFO - Sync 1 DAGs
[2025-10-30T21:38:14.183-0700] {logging_mixin.py:188} INFO - [2025-10-30T21:38:14.182-0700] {dag.py:3947} INFO - Setting next_dagrun for example_time_delta_sensor_async to None, run_after=None
[2025-10-30T21:38:14.293-0700] {processor.py:183} INFO - Processing /usr/local/lib/python3.10/dist-packages/airflow/example_dags/example_time_delta_sensor_async.py took 0.182 seconds
[2025-10-30T21:39:45.900-0700] {processor.py:161} INFO - Started process (PID=2828) to work on /usr/local/lib/python3.10/dist-packages/airflow/example_dags/example_time_delta_sensor_async.py
[2025-10-30T21:39:45.903-0700] {processor.py:830} INFO - Processing file /usr/local/lib/python3.10/dist-packages/airflow/example_dags/example_time_delta_sensor_async.py for tasks to queue
[2025-10-30T21:39:45.908-0700] {logging_mixin.py:188} INFO - [2025-10-30T21:39:45.907-0700] {dagbag.py:545} INFO - Filling up the DagBag from /usr/local/lib/python3.10/dist-packages/airflow/example_dags/example_time_delta_sensor_async.py
[2025-10-30T21:39:45.922-0700] {processor.py:840} INFO - DAG(s) 'example_time_delta_sensor_async' retrieved from /usr/local/lib/python3.10/dist-packages/airflow/example_dags/example_time_delta_sensor_async.py
[2025-10-30T21:39:45.986-0700] {logging_mixin.py:188} INFO - [2025-10-30T21:39:45.986-0700] {dag.py:3089} INFO - Sync 1 DAGs
[2025-10-30T21:39:46.007-0700] {logging_mixin.py:188} INFO - [2025-10-30T21:39:46.007-0700] {dag.py:3947} INFO - Setting next_dagrun for example_time_delta_sensor_async to None, run_after=None
[2025-10-30T21:39:46.127-0700] {processor.py:183} INFO - Processing /usr/local/lib/python3.10/dist-packages/airflow/example_dags/example_time_delta_sensor_async.py took 0.242 seconds
[2025-10-30T21:41:14.914-0700] {processor.py:161} INFO - Started process (PID=2906) to work on /usr/local/lib/python3.10/dist-packages/airflow/example_dags/example_time_delta_sensor_async.py
[2025-10-30T21:41:14.918-0700] {processor.py:830} INFO - Processing file /usr/local/lib/python3.10/dist-packages/airflow/example_dags/example_time_delta_sensor_async.py for tasks to queue
[2025-10-30T21:41:14.925-0700] {logging_mixin.py:188} INFO - [2025-10-30T21:41:14.924-0700] {dagbag.py:545} INFO - Filling up the DagBag from /usr/local/lib/python3.10/dist-packages/airflow/example_dags/example_time_delta_sensor_async.py
[2025-10-30T21:41:14.940-0700] {processor.py:840} INFO - DAG(s) 'example_time_delta_sensor_async' retrieved from /usr/local/lib/python3.10/dist-packages/airflow/example_dags/example_time_delta_sensor_async.py
[2025-10-30T21:41:14.998-0700] {logging_mixin.py:188} INFO - [2025-10-30T21:41:14.997-0700] {dag.py:3089} INFO - Sync 1 DAGs
[2025-10-30T21:41:15.025-0700] {logging_mixin.py:188} INFO - [2025-10-30T21:41:15.025-0700] {dag.py:3947} INFO - Setting next_dagrun for example_time_delta_sensor_async to None, run_after=None
[2025-10-30T21:41:15.188-0700] {processor.py:183} INFO - Processing /usr/local/lib/python3.10/dist-packages/airflow/example_dags/example_time_delta_sensor_async.py took 0.293 seconds
[2025-10-30T21:42:46.040-0700] {processor.py:161} INFO - Started process (PID=2985) to work on /usr/local/lib/python3.10/dist-packages/airflow/example_dags/example_time_delta_sensor_async.py
[2025-10-30T21:42:46.043-0700] {processor.py:830} INFO - Processing file /usr/local/lib/python3.10/dist-packages/airflow/example_dags/example_time_delta_sensor_async.py for tasks to queue
[2025-10-30T21:42:46.048-0700] {logging_mixin.py:188} INFO - [2025-10-30T21:42:46.047-0700] {dagbag.py:545} INFO - Filling up the DagBag from /usr/local/lib/python3.10/dist-packages/airflow/example_dags/example_time_delta_sensor_async.py
[2025-10-30T21:42:46.057-0700] {processor.py:840} INFO - DAG(s) 'example_time_delta_sensor_async' retrieved from /usr/local/lib/python3.10/dist-packages/airflow/example_dags/example_time_delta_sensor_async.py
[2025-10-30T21:42:46.102-0700] {logging_mixin.py:188} INFO - [2025-10-30T21:42:46.102-0700] {dag.py:3089} INFO - Sync 1 DAGs
[2025-10-30T21:42:46.128-0700] {logging_mixin.py:188} INFO - [2025-10-30T21:42:46.127-0700] {dag.py:3947} INFO - Setting next_dagrun for example_time_delta_sensor_async to None, run_after=None
[2025-10-30T21:42:46.278-0700] {processor.py:183} INFO - Processing /usr/local/lib/python3.10/dist-packages/airflow/example_dags/example_time_delta_sensor_async.py took 0.250 seconds
[2025-10-30T21:44:13.560-0700] {processor.py:161} INFO - Started process (PID=3062) to work on /usr/local/lib/python3.10/dist-packages/airflow/example_dags/example_time_delta_sensor_async.py
[2025-10-30T21:44:13.562-0700] {processor.py:830} INFO - Processing file /usr/local/lib/python3.10/dist-packages/airflow/example_dags/example_time_delta_sensor_async.py for tasks to queue
[2025-10-30T21:44:13.564-0700] {logging_mixin.py:188} INFO - [2025-10-30T21:44:13.564-0700] {dagbag.py:545} INFO - Filling up the DagBag from /usr/local/lib/python3.10/dist-packages/airflow/example_dags/example_time_delta_sensor_async.py
[2025-10-30T21:44:13.571-0700] {processor.py:840} INFO - DAG(s) 'example_time_delta_sensor_async' retrieved from /usr/local/lib/python3.10/dist-packages/airflow/example_dags/example_time_delta_sensor_async.py
[2025-10-30T21:44:13.613-0700] {logging_mixin.py:188} INFO - [2025-10-30T21:44:13.613-0700] {dag.py:3089} INFO - Sync 1 DAGs
[2025-10-30T21:44:13.638-0700] {logging_mixin.py:188} INFO - [2025-10-30T21:44:13.638-0700] {dag.py:3947} INFO - Setting next_dagrun for example_time_delta_sensor_async to None, run_after=None
[2025-10-30T21:44:13.779-0700] {processor.py:183} INFO - Processing /usr/local/lib/python3.10/dist-packages/airflow/example_dags/example_time_delta_sensor_async.py took 0.227 seconds
[2025-10-30T21:46:01.326-0700] {processor.py:161} INFO - Started process (PID=3172) to work on /usr/local/lib/python3.10/dist-packages/airflow/example_dags/example_time_delta_sensor_async.py
[2025-10-30T21:46:01.328-0700] {processor.py:830} INFO - Processing file /usr/local/lib/python3.10/dist-packages/airflow/example_dags/example_time_delta_sensor_async.py for tasks to queue
[2025-10-30T21:46:01.330-0700] {logging_mixin.py:188} INFO - [2025-10-30T21:46:01.330-0700] {dagbag.py:545} INFO - Filling up the DagBag from /usr/local/lib/python3.10/dist-packages/airflow/example_dags/example_time_delta_sensor_async.py
[2025-10-30T21:46:01.337-0700] {processor.py:840} INFO - DAG(s) 'example_time_delta_sensor_async' retrieved from /usr/local/lib/python3.10/dist-packages/airflow/example_dags/example_time_delta_sensor_async.py
[2025-10-30T21:46:01.375-0700] {logging_mixin.py:188} INFO - [2025-10-30T21:46:01.375-0700] {dag.py:3089} INFO - Sync 1 DAGs
[2025-10-30T21:46:01.400-0700] {logging_mixin.py:188} INFO - [2025-10-30T21:46:01.399-0700] {dag.py:3947} INFO - Setting next_dagrun for example_time_delta_sensor_async to None, run_after=None
[2025-10-30T21:46:01.503-0700] {processor.py:183} INFO - Processing /usr/local/lib/python3.10/dist-packages/airflow/example_dags/example_time_delta_sensor_async.py took 0.185 seconds
[2025-10-30T21:47:27.989-0700] {processor.py:161} INFO - Started process (PID=3249) to work on /usr/local/lib/python3.10/dist-packages/airflow/example_dags/example_time_delta_sensor_async.py
[2025-10-30T21:47:27.992-0700] {processor.py:830} INFO - Processing file /usr/local/lib/python3.10/dist-packages/airflow/example_dags/example_time_delta_sensor_async.py for tasks to queue
[2025-10-30T21:47:27.997-0700] {logging_mixin.py:188} INFO - [2025-10-30T21:47:27.996-0700] {dagbag.py:545} INFO - Filling up the DagBag from /usr/local/lib/python3.10/dist-packages/airflow/example_dags/example_time_delta_sensor_async.py
[2025-10-30T21:47:28.012-0700] {processor.py:840} INFO - DAG(s) 'example_time_delta_sensor_async' retrieved from /usr/local/lib/python3.10/dist-packages/airflow/example_dags/example_time_delta_sensor_async.py
[2025-10-30T21:47:28.083-0700] {logging_mixin.py:188} INFO - [2025-10-30T21:47:28.082-0700] {dag.py:3089} INFO - Sync 1 DAGs
[2025-10-30T21:47:28.119-0700] {logging_mixin.py:188} INFO - [2025-10-30T21:47:28.119-0700] {dag.py:3947} INFO - Setting next_dagrun for example_time_delta_sensor_async to None, run_after=None
[2025-10-30T21:47:28.269-0700] {processor.py:183} INFO - Processing /usr/local/lib/python3.10/dist-packages/airflow/example_dags/example_time_delta_sensor_async.py took 0.294 seconds
[2025-10-30T21:50:34.954-0700] {processor.py:161} INFO - Started process (PID=3642) to work on /usr/local/lib/python3.10/dist-packages/airflow/example_dags/example_time_delta_sensor_async.py
[2025-10-30T21:50:34.956-0700] {processor.py:830} INFO - Processing file /usr/local/lib/python3.10/dist-packages/airflow/example_dags/example_time_delta_sensor_async.py for tasks to queue
[2025-10-30T21:50:34.960-0700] {logging_mixin.py:188} INFO - [2025-10-30T21:50:34.959-0700] {dagbag.py:545} INFO - Filling up the DagBag from /usr/local/lib/python3.10/dist-packages/airflow/example_dags/example_time_delta_sensor_async.py
[2025-10-30T21:50:34.967-0700] {processor.py:840} INFO - DAG(s) 'example_time_delta_sensor_async' retrieved from /usr/local/lib/python3.10/dist-packages/airflow/example_dags/example_time_delta_sensor_async.py
[2025-10-30T21:50:35.008-0700] {logging_mixin.py:188} INFO - [2025-10-30T21:50:35.007-0700] {dag.py:3089} INFO - Sync 1 DAGs
[2025-10-30T21:50:35.027-0700] {logging_mixin.py:188} INFO - [2025-10-30T21:50:35.027-0700] {dag.py:3947} INFO - Setting next_dagrun for example_time_delta_sensor_async to None, run_after=None
[2025-10-30T21:50:35.143-0700] {processor.py:183} INFO - Processing /usr/local/lib/python3.10/dist-packages/airflow/example_dags/example_time_delta_sensor_async.py took 0.199 seconds
[2025-10-30T21:52:00.949-0700] {processor.py:161} INFO - Started process (PID=3719) to work on /usr/local/lib/python3.10/dist-packages/airflow/example_dags/example_time_delta_sensor_async.py
[2025-10-30T21:52:00.951-0700] {processor.py:830} INFO - Processing file /usr/local/lib/python3.10/dist-packages/airflow/example_dags/example_time_delta_sensor_async.py for tasks to queue
[2025-10-30T21:52:00.954-0700] {logging_mixin.py:188} INFO - [2025-10-30T21:52:00.954-0700] {dagbag.py:545} INFO - Filling up the DagBag from /usr/local/lib/python3.10/dist-packages/airflow/example_dags/example_time_delta_sensor_async.py
[2025-10-30T21:52:00.966-0700] {processor.py:840} INFO - DAG(s) 'example_time_delta_sensor_async' retrieved from /usr/local/lib/python3.10/dist-packages/airflow/example_dags/example_time_delta_sensor_async.py
[2025-10-30T21:52:01.013-0700] {logging_mixin.py:188} INFO - [2025-10-30T21:52:01.013-0700] {dag.py:3089} INFO - Sync 1 DAGs
[2025-10-30T21:52:01.039-0700] {logging_mixin.py:188} INFO - [2025-10-30T21:52:01.035-0700] {dag.py:3947} INFO - Setting next_dagrun for example_time_delta_sensor_async to None, run_after=None
[2025-10-30T21:52:01.169-0700] {processor.py:183} INFO - Processing /usr/local/lib/python3.10/dist-packages/airflow/example_dags/example_time_delta_sensor_async.py took 0.230 seconds
[2025-10-30T21:53:29.167-0700] {processor.py:161} INFO - Started process (PID=3797) to work on /usr/local/lib/python3.10/dist-packages/airflow/example_dags/example_time_delta_sensor_async.py
[2025-10-30T21:53:29.170-0700] {processor.py:830} INFO - Processing file /usr/local/lib/python3.10/dist-packages/airflow/example_dags/example_time_delta_sensor_async.py for tasks to queue
[2025-10-30T21:53:29.173-0700] {logging_mixin.py:188} INFO - [2025-10-30T21:53:29.173-0700] {dagbag.py:545} INFO - Filling up the DagBag from /usr/local/lib/python3.10/dist-packages/airflow/example_dags/example_time_delta_sensor_async.py
[2025-10-30T21:53:29.181-0700] {processor.py:840} INFO - DAG(s) 'example_time_delta_sensor_async' retrieved from /usr/local/lib/python3.10/dist-packages/airflow/example_dags/example_time_delta_sensor_async.py
[2025-10-30T21:53:29.229-0700] {logging_mixin.py:188} INFO - [2025-10-30T21:53:29.229-0700] {dag.py:3089} INFO - Sync 1 DAGs
[2025-10-30T21:53:29.254-0700] {logging_mixin.py:188} INFO - [2025-10-30T21:53:29.253-0700] {dag.py:3947} INFO - Setting next_dagrun for example_time_delta_sensor_async to None, run_after=None
[2025-10-30T21:53:29.368-0700] {processor.py:183} INFO - Processing /usr/local/lib/python3.10/dist-packages/airflow/example_dags/example_time_delta_sensor_async.py took 0.208 seconds
[2025-10-30T21:55:50.417-0700] {processor.py:161} INFO - Started process (PID=4019) to work on /usr/local/lib/python3.10/dist-packages/airflow/example_dags/example_time_delta_sensor_async.py
[2025-10-30T21:55:50.419-0700] {processor.py:830} INFO - Processing file /usr/local/lib/python3.10/dist-packages/airflow/example_dags/example_time_delta_sensor_async.py for tasks to queue
[2025-10-30T21:55:50.421-0700] {logging_mixin.py:188} INFO - [2025-10-30T21:55:50.421-0700] {dagbag.py:545} INFO - Filling up the DagBag from /usr/local/lib/python3.10/dist-packages/airflow/example_dags/example_time_delta_sensor_async.py
[2025-10-30T21:55:50.428-0700] {processor.py:840} INFO - DAG(s) 'example_time_delta_sensor_async' retrieved from /usr/local/lib/python3.10/dist-packages/airflow/example_dags/example_time_delta_sensor_async.py
[2025-10-30T21:55:50.466-0700] {logging_mixin.py:188} INFO - [2025-10-30T21:55:50.466-0700] {dag.py:3089} INFO - Sync 1 DAGs
[2025-10-30T21:55:50.485-0700] {logging_mixin.py:188} INFO - [2025-10-30T21:55:50.485-0700] {dag.py:3947} INFO - Setting next_dagrun for example_time_delta_sensor_async to None, run_after=None
[2025-10-30T21:55:50.615-0700] {processor.py:183} INFO - Processing /usr/local/lib/python3.10/dist-packages/airflow/example_dags/example_time_delta_sensor_async.py took 0.206 seconds
[2025-10-30T21:57:18.316-0700] {processor.py:161} INFO - Started process (PID=4096) to work on /usr/local/lib/python3.10/dist-packages/airflow/example_dags/example_time_delta_sensor_async.py
[2025-10-30T21:57:18.319-0700] {processor.py:830} INFO - Processing file /usr/local/lib/python3.10/dist-packages/airflow/example_dags/example_time_delta_sensor_async.py for tasks to queue
[2025-10-30T21:57:18.322-0700] {logging_mixin.py:188} INFO - [2025-10-30T21:57:18.321-0700] {dagbag.py:545} INFO - Filling up the DagBag from /usr/local/lib/python3.10/dist-packages/airflow/example_dags/example_time_delta_sensor_async.py
[2025-10-30T21:57:18.328-0700] {processor.py:840} INFO - DAG(s) 'example_time_delta_sensor_async' retrieved from /usr/local/lib/python3.10/dist-packages/airflow/example_dags/example_time_delta_sensor_async.py
[2025-10-30T21:57:18.375-0700] {logging_mixin.py:188} INFO - [2025-10-30T21:57:18.375-0700] {dag.py:3089} INFO - Sync 1 DAGs
[2025-10-30T21:57:18.396-0700] {logging_mixin.py:188} INFO - [2025-10-30T21:57:18.395-0700] {dag.py:3947} INFO - Setting next_dagrun for example_time_delta_sensor_async to None, run_after=None
[2025-10-30T21:57:18.562-0700] {processor.py:183} INFO - Processing /usr/local/lib/python3.10/dist-packages/airflow/example_dags/example_time_delta_sensor_async.py took 0.254 seconds
[2025-10-30T21:58:41.251-0700] {processor.py:161} INFO - Started process (PID=4172) to work on /usr/local/lib/python3.10/dist-packages/airflow/example_dags/example_time_delta_sensor_async.py
[2025-10-30T21:58:41.253-0700] {processor.py:830} INFO - Processing file /usr/local/lib/python3.10/dist-packages/airflow/example_dags/example_time_delta_sensor_async.py for tasks to queue
[2025-10-30T21:58:41.255-0700] {logging_mixin.py:188} INFO - [2025-10-30T21:58:41.255-0700] {dagbag.py:545} INFO - Filling up the DagBag from /usr/local/lib/python3.10/dist-packages/airflow/example_dags/example_time_delta_sensor_async.py
[2025-10-30T21:58:41.262-0700] {processor.py:840} INFO - DAG(s) 'example_time_delta_sensor_async' retrieved from /usr/local/lib/python3.10/dist-packages/airflow/example_dags/example_time_delta_sensor_async.py
[2025-10-30T21:58:41.296-0700] {logging_mixin.py:188} INFO - [2025-10-30T21:58:41.295-0700] {dag.py:3089} INFO - Sync 1 DAGs
[2025-10-30T21:58:41.311-0700] {logging_mixin.py:188} INFO - [2025-10-30T21:58:41.311-0700] {dag.py:3947} INFO - Setting next_dagrun for example_time_delta_sensor_async to None, run_after=None
[2025-10-30T21:58:41.405-0700] {processor.py:183} INFO - Processing /usr/local/lib/python3.10/dist-packages/airflow/example_dags/example_time_delta_sensor_async.py took 0.162 seconds
[2025-10-30T22:00:03.218-0700] {processor.py:161} INFO - Started process (PID=4248) to work on /usr/local/lib/python3.10/dist-packages/airflow/example_dags/example_time_delta_sensor_async.py
[2025-10-30T22:00:03.220-0700] {processor.py:830} INFO - Processing file /usr/local/lib/python3.10/dist-packages/airflow/example_dags/example_time_delta_sensor_async.py for tasks to queue
[2025-10-30T22:00:03.223-0700] {logging_mixin.py:188} INFO - [2025-10-30T22:00:03.222-0700] {dagbag.py:545} INFO - Filling up the DagBag from /usr/local/lib/python3.10/dist-packages/airflow/example_dags/example_time_delta_sensor_async.py
[2025-10-30T22:00:03.231-0700] {processor.py:840} INFO - DAG(s) 'example_time_delta_sensor_async' retrieved from /usr/local/lib/python3.10/dist-packages/airflow/example_dags/example_time_delta_sensor_async.py
[2025-10-30T22:00:03.266-0700] {logging_mixin.py:188} INFO - [2025-10-30T22:00:03.266-0700] {dag.py:3089} INFO - Sync 1 DAGs
[2025-10-30T22:00:03.289-0700] {logging_mixin.py:188} INFO - [2025-10-30T22:00:03.289-0700] {dag.py:3947} INFO - Setting next_dagrun for example_time_delta_sensor_async to None, run_after=None
[2025-10-30T22:00:03.416-0700] {processor.py:183} INFO - Processing /usr/local/lib/python3.10/dist-packages/airflow/example_dags/example_time_delta_sensor_async.py took 0.205 seconds
[2025-10-30T22:01:26.293-0700] {processor.py:161} INFO - Started process (PID=4324) to work on /usr/local/lib/python3.10/dist-packages/airflow/example_dags/example_time_delta_sensor_async.py
[2025-10-30T22:01:26.295-0700] {processor.py:830} INFO - Processing file /usr/local/lib/python3.10/dist-packages/airflow/example_dags/example_time_delta_sensor_async.py for tasks to queue
[2025-10-30T22:01:26.299-0700] {logging_mixin.py:188} INFO - [2025-10-30T22:01:26.298-0700] {dagbag.py:545} INFO - Filling up the DagBag from /usr/local/lib/python3.10/dist-packages/airflow/example_dags/example_time_delta_sensor_async.py
[2025-10-30T22:01:26.305-0700] {processor.py:840} INFO - DAG(s) 'example_time_delta_sensor_async' retrieved from /usr/local/lib/python3.10/dist-packages/airflow/example_dags/example_time_delta_sensor_async.py
[2025-10-30T22:01:26.344-0700] {logging_mixin.py:188} INFO - [2025-10-30T22:01:26.344-0700] {dag.py:3089} INFO - Sync 1 DAGs
[2025-10-30T22:01:26.361-0700] {logging_mixin.py:188} INFO - [2025-10-30T22:01:26.360-0700] {dag.py:3947} INFO - Setting next_dagrun for example_time_delta_sensor_async to None, run_after=None
[2025-10-30T22:01:26.463-0700] {processor.py:183} INFO - Processing /usr/local/lib/python3.10/dist-packages/airflow/example_dags/example_time_delta_sensor_async.py took 0.178 seconds
[2025-10-30T22:02:49.238-0700] {processor.py:161} INFO - Started process (PID=4400) to work on /usr/local/lib/python3.10/dist-packages/airflow/example_dags/example_time_delta_sensor_async.py
[2025-10-30T22:02:49.240-0700] {processor.py:830} INFO - Processing file /usr/local/lib/python3.10/dist-packages/airflow/example_dags/example_time_delta_sensor_async.py for tasks to queue
[2025-10-30T22:02:49.242-0700] {logging_mixin.py:188} INFO - [2025-10-30T22:02:49.242-0700] {dagbag.py:545} INFO - Filling up the DagBag from /usr/local/lib/python3.10/dist-packages/airflow/example_dags/example_time_delta_sensor_async.py
[2025-10-30T22:02:49.249-0700] {processor.py:840} INFO - DAG(s) 'example_time_delta_sensor_async' retrieved from /usr/local/lib/python3.10/dist-packages/airflow/example_dags/example_time_delta_sensor_async.py
[2025-10-30T22:02:49.282-0700] {logging_mixin.py:188} INFO - [2025-10-30T22:02:49.282-0700] {dag.py:3089} INFO - Sync 1 DAGs
[2025-10-30T22:02:49.309-0700] {logging_mixin.py:188} INFO - [2025-10-30T22:02:49.309-0700] {dag.py:3947} INFO - Setting next_dagrun for example_time_delta_sensor_async to None, run_after=None
[2025-10-30T22:02:49.497-0700] {processor.py:183} INFO - Processing /usr/local/lib/python3.10/dist-packages/airflow/example_dags/example_time_delta_sensor_async.py took 0.266 seconds
[2025-10-30T22:04:22.206-0700] {processor.py:161} INFO - Started process (PID=4479) to work on /usr/local/lib/python3.10/dist-packages/airflow/example_dags/example_time_delta_sensor_async.py
[2025-10-30T22:04:22.208-0700] {processor.py:830} INFO - Processing file /usr/local/lib/python3.10/dist-packages/airflow/example_dags/example_time_delta_sensor_async.py for tasks to queue
[2025-10-30T22:04:22.211-0700] {logging_mixin.py:188} INFO - [2025-10-30T22:04:22.211-0700] {dagbag.py:545} INFO - Filling up the DagBag from /usr/local/lib/python3.10/dist-packages/airflow/example_dags/example_time_delta_sensor_async.py
[2025-10-30T22:04:22.218-0700] {processor.py:840} INFO - DAG(s) 'example_time_delta_sensor_async' retrieved from /usr/local/lib/python3.10/dist-packages/airflow/example_dags/example_time_delta_sensor_async.py
[2025-10-30T22:04:22.261-0700] {logging_mixin.py:188} INFO - [2025-10-30T22:04:22.260-0700] {dag.py:3089} INFO - Sync 1 DAGs
[2025-10-30T22:04:22.284-0700] {logging_mixin.py:188} INFO - [2025-10-30T22:04:22.283-0700] {dag.py:3947} INFO - Setting next_dagrun for example_time_delta_sensor_async to None, run_after=None
[2025-10-30T22:04:22.444-0700] {processor.py:183} INFO - Processing /usr/local/lib/python3.10/dist-packages/airflow/example_dags/example_time_delta_sensor_async.py took 0.246 seconds
