[2025-10-30T20:58:53.049-0700] {processor.py:161} INFO - Started process (PID=575) to work on /usr/local/lib/python3.10/dist-packages/airflow/example_dags/example_latest_only_with_trigger.py
[2025-10-30T20:58:53.050-0700] {processor.py:830} INFO - Processing file /usr/local/lib/python3.10/dist-packages/airflow/example_dags/example_latest_only_with_trigger.py for tasks to queue
[2025-10-30T20:58:53.052-0700] {logging_mixin.py:188} INFO - [2025-10-30T20:58:53.051-0700] {dagbag.py:545} INFO - Filling up the DagBag from /usr/local/lib/python3.10/dist-packages/airflow/example_dags/example_latest_only_with_trigger.py
[2025-10-30T20:58:53.067-0700] {processor.py:840} INFO - DAG(s) 'latest_only_with_trigger' retrieved from /usr/local/lib/python3.10/dist-packages/airflow/example_dags/example_latest_only_with_trigger.py
[2025-10-30T20:58:53.274-0700] {logging_mixin.py:188} INFO - [2025-10-30T20:58:53.273-0700] {override.py:1858} INFO - Created Permission View: can delete on DAG:latest_only_with_trigger
[2025-10-30T20:58:53.320-0700] {logging_mixin.py:188} INFO - [2025-10-30T20:58:53.320-0700] {override.py:1858} INFO - Created Permission View: can edit on DAG:latest_only_with_trigger
[2025-10-30T20:58:53.356-0700] {logging_mixin.py:188} INFO - [2025-10-30T20:58:53.356-0700] {override.py:1858} INFO - Created Permission View: can read on DAG:latest_only_with_trigger
[2025-10-30T20:58:53.357-0700] {logging_mixin.py:188} INFO - [2025-10-30T20:58:53.357-0700] {dag.py:3089} INFO - Sync 1 DAGs
[2025-10-30T20:58:53.377-0700] {logging_mixin.py:188} INFO - [2025-10-30T20:58:53.377-0700] {dag.py:3111} INFO - Creating ORM DAG for latest_only_with_trigger
[2025-10-30T20:58:53.391-0700] {logging_mixin.py:188} INFO - [2025-10-30T20:58:53.391-0700] {dag.py:3947} INFO - Setting next_dagrun for latest_only_with_trigger to 2025-10-30 20:00:00+00:00, run_after=2025-10-31 00:00:00+00:00
[2025-10-30T20:58:53.466-0700] {processor.py:183} INFO - Processing /usr/local/lib/python3.10/dist-packages/airflow/example_dags/example_latest_only_with_trigger.py took 0.425 seconds
[2025-10-30T21:00:09.193-0700] {processor.py:161} INFO - Started process (PID=651) to work on /usr/local/lib/python3.10/dist-packages/airflow/example_dags/example_latest_only_with_trigger.py
[2025-10-30T21:00:09.194-0700] {processor.py:830} INFO - Processing file /usr/local/lib/python3.10/dist-packages/airflow/example_dags/example_latest_only_with_trigger.py for tasks to queue
[2025-10-30T21:00:09.196-0700] {logging_mixin.py:188} INFO - [2025-10-30T21:00:09.196-0700] {dagbag.py:545} INFO - Filling up the DagBag from /usr/local/lib/python3.10/dist-packages/airflow/example_dags/example_latest_only_with_trigger.py
[2025-10-30T21:00:09.203-0700] {processor.py:840} INFO - DAG(s) 'latest_only_with_trigger' retrieved from /usr/local/lib/python3.10/dist-packages/airflow/example_dags/example_latest_only_with_trigger.py
[2025-10-30T21:00:09.238-0700] {logging_mixin.py:188} INFO - [2025-10-30T21:00:09.238-0700] {dag.py:3089} INFO - Sync 1 DAGs
[2025-10-30T21:00:09.283-0700] {logging_mixin.py:188} INFO - [2025-10-30T21:00:09.282-0700] {dag.py:3947} INFO - Setting next_dagrun for latest_only_with_trigger to 2025-10-31 00:00:00+00:00, run_after=2025-10-31 04:00:00+00:00
[2025-10-30T21:00:09.437-0700] {processor.py:183} INFO - Processing /usr/local/lib/python3.10/dist-packages/airflow/example_dags/example_latest_only_with_trigger.py took 0.249 seconds
[2025-10-30T21:01:20.350-0700] {processor.py:161} INFO - Started process (PID=725) to work on /usr/local/lib/python3.10/dist-packages/airflow/example_dags/example_latest_only_with_trigger.py
[2025-10-30T21:01:20.351-0700] {processor.py:830} INFO - Processing file /usr/local/lib/python3.10/dist-packages/airflow/example_dags/example_latest_only_with_trigger.py for tasks to queue
[2025-10-30T21:01:20.352-0700] {logging_mixin.py:188} INFO - [2025-10-30T21:01:20.352-0700] {dagbag.py:545} INFO - Filling up the DagBag from /usr/local/lib/python3.10/dist-packages/airflow/example_dags/example_latest_only_with_trigger.py
[2025-10-30T21:01:20.358-0700] {processor.py:840} INFO - DAG(s) 'latest_only_with_trigger' retrieved from /usr/local/lib/python3.10/dist-packages/airflow/example_dags/example_latest_only_with_trigger.py
[2025-10-30T21:01:20.395-0700] {logging_mixin.py:188} INFO - [2025-10-30T21:01:20.394-0700] {dag.py:3089} INFO - Sync 1 DAGs
[2025-10-30T21:01:20.429-0700] {logging_mixin.py:188} INFO - [2025-10-30T21:01:20.429-0700] {dag.py:3947} INFO - Setting next_dagrun for latest_only_with_trigger to 2025-10-31 00:00:00+00:00, run_after=2025-10-31 04:00:00+00:00
[2025-10-30T21:01:20.515-0700] {processor.py:183} INFO - Processing /usr/local/lib/python3.10/dist-packages/airflow/example_dags/example_latest_only_with_trigger.py took 0.170 seconds
[2025-10-30T21:02:27.357-0700] {processor.py:161} INFO - Started process (PID=800) to work on /usr/local/lib/python3.10/dist-packages/airflow/example_dags/example_latest_only_with_trigger.py
[2025-10-30T21:02:27.358-0700] {processor.py:830} INFO - Processing file /usr/local/lib/python3.10/dist-packages/airflow/example_dags/example_latest_only_with_trigger.py for tasks to queue
[2025-10-30T21:02:27.359-0700] {logging_mixin.py:188} INFO - [2025-10-30T21:02:27.359-0700] {dagbag.py:545} INFO - Filling up the DagBag from /usr/local/lib/python3.10/dist-packages/airflow/example_dags/example_latest_only_with_trigger.py
[2025-10-30T21:02:27.365-0700] {processor.py:840} INFO - DAG(s) 'latest_only_with_trigger' retrieved from /usr/local/lib/python3.10/dist-packages/airflow/example_dags/example_latest_only_with_trigger.py
[2025-10-30T21:02:27.513-0700] {logging_mixin.py:188} INFO - [2025-10-30T21:02:27.512-0700] {dag.py:3089} INFO - Sync 1 DAGs
[2025-10-30T21:02:27.556-0700] {logging_mixin.py:188} INFO - [2025-10-30T21:02:27.555-0700] {dag.py:3947} INFO - Setting next_dagrun for latest_only_with_trigger to 2025-10-31 00:00:00+00:00, run_after=2025-10-31 04:00:00+00:00
[2025-10-30T21:02:27.624-0700] {processor.py:183} INFO - Processing /usr/local/lib/python3.10/dist-packages/airflow/example_dags/example_latest_only_with_trigger.py took 0.273 seconds
[2025-10-30T21:03:37.882-0700] {processor.py:161} INFO - Started process (PID=872) to work on /usr/local/lib/python3.10/dist-packages/airflow/example_dags/example_latest_only_with_trigger.py
[2025-10-30T21:03:37.883-0700] {processor.py:830} INFO - Processing file /usr/local/lib/python3.10/dist-packages/airflow/example_dags/example_latest_only_with_trigger.py for tasks to queue
[2025-10-30T21:03:37.885-0700] {logging_mixin.py:188} INFO - [2025-10-30T21:03:37.885-0700] {dagbag.py:545} INFO - Filling up the DagBag from /usr/local/lib/python3.10/dist-packages/airflow/example_dags/example_latest_only_with_trigger.py
[2025-10-30T21:03:37.891-0700] {processor.py:840} INFO - DAG(s) 'latest_only_with_trigger' retrieved from /usr/local/lib/python3.10/dist-packages/airflow/example_dags/example_latest_only_with_trigger.py
[2025-10-30T21:03:37.917-0700] {logging_mixin.py:188} INFO - [2025-10-30T21:03:37.917-0700] {dag.py:3089} INFO - Sync 1 DAGs
[2025-10-30T21:03:37.947-0700] {logging_mixin.py:188} INFO - [2025-10-30T21:03:37.947-0700] {dag.py:3947} INFO - Setting next_dagrun for latest_only_with_trigger to 2025-10-31 00:00:00+00:00, run_after=2025-10-31 04:00:00+00:00
[2025-10-30T21:03:38.021-0700] {processor.py:183} INFO - Processing /usr/local/lib/python3.10/dist-packages/airflow/example_dags/example_latest_only_with_trigger.py took 0.144 seconds
[2025-10-30T21:04:52.097-0700] {processor.py:161} INFO - Started process (PID=947) to work on /usr/local/lib/python3.10/dist-packages/airflow/example_dags/example_latest_only_with_trigger.py
[2025-10-30T21:04:52.098-0700] {processor.py:830} INFO - Processing file /usr/local/lib/python3.10/dist-packages/airflow/example_dags/example_latest_only_with_trigger.py for tasks to queue
[2025-10-30T21:04:52.099-0700] {logging_mixin.py:188} INFO - [2025-10-30T21:04:52.099-0700] {dagbag.py:545} INFO - Filling up the DagBag from /usr/local/lib/python3.10/dist-packages/airflow/example_dags/example_latest_only_with_trigger.py
[2025-10-30T21:04:52.105-0700] {processor.py:840} INFO - DAG(s) 'latest_only_with_trigger' retrieved from /usr/local/lib/python3.10/dist-packages/airflow/example_dags/example_latest_only_with_trigger.py
[2025-10-30T21:04:52.134-0700] {logging_mixin.py:188} INFO - [2025-10-30T21:04:52.134-0700] {dag.py:3089} INFO - Sync 1 DAGs
[2025-10-30T21:04:52.164-0700] {logging_mixin.py:188} INFO - [2025-10-30T21:04:52.164-0700] {dag.py:3947} INFO - Setting next_dagrun for latest_only_with_trigger to 2025-10-31 00:00:00+00:00, run_after=2025-10-31 04:00:00+00:00
[2025-10-30T21:04:52.236-0700] {processor.py:183} INFO - Processing /usr/local/lib/python3.10/dist-packages/airflow/example_dags/example_latest_only_with_trigger.py took 0.143 seconds
[2025-10-30T21:05:58.480-0700] {processor.py:161} INFO - Started process (PID=1017) to work on /usr/local/lib/python3.10/dist-packages/airflow/example_dags/example_latest_only_with_trigger.py
[2025-10-30T21:05:58.482-0700] {processor.py:830} INFO - Processing file /usr/local/lib/python3.10/dist-packages/airflow/example_dags/example_latest_only_with_trigger.py for tasks to queue
[2025-10-30T21:05:58.483-0700] {logging_mixin.py:188} INFO - [2025-10-30T21:05:58.483-0700] {dagbag.py:545} INFO - Filling up the DagBag from /usr/local/lib/python3.10/dist-packages/airflow/example_dags/example_latest_only_with_trigger.py
[2025-10-30T21:05:58.491-0700] {processor.py:840} INFO - DAG(s) 'latest_only_with_trigger' retrieved from /usr/local/lib/python3.10/dist-packages/airflow/example_dags/example_latest_only_with_trigger.py
[2025-10-30T21:05:58.522-0700] {logging_mixin.py:188} INFO - [2025-10-30T21:05:58.522-0700] {dag.py:3089} INFO - Sync 1 DAGs
[2025-10-30T21:05:58.551-0700] {logging_mixin.py:188} INFO - [2025-10-30T21:05:58.551-0700] {dag.py:3947} INFO - Setting next_dagrun for latest_only_with_trigger to 2025-10-31 00:00:00+00:00, run_after=2025-10-31 04:00:00+00:00
[2025-10-30T21:05:58.657-0700] {processor.py:183} INFO - Processing /usr/local/lib/python3.10/dist-packages/airflow/example_dags/example_latest_only_with_trigger.py took 0.184 seconds
[2025-10-30T21:08:43.660-0700] {processor.py:161} INFO - Started process (PID=1121) to work on /usr/local/lib/python3.10/dist-packages/airflow/example_dags/example_latest_only_with_trigger.py
[2025-10-30T21:08:43.661-0700] {processor.py:830} INFO - Processing file /usr/local/lib/python3.10/dist-packages/airflow/example_dags/example_latest_only_with_trigger.py for tasks to queue
[2025-10-30T21:08:43.664-0700] {logging_mixin.py:188} INFO - [2025-10-30T21:08:43.663-0700] {dagbag.py:545} INFO - Filling up the DagBag from /usr/local/lib/python3.10/dist-packages/airflow/example_dags/example_latest_only_with_trigger.py
[2025-10-30T21:08:43.672-0700] {processor.py:840} INFO - DAG(s) 'latest_only_with_trigger' retrieved from /usr/local/lib/python3.10/dist-packages/airflow/example_dags/example_latest_only_with_trigger.py
[2025-10-30T21:08:43.702-0700] {logging_mixin.py:188} INFO - [2025-10-30T21:08:43.702-0700] {dag.py:3089} INFO - Sync 1 DAGs
[2025-10-30T21:08:43.734-0700] {logging_mixin.py:188} INFO - [2025-10-30T21:08:43.734-0700] {dag.py:3947} INFO - Setting next_dagrun for latest_only_with_trigger to 2025-10-31 00:00:00+00:00, run_after=2025-10-31 04:00:00+00:00
[2025-10-30T21:08:43.789-0700] {processor.py:183} INFO - Processing /usr/local/lib/python3.10/dist-packages/airflow/example_dags/example_latest_only_with_trigger.py took 0.135 seconds
[2025-10-30T21:09:55.313-0700] {processor.py:161} INFO - Started process (PID=1192) to work on /usr/local/lib/python3.10/dist-packages/airflow/example_dags/example_latest_only_with_trigger.py
[2025-10-30T21:09:55.315-0700] {processor.py:830} INFO - Processing file /usr/local/lib/python3.10/dist-packages/airflow/example_dags/example_latest_only_with_trigger.py for tasks to queue
[2025-10-30T21:09:55.317-0700] {logging_mixin.py:188} INFO - [2025-10-30T21:09:55.317-0700] {dagbag.py:545} INFO - Filling up the DagBag from /usr/local/lib/python3.10/dist-packages/airflow/example_dags/example_latest_only_with_trigger.py
[2025-10-30T21:09:55.324-0700] {processor.py:840} INFO - DAG(s) 'latest_only_with_trigger' retrieved from /usr/local/lib/python3.10/dist-packages/airflow/example_dags/example_latest_only_with_trigger.py
[2025-10-30T21:09:55.369-0700] {logging_mixin.py:188} INFO - [2025-10-30T21:09:55.369-0700] {dag.py:3089} INFO - Sync 1 DAGs
[2025-10-30T21:09:55.409-0700] {logging_mixin.py:188} INFO - [2025-10-30T21:09:55.409-0700] {dag.py:3947} INFO - Setting next_dagrun for latest_only_with_trigger to 2025-10-31 00:00:00+00:00, run_after=2025-10-31 04:00:00+00:00
[2025-10-30T21:09:55.759-0700] {processor.py:183} INFO - Processing /usr/local/lib/python3.10/dist-packages/airflow/example_dags/example_latest_only_with_trigger.py took 0.452 seconds
[2025-10-30T21:11:15.515-0700] {processor.py:161} INFO - Started process (PID=1267) to work on /usr/local/lib/python3.10/dist-packages/airflow/example_dags/example_latest_only_with_trigger.py
[2025-10-30T21:11:15.517-0700] {processor.py:830} INFO - Processing file /usr/local/lib/python3.10/dist-packages/airflow/example_dags/example_latest_only_with_trigger.py for tasks to queue
[2025-10-30T21:11:15.519-0700] {logging_mixin.py:188} INFO - [2025-10-30T21:11:15.519-0700] {dagbag.py:545} INFO - Filling up the DagBag from /usr/local/lib/python3.10/dist-packages/airflow/example_dags/example_latest_only_with_trigger.py
[2025-10-30T21:11:15.525-0700] {processor.py:840} INFO - DAG(s) 'latest_only_with_trigger' retrieved from /usr/local/lib/python3.10/dist-packages/airflow/example_dags/example_latest_only_with_trigger.py
[2025-10-30T21:11:15.563-0700] {logging_mixin.py:188} INFO - [2025-10-30T21:11:15.562-0700] {dag.py:3089} INFO - Sync 1 DAGs
[2025-10-30T21:11:15.607-0700] {logging_mixin.py:188} INFO - [2025-10-30T21:11:15.606-0700] {dag.py:3947} INFO - Setting next_dagrun for latest_only_with_trigger to 2025-10-31 00:00:00+00:00, run_after=2025-10-31 04:00:00+00:00
[2025-10-30T21:11:15.716-0700] {processor.py:183} INFO - Processing /usr/local/lib/python3.10/dist-packages/airflow/example_dags/example_latest_only_with_trigger.py took 0.207 seconds
[2025-10-30T21:12:38.412-0700] {processor.py:161} INFO - Started process (PID=1351) to work on /usr/local/lib/python3.10/dist-packages/airflow/example_dags/example_latest_only_with_trigger.py
[2025-10-30T21:12:38.414-0700] {processor.py:830} INFO - Processing file /usr/local/lib/python3.10/dist-packages/airflow/example_dags/example_latest_only_with_trigger.py for tasks to queue
[2025-10-30T21:12:38.417-0700] {logging_mixin.py:188} INFO - [2025-10-30T21:12:38.416-0700] {dagbag.py:545} INFO - Filling up the DagBag from /usr/local/lib/python3.10/dist-packages/airflow/example_dags/example_latest_only_with_trigger.py
[2025-10-30T21:12:38.426-0700] {processor.py:840} INFO - DAG(s) 'latest_only_with_trigger' retrieved from /usr/local/lib/python3.10/dist-packages/airflow/example_dags/example_latest_only_with_trigger.py
[2025-10-30T21:12:38.465-0700] {logging_mixin.py:188} INFO - [2025-10-30T21:12:38.464-0700] {dag.py:3089} INFO - Sync 1 DAGs
[2025-10-30T21:12:38.503-0700] {logging_mixin.py:188} INFO - [2025-10-30T21:12:38.503-0700] {dag.py:3947} INFO - Setting next_dagrun for latest_only_with_trigger to 2025-10-31 00:00:00+00:00, run_after=2025-10-31 04:00:00+00:00
[2025-10-30T21:12:38.621-0700] {processor.py:183} INFO - Processing /usr/local/lib/python3.10/dist-packages/airflow/example_dags/example_latest_only_with_trigger.py took 0.215 seconds
[2025-10-30T21:14:00.629-0700] {processor.py:161} INFO - Started process (PID=1429) to work on /usr/local/lib/python3.10/dist-packages/airflow/example_dags/example_latest_only_with_trigger.py
[2025-10-30T21:14:00.632-0700] {processor.py:830} INFO - Processing file /usr/local/lib/python3.10/dist-packages/airflow/example_dags/example_latest_only_with_trigger.py for tasks to queue
[2025-10-30T21:14:00.635-0700] {logging_mixin.py:188} INFO - [2025-10-30T21:14:00.635-0700] {dagbag.py:545} INFO - Filling up the DagBag from /usr/local/lib/python3.10/dist-packages/airflow/example_dags/example_latest_only_with_trigger.py
[2025-10-30T21:14:00.644-0700] {processor.py:840} INFO - DAG(s) 'latest_only_with_trigger' retrieved from /usr/local/lib/python3.10/dist-packages/airflow/example_dags/example_latest_only_with_trigger.py
[2025-10-30T21:14:00.683-0700] {logging_mixin.py:188} INFO - [2025-10-30T21:14:00.683-0700] {dag.py:3089} INFO - Sync 1 DAGs
[2025-10-30T21:14:00.719-0700] {logging_mixin.py:188} INFO - [2025-10-30T21:14:00.719-0700] {dag.py:3947} INFO - Setting next_dagrun for latest_only_with_trigger to 2025-10-31 00:00:00+00:00, run_after=2025-10-31 04:00:00+00:00
[2025-10-30T21:14:00.838-0700] {processor.py:183} INFO - Processing /usr/local/lib/python3.10/dist-packages/airflow/example_dags/example_latest_only_with_trigger.py took 0.219 seconds
[2025-10-30T21:16:04.847-0700] {processor.py:161} INFO - Started process (PID=1518) to work on /usr/local/lib/python3.10/dist-packages/airflow/example_dags/example_latest_only_with_trigger.py
[2025-10-30T21:16:04.849-0700] {processor.py:830} INFO - Processing file /usr/local/lib/python3.10/dist-packages/airflow/example_dags/example_latest_only_with_trigger.py for tasks to queue
[2025-10-30T21:16:04.853-0700] {logging_mixin.py:188} INFO - [2025-10-30T21:16:04.853-0700] {dagbag.py:545} INFO - Filling up the DagBag from /usr/local/lib/python3.10/dist-packages/airflow/example_dags/example_latest_only_with_trigger.py
[2025-10-30T21:16:04.860-0700] {processor.py:840} INFO - DAG(s) 'latest_only_with_trigger' retrieved from /usr/local/lib/python3.10/dist-packages/airflow/example_dags/example_latest_only_with_trigger.py
[2025-10-30T21:16:04.902-0700] {logging_mixin.py:188} INFO - [2025-10-30T21:16:04.901-0700] {dag.py:3089} INFO - Sync 1 DAGs
[2025-10-30T21:16:04.958-0700] {logging_mixin.py:188} INFO - [2025-10-30T21:16:04.958-0700] {dag.py:3947} INFO - Setting next_dagrun for latest_only_with_trigger to 2025-10-31 00:00:00+00:00, run_after=2025-10-31 04:00:00+00:00
[2025-10-30T21:16:05.103-0700] {processor.py:183} INFO - Processing /usr/local/lib/python3.10/dist-packages/airflow/example_dags/example_latest_only_with_trigger.py took 0.264 seconds
[2025-10-30T21:17:28.048-0700] {processor.py:161} INFO - Started process (PID=1595) to work on /usr/local/lib/python3.10/dist-packages/airflow/example_dags/example_latest_only_with_trigger.py
[2025-10-30T21:17:28.051-0700] {processor.py:830} INFO - Processing file /usr/local/lib/python3.10/dist-packages/airflow/example_dags/example_latest_only_with_trigger.py for tasks to queue
[2025-10-30T21:17:28.055-0700] {logging_mixin.py:188} INFO - [2025-10-30T21:17:28.054-0700] {dagbag.py:545} INFO - Filling up the DagBag from /usr/local/lib/python3.10/dist-packages/airflow/example_dags/example_latest_only_with_trigger.py
[2025-10-30T21:17:28.064-0700] {processor.py:840} INFO - DAG(s) 'latest_only_with_trigger' retrieved from /usr/local/lib/python3.10/dist-packages/airflow/example_dags/example_latest_only_with_trigger.py
[2025-10-30T21:17:28.104-0700] {logging_mixin.py:188} INFO - [2025-10-30T21:17:28.104-0700] {dag.py:3089} INFO - Sync 1 DAGs
[2025-10-30T21:17:28.141-0700] {logging_mixin.py:188} INFO - [2025-10-30T21:17:28.141-0700] {dag.py:3947} INFO - Setting next_dagrun for latest_only_with_trigger to 2025-10-31 00:00:00+00:00, run_after=2025-10-31 04:00:00+00:00
[2025-10-30T21:17:28.309-0700] {processor.py:183} INFO - Processing /usr/local/lib/python3.10/dist-packages/airflow/example_dags/example_latest_only_with_trigger.py took 0.272 seconds
[2025-10-30T21:18:52.542-0700] {processor.py:161} INFO - Started process (PID=1670) to work on /usr/local/lib/python3.10/dist-packages/airflow/example_dags/example_latest_only_with_trigger.py
[2025-10-30T21:18:52.544-0700] {processor.py:830} INFO - Processing file /usr/local/lib/python3.10/dist-packages/airflow/example_dags/example_latest_only_with_trigger.py for tasks to queue
[2025-10-30T21:18:52.547-0700] {logging_mixin.py:188} INFO - [2025-10-30T21:18:52.546-0700] {dagbag.py:545} INFO - Filling up the DagBag from /usr/local/lib/python3.10/dist-packages/airflow/example_dags/example_latest_only_with_trigger.py
[2025-10-30T21:18:52.554-0700] {processor.py:840} INFO - DAG(s) 'latest_only_with_trigger' retrieved from /usr/local/lib/python3.10/dist-packages/airflow/example_dags/example_latest_only_with_trigger.py
[2025-10-30T21:18:52.590-0700] {logging_mixin.py:188} INFO - [2025-10-30T21:18:52.589-0700] {dag.py:3089} INFO - Sync 1 DAGs
[2025-10-30T21:18:52.624-0700] {logging_mixin.py:188} INFO - [2025-10-30T21:18:52.623-0700] {dag.py:3947} INFO - Setting next_dagrun for latest_only_with_trigger to 2025-10-31 00:00:00+00:00, run_after=2025-10-31 04:00:00+00:00
[2025-10-30T21:18:52.720-0700] {processor.py:183} INFO - Processing /usr/local/lib/python3.10/dist-packages/airflow/example_dags/example_latest_only_with_trigger.py took 0.186 seconds
[2025-10-30T21:20:16.647-0700] {processor.py:161} INFO - Started process (PID=1747) to work on /usr/local/lib/python3.10/dist-packages/airflow/example_dags/example_latest_only_with_trigger.py
[2025-10-30T21:20:16.649-0700] {processor.py:830} INFO - Processing file /usr/local/lib/python3.10/dist-packages/airflow/example_dags/example_latest_only_with_trigger.py for tasks to queue
[2025-10-30T21:20:16.652-0700] {logging_mixin.py:188} INFO - [2025-10-30T21:20:16.651-0700] {dagbag.py:545} INFO - Filling up the DagBag from /usr/local/lib/python3.10/dist-packages/airflow/example_dags/example_latest_only_with_trigger.py
[2025-10-30T21:20:16.658-0700] {processor.py:840} INFO - DAG(s) 'latest_only_with_trigger' retrieved from /usr/local/lib/python3.10/dist-packages/airflow/example_dags/example_latest_only_with_trigger.py
[2025-10-30T21:20:16.694-0700] {logging_mixin.py:188} INFO - [2025-10-30T21:20:16.694-0700] {dag.py:3089} INFO - Sync 1 DAGs
[2025-10-30T21:20:16.738-0700] {logging_mixin.py:188} INFO - [2025-10-30T21:20:16.737-0700] {dag.py:3947} INFO - Setting next_dagrun for latest_only_with_trigger to 2025-10-31 00:00:00+00:00, run_after=2025-10-31 04:00:00+00:00
[2025-10-30T21:20:16.842-0700] {processor.py:183} INFO - Processing /usr/local/lib/python3.10/dist-packages/airflow/example_dags/example_latest_only_with_trigger.py took 0.201 seconds
[2025-10-30T21:21:37.036-0700] {processor.py:161} INFO - Started process (PID=1823) to work on /usr/local/lib/python3.10/dist-packages/airflow/example_dags/example_latest_only_with_trigger.py
[2025-10-30T21:21:37.040-0700] {processor.py:830} INFO - Processing file /usr/local/lib/python3.10/dist-packages/airflow/example_dags/example_latest_only_with_trigger.py for tasks to queue
[2025-10-30T21:21:37.044-0700] {logging_mixin.py:188} INFO - [2025-10-30T21:21:37.043-0700] {dagbag.py:545} INFO - Filling up the DagBag from /usr/local/lib/python3.10/dist-packages/airflow/example_dags/example_latest_only_with_trigger.py
[2025-10-30T21:21:37.058-0700] {processor.py:840} INFO - DAG(s) 'latest_only_with_trigger' retrieved from /usr/local/lib/python3.10/dist-packages/airflow/example_dags/example_latest_only_with_trigger.py
[2025-10-30T21:21:37.103-0700] {logging_mixin.py:188} INFO - [2025-10-30T21:21:37.103-0700] {dag.py:3089} INFO - Sync 1 DAGs
[2025-10-30T21:21:37.136-0700] {logging_mixin.py:188} INFO - [2025-10-30T21:21:37.135-0700] {dag.py:3947} INFO - Setting next_dagrun for latest_only_with_trigger to 2025-10-31 00:00:00+00:00, run_after=2025-10-31 04:00:00+00:00
[2025-10-30T21:21:37.238-0700] {processor.py:183} INFO - Processing /usr/local/lib/python3.10/dist-packages/airflow/example_dags/example_latest_only_with_trigger.py took 0.217 seconds
[2025-10-30T21:22:58.968-0700] {processor.py:161} INFO - Started process (PID=1905) to work on /usr/local/lib/python3.10/dist-packages/airflow/example_dags/example_latest_only_with_trigger.py
[2025-10-30T21:22:58.970-0700] {processor.py:830} INFO - Processing file /usr/local/lib/python3.10/dist-packages/airflow/example_dags/example_latest_only_with_trigger.py for tasks to queue
[2025-10-30T21:22:58.972-0700] {logging_mixin.py:188} INFO - [2025-10-30T21:22:58.972-0700] {dagbag.py:545} INFO - Filling up the DagBag from /usr/local/lib/python3.10/dist-packages/airflow/example_dags/example_latest_only_with_trigger.py
[2025-10-30T21:22:58.979-0700] {processor.py:840} INFO - DAG(s) 'latest_only_with_trigger' retrieved from /usr/local/lib/python3.10/dist-packages/airflow/example_dags/example_latest_only_with_trigger.py
[2025-10-30T21:22:59.020-0700] {logging_mixin.py:188} INFO - [2025-10-30T21:22:59.020-0700] {dag.py:3089} INFO - Sync 1 DAGs
[2025-10-30T21:22:59.083-0700] {logging_mixin.py:188} INFO - [2025-10-30T21:22:59.083-0700] {dag.py:3947} INFO - Setting next_dagrun for latest_only_with_trigger to 2025-10-31 00:00:00+00:00, run_after=2025-10-31 04:00:00+00:00
[2025-10-30T21:22:59.185-0700] {processor.py:183} INFO - Processing /usr/local/lib/python3.10/dist-packages/airflow/example_dags/example_latest_only_with_trigger.py took 0.224 seconds
[2025-10-30T21:24:20.048-0700] {processor.py:161} INFO - Started process (PID=1990) to work on /usr/local/lib/python3.10/dist-packages/airflow/example_dags/example_latest_only_with_trigger.py
[2025-10-30T21:24:20.050-0700] {processor.py:830} INFO - Processing file /usr/local/lib/python3.10/dist-packages/airflow/example_dags/example_latest_only_with_trigger.py for tasks to queue
[2025-10-30T21:24:20.053-0700] {logging_mixin.py:188} INFO - [2025-10-30T21:24:20.052-0700] {dagbag.py:545} INFO - Filling up the DagBag from /usr/local/lib/python3.10/dist-packages/airflow/example_dags/example_latest_only_with_trigger.py
[2025-10-30T21:24:20.063-0700] {processor.py:840} INFO - DAG(s) 'latest_only_with_trigger' retrieved from /usr/local/lib/python3.10/dist-packages/airflow/example_dags/example_latest_only_with_trigger.py
[2025-10-30T21:24:20.105-0700] {logging_mixin.py:188} INFO - [2025-10-30T21:24:20.105-0700] {dag.py:3089} INFO - Sync 1 DAGs
[2025-10-30T21:24:20.144-0700] {logging_mixin.py:188} INFO - [2025-10-30T21:24:20.144-0700] {dag.py:3947} INFO - Setting next_dagrun for latest_only_with_trigger to 2025-10-31 00:00:00+00:00, run_after=2025-10-31 04:00:00+00:00
[2025-10-30T21:24:20.269-0700] {processor.py:183} INFO - Processing /usr/local/lib/python3.10/dist-packages/airflow/example_dags/example_latest_only_with_trigger.py took 0.230 seconds
[2025-10-30T21:25:41.417-0700] {processor.py:161} INFO - Started process (PID=2064) to work on /usr/local/lib/python3.10/dist-packages/airflow/example_dags/example_latest_only_with_trigger.py
[2025-10-30T21:25:41.419-0700] {processor.py:830} INFO - Processing file /usr/local/lib/python3.10/dist-packages/airflow/example_dags/example_latest_only_with_trigger.py for tasks to queue
[2025-10-30T21:25:41.421-0700] {logging_mixin.py:188} INFO - [2025-10-30T21:25:41.421-0700] {dagbag.py:545} INFO - Filling up the DagBag from /usr/local/lib/python3.10/dist-packages/airflow/example_dags/example_latest_only_with_trigger.py
[2025-10-30T21:25:41.429-0700] {processor.py:840} INFO - DAG(s) 'latest_only_with_trigger' retrieved from /usr/local/lib/python3.10/dist-packages/airflow/example_dags/example_latest_only_with_trigger.py
[2025-10-30T21:25:41.467-0700] {logging_mixin.py:188} INFO - [2025-10-30T21:25:41.467-0700] {dag.py:3089} INFO - Sync 1 DAGs
[2025-10-30T21:25:41.507-0700] {logging_mixin.py:188} INFO - [2025-10-30T21:25:41.507-0700] {dag.py:3947} INFO - Setting next_dagrun for latest_only_with_trigger to 2025-10-31 00:00:00+00:00, run_after=2025-10-31 04:00:00+00:00
[2025-10-30T21:25:41.678-0700] {processor.py:183} INFO - Processing /usr/local/lib/python3.10/dist-packages/airflow/example_dags/example_latest_only_with_trigger.py took 0.269 seconds
[2025-10-30T21:27:05.966-0700] {processor.py:161} INFO - Started process (PID=2141) to work on /usr/local/lib/python3.10/dist-packages/airflow/example_dags/example_latest_only_with_trigger.py
[2025-10-30T21:27:05.968-0700] {processor.py:830} INFO - Processing file /usr/local/lib/python3.10/dist-packages/airflow/example_dags/example_latest_only_with_trigger.py for tasks to queue
[2025-10-30T21:27:05.971-0700] {logging_mixin.py:188} INFO - [2025-10-30T21:27:05.971-0700] {dagbag.py:545} INFO - Filling up the DagBag from /usr/local/lib/python3.10/dist-packages/airflow/example_dags/example_latest_only_with_trigger.py
[2025-10-30T21:27:05.979-0700] {processor.py:840} INFO - DAG(s) 'latest_only_with_trigger' retrieved from /usr/local/lib/python3.10/dist-packages/airflow/example_dags/example_latest_only_with_trigger.py
[2025-10-30T21:27:06.017-0700] {logging_mixin.py:188} INFO - [2025-10-30T21:27:06.017-0700] {dag.py:3089} INFO - Sync 1 DAGs
[2025-10-30T21:27:06.049-0700] {logging_mixin.py:188} INFO - [2025-10-30T21:27:06.048-0700] {dag.py:3947} INFO - Setting next_dagrun for latest_only_with_trigger to 2025-10-31 00:00:00+00:00, run_after=2025-10-31 04:00:00+00:00
[2025-10-30T21:27:06.149-0700] {processor.py:183} INFO - Processing /usr/local/lib/python3.10/dist-packages/airflow/example_dags/example_latest_only_with_trigger.py took 0.189 seconds
[2025-10-30T21:28:28.253-0700] {processor.py:161} INFO - Started process (PID=2217) to work on /usr/local/lib/python3.10/dist-packages/airflow/example_dags/example_latest_only_with_trigger.py
[2025-10-30T21:28:28.254-0700] {processor.py:830} INFO - Processing file /usr/local/lib/python3.10/dist-packages/airflow/example_dags/example_latest_only_with_trigger.py for tasks to queue
[2025-10-30T21:28:28.258-0700] {logging_mixin.py:188} INFO - [2025-10-30T21:28:28.257-0700] {dagbag.py:545} INFO - Filling up the DagBag from /usr/local/lib/python3.10/dist-packages/airflow/example_dags/example_latest_only_with_trigger.py
[2025-10-30T21:28:28.265-0700] {processor.py:840} INFO - DAG(s) 'latest_only_with_trigger' retrieved from /usr/local/lib/python3.10/dist-packages/airflow/example_dags/example_latest_only_with_trigger.py
[2025-10-30T21:28:28.310-0700] {logging_mixin.py:188} INFO - [2025-10-30T21:28:28.309-0700] {dag.py:3089} INFO - Sync 1 DAGs
[2025-10-30T21:28:28.363-0700] {logging_mixin.py:188} INFO - [2025-10-30T21:28:28.363-0700] {dag.py:3947} INFO - Setting next_dagrun for latest_only_with_trigger to 2025-10-31 00:00:00+00:00, run_after=2025-10-31 04:00:00+00:00
[2025-10-30T21:28:28.559-0700] {processor.py:183} INFO - Processing /usr/local/lib/python3.10/dist-packages/airflow/example_dags/example_latest_only_with_trigger.py took 0.314 seconds
[2025-10-30T21:29:53.557-0700] {processor.py:161} INFO - Started process (PID=2292) to work on /usr/local/lib/python3.10/dist-packages/airflow/example_dags/example_latest_only_with_trigger.py
[2025-10-30T21:29:53.560-0700] {processor.py:830} INFO - Processing file /usr/local/lib/python3.10/dist-packages/airflow/example_dags/example_latest_only_with_trigger.py for tasks to queue
[2025-10-30T21:29:53.565-0700] {logging_mixin.py:188} INFO - [2025-10-30T21:29:53.563-0700] {dagbag.py:545} INFO - Filling up the DagBag from /usr/local/lib/python3.10/dist-packages/airflow/example_dags/example_latest_only_with_trigger.py
[2025-10-30T21:29:53.575-0700] {processor.py:840} INFO - DAG(s) 'latest_only_with_trigger' retrieved from /usr/local/lib/python3.10/dist-packages/airflow/example_dags/example_latest_only_with_trigger.py
[2025-10-30T21:29:53.642-0700] {logging_mixin.py:188} INFO - [2025-10-30T21:29:53.641-0700] {dag.py:3089} INFO - Sync 1 DAGs
[2025-10-30T21:29:53.699-0700] {logging_mixin.py:188} INFO - [2025-10-30T21:29:53.699-0700] {dag.py:3947} INFO - Setting next_dagrun for latest_only_with_trigger to 2025-10-31 00:00:00+00:00, run_after=2025-10-31 04:00:00+00:00
[2025-10-30T21:29:53.849-0700] {processor.py:183} INFO - Processing /usr/local/lib/python3.10/dist-packages/airflow/example_dags/example_latest_only_with_trigger.py took 0.307 seconds
[2025-10-30T21:31:13.715-0700] {processor.py:161} INFO - Started process (PID=2366) to work on /usr/local/lib/python3.10/dist-packages/airflow/example_dags/example_latest_only_with_trigger.py
[2025-10-30T21:31:13.716-0700] {processor.py:830} INFO - Processing file /usr/local/lib/python3.10/dist-packages/airflow/example_dags/example_latest_only_with_trigger.py for tasks to queue
[2025-10-30T21:31:13.718-0700] {logging_mixin.py:188} INFO - [2025-10-30T21:31:13.718-0700] {dagbag.py:545} INFO - Filling up the DagBag from /usr/local/lib/python3.10/dist-packages/airflow/example_dags/example_latest_only_with_trigger.py
[2025-10-30T21:31:13.725-0700] {processor.py:840} INFO - DAG(s) 'latest_only_with_trigger' retrieved from /usr/local/lib/python3.10/dist-packages/airflow/example_dags/example_latest_only_with_trigger.py
[2025-10-30T21:31:13.757-0700] {logging_mixin.py:188} INFO - [2025-10-30T21:31:13.756-0700] {dag.py:3089} INFO - Sync 1 DAGs
[2025-10-30T21:31:13.791-0700] {logging_mixin.py:188} INFO - [2025-10-30T21:31:13.791-0700] {dag.py:3947} INFO - Setting next_dagrun for latest_only_with_trigger to 2025-10-31 00:00:00+00:00, run_after=2025-10-31 04:00:00+00:00
[2025-10-30T21:31:13.894-0700] {processor.py:183} INFO - Processing /usr/local/lib/python3.10/dist-packages/airflow/example_dags/example_latest_only_with_trigger.py took 0.185 seconds
[2025-10-30T21:32:33.789-0700] {processor.py:161} INFO - Started process (PID=2443) to work on /usr/local/lib/python3.10/dist-packages/airflow/example_dags/example_latest_only_with_trigger.py
[2025-10-30T21:32:33.792-0700] {processor.py:830} INFO - Processing file /usr/local/lib/python3.10/dist-packages/airflow/example_dags/example_latest_only_with_trigger.py for tasks to queue
[2025-10-30T21:32:33.795-0700] {logging_mixin.py:188} INFO - [2025-10-30T21:32:33.795-0700] {dagbag.py:545} INFO - Filling up the DagBag from /usr/local/lib/python3.10/dist-packages/airflow/example_dags/example_latest_only_with_trigger.py
[2025-10-30T21:32:33.808-0700] {processor.py:840} INFO - DAG(s) 'latest_only_with_trigger' retrieved from /usr/local/lib/python3.10/dist-packages/airflow/example_dags/example_latest_only_with_trigger.py
[2025-10-30T21:32:33.858-0700] {logging_mixin.py:188} INFO - [2025-10-30T21:32:33.857-0700] {dag.py:3089} INFO - Sync 1 DAGs
[2025-10-30T21:32:33.891-0700] {logging_mixin.py:188} INFO - [2025-10-30T21:32:33.891-0700] {dag.py:3947} INFO - Setting next_dagrun for latest_only_with_trigger to 2025-10-31 00:00:00+00:00, run_after=2025-10-31 04:00:00+00:00
[2025-10-30T21:32:33.992-0700] {processor.py:183} INFO - Processing /usr/local/lib/python3.10/dist-packages/airflow/example_dags/example_latest_only_with_trigger.py took 0.221 seconds
[2025-10-30T21:35:46.652-0700] {processor.py:161} INFO - Started process (PID=2605) to work on /usr/local/lib/python3.10/dist-packages/airflow/example_dags/example_latest_only_with_trigger.py
[2025-10-30T21:35:46.655-0700] {processor.py:830} INFO - Processing file /usr/local/lib/python3.10/dist-packages/airflow/example_dags/example_latest_only_with_trigger.py for tasks to queue
[2025-10-30T21:35:46.658-0700] {logging_mixin.py:188} INFO - [2025-10-30T21:35:46.657-0700] {dagbag.py:545} INFO - Filling up the DagBag from /usr/local/lib/python3.10/dist-packages/airflow/example_dags/example_latest_only_with_trigger.py
[2025-10-30T21:35:46.667-0700] {processor.py:840} INFO - DAG(s) 'latest_only_with_trigger' retrieved from /usr/local/lib/python3.10/dist-packages/airflow/example_dags/example_latest_only_with_trigger.py
[2025-10-30T21:35:46.725-0700] {logging_mixin.py:188} INFO - [2025-10-30T21:35:46.724-0700] {dag.py:3089} INFO - Sync 1 DAGs
[2025-10-30T21:35:46.774-0700] {logging_mixin.py:188} INFO - [2025-10-30T21:35:46.774-0700] {dag.py:3947} INFO - Setting next_dagrun for latest_only_with_trigger to 2025-10-31 00:00:00+00:00, run_after=2025-10-31 04:00:00+00:00
[2025-10-30T21:35:46.903-0700] {processor.py:183} INFO - Processing /usr/local/lib/python3.10/dist-packages/airflow/example_dags/example_latest_only_with_trigger.py took 0.259 seconds
[2025-10-30T21:37:32.761-0700] {processor.py:161} INFO - Started process (PID=2690) to work on /usr/local/lib/python3.10/dist-packages/airflow/example_dags/example_latest_only_with_trigger.py
[2025-10-30T21:37:32.764-0700] {processor.py:830} INFO - Processing file /usr/local/lib/python3.10/dist-packages/airflow/example_dags/example_latest_only_with_trigger.py for tasks to queue
[2025-10-30T21:37:32.769-0700] {logging_mixin.py:188} INFO - [2025-10-30T21:37:32.768-0700] {dagbag.py:545} INFO - Filling up the DagBag from /usr/local/lib/python3.10/dist-packages/airflow/example_dags/example_latest_only_with_trigger.py
[2025-10-30T21:37:32.778-0700] {processor.py:840} INFO - DAG(s) 'latest_only_with_trigger' retrieved from /usr/local/lib/python3.10/dist-packages/airflow/example_dags/example_latest_only_with_trigger.py
[2025-10-30T21:37:32.861-0700] {logging_mixin.py:188} INFO - [2025-10-30T21:37:32.860-0700] {dag.py:3089} INFO - Sync 1 DAGs
[2025-10-30T21:37:32.932-0700] {logging_mixin.py:188} INFO - [2025-10-30T21:37:32.932-0700] {dag.py:3947} INFO - Setting next_dagrun for latest_only_with_trigger to 2025-10-31 00:00:00+00:00, run_after=2025-10-31 04:00:00+00:00
[2025-10-30T21:37:33.127-0700] {processor.py:183} INFO - Processing /usr/local/lib/python3.10/dist-packages/airflow/example_dags/example_latest_only_with_trigger.py took 0.378 seconds
[2025-10-30T21:39:08.368-0700] {processor.py:161} INFO - Started process (PID=2794) to work on /usr/local/lib/python3.10/dist-packages/airflow/example_dags/example_latest_only_with_trigger.py
[2025-10-30T21:39:08.370-0700] {processor.py:830} INFO - Processing file /usr/local/lib/python3.10/dist-packages/airflow/example_dags/example_latest_only_with_trigger.py for tasks to queue
[2025-10-30T21:39:08.372-0700] {logging_mixin.py:188} INFO - [2025-10-30T21:39:08.372-0700] {dagbag.py:545} INFO - Filling up the DagBag from /usr/local/lib/python3.10/dist-packages/airflow/example_dags/example_latest_only_with_trigger.py
[2025-10-30T21:39:08.380-0700] {processor.py:840} INFO - DAG(s) 'latest_only_with_trigger' retrieved from /usr/local/lib/python3.10/dist-packages/airflow/example_dags/example_latest_only_with_trigger.py
[2025-10-30T21:39:08.423-0700] {logging_mixin.py:188} INFO - [2025-10-30T21:39:08.423-0700] {dag.py:3089} INFO - Sync 1 DAGs
[2025-10-30T21:39:08.459-0700] {logging_mixin.py:188} INFO - [2025-10-30T21:39:08.459-0700] {dag.py:3947} INFO - Setting next_dagrun for latest_only_with_trigger to 2025-10-31 00:00:00+00:00, run_after=2025-10-31 04:00:00+00:00
[2025-10-30T21:39:08.568-0700] {processor.py:183} INFO - Processing /usr/local/lib/python3.10/dist-packages/airflow/example_dags/example_latest_only_with_trigger.py took 0.207 seconds
[2025-10-30T21:40:37.966-0700] {processor.py:161} INFO - Started process (PID=2872) to work on /usr/local/lib/python3.10/dist-packages/airflow/example_dags/example_latest_only_with_trigger.py
[2025-10-30T21:40:37.972-0700] {processor.py:830} INFO - Processing file /usr/local/lib/python3.10/dist-packages/airflow/example_dags/example_latest_only_with_trigger.py for tasks to queue
[2025-10-30T21:40:37.976-0700] {logging_mixin.py:188} INFO - [2025-10-30T21:40:37.976-0700] {dagbag.py:545} INFO - Filling up the DagBag from /usr/local/lib/python3.10/dist-packages/airflow/example_dags/example_latest_only_with_trigger.py
[2025-10-30T21:40:37.995-0700] {processor.py:840} INFO - DAG(s) 'latest_only_with_trigger' retrieved from /usr/local/lib/python3.10/dist-packages/airflow/example_dags/example_latest_only_with_trigger.py
[2025-10-30T21:40:38.049-0700] {logging_mixin.py:188} INFO - [2025-10-30T21:40:38.049-0700] {dag.py:3089} INFO - Sync 1 DAGs
[2025-10-30T21:40:38.084-0700] {logging_mixin.py:188} INFO - [2025-10-30T21:40:38.084-0700] {dag.py:3947} INFO - Setting next_dagrun for latest_only_with_trigger to 2025-10-31 00:00:00+00:00, run_after=2025-10-31 04:00:00+00:00
[2025-10-30T21:40:38.213-0700] {processor.py:183} INFO - Processing /usr/local/lib/python3.10/dist-packages/airflow/example_dags/example_latest_only_with_trigger.py took 0.256 seconds
[2025-10-30T21:42:07.260-0700] {processor.py:161} INFO - Started process (PID=2950) to work on /usr/local/lib/python3.10/dist-packages/airflow/example_dags/example_latest_only_with_trigger.py
[2025-10-30T21:42:07.264-0700] {processor.py:830} INFO - Processing file /usr/local/lib/python3.10/dist-packages/airflow/example_dags/example_latest_only_with_trigger.py for tasks to queue
[2025-10-30T21:42:07.268-0700] {logging_mixin.py:188} INFO - [2025-10-30T21:42:07.267-0700] {dagbag.py:545} INFO - Filling up the DagBag from /usr/local/lib/python3.10/dist-packages/airflow/example_dags/example_latest_only_with_trigger.py
[2025-10-30T21:42:07.282-0700] {processor.py:840} INFO - DAG(s) 'latest_only_with_trigger' retrieved from /usr/local/lib/python3.10/dist-packages/airflow/example_dags/example_latest_only_with_trigger.py
[2025-10-30T21:42:07.334-0700] {logging_mixin.py:188} INFO - [2025-10-30T21:42:07.334-0700] {dag.py:3089} INFO - Sync 1 DAGs
[2025-10-30T21:42:07.373-0700] {logging_mixin.py:188} INFO - [2025-10-30T21:42:07.372-0700] {dag.py:3947} INFO - Setting next_dagrun for latest_only_with_trigger to 2025-10-31 00:00:00+00:00, run_after=2025-10-31 04:00:00+00:00
[2025-10-30T21:42:07.548-0700] {processor.py:183} INFO - Processing /usr/local/lib/python3.10/dist-packages/airflow/example_dags/example_latest_only_with_trigger.py took 0.303 seconds
[2025-10-30T21:43:37.080-0700] {processor.py:161} INFO - Started process (PID=3029) to work on /usr/local/lib/python3.10/dist-packages/airflow/example_dags/example_latest_only_with_trigger.py
[2025-10-30T21:43:37.083-0700] {processor.py:830} INFO - Processing file /usr/local/lib/python3.10/dist-packages/airflow/example_dags/example_latest_only_with_trigger.py for tasks to queue
[2025-10-30T21:43:37.086-0700] {logging_mixin.py:188} INFO - [2025-10-30T21:43:37.086-0700] {dagbag.py:545} INFO - Filling up the DagBag from /usr/local/lib/python3.10/dist-packages/airflow/example_dags/example_latest_only_with_trigger.py
[2025-10-30T21:43:37.101-0700] {processor.py:840} INFO - DAG(s) 'latest_only_with_trigger' retrieved from /usr/local/lib/python3.10/dist-packages/airflow/example_dags/example_latest_only_with_trigger.py
[2025-10-30T21:43:37.155-0700] {logging_mixin.py:188} INFO - [2025-10-30T21:43:37.154-0700] {dag.py:3089} INFO - Sync 1 DAGs
[2025-10-30T21:43:37.194-0700] {logging_mixin.py:188} INFO - [2025-10-30T21:43:37.194-0700] {dag.py:3947} INFO - Setting next_dagrun for latest_only_with_trigger to 2025-10-31 00:00:00+00:00, run_after=2025-10-31 04:00:00+00:00
[2025-10-30T21:43:37.347-0700] {processor.py:183} INFO - Processing /usr/local/lib/python3.10/dist-packages/airflow/example_dags/example_latest_only_with_trigger.py took 0.276 seconds
[2025-10-30T21:45:05.455-0700] {processor.py:161} INFO - Started process (PID=3106) to work on /usr/local/lib/python3.10/dist-packages/airflow/example_dags/example_latest_only_with_trigger.py
[2025-10-30T21:45:05.457-0700] {processor.py:830} INFO - Processing file /usr/local/lib/python3.10/dist-packages/airflow/example_dags/example_latest_only_with_trigger.py for tasks to queue
[2025-10-30T21:45:05.462-0700] {logging_mixin.py:188} INFO - [2025-10-30T21:45:05.461-0700] {dagbag.py:545} INFO - Filling up the DagBag from /usr/local/lib/python3.10/dist-packages/airflow/example_dags/example_latest_only_with_trigger.py
[2025-10-30T21:45:05.478-0700] {processor.py:840} INFO - DAG(s) 'latest_only_with_trigger' retrieved from /usr/local/lib/python3.10/dist-packages/airflow/example_dags/example_latest_only_with_trigger.py
[2025-10-30T21:45:05.524-0700] {logging_mixin.py:188} INFO - [2025-10-30T21:45:05.524-0700] {dag.py:3089} INFO - Sync 1 DAGs
[2025-10-30T21:45:05.568-0700] {logging_mixin.py:188} INFO - [2025-10-30T21:45:05.567-0700] {dag.py:3947} INFO - Setting next_dagrun for latest_only_with_trigger to 2025-10-31 00:00:00+00:00, run_after=2025-10-31 04:00:00+00:00
[2025-10-30T21:45:05.692-0700] {processor.py:183} INFO - Processing /usr/local/lib/python3.10/dist-packages/airflow/example_dags/example_latest_only_with_trigger.py took 0.246 seconds
[2025-10-30T21:46:52.646-0700] {processor.py:161} INFO - Started process (PID=3216) to work on /usr/local/lib/python3.10/dist-packages/airflow/example_dags/example_latest_only_with_trigger.py
[2025-10-30T21:46:52.649-0700] {processor.py:830} INFO - Processing file /usr/local/lib/python3.10/dist-packages/airflow/example_dags/example_latest_only_with_trigger.py for tasks to queue
[2025-10-30T21:46:52.653-0700] {logging_mixin.py:188} INFO - [2025-10-30T21:46:52.652-0700] {dagbag.py:545} INFO - Filling up the DagBag from /usr/local/lib/python3.10/dist-packages/airflow/example_dags/example_latest_only_with_trigger.py
[2025-10-30T21:46:52.666-0700] {processor.py:840} INFO - DAG(s) 'latest_only_with_trigger' retrieved from /usr/local/lib/python3.10/dist-packages/airflow/example_dags/example_latest_only_with_trigger.py
[2025-10-30T21:46:52.716-0700] {logging_mixin.py:188} INFO - [2025-10-30T21:46:52.715-0700] {dag.py:3089} INFO - Sync 1 DAGs
[2025-10-30T21:46:52.773-0700] {logging_mixin.py:188} INFO - [2025-10-30T21:46:52.773-0700] {dag.py:3947} INFO - Setting next_dagrun for latest_only_with_trigger to 2025-10-31 00:00:00+00:00, run_after=2025-10-31 04:00:00+00:00
[2025-10-30T21:46:52.888-0700] {processor.py:183} INFO - Processing /usr/local/lib/python3.10/dist-packages/airflow/example_dags/example_latest_only_with_trigger.py took 0.258 seconds
[2025-10-30T21:48:25.103-0700] {processor.py:161} INFO - Started process (PID=3452) to work on /usr/local/lib/python3.10/dist-packages/airflow/example_dags/example_latest_only_with_trigger.py
[2025-10-30T21:48:25.106-0700] {processor.py:830} INFO - Processing file /usr/local/lib/python3.10/dist-packages/airflow/example_dags/example_latest_only_with_trigger.py for tasks to queue
[2025-10-30T21:48:25.110-0700] {logging_mixin.py:188} INFO - [2025-10-30T21:48:25.109-0700] {dagbag.py:545} INFO - Filling up the DagBag from /usr/local/lib/python3.10/dist-packages/airflow/example_dags/example_latest_only_with_trigger.py
[2025-10-30T21:48:25.125-0700] {processor.py:840} INFO - DAG(s) 'latest_only_with_trigger' retrieved from /usr/local/lib/python3.10/dist-packages/airflow/example_dags/example_latest_only_with_trigger.py
[2025-10-30T21:48:25.181-0700] {logging_mixin.py:188} INFO - [2025-10-30T21:48:25.180-0700] {dag.py:3089} INFO - Sync 1 DAGs
[2025-10-30T21:48:25.227-0700] {logging_mixin.py:188} INFO - [2025-10-30T21:48:25.226-0700] {dag.py:3947} INFO - Setting next_dagrun for latest_only_with_trigger to 2025-10-31 00:00:00+00:00, run_after=2025-10-31 04:00:00+00:00
[2025-10-30T21:48:25.334-0700] {processor.py:183} INFO - Processing /usr/local/lib/python3.10/dist-packages/airflow/example_dags/example_latest_only_with_trigger.py took 0.245 seconds
[2025-10-30T21:51:24.077-0700] {processor.py:161} INFO - Started process (PID=3685) to work on /usr/local/lib/python3.10/dist-packages/airflow/example_dags/example_latest_only_with_trigger.py
[2025-10-30T21:51:24.079-0700] {processor.py:830} INFO - Processing file /usr/local/lib/python3.10/dist-packages/airflow/example_dags/example_latest_only_with_trigger.py for tasks to queue
[2025-10-30T21:51:24.082-0700] {logging_mixin.py:188} INFO - [2025-10-30T21:51:24.081-0700] {dagbag.py:545} INFO - Filling up the DagBag from /usr/local/lib/python3.10/dist-packages/airflow/example_dags/example_latest_only_with_trigger.py
[2025-10-30T21:51:24.089-0700] {processor.py:840} INFO - DAG(s) 'latest_only_with_trigger' retrieved from /usr/local/lib/python3.10/dist-packages/airflow/example_dags/example_latest_only_with_trigger.py
[2025-10-30T21:51:24.127-0700] {logging_mixin.py:188} INFO - [2025-10-30T21:51:24.126-0700] {dag.py:3089} INFO - Sync 1 DAGs
[2025-10-30T21:51:24.159-0700] {logging_mixin.py:188} INFO - [2025-10-30T21:51:24.159-0700] {dag.py:3947} INFO - Setting next_dagrun for latest_only_with_trigger to 2025-10-31 00:00:00+00:00, run_after=2025-10-31 04:00:00+00:00
[2025-10-30T21:51:24.255-0700] {processor.py:183} INFO - Processing /usr/local/lib/python3.10/dist-packages/airflow/example_dags/example_latest_only_with_trigger.py took 0.185 seconds
[2025-10-30T21:52:52.335-0700] {processor.py:161} INFO - Started process (PID=3763) to work on /usr/local/lib/python3.10/dist-packages/airflow/example_dags/example_latest_only_with_trigger.py
[2025-10-30T21:52:52.338-0700] {processor.py:830} INFO - Processing file /usr/local/lib/python3.10/dist-packages/airflow/example_dags/example_latest_only_with_trigger.py for tasks to queue
[2025-10-30T21:52:52.345-0700] {logging_mixin.py:188} INFO - [2025-10-30T21:52:52.343-0700] {dagbag.py:545} INFO - Filling up the DagBag from /usr/local/lib/python3.10/dist-packages/airflow/example_dags/example_latest_only_with_trigger.py
[2025-10-30T21:52:52.355-0700] {processor.py:840} INFO - DAG(s) 'latest_only_with_trigger' retrieved from /usr/local/lib/python3.10/dist-packages/airflow/example_dags/example_latest_only_with_trigger.py
[2025-10-30T21:52:52.397-0700] {logging_mixin.py:188} INFO - [2025-10-30T21:52:52.396-0700] {dag.py:3089} INFO - Sync 1 DAGs
[2025-10-30T21:52:52.447-0700] {logging_mixin.py:188} INFO - [2025-10-30T21:52:52.446-0700] {dag.py:3947} INFO - Setting next_dagrun for latest_only_with_trigger to 2025-10-31 00:00:00+00:00, run_after=2025-10-31 04:00:00+00:00
[2025-10-30T21:52:52.568-0700] {processor.py:183} INFO - Processing /usr/local/lib/python3.10/dist-packages/airflow/example_dags/example_latest_only_with_trigger.py took 0.246 seconds
[2025-10-30T21:56:12.465-0700] {processor.py:161} INFO - Started process (PID=4035) to work on /usr/local/lib/python3.10/dist-packages/airflow/example_dags/example_latest_only_with_trigger.py
[2025-10-30T21:56:12.469-0700] {processor.py:830} INFO - Processing file /usr/local/lib/python3.10/dist-packages/airflow/example_dags/example_latest_only_with_trigger.py for tasks to queue
[2025-10-30T21:56:12.473-0700] {logging_mixin.py:188} INFO - [2025-10-30T21:56:12.472-0700] {dagbag.py:545} INFO - Filling up the DagBag from /usr/local/lib/python3.10/dist-packages/airflow/example_dags/example_latest_only_with_trigger.py
[2025-10-30T21:56:12.480-0700] {processor.py:840} INFO - DAG(s) 'latest_only_with_trigger' retrieved from /usr/local/lib/python3.10/dist-packages/airflow/example_dags/example_latest_only_with_trigger.py
[2025-10-30T21:56:12.523-0700] {logging_mixin.py:188} INFO - [2025-10-30T21:56:12.523-0700] {dag.py:3089} INFO - Sync 1 DAGs
[2025-10-30T21:56:12.559-0700] {logging_mixin.py:188} INFO - [2025-10-30T21:56:12.559-0700] {dag.py:3947} INFO - Setting next_dagrun for latest_only_with_trigger to 2025-10-31 00:00:00+00:00, run_after=2025-10-31 04:00:00+00:00
[2025-10-30T21:56:12.732-0700] {processor.py:183} INFO - Processing /usr/local/lib/python3.10/dist-packages/airflow/example_dags/example_latest_only_with_trigger.py took 0.274 seconds
[2025-10-30T21:57:40.367-0700] {processor.py:161} INFO - Started process (PID=4112) to work on /usr/local/lib/python3.10/dist-packages/airflow/example_dags/example_latest_only_with_trigger.py
[2025-10-30T21:57:40.369-0700] {processor.py:830} INFO - Processing file /usr/local/lib/python3.10/dist-packages/airflow/example_dags/example_latest_only_with_trigger.py for tasks to queue
[2025-10-30T21:57:40.372-0700] {logging_mixin.py:188} INFO - [2025-10-30T21:57:40.372-0700] {dagbag.py:545} INFO - Filling up the DagBag from /usr/local/lib/python3.10/dist-packages/airflow/example_dags/example_latest_only_with_trigger.py
[2025-10-30T21:57:40.380-0700] {processor.py:840} INFO - DAG(s) 'latest_only_with_trigger' retrieved from /usr/local/lib/python3.10/dist-packages/airflow/example_dags/example_latest_only_with_trigger.py
[2025-10-30T21:57:40.439-0700] {logging_mixin.py:188} INFO - [2025-10-30T21:57:40.438-0700] {dag.py:3089} INFO - Sync 1 DAGs
[2025-10-30T21:57:40.477-0700] {logging_mixin.py:188} INFO - [2025-10-30T21:57:40.477-0700] {dag.py:3947} INFO - Setting next_dagrun for latest_only_with_trigger to 2025-10-31 00:00:00+00:00, run_after=2025-10-31 04:00:00+00:00
[2025-10-30T21:57:40.626-0700] {processor.py:183} INFO - Processing /usr/local/lib/python3.10/dist-packages/airflow/example_dags/example_latest_only_with_trigger.py took 0.270 seconds
[2025-10-30T21:59:01.601-0700] {processor.py:161} INFO - Started process (PID=4188) to work on /usr/local/lib/python3.10/dist-packages/airflow/example_dags/example_latest_only_with_trigger.py
[2025-10-30T21:59:01.603-0700] {processor.py:830} INFO - Processing file /usr/local/lib/python3.10/dist-packages/airflow/example_dags/example_latest_only_with_trigger.py for tasks to queue
[2025-10-30T21:59:01.605-0700] {logging_mixin.py:188} INFO - [2025-10-30T21:59:01.605-0700] {dagbag.py:545} INFO - Filling up the DagBag from /usr/local/lib/python3.10/dist-packages/airflow/example_dags/example_latest_only_with_trigger.py
[2025-10-30T21:59:01.612-0700] {processor.py:840} INFO - DAG(s) 'latest_only_with_trigger' retrieved from /usr/local/lib/python3.10/dist-packages/airflow/example_dags/example_latest_only_with_trigger.py
[2025-10-30T21:59:01.654-0700] {logging_mixin.py:188} INFO - [2025-10-30T21:59:01.654-0700] {dag.py:3089} INFO - Sync 1 DAGs
[2025-10-30T21:59:01.694-0700] {logging_mixin.py:188} INFO - [2025-10-30T21:59:01.693-0700] {dag.py:3947} INFO - Setting next_dagrun for latest_only_with_trigger to 2025-10-31 00:00:00+00:00, run_after=2025-10-31 04:00:00+00:00
[2025-10-30T21:59:01.816-0700] {processor.py:183} INFO - Processing /usr/local/lib/python3.10/dist-packages/airflow/example_dags/example_latest_only_with_trigger.py took 0.222 seconds
[2025-10-30T22:00:25.538-0700] {processor.py:161} INFO - Started process (PID=4264) to work on /usr/local/lib/python3.10/dist-packages/airflow/example_dags/example_latest_only_with_trigger.py
[2025-10-30T22:00:25.540-0700] {processor.py:830} INFO - Processing file /usr/local/lib/python3.10/dist-packages/airflow/example_dags/example_latest_only_with_trigger.py for tasks to queue
[2025-10-30T22:00:25.544-0700] {logging_mixin.py:188} INFO - [2025-10-30T22:00:25.543-0700] {dagbag.py:545} INFO - Filling up the DagBag from /usr/local/lib/python3.10/dist-packages/airflow/example_dags/example_latest_only_with_trigger.py
[2025-10-30T22:00:25.551-0700] {processor.py:840} INFO - DAG(s) 'latest_only_with_trigger' retrieved from /usr/local/lib/python3.10/dist-packages/airflow/example_dags/example_latest_only_with_trigger.py
[2025-10-30T22:00:25.588-0700] {logging_mixin.py:188} INFO - [2025-10-30T22:00:25.588-0700] {dag.py:3089} INFO - Sync 1 DAGs
[2025-10-30T22:00:25.620-0700] {logging_mixin.py:188} INFO - [2025-10-30T22:00:25.620-0700] {dag.py:3947} INFO - Setting next_dagrun for latest_only_with_trigger to 2025-10-31 00:00:00+00:00, run_after=2025-10-31 04:00:00+00:00
[2025-10-30T22:00:25.725-0700] {processor.py:183} INFO - Processing /usr/local/lib/python3.10/dist-packages/airflow/example_dags/example_latest_only_with_trigger.py took 0.194 seconds
[2025-10-30T22:01:47.736-0700] {processor.py:161} INFO - Started process (PID=4340) to work on /usr/local/lib/python3.10/dist-packages/airflow/example_dags/example_latest_only_with_trigger.py
[2025-10-30T22:01:47.738-0700] {processor.py:830} INFO - Processing file /usr/local/lib/python3.10/dist-packages/airflow/example_dags/example_latest_only_with_trigger.py for tasks to queue
[2025-10-30T22:01:47.740-0700] {logging_mixin.py:188} INFO - [2025-10-30T22:01:47.740-0700] {dagbag.py:545} INFO - Filling up the DagBag from /usr/local/lib/python3.10/dist-packages/airflow/example_dags/example_latest_only_with_trigger.py
[2025-10-30T22:01:47.748-0700] {processor.py:840} INFO - DAG(s) 'latest_only_with_trigger' retrieved from /usr/local/lib/python3.10/dist-packages/airflow/example_dags/example_latest_only_with_trigger.py
[2025-10-30T22:01:47.816-0700] {logging_mixin.py:188} INFO - [2025-10-30T22:01:47.816-0700] {dag.py:3089} INFO - Sync 1 DAGs
[2025-10-30T22:01:47.866-0700] {logging_mixin.py:188} INFO - [2025-10-30T22:01:47.866-0700] {dag.py:3947} INFO - Setting next_dagrun for latest_only_with_trigger to 2025-10-31 00:00:00+00:00, run_after=2025-10-31 04:00:00+00:00
[2025-10-30T22:01:47.965-0700] {processor.py:183} INFO - Processing /usr/local/lib/python3.10/dist-packages/airflow/example_dags/example_latest_only_with_trigger.py took 0.238 seconds
[2025-10-30T22:03:11.628-0700] {processor.py:161} INFO - Started process (PID=4416) to work on /usr/local/lib/python3.10/dist-packages/airflow/example_dags/example_latest_only_with_trigger.py
[2025-10-30T22:03:11.630-0700] {processor.py:830} INFO - Processing file /usr/local/lib/python3.10/dist-packages/airflow/example_dags/example_latest_only_with_trigger.py for tasks to queue
[2025-10-30T22:03:11.634-0700] {logging_mixin.py:188} INFO - [2025-10-30T22:03:11.633-0700] {dagbag.py:545} INFO - Filling up the DagBag from /usr/local/lib/python3.10/dist-packages/airflow/example_dags/example_latest_only_with_trigger.py
[2025-10-30T22:03:11.641-0700] {processor.py:840} INFO - DAG(s) 'latest_only_with_trigger' retrieved from /usr/local/lib/python3.10/dist-packages/airflow/example_dags/example_latest_only_with_trigger.py
[2025-10-30T22:03:11.685-0700] {logging_mixin.py:188} INFO - [2025-10-30T22:03:11.685-0700] {dag.py:3089} INFO - Sync 1 DAGs
[2025-10-30T22:03:11.732-0700] {logging_mixin.py:188} INFO - [2025-10-30T22:03:11.731-0700] {dag.py:3947} INFO - Setting next_dagrun for latest_only_with_trigger to 2025-10-31 00:00:00+00:00, run_after=2025-10-31 04:00:00+00:00
[2025-10-30T22:03:11.856-0700] {processor.py:183} INFO - Processing /usr/local/lib/python3.10/dist-packages/airflow/example_dags/example_latest_only_with_trigger.py took 0.237 seconds
[2025-10-30T22:04:43.792-0700] {processor.py:161} INFO - Started process (PID=4495) to work on /usr/local/lib/python3.10/dist-packages/airflow/example_dags/example_latest_only_with_trigger.py
[2025-10-30T22:04:43.794-0700] {processor.py:830} INFO - Processing file /usr/local/lib/python3.10/dist-packages/airflow/example_dags/example_latest_only_with_trigger.py for tasks to queue
[2025-10-30T22:04:43.796-0700] {logging_mixin.py:188} INFO - [2025-10-30T22:04:43.796-0700] {dagbag.py:545} INFO - Filling up the DagBag from /usr/local/lib/python3.10/dist-packages/airflow/example_dags/example_latest_only_with_trigger.py
[2025-10-30T22:04:43.804-0700] {processor.py:840} INFO - DAG(s) 'latest_only_with_trigger' retrieved from /usr/local/lib/python3.10/dist-packages/airflow/example_dags/example_latest_only_with_trigger.py
[2025-10-30T22:04:43.836-0700] {logging_mixin.py:188} INFO - [2025-10-30T22:04:43.835-0700] {dag.py:3089} INFO - Sync 1 DAGs
[2025-10-30T22:04:43.869-0700] {logging_mixin.py:188} INFO - [2025-10-30T22:04:43.869-0700] {dag.py:3947} INFO - Setting next_dagrun for latest_only_with_trigger to 2025-10-31 00:00:00+00:00, run_after=2025-10-31 04:00:00+00:00
[2025-10-30T22:04:43.992-0700] {processor.py:183} INFO - Processing /usr/local/lib/python3.10/dist-packages/airflow/example_dags/example_latest_only_with_trigger.py took 0.209 seconds
