[2025-10-30T20:58:21.149-0700] {processor.py:161} INFO - Started process (PID=551) to work on /usr/local/lib/python3.10/dist-packages/airflow/example_dags/tutorial.py
[2025-10-30T20:58:21.150-0700] {processor.py:830} INFO - Processing file /usr/local/lib/python3.10/dist-packages/airflow/example_dags/tutorial.py for tasks to queue
[2025-10-30T20:58:21.151-0700] {logging_mixin.py:188} INFO - [2025-10-30T20:58:21.151-0700] {dagbag.py:545} INFO - Filling up the DagBag from /usr/local/lib/python3.10/dist-packages/airflow/example_dags/tutorial.py
[2025-10-30T20:58:21.157-0700] {processor.py:840} INFO - DAG(s) 'tutorial' retrieved from /usr/local/lib/python3.10/dist-packages/airflow/example_dags/tutorial.py
[2025-10-30T20:58:21.304-0700] {logging_mixin.py:188} INFO - [2025-10-30T20:58:21.303-0700] {override.py:1858} INFO - Created Permission View: can delete on DAG:tutorial
[2025-10-30T20:58:21.355-0700] {logging_mixin.py:188} INFO - [2025-10-30T20:58:21.355-0700] {override.py:1858} INFO - Created Permission View: can edit on DAG:tutorial
[2025-10-30T20:58:21.435-0700] {logging_mixin.py:188} INFO - [2025-10-30T20:58:21.434-0700] {override.py:1858} INFO - Created Permission View: can read on DAG:tutorial
[2025-10-30T20:58:21.438-0700] {logging_mixin.py:188} INFO - [2025-10-30T20:58:21.437-0700] {dag.py:3089} INFO - Sync 1 DAGs
[2025-10-30T20:58:21.463-0700] {logging_mixin.py:188} INFO - [2025-10-30T20:58:21.463-0700] {dag.py:3111} INFO - Creating ORM DAG for tutorial
[2025-10-30T20:58:21.479-0700] {logging_mixin.py:188} INFO - [2025-10-30T20:58:21.478-0700] {dag.py:3947} INFO - Setting next_dagrun for tutorial to 2025-10-30 00:00:00+00:00, run_after=2025-10-31 00:00:00+00:00
[2025-10-30T20:58:21.559-0700] {processor.py:183} INFO - Processing /usr/local/lib/python3.10/dist-packages/airflow/example_dags/tutorial.py took 0.414 seconds
[2025-10-30T20:59:31.258-0700] {processor.py:161} INFO - Started process (PID=613) to work on /usr/local/lib/python3.10/dist-packages/airflow/example_dags/tutorial.py
[2025-10-30T20:59:31.259-0700] {processor.py:830} INFO - Processing file /usr/local/lib/python3.10/dist-packages/airflow/example_dags/tutorial.py for tasks to queue
[2025-10-30T20:59:31.259-0700] {logging_mixin.py:188} INFO - [2025-10-30T20:59:31.259-0700] {dagbag.py:545} INFO - Filling up the DagBag from /usr/local/lib/python3.10/dist-packages/airflow/example_dags/tutorial.py
[2025-10-30T20:59:31.265-0700] {processor.py:840} INFO - DAG(s) 'tutorial' retrieved from /usr/local/lib/python3.10/dist-packages/airflow/example_dags/tutorial.py
[2025-10-30T20:59:31.296-0700] {logging_mixin.py:188} INFO - [2025-10-30T20:59:31.296-0700] {dag.py:3089} INFO - Sync 1 DAGs
[2025-10-30T20:59:31.324-0700] {logging_mixin.py:188} INFO - [2025-10-30T20:59:31.324-0700] {dag.py:3947} INFO - Setting next_dagrun for tutorial to 2025-10-30 00:00:00+00:00, run_after=2025-10-31 00:00:00+00:00
[2025-10-30T20:59:31.419-0700] {processor.py:183} INFO - Processing /usr/local/lib/python3.10/dist-packages/airflow/example_dags/tutorial.py took 0.166 seconds
[2025-10-30T21:00:41.347-0700] {processor.py:161} INFO - Started process (PID=685) to work on /usr/local/lib/python3.10/dist-packages/airflow/example_dags/tutorial.py
[2025-10-30T21:00:41.349-0700] {processor.py:830} INFO - Processing file /usr/local/lib/python3.10/dist-packages/airflow/example_dags/tutorial.py for tasks to queue
[2025-10-30T21:00:41.350-0700] {logging_mixin.py:188} INFO - [2025-10-30T21:00:41.349-0700] {dagbag.py:545} INFO - Filling up the DagBag from /usr/local/lib/python3.10/dist-packages/airflow/example_dags/tutorial.py
[2025-10-30T21:00:41.355-0700] {processor.py:840} INFO - DAG(s) 'tutorial' retrieved from /usr/local/lib/python3.10/dist-packages/airflow/example_dags/tutorial.py
[2025-10-30T21:00:41.385-0700] {logging_mixin.py:188} INFO - [2025-10-30T21:00:41.384-0700] {dag.py:3089} INFO - Sync 1 DAGs
[2025-10-30T21:00:41.414-0700] {logging_mixin.py:188} INFO - [2025-10-30T21:00:41.414-0700] {dag.py:3947} INFO - Setting next_dagrun for tutorial to 2025-10-30 00:00:00+00:00, run_after=2025-10-31 00:00:00+00:00
[2025-10-30T21:00:41.499-0700] {processor.py:183} INFO - Processing /usr/local/lib/python3.10/dist-packages/airflow/example_dags/tutorial.py took 0.156 seconds
[2025-10-30T21:01:51.055-0700] {processor.py:161} INFO - Started process (PID=762) to work on /usr/local/lib/python3.10/dist-packages/airflow/example_dags/tutorial.py
[2025-10-30T21:01:51.056-0700] {processor.py:830} INFO - Processing file /usr/local/lib/python3.10/dist-packages/airflow/example_dags/tutorial.py for tasks to queue
[2025-10-30T21:01:51.057-0700] {logging_mixin.py:188} INFO - [2025-10-30T21:01:51.057-0700] {dagbag.py:545} INFO - Filling up the DagBag from /usr/local/lib/python3.10/dist-packages/airflow/example_dags/tutorial.py
[2025-10-30T21:01:51.063-0700] {processor.py:840} INFO - DAG(s) 'tutorial' retrieved from /usr/local/lib/python3.10/dist-packages/airflow/example_dags/tutorial.py
[2025-10-30T21:01:51.098-0700] {logging_mixin.py:188} INFO - [2025-10-30T21:01:51.098-0700] {dag.py:3089} INFO - Sync 1 DAGs
[2025-10-30T21:01:51.135-0700] {logging_mixin.py:188} INFO - [2025-10-30T21:01:51.135-0700] {dag.py:3947} INFO - Setting next_dagrun for tutorial to 2025-10-30 00:00:00+00:00, run_after=2025-10-31 00:00:00+00:00
[2025-10-30T21:01:51.232-0700] {processor.py:183} INFO - Processing /usr/local/lib/python3.10/dist-packages/airflow/example_dags/tutorial.py took 0.183 seconds
[2025-10-30T21:02:57.493-0700] {processor.py:161} INFO - Started process (PID=833) to work on /usr/local/lib/python3.10/dist-packages/airflow/example_dags/tutorial.py
[2025-10-30T21:02:57.494-0700] {processor.py:830} INFO - Processing file /usr/local/lib/python3.10/dist-packages/airflow/example_dags/tutorial.py for tasks to queue
[2025-10-30T21:02:57.495-0700] {logging_mixin.py:188} INFO - [2025-10-30T21:02:57.495-0700] {dagbag.py:545} INFO - Filling up the DagBag from /usr/local/lib/python3.10/dist-packages/airflow/example_dags/tutorial.py
[2025-10-30T21:02:57.502-0700] {processor.py:840} INFO - DAG(s) 'tutorial' retrieved from /usr/local/lib/python3.10/dist-packages/airflow/example_dags/tutorial.py
[2025-10-30T21:02:57.540-0700] {logging_mixin.py:188} INFO - [2025-10-30T21:02:57.539-0700] {dag.py:3089} INFO - Sync 1 DAGs
[2025-10-30T21:02:57.575-0700] {logging_mixin.py:188} INFO - [2025-10-30T21:02:57.575-0700] {dag.py:3947} INFO - Setting next_dagrun for tutorial to 2025-10-30 00:00:00+00:00, run_after=2025-10-31 00:00:00+00:00
[2025-10-30T21:02:57.669-0700] {processor.py:183} INFO - Processing /usr/local/lib/python3.10/dist-packages/airflow/example_dags/tutorial.py took 0.182 seconds
[2025-10-30T21:04:10.710-0700] {processor.py:161} INFO - Started process (PID=906) to work on /usr/local/lib/python3.10/dist-packages/airflow/example_dags/tutorial.py
[2025-10-30T21:04:10.712-0700] {processor.py:830} INFO - Processing file /usr/local/lib/python3.10/dist-packages/airflow/example_dags/tutorial.py for tasks to queue
[2025-10-30T21:04:10.713-0700] {logging_mixin.py:188} INFO - [2025-10-30T21:04:10.713-0700] {dagbag.py:545} INFO - Filling up the DagBag from /usr/local/lib/python3.10/dist-packages/airflow/example_dags/tutorial.py
[2025-10-30T21:04:10.721-0700] {processor.py:840} INFO - DAG(s) 'tutorial' retrieved from /usr/local/lib/python3.10/dist-packages/airflow/example_dags/tutorial.py
[2025-10-30T21:04:10.753-0700] {logging_mixin.py:188} INFO - [2025-10-30T21:04:10.753-0700] {dag.py:3089} INFO - Sync 1 DAGs
[2025-10-30T21:04:10.778-0700] {logging_mixin.py:188} INFO - [2025-10-30T21:04:10.778-0700] {dag.py:3947} INFO - Setting next_dagrun for tutorial to 2025-10-30 00:00:00+00:00, run_after=2025-10-31 00:00:00+00:00
[2025-10-30T21:04:10.840-0700] {processor.py:183} INFO - Processing /usr/local/lib/python3.10/dist-packages/airflow/example_dags/tutorial.py took 0.135 seconds
[2025-10-30T21:05:19.947-0700] {processor.py:161} INFO - Started process (PID=978) to work on /usr/local/lib/python3.10/dist-packages/airflow/example_dags/tutorial.py
[2025-10-30T21:05:19.949-0700] {processor.py:830} INFO - Processing file /usr/local/lib/python3.10/dist-packages/airflow/example_dags/tutorial.py for tasks to queue
[2025-10-30T21:05:19.950-0700] {logging_mixin.py:188} INFO - [2025-10-30T21:05:19.949-0700] {dagbag.py:545} INFO - Filling up the DagBag from /usr/local/lib/python3.10/dist-packages/airflow/example_dags/tutorial.py
[2025-10-30T21:05:19.959-0700] {processor.py:840} INFO - DAG(s) 'tutorial' retrieved from /usr/local/lib/python3.10/dist-packages/airflow/example_dags/tutorial.py
[2025-10-30T21:05:20.015-0700] {logging_mixin.py:188} INFO - [2025-10-30T21:05:20.015-0700] {dag.py:3089} INFO - Sync 1 DAGs
[2025-10-30T21:05:20.045-0700] {logging_mixin.py:188} INFO - [2025-10-30T21:05:20.045-0700] {dag.py:3947} INFO - Setting next_dagrun for tutorial to 2025-10-30 00:00:00+00:00, run_after=2025-10-31 00:00:00+00:00
[2025-10-30T21:05:20.134-0700] {processor.py:183} INFO - Processing /usr/local/lib/python3.10/dist-packages/airflow/example_dags/tutorial.py took 0.192 seconds
[2025-10-30T21:08:16.179-0700] {processor.py:161} INFO - Started process (PID=1097) to work on /usr/local/lib/python3.10/dist-packages/airflow/example_dags/tutorial.py
[2025-10-30T21:08:16.180-0700] {processor.py:830} INFO - Processing file /usr/local/lib/python3.10/dist-packages/airflow/example_dags/tutorial.py for tasks to queue
[2025-10-30T21:08:16.182-0700] {logging_mixin.py:188} INFO - [2025-10-30T21:08:16.181-0700] {dagbag.py:545} INFO - Filling up the DagBag from /usr/local/lib/python3.10/dist-packages/airflow/example_dags/tutorial.py
[2025-10-30T21:08:16.187-0700] {processor.py:840} INFO - DAG(s) 'tutorial' retrieved from /usr/local/lib/python3.10/dist-packages/airflow/example_dags/tutorial.py
[2025-10-30T21:08:16.221-0700] {logging_mixin.py:188} INFO - [2025-10-30T21:08:16.220-0700] {dag.py:3089} INFO - Sync 1 DAGs
[2025-10-30T21:08:16.250-0700] {logging_mixin.py:188} INFO - [2025-10-30T21:08:16.249-0700] {dag.py:3947} INFO - Setting next_dagrun for tutorial to 2025-10-30 00:00:00+00:00, run_after=2025-10-31 00:00:00+00:00
[2025-10-30T21:08:16.317-0700] {processor.py:183} INFO - Processing /usr/local/lib/python3.10/dist-packages/airflow/example_dags/tutorial.py took 0.144 seconds
[2025-10-30T21:09:20.230-0700] {processor.py:161} INFO - Started process (PID=1158) to work on /usr/local/lib/python3.10/dist-packages/airflow/example_dags/tutorial.py
[2025-10-30T21:09:20.231-0700] {processor.py:830} INFO - Processing file /usr/local/lib/python3.10/dist-packages/airflow/example_dags/tutorial.py for tasks to queue
[2025-10-30T21:09:20.234-0700] {logging_mixin.py:188} INFO - [2025-10-30T21:09:20.234-0700] {dagbag.py:545} INFO - Filling up the DagBag from /usr/local/lib/python3.10/dist-packages/airflow/example_dags/tutorial.py
[2025-10-30T21:09:20.239-0700] {processor.py:840} INFO - DAG(s) 'tutorial' retrieved from /usr/local/lib/python3.10/dist-packages/airflow/example_dags/tutorial.py
[2025-10-30T21:09:20.274-0700] {logging_mixin.py:188} INFO - [2025-10-30T21:09:20.273-0700] {dag.py:3089} INFO - Sync 1 DAGs
[2025-10-30T21:09:20.306-0700] {logging_mixin.py:188} INFO - [2025-10-30T21:09:20.305-0700] {dag.py:3947} INFO - Setting next_dagrun for tutorial to 2025-10-30 00:00:00+00:00, run_after=2025-10-31 00:00:00+00:00
[2025-10-30T21:09:20.404-0700] {processor.py:183} INFO - Processing /usr/local/lib/python3.10/dist-packages/airflow/example_dags/tutorial.py took 0.179 seconds
[2025-10-30T21:10:34.395-0700] {processor.py:161} INFO - Started process (PID=1229) to work on /usr/local/lib/python3.10/dist-packages/airflow/example_dags/tutorial.py
[2025-10-30T21:10:34.396-0700] {processor.py:830} INFO - Processing file /usr/local/lib/python3.10/dist-packages/airflow/example_dags/tutorial.py for tasks to queue
[2025-10-30T21:10:34.398-0700] {logging_mixin.py:188} INFO - [2025-10-30T21:10:34.398-0700] {dagbag.py:545} INFO - Filling up the DagBag from /usr/local/lib/python3.10/dist-packages/airflow/example_dags/tutorial.py
[2025-10-30T21:10:34.406-0700] {processor.py:840} INFO - DAG(s) 'tutorial' retrieved from /usr/local/lib/python3.10/dist-packages/airflow/example_dags/tutorial.py
[2025-10-30T21:10:34.447-0700] {logging_mixin.py:188} INFO - [2025-10-30T21:10:34.446-0700] {dag.py:3089} INFO - Sync 1 DAGs
[2025-10-30T21:10:34.732-0700] {logging_mixin.py:188} INFO - [2025-10-30T21:10:34.732-0700] {dag.py:3947} INFO - Setting next_dagrun for tutorial to 2025-10-30 00:00:00+00:00, run_after=2025-10-31 00:00:00+00:00
[2025-10-30T21:10:34.873-0700] {processor.py:183} INFO - Processing /usr/local/lib/python3.10/dist-packages/airflow/example_dags/tutorial.py took 0.486 seconds
[2025-10-30T21:11:55.292-0700] {processor.py:161} INFO - Started process (PID=1304) to work on /usr/local/lib/python3.10/dist-packages/airflow/example_dags/tutorial.py
[2025-10-30T21:11:55.295-0700] {processor.py:830} INFO - Processing file /usr/local/lib/python3.10/dist-packages/airflow/example_dags/tutorial.py for tasks to queue
[2025-10-30T21:11:55.299-0700] {logging_mixin.py:188} INFO - [2025-10-30T21:11:55.298-0700] {dagbag.py:545} INFO - Filling up the DagBag from /usr/local/lib/python3.10/dist-packages/airflow/example_dags/tutorial.py
[2025-10-30T21:11:55.312-0700] {processor.py:840} INFO - DAG(s) 'tutorial' retrieved from /usr/local/lib/python3.10/dist-packages/airflow/example_dags/tutorial.py
[2025-10-30T21:11:55.353-0700] {logging_mixin.py:188} INFO - [2025-10-30T21:11:55.352-0700] {dag.py:3089} INFO - Sync 1 DAGs
[2025-10-30T21:11:55.404-0700] {logging_mixin.py:188} INFO - [2025-10-30T21:11:55.404-0700] {dag.py:3947} INFO - Setting next_dagrun for tutorial to 2025-10-30 00:00:00+00:00, run_after=2025-10-31 00:00:00+00:00
[2025-10-30T21:11:55.528-0700] {processor.py:183} INFO - Processing /usr/local/lib/python3.10/dist-packages/airflow/example_dags/tutorial.py took 0.249 seconds
[2025-10-30T21:13:18.142-0700] {processor.py:161} INFO - Started process (PID=1388) to work on /usr/local/lib/python3.10/dist-packages/airflow/example_dags/tutorial.py
[2025-10-30T21:13:18.143-0700] {processor.py:830} INFO - Processing file /usr/local/lib/python3.10/dist-packages/airflow/example_dags/tutorial.py for tasks to queue
[2025-10-30T21:13:18.147-0700] {logging_mixin.py:188} INFO - [2025-10-30T21:13:18.146-0700] {dagbag.py:545} INFO - Filling up the DagBag from /usr/local/lib/python3.10/dist-packages/airflow/example_dags/tutorial.py
[2025-10-30T21:13:18.154-0700] {processor.py:840} INFO - DAG(s) 'tutorial' retrieved from /usr/local/lib/python3.10/dist-packages/airflow/example_dags/tutorial.py
[2025-10-30T21:13:18.189-0700] {logging_mixin.py:188} INFO - [2025-10-30T21:13:18.188-0700] {dag.py:3089} INFO - Sync 1 DAGs
[2025-10-30T21:13:18.226-0700] {logging_mixin.py:188} INFO - [2025-10-30T21:13:18.226-0700] {dag.py:3947} INFO - Setting next_dagrun for tutorial to 2025-10-30 00:00:00+00:00, run_after=2025-10-31 00:00:00+00:00
[2025-10-30T21:13:18.404-0700] {processor.py:183} INFO - Processing /usr/local/lib/python3.10/dist-packages/airflow/example_dags/tutorial.py took 0.270 seconds
[2025-10-30T21:15:36.516-0700] {processor.py:161} INFO - Started process (PID=1496) to work on /usr/local/lib/python3.10/dist-packages/airflow/example_dags/tutorial.py
[2025-10-30T21:15:36.518-0700] {processor.py:830} INFO - Processing file /usr/local/lib/python3.10/dist-packages/airflow/example_dags/tutorial.py for tasks to queue
[2025-10-30T21:15:36.521-0700] {logging_mixin.py:188} INFO - [2025-10-30T21:15:36.520-0700] {dagbag.py:545} INFO - Filling up the DagBag from /usr/local/lib/python3.10/dist-packages/airflow/example_dags/tutorial.py
[2025-10-30T21:15:36.528-0700] {processor.py:840} INFO - DAG(s) 'tutorial' retrieved from /usr/local/lib/python3.10/dist-packages/airflow/example_dags/tutorial.py
[2025-10-30T21:15:36.570-0700] {logging_mixin.py:188} INFO - [2025-10-30T21:15:36.570-0700] {dag.py:3089} INFO - Sync 1 DAGs
[2025-10-30T21:15:36.609-0700] {logging_mixin.py:188} INFO - [2025-10-30T21:15:36.609-0700] {dag.py:3947} INFO - Setting next_dagrun for tutorial to 2025-10-30 00:00:00+00:00, run_after=2025-10-31 00:00:00+00:00
[2025-10-30T21:15:36.709-0700] {processor.py:183} INFO - Processing /usr/local/lib/python3.10/dist-packages/airflow/example_dags/tutorial.py took 0.201 seconds
[2025-10-30T21:16:47.581-0700] {processor.py:161} INFO - Started process (PID=1556) to work on /usr/local/lib/python3.10/dist-packages/airflow/example_dags/tutorial.py
[2025-10-30T21:16:47.585-0700] {processor.py:830} INFO - Processing file /usr/local/lib/python3.10/dist-packages/airflow/example_dags/tutorial.py for tasks to queue
[2025-10-30T21:16:47.588-0700] {logging_mixin.py:188} INFO - [2025-10-30T21:16:47.588-0700] {dagbag.py:545} INFO - Filling up the DagBag from /usr/local/lib/python3.10/dist-packages/airflow/example_dags/tutorial.py
[2025-10-30T21:16:47.602-0700] {processor.py:840} INFO - DAG(s) 'tutorial' retrieved from /usr/local/lib/python3.10/dist-packages/airflow/example_dags/tutorial.py
[2025-10-30T21:16:47.654-0700] {logging_mixin.py:188} INFO - [2025-10-30T21:16:47.653-0700] {dag.py:3089} INFO - Sync 1 DAGs
[2025-10-30T21:16:47.692-0700] {logging_mixin.py:188} INFO - [2025-10-30T21:16:47.692-0700] {dag.py:3947} INFO - Setting next_dagrun for tutorial to 2025-10-30 00:00:00+00:00, run_after=2025-10-31 00:00:00+00:00
[2025-10-30T21:16:47.806-0700] {processor.py:183} INFO - Processing /usr/local/lib/python3.10/dist-packages/airflow/example_dags/tutorial.py took 0.240 seconds
[2025-10-30T21:18:09.501-0700] {processor.py:161} INFO - Started process (PID=1632) to work on /usr/local/lib/python3.10/dist-packages/airflow/example_dags/tutorial.py
[2025-10-30T21:18:09.505-0700] {processor.py:830} INFO - Processing file /usr/local/lib/python3.10/dist-packages/airflow/example_dags/tutorial.py for tasks to queue
[2025-10-30T21:18:09.509-0700] {logging_mixin.py:188} INFO - [2025-10-30T21:18:09.509-0700] {dagbag.py:545} INFO - Filling up the DagBag from /usr/local/lib/python3.10/dist-packages/airflow/example_dags/tutorial.py
[2025-10-30T21:18:09.517-0700] {processor.py:840} INFO - DAG(s) 'tutorial' retrieved from /usr/local/lib/python3.10/dist-packages/airflow/example_dags/tutorial.py
[2025-10-30T21:18:09.563-0700] {logging_mixin.py:188} INFO - [2025-10-30T21:18:09.563-0700] {dag.py:3089} INFO - Sync 1 DAGs
[2025-10-30T21:18:09.599-0700] {logging_mixin.py:188} INFO - [2025-10-30T21:18:09.599-0700] {dag.py:3947} INFO - Setting next_dagrun for tutorial to 2025-10-30 00:00:00+00:00, run_after=2025-10-31 00:00:00+00:00
[2025-10-30T21:18:09.763-0700] {processor.py:183} INFO - Processing /usr/local/lib/python3.10/dist-packages/airflow/example_dags/tutorial.py took 0.270 seconds
[2025-10-30T21:19:33.037-0700] {processor.py:161} INFO - Started process (PID=1708) to work on /usr/local/lib/python3.10/dist-packages/airflow/example_dags/tutorial.py
[2025-10-30T21:19:33.039-0700] {processor.py:830} INFO - Processing file /usr/local/lib/python3.10/dist-packages/airflow/example_dags/tutorial.py for tasks to queue
[2025-10-30T21:19:33.042-0700] {logging_mixin.py:188} INFO - [2025-10-30T21:19:33.041-0700] {dagbag.py:545} INFO - Filling up the DagBag from /usr/local/lib/python3.10/dist-packages/airflow/example_dags/tutorial.py
[2025-10-30T21:19:33.051-0700] {processor.py:840} INFO - DAG(s) 'tutorial' retrieved from /usr/local/lib/python3.10/dist-packages/airflow/example_dags/tutorial.py
[2025-10-30T21:19:33.087-0700] {logging_mixin.py:188} INFO - [2025-10-30T21:19:33.087-0700] {dag.py:3089} INFO - Sync 1 DAGs
[2025-10-30T21:19:33.129-0700] {logging_mixin.py:188} INFO - [2025-10-30T21:19:33.128-0700] {dag.py:3947} INFO - Setting next_dagrun for tutorial to 2025-10-30 00:00:00+00:00, run_after=2025-10-31 00:00:00+00:00
[2025-10-30T21:19:33.238-0700] {processor.py:183} INFO - Processing /usr/local/lib/python3.10/dist-packages/airflow/example_dags/tutorial.py took 0.209 seconds
[2025-10-30T21:20:55.958-0700] {processor.py:161} INFO - Started process (PID=1784) to work on /usr/local/lib/python3.10/dist-packages/airflow/example_dags/tutorial.py
[2025-10-30T21:20:55.961-0700] {processor.py:830} INFO - Processing file /usr/local/lib/python3.10/dist-packages/airflow/example_dags/tutorial.py for tasks to queue
[2025-10-30T21:20:55.964-0700] {logging_mixin.py:188} INFO - [2025-10-30T21:20:55.963-0700] {dagbag.py:545} INFO - Filling up the DagBag from /usr/local/lib/python3.10/dist-packages/airflow/example_dags/tutorial.py
[2025-10-30T21:20:55.979-0700] {processor.py:840} INFO - DAG(s) 'tutorial' retrieved from /usr/local/lib/python3.10/dist-packages/airflow/example_dags/tutorial.py
[2025-10-30T21:20:56.046-0700] {logging_mixin.py:188} INFO - [2025-10-30T21:20:56.045-0700] {dag.py:3089} INFO - Sync 1 DAGs
[2025-10-30T21:20:56.109-0700] {logging_mixin.py:188} INFO - [2025-10-30T21:20:56.108-0700] {dag.py:3947} INFO - Setting next_dagrun for tutorial to 2025-10-30 00:00:00+00:00, run_after=2025-10-31 00:00:00+00:00
[2025-10-30T21:20:56.311-0700] {processor.py:183} INFO - Processing /usr/local/lib/python3.10/dist-packages/airflow/example_dags/tutorial.py took 0.365 seconds
[2025-10-30T21:22:15.993-0700] {processor.py:161} INFO - Started process (PID=1867) to work on /usr/local/lib/python3.10/dist-packages/airflow/example_dags/tutorial.py
[2025-10-30T21:22:15.995-0700] {processor.py:830} INFO - Processing file /usr/local/lib/python3.10/dist-packages/airflow/example_dags/tutorial.py for tasks to queue
[2025-10-30T21:22:15.998-0700] {logging_mixin.py:188} INFO - [2025-10-30T21:22:15.997-0700] {dagbag.py:545} INFO - Filling up the DagBag from /usr/local/lib/python3.10/dist-packages/airflow/example_dags/tutorial.py
[2025-10-30T21:22:16.008-0700] {processor.py:840} INFO - DAG(s) 'tutorial' retrieved from /usr/local/lib/python3.10/dist-packages/airflow/example_dags/tutorial.py
[2025-10-30T21:22:16.052-0700] {logging_mixin.py:188} INFO - [2025-10-30T21:22:16.051-0700] {dag.py:3089} INFO - Sync 1 DAGs
[2025-10-30T21:22:16.095-0700] {logging_mixin.py:188} INFO - [2025-10-30T21:22:16.095-0700] {dag.py:3947} INFO - Setting next_dagrun for tutorial to 2025-10-30 00:00:00+00:00, run_after=2025-10-31 00:00:00+00:00
[2025-10-30T21:22:16.210-0700] {processor.py:183} INFO - Processing /usr/local/lib/python3.10/dist-packages/airflow/example_dags/tutorial.py took 0.227 seconds
[2025-10-30T21:23:39.068-0700] {processor.py:161} INFO - Started process (PID=1951) to work on /usr/local/lib/python3.10/dist-packages/airflow/example_dags/tutorial.py
[2025-10-30T21:23:39.070-0700] {processor.py:830} INFO - Processing file /usr/local/lib/python3.10/dist-packages/airflow/example_dags/tutorial.py for tasks to queue
[2025-10-30T21:23:39.074-0700] {logging_mixin.py:188} INFO - [2025-10-30T21:23:39.073-0700] {dagbag.py:545} INFO - Filling up the DagBag from /usr/local/lib/python3.10/dist-packages/airflow/example_dags/tutorial.py
[2025-10-30T21:23:39.086-0700] {processor.py:840} INFO - DAG(s) 'tutorial' retrieved from /usr/local/lib/python3.10/dist-packages/airflow/example_dags/tutorial.py
[2025-10-30T21:23:39.140-0700] {logging_mixin.py:188} INFO - [2025-10-30T21:23:39.140-0700] {dag.py:3089} INFO - Sync 1 DAGs
[2025-10-30T21:23:39.185-0700] {logging_mixin.py:188} INFO - [2025-10-30T21:23:39.184-0700] {dag.py:3947} INFO - Setting next_dagrun for tutorial to 2025-10-30 00:00:00+00:00, run_after=2025-10-31 00:00:00+00:00
[2025-10-30T21:23:39.340-0700] {processor.py:183} INFO - Processing /usr/local/lib/python3.10/dist-packages/airflow/example_dags/tutorial.py took 0.281 seconds
[2025-10-30T21:24:56.740-0700] {processor.py:161} INFO - Started process (PID=2025) to work on /usr/local/lib/python3.10/dist-packages/airflow/example_dags/tutorial.py
[2025-10-30T21:24:56.742-0700] {processor.py:830} INFO - Processing file /usr/local/lib/python3.10/dist-packages/airflow/example_dags/tutorial.py for tasks to queue
[2025-10-30T21:24:56.745-0700] {logging_mixin.py:188} INFO - [2025-10-30T21:24:56.744-0700] {dagbag.py:545} INFO - Filling up the DagBag from /usr/local/lib/python3.10/dist-packages/airflow/example_dags/tutorial.py
[2025-10-30T21:24:56.754-0700] {processor.py:840} INFO - DAG(s) 'tutorial' retrieved from /usr/local/lib/python3.10/dist-packages/airflow/example_dags/tutorial.py
[2025-10-30T21:24:56.800-0700] {logging_mixin.py:188} INFO - [2025-10-30T21:24:56.800-0700] {dag.py:3089} INFO - Sync 1 DAGs
[2025-10-30T21:24:56.842-0700] {logging_mixin.py:188} INFO - [2025-10-30T21:24:56.842-0700] {dag.py:3947} INFO - Setting next_dagrun for tutorial to 2025-10-30 00:00:00+00:00, run_after=2025-10-31 00:00:00+00:00
[2025-10-30T21:24:56.977-0700] {processor.py:183} INFO - Processing /usr/local/lib/python3.10/dist-packages/airflow/example_dags/tutorial.py took 0.249 seconds
[2025-10-30T21:26:22.707-0700] {processor.py:161} INFO - Started process (PID=2101) to work on /usr/local/lib/python3.10/dist-packages/airflow/example_dags/tutorial.py
[2025-10-30T21:26:22.709-0700] {processor.py:830} INFO - Processing file /usr/local/lib/python3.10/dist-packages/airflow/example_dags/tutorial.py for tasks to queue
[2025-10-30T21:26:22.711-0700] {logging_mixin.py:188} INFO - [2025-10-30T21:26:22.711-0700] {dagbag.py:545} INFO - Filling up the DagBag from /usr/local/lib/python3.10/dist-packages/airflow/example_dags/tutorial.py
[2025-10-30T21:26:22.720-0700] {processor.py:840} INFO - DAG(s) 'tutorial' retrieved from /usr/local/lib/python3.10/dist-packages/airflow/example_dags/tutorial.py
[2025-10-30T21:26:22.758-0700] {logging_mixin.py:188} INFO - [2025-10-30T21:26:22.758-0700] {dag.py:3089} INFO - Sync 1 DAGs
[2025-10-30T21:26:22.798-0700] {logging_mixin.py:188} INFO - [2025-10-30T21:26:22.798-0700] {dag.py:3947} INFO - Setting next_dagrun for tutorial to 2025-10-30 00:00:00+00:00, run_after=2025-10-31 00:00:00+00:00
[2025-10-30T21:26:22.925-0700] {processor.py:183} INFO - Processing /usr/local/lib/python3.10/dist-packages/airflow/example_dags/tutorial.py took 0.228 seconds
[2025-10-30T21:27:45.169-0700] {processor.py:161} INFO - Started process (PID=2177) to work on /usr/local/lib/python3.10/dist-packages/airflow/example_dags/tutorial.py
[2025-10-30T21:27:45.173-0700] {processor.py:830} INFO - Processing file /usr/local/lib/python3.10/dist-packages/airflow/example_dags/tutorial.py for tasks to queue
[2025-10-30T21:27:45.177-0700] {logging_mixin.py:188} INFO - [2025-10-30T21:27:45.176-0700] {dagbag.py:545} INFO - Filling up the DagBag from /usr/local/lib/python3.10/dist-packages/airflow/example_dags/tutorial.py
[2025-10-30T21:27:45.194-0700] {processor.py:840} INFO - DAG(s) 'tutorial' retrieved from /usr/local/lib/python3.10/dist-packages/airflow/example_dags/tutorial.py
[2025-10-30T21:27:45.250-0700] {logging_mixin.py:188} INFO - [2025-10-30T21:27:45.250-0700] {dag.py:3089} INFO - Sync 1 DAGs
[2025-10-30T21:27:45.311-0700] {logging_mixin.py:188} INFO - [2025-10-30T21:27:45.310-0700] {dag.py:3947} INFO - Setting next_dagrun for tutorial to 2025-10-30 00:00:00+00:00, run_after=2025-10-31 00:00:00+00:00
[2025-10-30T21:27:45.442-0700] {processor.py:183} INFO - Processing /usr/local/lib/python3.10/dist-packages/airflow/example_dags/tutorial.py took 0.287 seconds
[2025-10-30T21:29:07.360-0700] {processor.py:161} INFO - Started process (PID=2252) to work on /usr/local/lib/python3.10/dist-packages/airflow/example_dags/tutorial.py
[2025-10-30T21:29:07.363-0700] {processor.py:830} INFO - Processing file /usr/local/lib/python3.10/dist-packages/airflow/example_dags/tutorial.py for tasks to queue
[2025-10-30T21:29:07.366-0700] {logging_mixin.py:188} INFO - [2025-10-30T21:29:07.366-0700] {dagbag.py:545} INFO - Filling up the DagBag from /usr/local/lib/python3.10/dist-packages/airflow/example_dags/tutorial.py
[2025-10-30T21:29:07.380-0700] {processor.py:840} INFO - DAG(s) 'tutorial' retrieved from /usr/local/lib/python3.10/dist-packages/airflow/example_dags/tutorial.py
[2025-10-30T21:29:07.431-0700] {logging_mixin.py:188} INFO - [2025-10-30T21:29:07.431-0700] {dag.py:3089} INFO - Sync 1 DAGs
[2025-10-30T21:29:07.467-0700] {logging_mixin.py:188} INFO - [2025-10-30T21:29:07.466-0700] {dag.py:3947} INFO - Setting next_dagrun for tutorial to 2025-10-30 00:00:00+00:00, run_after=2025-10-31 00:00:00+00:00
[2025-10-30T21:29:07.598-0700] {processor.py:183} INFO - Processing /usr/local/lib/python3.10/dist-packages/airflow/example_dags/tutorial.py took 0.248 seconds
[2025-10-30T21:30:31.032-0700] {processor.py:161} INFO - Started process (PID=2327) to work on /usr/local/lib/python3.10/dist-packages/airflow/example_dags/tutorial.py
[2025-10-30T21:30:31.034-0700] {processor.py:830} INFO - Processing file /usr/local/lib/python3.10/dist-packages/airflow/example_dags/tutorial.py for tasks to queue
[2025-10-30T21:30:31.038-0700] {logging_mixin.py:188} INFO - [2025-10-30T21:30:31.037-0700] {dagbag.py:545} INFO - Filling up the DagBag from /usr/local/lib/python3.10/dist-packages/airflow/example_dags/tutorial.py
[2025-10-30T21:30:31.046-0700] {processor.py:840} INFO - DAG(s) 'tutorial' retrieved from /usr/local/lib/python3.10/dist-packages/airflow/example_dags/tutorial.py
[2025-10-30T21:30:31.083-0700] {logging_mixin.py:188} INFO - [2025-10-30T21:30:31.083-0700] {dag.py:3089} INFO - Sync 1 DAGs
[2025-10-30T21:30:31.118-0700] {logging_mixin.py:188} INFO - [2025-10-30T21:30:31.117-0700] {dag.py:3947} INFO - Setting next_dagrun for tutorial to 2025-10-30 00:00:00+00:00, run_after=2025-10-31 00:00:00+00:00
[2025-10-30T21:30:31.218-0700] {processor.py:183} INFO - Processing /usr/local/lib/python3.10/dist-packages/airflow/example_dags/tutorial.py took 0.195 seconds
[2025-10-30T21:31:51.537-0700] {processor.py:161} INFO - Started process (PID=2401) to work on /usr/local/lib/python3.10/dist-packages/airflow/example_dags/tutorial.py
[2025-10-30T21:31:51.539-0700] {processor.py:830} INFO - Processing file /usr/local/lib/python3.10/dist-packages/airflow/example_dags/tutorial.py for tasks to queue
[2025-10-30T21:31:51.541-0700] {logging_mixin.py:188} INFO - [2025-10-30T21:31:51.541-0700] {dagbag.py:545} INFO - Filling up the DagBag from /usr/local/lib/python3.10/dist-packages/airflow/example_dags/tutorial.py
[2025-10-30T21:31:51.550-0700] {processor.py:840} INFO - DAG(s) 'tutorial' retrieved from /usr/local/lib/python3.10/dist-packages/airflow/example_dags/tutorial.py
[2025-10-30T21:31:51.600-0700] {logging_mixin.py:188} INFO - [2025-10-30T21:31:51.600-0700] {dag.py:3089} INFO - Sync 1 DAGs
[2025-10-30T21:31:51.644-0700] {logging_mixin.py:188} INFO - [2025-10-30T21:31:51.644-0700] {dag.py:3947} INFO - Setting next_dagrun for tutorial to 2025-10-30 00:00:00+00:00, run_after=2025-10-31 00:00:00+00:00
[2025-10-30T21:31:51.788-0700] {processor.py:183} INFO - Processing /usr/local/lib/python3.10/dist-packages/airflow/example_dags/tutorial.py took 0.258 seconds
[2025-10-30T21:33:11.231-0700] {processor.py:161} INFO - Started process (PID=2481) to work on /usr/local/lib/python3.10/dist-packages/airflow/example_dags/tutorial.py
[2025-10-30T21:33:11.232-0700] {processor.py:830} INFO - Processing file /usr/local/lib/python3.10/dist-packages/airflow/example_dags/tutorial.py for tasks to queue
[2025-10-30T21:33:11.235-0700] {logging_mixin.py:188} INFO - [2025-10-30T21:33:11.234-0700] {dagbag.py:545} INFO - Filling up the DagBag from /usr/local/lib/python3.10/dist-packages/airflow/example_dags/tutorial.py
[2025-10-30T21:33:11.243-0700] {processor.py:840} INFO - DAG(s) 'tutorial' retrieved from /usr/local/lib/python3.10/dist-packages/airflow/example_dags/tutorial.py
[2025-10-30T21:33:11.280-0700] {logging_mixin.py:188} INFO - [2025-10-30T21:33:11.280-0700] {dag.py:3089} INFO - Sync 1 DAGs
[2025-10-30T21:33:11.317-0700] {logging_mixin.py:188} INFO - [2025-10-30T21:33:11.317-0700] {dag.py:3947} INFO - Setting next_dagrun for tutorial to 2025-10-30 00:00:00+00:00, run_after=2025-10-31 00:00:00+00:00
[2025-10-30T21:33:11.430-0700] {processor.py:183} INFO - Processing /usr/local/lib/python3.10/dist-packages/airflow/example_dags/tutorial.py took 0.207 seconds
[2025-10-30T21:35:07.181-0700] {processor.py:161} INFO - Started process (PID=2557) to work on /usr/local/lib/python3.10/dist-packages/airflow/example_dags/tutorial.py
[2025-10-30T21:35:07.183-0700] {processor.py:830} INFO - Processing file /usr/local/lib/python3.10/dist-packages/airflow/example_dags/tutorial.py for tasks to queue
[2025-10-30T21:35:07.186-0700] {logging_mixin.py:188} INFO - [2025-10-30T21:35:07.186-0700] {dagbag.py:545} INFO - Filling up the DagBag from /usr/local/lib/python3.10/dist-packages/airflow/example_dags/tutorial.py
[2025-10-30T21:35:07.194-0700] {processor.py:840} INFO - DAG(s) 'tutorial' retrieved from /usr/local/lib/python3.10/dist-packages/airflow/example_dags/tutorial.py
[2025-10-30T21:35:07.241-0700] {logging_mixin.py:188} INFO - [2025-10-30T21:35:07.240-0700] {dag.py:3089} INFO - Sync 1 DAGs
[2025-10-30T21:35:07.296-0700] {logging_mixin.py:188} INFO - [2025-10-30T21:35:07.296-0700] {dag.py:3947} INFO - Setting next_dagrun for tutorial to 2025-10-30 00:00:00+00:00, run_after=2025-10-31 00:00:00+00:00
[2025-10-30T21:35:07.416-0700] {processor.py:183} INFO - Processing /usr/local/lib/python3.10/dist-packages/airflow/example_dags/tutorial.py took 0.243 seconds
[2025-10-30T21:36:33.796-0700] {processor.py:161} INFO - Started process (PID=2643) to work on /usr/local/lib/python3.10/dist-packages/airflow/example_dags/tutorial.py
[2025-10-30T21:36:33.806-0700] {processor.py:830} INFO - Processing file /usr/local/lib/python3.10/dist-packages/airflow/example_dags/tutorial.py for tasks to queue
[2025-10-30T21:36:33.820-0700] {logging_mixin.py:188} INFO - [2025-10-30T21:36:33.819-0700] {dagbag.py:545} INFO - Filling up the DagBag from /usr/local/lib/python3.10/dist-packages/airflow/example_dags/tutorial.py
[2025-10-30T21:36:33.852-0700] {processor.py:840} INFO - DAG(s) 'tutorial' retrieved from /usr/local/lib/python3.10/dist-packages/airflow/example_dags/tutorial.py
[2025-10-30T21:36:34.014-0700] {logging_mixin.py:188} INFO - [2025-10-30T21:36:34.014-0700] {dag.py:3089} INFO - Sync 1 DAGs
[2025-10-30T21:36:34.048-0700] {logging_mixin.py:188} INFO - [2025-10-30T21:36:34.047-0700] {dag.py:3947} INFO - Setting next_dagrun for tutorial to 2025-10-30 00:00:00+00:00, run_after=2025-10-31 00:00:00+00:00
[2025-10-30T21:36:34.169-0700] {processor.py:183} INFO - Processing /usr/local/lib/python3.10/dist-packages/airflow/example_dags/tutorial.py took 0.385 seconds
[2025-10-30T21:38:11.684-0700] {processor.py:161} INFO - Started process (PID=2724) to work on /usr/local/lib/python3.10/dist-packages/airflow/example_dags/tutorial.py
[2025-10-30T21:38:11.686-0700] {processor.py:830} INFO - Processing file /usr/local/lib/python3.10/dist-packages/airflow/example_dags/tutorial.py for tasks to queue
[2025-10-30T21:38:11.689-0700] {logging_mixin.py:188} INFO - [2025-10-30T21:38:11.688-0700] {dagbag.py:545} INFO - Filling up the DagBag from /usr/local/lib/python3.10/dist-packages/airflow/example_dags/tutorial.py
[2025-10-30T21:38:11.700-0700] {processor.py:840} INFO - DAG(s) 'tutorial' retrieved from /usr/local/lib/python3.10/dist-packages/airflow/example_dags/tutorial.py
[2025-10-30T21:38:11.742-0700] {logging_mixin.py:188} INFO - [2025-10-30T21:38:11.742-0700] {dag.py:3089} INFO - Sync 1 DAGs
[2025-10-30T21:38:11.776-0700] {logging_mixin.py:188} INFO - [2025-10-30T21:38:11.776-0700] {dag.py:3947} INFO - Setting next_dagrun for tutorial to 2025-10-30 00:00:00+00:00, run_after=2025-10-31 00:00:00+00:00
[2025-10-30T21:38:11.871-0700] {processor.py:183} INFO - Processing /usr/local/lib/python3.10/dist-packages/airflow/example_dags/tutorial.py took 0.195 seconds
[2025-10-30T21:39:42.689-0700] {processor.py:161} INFO - Started process (PID=2826) to work on /usr/local/lib/python3.10/dist-packages/airflow/example_dags/tutorial.py
[2025-10-30T21:39:42.691-0700] {processor.py:830} INFO - Processing file /usr/local/lib/python3.10/dist-packages/airflow/example_dags/tutorial.py for tasks to queue
[2025-10-30T21:39:42.695-0700] {logging_mixin.py:188} INFO - [2025-10-30T21:39:42.695-0700] {dagbag.py:545} INFO - Filling up the DagBag from /usr/local/lib/python3.10/dist-packages/airflow/example_dags/tutorial.py
[2025-10-30T21:39:42.702-0700] {processor.py:840} INFO - DAG(s) 'tutorial' retrieved from /usr/local/lib/python3.10/dist-packages/airflow/example_dags/tutorial.py
[2025-10-30T21:39:42.746-0700] {logging_mixin.py:188} INFO - [2025-10-30T21:39:42.746-0700] {dag.py:3089} INFO - Sync 1 DAGs
[2025-10-30T21:39:42.787-0700] {logging_mixin.py:188} INFO - [2025-10-30T21:39:42.787-0700] {dag.py:3947} INFO - Setting next_dagrun for tutorial to 2025-10-30 00:00:00+00:00, run_after=2025-10-31 00:00:00+00:00
[2025-10-30T21:39:42.961-0700] {processor.py:183} INFO - Processing /usr/local/lib/python3.10/dist-packages/airflow/example_dags/tutorial.py took 0.279 seconds
[2025-10-30T21:41:12.150-0700] {processor.py:161} INFO - Started process (PID=2904) to work on /usr/local/lib/python3.10/dist-packages/airflow/example_dags/tutorial.py
[2025-10-30T21:41:12.152-0700] {processor.py:830} INFO - Processing file /usr/local/lib/python3.10/dist-packages/airflow/example_dags/tutorial.py for tasks to queue
[2025-10-30T21:41:12.154-0700] {logging_mixin.py:188} INFO - [2025-10-30T21:41:12.153-0700] {dagbag.py:545} INFO - Filling up the DagBag from /usr/local/lib/python3.10/dist-packages/airflow/example_dags/tutorial.py
[2025-10-30T21:41:12.161-0700] {processor.py:840} INFO - DAG(s) 'tutorial' retrieved from /usr/local/lib/python3.10/dist-packages/airflow/example_dags/tutorial.py
[2025-10-30T21:41:12.201-0700] {logging_mixin.py:188} INFO - [2025-10-30T21:41:12.201-0700] {dag.py:3089} INFO - Sync 1 DAGs
[2025-10-30T21:41:12.231-0700] {logging_mixin.py:188} INFO - [2025-10-30T21:41:12.231-0700] {dag.py:3947} INFO - Setting next_dagrun for tutorial to 2025-10-30 00:00:00+00:00, run_after=2025-10-31 00:00:00+00:00
[2025-10-30T21:41:12.371-0700] {processor.py:183} INFO - Processing /usr/local/lib/python3.10/dist-packages/airflow/example_dags/tutorial.py took 0.230 seconds
[2025-10-30T21:42:43.735-0700] {processor.py:161} INFO - Started process (PID=2983) to work on /usr/local/lib/python3.10/dist-packages/airflow/example_dags/tutorial.py
[2025-10-30T21:42:43.737-0700] {processor.py:830} INFO - Processing file /usr/local/lib/python3.10/dist-packages/airflow/example_dags/tutorial.py for tasks to queue
[2025-10-30T21:42:43.740-0700] {logging_mixin.py:188} INFO - [2025-10-30T21:42:43.739-0700] {dagbag.py:545} INFO - Filling up the DagBag from /usr/local/lib/python3.10/dist-packages/airflow/example_dags/tutorial.py
[2025-10-30T21:42:43.758-0700] {processor.py:840} INFO - DAG(s) 'tutorial' retrieved from /usr/local/lib/python3.10/dist-packages/airflow/example_dags/tutorial.py
[2025-10-30T21:42:43.816-0700] {logging_mixin.py:188} INFO - [2025-10-30T21:42:43.815-0700] {dag.py:3089} INFO - Sync 1 DAGs
[2025-10-30T21:42:43.852-0700] {logging_mixin.py:188} INFO - [2025-10-30T21:42:43.851-0700] {dag.py:3947} INFO - Setting next_dagrun for tutorial to 2025-10-30 00:00:00+00:00, run_after=2025-10-31 00:00:00+00:00
[2025-10-30T21:42:43.964-0700] {processor.py:183} INFO - Processing /usr/local/lib/python3.10/dist-packages/airflow/example_dags/tutorial.py took 0.247 seconds
[2025-10-30T21:44:10.235-0700] {processor.py:161} INFO - Started process (PID=3060) to work on /usr/local/lib/python3.10/dist-packages/airflow/example_dags/tutorial.py
[2025-10-30T21:44:10.237-0700] {processor.py:830} INFO - Processing file /usr/local/lib/python3.10/dist-packages/airflow/example_dags/tutorial.py for tasks to queue
[2025-10-30T21:44:10.241-0700] {logging_mixin.py:188} INFO - [2025-10-30T21:44:10.241-0700] {dagbag.py:545} INFO - Filling up the DagBag from /usr/local/lib/python3.10/dist-packages/airflow/example_dags/tutorial.py
[2025-10-30T21:44:10.252-0700] {processor.py:840} INFO - DAG(s) 'tutorial' retrieved from /usr/local/lib/python3.10/dist-packages/airflow/example_dags/tutorial.py
[2025-10-30T21:44:10.312-0700] {logging_mixin.py:188} INFO - [2025-10-30T21:44:10.311-0700] {dag.py:3089} INFO - Sync 1 DAGs
[2025-10-30T21:44:10.358-0700] {logging_mixin.py:188} INFO - [2025-10-30T21:44:10.358-0700] {dag.py:3947} INFO - Setting next_dagrun for tutorial to 2025-10-30 00:00:00+00:00, run_after=2025-10-31 00:00:00+00:00
[2025-10-30T21:44:10.550-0700] {processor.py:183} INFO - Processing /usr/local/lib/python3.10/dist-packages/airflow/example_dags/tutorial.py took 0.329 seconds
[2025-10-30T21:45:58.786-0700] {processor.py:161} INFO - Started process (PID=3170) to work on /usr/local/lib/python3.10/dist-packages/airflow/example_dags/tutorial.py
[2025-10-30T21:45:58.788-0700] {processor.py:830} INFO - Processing file /usr/local/lib/python3.10/dist-packages/airflow/example_dags/tutorial.py for tasks to queue
[2025-10-30T21:45:58.790-0700] {logging_mixin.py:188} INFO - [2025-10-30T21:45:58.790-0700] {dagbag.py:545} INFO - Filling up the DagBag from /usr/local/lib/python3.10/dist-packages/airflow/example_dags/tutorial.py
[2025-10-30T21:45:58.799-0700] {processor.py:840} INFO - DAG(s) 'tutorial' retrieved from /usr/local/lib/python3.10/dist-packages/airflow/example_dags/tutorial.py
[2025-10-30T21:45:58.835-0700] {logging_mixin.py:188} INFO - [2025-10-30T21:45:58.835-0700] {dag.py:3089} INFO - Sync 1 DAGs
[2025-10-30T21:45:58.876-0700] {logging_mixin.py:188} INFO - [2025-10-30T21:45:58.876-0700] {dag.py:3947} INFO - Setting next_dagrun for tutorial to 2025-10-30 00:00:00+00:00, run_after=2025-10-31 00:00:00+00:00
[2025-10-30T21:45:58.978-0700] {processor.py:183} INFO - Processing /usr/local/lib/python3.10/dist-packages/airflow/example_dags/tutorial.py took 0.202 seconds
[2025-10-30T21:47:25.508-0700] {processor.py:161} INFO - Started process (PID=3247) to work on /usr/local/lib/python3.10/dist-packages/airflow/example_dags/tutorial.py
[2025-10-30T21:47:25.510-0700] {processor.py:830} INFO - Processing file /usr/local/lib/python3.10/dist-packages/airflow/example_dags/tutorial.py for tasks to queue
[2025-10-30T21:47:25.514-0700] {logging_mixin.py:188} INFO - [2025-10-30T21:47:25.513-0700] {dagbag.py:545} INFO - Filling up the DagBag from /usr/local/lib/python3.10/dist-packages/airflow/example_dags/tutorial.py
[2025-10-30T21:47:25.528-0700] {processor.py:840} INFO - DAG(s) 'tutorial' retrieved from /usr/local/lib/python3.10/dist-packages/airflow/example_dags/tutorial.py
[2025-10-30T21:47:25.583-0700] {logging_mixin.py:188} INFO - [2025-10-30T21:47:25.583-0700] {dag.py:3089} INFO - Sync 1 DAGs
[2025-10-30T21:47:25.628-0700] {logging_mixin.py:188} INFO - [2025-10-30T21:47:25.628-0700] {dag.py:3947} INFO - Setting next_dagrun for tutorial to 2025-10-30 00:00:00+00:00, run_after=2025-10-31 00:00:00+00:00
[2025-10-30T21:47:25.734-0700] {processor.py:183} INFO - Processing /usr/local/lib/python3.10/dist-packages/airflow/example_dags/tutorial.py took 0.242 seconds
[2025-10-30T21:50:33.524-0700] {processor.py:161} INFO - Started process (PID=3640) to work on /usr/local/lib/python3.10/dist-packages/airflow/example_dags/tutorial.py
[2025-10-30T21:50:33.526-0700] {processor.py:830} INFO - Processing file /usr/local/lib/python3.10/dist-packages/airflow/example_dags/tutorial.py for tasks to queue
[2025-10-30T21:50:33.531-0700] {logging_mixin.py:188} INFO - [2025-10-30T21:50:33.530-0700] {dagbag.py:545} INFO - Filling up the DagBag from /usr/local/lib/python3.10/dist-packages/airflow/example_dags/tutorial.py
[2025-10-30T21:50:33.543-0700] {processor.py:840} INFO - DAG(s) 'tutorial' retrieved from /usr/local/lib/python3.10/dist-packages/airflow/example_dags/tutorial.py
[2025-10-30T21:50:33.598-0700] {logging_mixin.py:188} INFO - [2025-10-30T21:50:33.598-0700] {dag.py:3089} INFO - Sync 1 DAGs
[2025-10-30T21:50:33.643-0700] {logging_mixin.py:188} INFO - [2025-10-30T21:50:33.643-0700] {dag.py:3947} INFO - Setting next_dagrun for tutorial to 2025-10-30 00:00:00+00:00, run_after=2025-10-31 00:00:00+00:00
[2025-10-30T21:50:33.762-0700] {processor.py:183} INFO - Processing /usr/local/lib/python3.10/dist-packages/airflow/example_dags/tutorial.py took 0.253 seconds
[2025-10-30T21:51:58.372-0700] {processor.py:161} INFO - Started process (PID=3717) to work on /usr/local/lib/python3.10/dist-packages/airflow/example_dags/tutorial.py
[2025-10-30T21:51:58.374-0700] {processor.py:830} INFO - Processing file /usr/local/lib/python3.10/dist-packages/airflow/example_dags/tutorial.py for tasks to queue
[2025-10-30T21:51:58.376-0700] {logging_mixin.py:188} INFO - [2025-10-30T21:51:58.376-0700] {dagbag.py:545} INFO - Filling up the DagBag from /usr/local/lib/python3.10/dist-packages/airflow/example_dags/tutorial.py
[2025-10-30T21:51:58.387-0700] {processor.py:840} INFO - DAG(s) 'tutorial' retrieved from /usr/local/lib/python3.10/dist-packages/airflow/example_dags/tutorial.py
[2025-10-30T21:51:58.425-0700] {logging_mixin.py:188} INFO - [2025-10-30T21:51:58.425-0700] {dag.py:3089} INFO - Sync 1 DAGs
[2025-10-30T21:51:58.466-0700] {logging_mixin.py:188} INFO - [2025-10-30T21:51:58.466-0700] {dag.py:3947} INFO - Setting next_dagrun for tutorial to 2025-10-30 00:00:00+00:00, run_after=2025-10-31 00:00:00+00:00
[2025-10-30T21:51:58.580-0700] {processor.py:183} INFO - Processing /usr/local/lib/python3.10/dist-packages/airflow/example_dags/tutorial.py took 0.218 seconds
[2025-10-30T21:53:26.009-0700] {processor.py:161} INFO - Started process (PID=3795) to work on /usr/local/lib/python3.10/dist-packages/airflow/example_dags/tutorial.py
[2025-10-30T21:53:26.011-0700] {processor.py:830} INFO - Processing file /usr/local/lib/python3.10/dist-packages/airflow/example_dags/tutorial.py for tasks to queue
[2025-10-30T21:53:26.014-0700] {logging_mixin.py:188} INFO - [2025-10-30T21:53:26.013-0700] {dagbag.py:545} INFO - Filling up the DagBag from /usr/local/lib/python3.10/dist-packages/airflow/example_dags/tutorial.py
[2025-10-30T21:53:26.022-0700] {processor.py:840} INFO - DAG(s) 'tutorial' retrieved from /usr/local/lib/python3.10/dist-packages/airflow/example_dags/tutorial.py
[2025-10-30T21:53:26.061-0700] {logging_mixin.py:188} INFO - [2025-10-30T21:53:26.061-0700] {dag.py:3089} INFO - Sync 1 DAGs
[2025-10-30T21:53:26.100-0700] {logging_mixin.py:188} INFO - [2025-10-30T21:53:26.100-0700] {dag.py:3947} INFO - Setting next_dagrun for tutorial to 2025-10-30 00:00:00+00:00, run_after=2025-10-31 00:00:00+00:00
[2025-10-30T21:53:26.218-0700] {processor.py:183} INFO - Processing /usr/local/lib/python3.10/dist-packages/airflow/example_dags/tutorial.py took 0.217 seconds
[2025-10-30T21:55:47.393-0700] {processor.py:161} INFO - Started process (PID=4017) to work on /usr/local/lib/python3.10/dist-packages/airflow/example_dags/tutorial.py
[2025-10-30T21:55:47.399-0700] {processor.py:830} INFO - Processing file /usr/local/lib/python3.10/dist-packages/airflow/example_dags/tutorial.py for tasks to queue
[2025-10-30T21:55:47.406-0700] {logging_mixin.py:188} INFO - [2025-10-30T21:55:47.405-0700] {dagbag.py:545} INFO - Filling up the DagBag from /usr/local/lib/python3.10/dist-packages/airflow/example_dags/tutorial.py
[2025-10-30T21:55:47.426-0700] {processor.py:840} INFO - DAG(s) 'tutorial' retrieved from /usr/local/lib/python3.10/dist-packages/airflow/example_dags/tutorial.py
[2025-10-30T21:55:47.471-0700] {logging_mixin.py:188} INFO - [2025-10-30T21:55:47.470-0700] {dag.py:3089} INFO - Sync 1 DAGs
[2025-10-30T21:55:47.520-0700] {logging_mixin.py:188} INFO - [2025-10-30T21:55:47.519-0700] {dag.py:3947} INFO - Setting next_dagrun for tutorial to 2025-10-30 00:00:00+00:00, run_after=2025-10-31 00:00:00+00:00
[2025-10-30T21:55:47.627-0700] {processor.py:183} INFO - Processing /usr/local/lib/python3.10/dist-packages/airflow/example_dags/tutorial.py took 0.243 seconds
[2025-10-30T21:56:55.479-0700] {processor.py:161} INFO - Started process (PID=4073) to work on /usr/local/lib/python3.10/dist-packages/airflow/example_dags/tutorial.py
[2025-10-30T21:56:55.482-0700] {processor.py:830} INFO - Processing file /usr/local/lib/python3.10/dist-packages/airflow/example_dags/tutorial.py for tasks to queue
[2025-10-30T21:56:55.485-0700] {logging_mixin.py:188} INFO - [2025-10-30T21:56:55.485-0700] {dagbag.py:545} INFO - Filling up the DagBag from /usr/local/lib/python3.10/dist-packages/airflow/example_dags/tutorial.py
[2025-10-30T21:56:55.494-0700] {processor.py:840} INFO - DAG(s) 'tutorial' retrieved from /usr/local/lib/python3.10/dist-packages/airflow/example_dags/tutorial.py
[2025-10-30T21:56:55.539-0700] {logging_mixin.py:188} INFO - [2025-10-30T21:56:55.538-0700] {dag.py:3089} INFO - Sync 1 DAGs
[2025-10-30T21:56:55.577-0700] {logging_mixin.py:188} INFO - [2025-10-30T21:56:55.576-0700] {dag.py:3947} INFO - Setting next_dagrun for tutorial to 2025-10-30 00:00:00+00:00, run_after=2025-10-31 00:00:00+00:00
[2025-10-30T21:56:55.705-0700] {processor.py:183} INFO - Processing /usr/local/lib/python3.10/dist-packages/airflow/example_dags/tutorial.py took 0.234 seconds
[2025-10-30T21:58:20.648-0700] {processor.py:161} INFO - Started process (PID=4150) to work on /usr/local/lib/python3.10/dist-packages/airflow/example_dags/tutorial.py
[2025-10-30T21:58:20.650-0700] {processor.py:830} INFO - Processing file /usr/local/lib/python3.10/dist-packages/airflow/example_dags/tutorial.py for tasks to queue
[2025-10-30T21:58:20.654-0700] {logging_mixin.py:188} INFO - [2025-10-30T21:58:20.653-0700] {dagbag.py:545} INFO - Filling up the DagBag from /usr/local/lib/python3.10/dist-packages/airflow/example_dags/tutorial.py
[2025-10-30T21:58:20.661-0700] {processor.py:840} INFO - DAG(s) 'tutorial' retrieved from /usr/local/lib/python3.10/dist-packages/airflow/example_dags/tutorial.py
[2025-10-30T21:58:20.703-0700] {logging_mixin.py:188} INFO - [2025-10-30T21:58:20.703-0700] {dag.py:3089} INFO - Sync 1 DAGs
[2025-10-30T21:58:20.751-0700] {logging_mixin.py:188} INFO - [2025-10-30T21:58:20.751-0700] {dag.py:3947} INFO - Setting next_dagrun for tutorial to 2025-10-30 00:00:00+00:00, run_after=2025-10-31 00:00:00+00:00
[2025-10-30T21:58:20.874-0700] {processor.py:183} INFO - Processing /usr/local/lib/python3.10/dist-packages/airflow/example_dags/tutorial.py took 0.236 seconds
[2025-10-30T21:59:42.748-0700] {processor.py:161} INFO - Started process (PID=4225) to work on /usr/local/lib/python3.10/dist-packages/airflow/example_dags/tutorial.py
[2025-10-30T21:59:42.750-0700] {processor.py:830} INFO - Processing file /usr/local/lib/python3.10/dist-packages/airflow/example_dags/tutorial.py for tasks to queue
[2025-10-30T21:59:42.753-0700] {logging_mixin.py:188} INFO - [2025-10-30T21:59:42.752-0700] {dagbag.py:545} INFO - Filling up the DagBag from /usr/local/lib/python3.10/dist-packages/airflow/example_dags/tutorial.py
[2025-10-30T21:59:42.760-0700] {processor.py:840} INFO - DAG(s) 'tutorial' retrieved from /usr/local/lib/python3.10/dist-packages/airflow/example_dags/tutorial.py
[2025-10-30T21:59:42.803-0700] {logging_mixin.py:188} INFO - [2025-10-30T21:59:42.802-0700] {dag.py:3089} INFO - Sync 1 DAGs
[2025-10-30T21:59:42.841-0700] {logging_mixin.py:188} INFO - [2025-10-30T21:59:42.841-0700] {dag.py:3947} INFO - Setting next_dagrun for tutorial to 2025-10-30 00:00:00+00:00, run_after=2025-10-31 00:00:00+00:00
[2025-10-30T21:59:42.952-0700] {processor.py:183} INFO - Processing /usr/local/lib/python3.10/dist-packages/airflow/example_dags/tutorial.py took 0.211 seconds
[2025-10-30T22:01:07.354-0700] {processor.py:161} INFO - Started process (PID=4302) to work on /usr/local/lib/python3.10/dist-packages/airflow/example_dags/tutorial.py
[2025-10-30T22:01:07.357-0700] {processor.py:830} INFO - Processing file /usr/local/lib/python3.10/dist-packages/airflow/example_dags/tutorial.py for tasks to queue
[2025-10-30T22:01:07.360-0700] {logging_mixin.py:188} INFO - [2025-10-30T22:01:07.359-0700] {dagbag.py:545} INFO - Filling up the DagBag from /usr/local/lib/python3.10/dist-packages/airflow/example_dags/tutorial.py
[2025-10-30T22:01:07.367-0700] {processor.py:840} INFO - DAG(s) 'tutorial' retrieved from /usr/local/lib/python3.10/dist-packages/airflow/example_dags/tutorial.py
[2025-10-30T22:01:07.410-0700] {logging_mixin.py:188} INFO - [2025-10-30T22:01:07.409-0700] {dag.py:3089} INFO - Sync 1 DAGs
[2025-10-30T22:01:07.444-0700] {logging_mixin.py:188} INFO - [2025-10-30T22:01:07.444-0700] {dag.py:3947} INFO - Setting next_dagrun for tutorial to 2025-10-30 00:00:00+00:00, run_after=2025-10-31 00:00:00+00:00
[2025-10-30T22:01:07.537-0700] {processor.py:183} INFO - Processing /usr/local/lib/python3.10/dist-packages/airflow/example_dags/tutorial.py took 0.193 seconds
[2025-10-30T22:02:29.186-0700] {processor.py:161} INFO - Started process (PID=4378) to work on /usr/local/lib/python3.10/dist-packages/airflow/example_dags/tutorial.py
[2025-10-30T22:02:29.188-0700] {processor.py:830} INFO - Processing file /usr/local/lib/python3.10/dist-packages/airflow/example_dags/tutorial.py for tasks to queue
[2025-10-30T22:02:29.190-0700] {logging_mixin.py:188} INFO - [2025-10-30T22:02:29.189-0700] {dagbag.py:545} INFO - Filling up the DagBag from /usr/local/lib/python3.10/dist-packages/airflow/example_dags/tutorial.py
[2025-10-30T22:02:29.197-0700] {processor.py:840} INFO - DAG(s) 'tutorial' retrieved from /usr/local/lib/python3.10/dist-packages/airflow/example_dags/tutorial.py
[2025-10-30T22:02:29.235-0700] {logging_mixin.py:188} INFO - [2025-10-30T22:02:29.235-0700] {dag.py:3089} INFO - Sync 1 DAGs
[2025-10-30T22:02:29.265-0700] {logging_mixin.py:188} INFO - [2025-10-30T22:02:29.265-0700] {dag.py:3947} INFO - Setting next_dagrun for tutorial to 2025-10-30 00:00:00+00:00, run_after=2025-10-31 00:00:00+00:00
[2025-10-30T22:02:29.362-0700] {processor.py:183} INFO - Processing /usr/local/lib/python3.10/dist-packages/airflow/example_dags/tutorial.py took 0.184 seconds
[2025-10-30T22:03:56.931-0700] {processor.py:161} INFO - Started process (PID=4454) to work on /usr/local/lib/python3.10/dist-packages/airflow/example_dags/tutorial.py
[2025-10-30T22:03:56.934-0700] {processor.py:830} INFO - Processing file /usr/local/lib/python3.10/dist-packages/airflow/example_dags/tutorial.py for tasks to queue
[2025-10-30T22:03:56.938-0700] {logging_mixin.py:188} INFO - [2025-10-30T22:03:56.937-0700] {dagbag.py:545} INFO - Filling up the DagBag from /usr/local/lib/python3.10/dist-packages/airflow/example_dags/tutorial.py
[2025-10-30T22:03:56.949-0700] {processor.py:840} INFO - DAG(s) 'tutorial' retrieved from /usr/local/lib/python3.10/dist-packages/airflow/example_dags/tutorial.py
[2025-10-30T22:03:56.992-0700] {logging_mixin.py:188} INFO - [2025-10-30T22:03:56.992-0700] {dag.py:3089} INFO - Sync 1 DAGs
[2025-10-30T22:03:57.025-0700] {logging_mixin.py:188} INFO - [2025-10-30T22:03:57.025-0700] {dag.py:3947} INFO - Setting next_dagrun for tutorial to 2025-10-30 00:00:00+00:00, run_after=2025-10-31 00:00:00+00:00
[2025-10-30T22:03:57.132-0700] {processor.py:183} INFO - Processing /usr/local/lib/python3.10/dist-packages/airflow/example_dags/tutorial.py took 0.212 seconds
