[2025-10-30T20:58:25.165-0700] {processor.py:161} INFO - Started process (PID=554) to work on /usr/local/lib/python3.10/dist-packages/airflow/example_dags/plugins/decreasing_priority_weight_strategy.py
[2025-10-30T20:58:25.166-0700] {processor.py:830} INFO - Processing file /usr/local/lib/python3.10/dist-packages/airflow/example_dags/plugins/decreasing_priority_weight_strategy.py for tasks to queue
[2025-10-30T20:58:25.167-0700] {logging_mixin.py:188} INFO - [2025-10-30T20:58:25.166-0700] {dagbag.py:545} INFO - Filling up the DagBag from /usr/local/lib/python3.10/dist-packages/airflow/example_dags/plugins/decreasing_priority_weight_strategy.py
[2025-10-30T20:58:25.170-0700] {processor.py:842} WARNING - No viable dags retrieved from /usr/local/lib/python3.10/dist-packages/airflow/example_dags/plugins/decreasing_priority_weight_strategy.py
[2025-10-30T20:58:25.195-0700] {processor.py:183} INFO - Processing /usr/local/lib/python3.10/dist-packages/airflow/example_dags/plugins/decreasing_priority_weight_strategy.py took 0.035 seconds
[2025-10-30T20:59:34.553-0700] {processor.py:161} INFO - Started process (PID=616) to work on /usr/local/lib/python3.10/dist-packages/airflow/example_dags/plugins/decreasing_priority_weight_strategy.py
[2025-10-30T20:59:34.555-0700] {processor.py:830} INFO - Processing file /usr/local/lib/python3.10/dist-packages/airflow/example_dags/plugins/decreasing_priority_weight_strategy.py for tasks to queue
[2025-10-30T20:59:34.556-0700] {logging_mixin.py:188} INFO - [2025-10-30T20:59:34.556-0700] {dagbag.py:545} INFO - Filling up the DagBag from /usr/local/lib/python3.10/dist-packages/airflow/example_dags/plugins/decreasing_priority_weight_strategy.py
[2025-10-30T20:59:34.559-0700] {processor.py:842} WARNING - No viable dags retrieved from /usr/local/lib/python3.10/dist-packages/airflow/example_dags/plugins/decreasing_priority_weight_strategy.py
[2025-10-30T20:59:34.584-0700] {processor.py:183} INFO - Processing /usr/local/lib/python3.10/dist-packages/airflow/example_dags/plugins/decreasing_priority_weight_strategy.py took 0.037 seconds
[2025-10-30T21:00:45.122-0700] {processor.py:161} INFO - Started process (PID=688) to work on /usr/local/lib/python3.10/dist-packages/airflow/example_dags/plugins/decreasing_priority_weight_strategy.py
[2025-10-30T21:00:45.123-0700] {processor.py:830} INFO - Processing file /usr/local/lib/python3.10/dist-packages/airflow/example_dags/plugins/decreasing_priority_weight_strategy.py for tasks to queue
[2025-10-30T21:00:45.124-0700] {logging_mixin.py:188} INFO - [2025-10-30T21:00:45.124-0700] {dagbag.py:545} INFO - Filling up the DagBag from /usr/local/lib/python3.10/dist-packages/airflow/example_dags/plugins/decreasing_priority_weight_strategy.py
[2025-10-30T21:00:45.127-0700] {processor.py:842} WARNING - No viable dags retrieved from /usr/local/lib/python3.10/dist-packages/airflow/example_dags/plugins/decreasing_priority_weight_strategy.py
[2025-10-30T21:00:45.148-0700] {processor.py:183} INFO - Processing /usr/local/lib/python3.10/dist-packages/airflow/example_dags/plugins/decreasing_priority_weight_strategy.py took 0.031 seconds
[2025-10-30T21:01:53.516-0700] {processor.py:161} INFO - Started process (PID=765) to work on /usr/local/lib/python3.10/dist-packages/airflow/example_dags/plugins/decreasing_priority_weight_strategy.py
[2025-10-30T21:01:53.518-0700] {processor.py:830} INFO - Processing file /usr/local/lib/python3.10/dist-packages/airflow/example_dags/plugins/decreasing_priority_weight_strategy.py for tasks to queue
[2025-10-30T21:01:53.520-0700] {logging_mixin.py:188} INFO - [2025-10-30T21:01:53.519-0700] {dagbag.py:545} INFO - Filling up the DagBag from /usr/local/lib/python3.10/dist-packages/airflow/example_dags/plugins/decreasing_priority_weight_strategy.py
[2025-10-30T21:01:53.523-0700] {processor.py:842} WARNING - No viable dags retrieved from /usr/local/lib/python3.10/dist-packages/airflow/example_dags/plugins/decreasing_priority_weight_strategy.py
[2025-10-30T21:01:53.559-0700] {processor.py:183} INFO - Processing /usr/local/lib/python3.10/dist-packages/airflow/example_dags/plugins/decreasing_priority_weight_strategy.py took 0.050 seconds
[2025-10-30T21:03:01.474-0700] {processor.py:161} INFO - Started process (PID=836) to work on /usr/local/lib/python3.10/dist-packages/airflow/example_dags/plugins/decreasing_priority_weight_strategy.py
[2025-10-30T21:03:01.475-0700] {processor.py:830} INFO - Processing file /usr/local/lib/python3.10/dist-packages/airflow/example_dags/plugins/decreasing_priority_weight_strategy.py for tasks to queue
[2025-10-30T21:03:01.476-0700] {logging_mixin.py:188} INFO - [2025-10-30T21:03:01.476-0700] {dagbag.py:545} INFO - Filling up the DagBag from /usr/local/lib/python3.10/dist-packages/airflow/example_dags/plugins/decreasing_priority_weight_strategy.py
[2025-10-30T21:03:01.478-0700] {processor.py:842} WARNING - No viable dags retrieved from /usr/local/lib/python3.10/dist-packages/airflow/example_dags/plugins/decreasing_priority_weight_strategy.py
[2025-10-30T21:03:01.502-0700] {processor.py:183} INFO - Processing /usr/local/lib/python3.10/dist-packages/airflow/example_dags/plugins/decreasing_priority_weight_strategy.py took 0.033 seconds
[2025-10-30T21:04:14.434-0700] {processor.py:161} INFO - Started process (PID=909) to work on /usr/local/lib/python3.10/dist-packages/airflow/example_dags/plugins/decreasing_priority_weight_strategy.py
[2025-10-30T21:04:14.436-0700] {processor.py:830} INFO - Processing file /usr/local/lib/python3.10/dist-packages/airflow/example_dags/plugins/decreasing_priority_weight_strategy.py for tasks to queue
[2025-10-30T21:04:14.437-0700] {logging_mixin.py:188} INFO - [2025-10-30T21:04:14.437-0700] {dagbag.py:545} INFO - Filling up the DagBag from /usr/local/lib/python3.10/dist-packages/airflow/example_dags/plugins/decreasing_priority_weight_strategy.py
[2025-10-30T21:04:14.439-0700] {processor.py:842} WARNING - No viable dags retrieved from /usr/local/lib/python3.10/dist-packages/airflow/example_dags/plugins/decreasing_priority_weight_strategy.py
[2025-10-30T21:04:14.478-0700] {processor.py:183} INFO - Processing /usr/local/lib/python3.10/dist-packages/airflow/example_dags/plugins/decreasing_priority_weight_strategy.py took 0.051 seconds
[2025-10-30T21:05:23.678-0700] {processor.py:161} INFO - Started process (PID=981) to work on /usr/local/lib/python3.10/dist-packages/airflow/example_dags/plugins/decreasing_priority_weight_strategy.py
[2025-10-30T21:05:23.679-0700] {processor.py:830} INFO - Processing file /usr/local/lib/python3.10/dist-packages/airflow/example_dags/plugins/decreasing_priority_weight_strategy.py for tasks to queue
[2025-10-30T21:05:23.680-0700] {logging_mixin.py:188} INFO - [2025-10-30T21:05:23.680-0700] {dagbag.py:545} INFO - Filling up the DagBag from /usr/local/lib/python3.10/dist-packages/airflow/example_dags/plugins/decreasing_priority_weight_strategy.py
[2025-10-30T21:05:23.682-0700] {processor.py:842} WARNING - No viable dags retrieved from /usr/local/lib/python3.10/dist-packages/airflow/example_dags/plugins/decreasing_priority_weight_strategy.py
[2025-10-30T21:05:23.704-0700] {processor.py:183} INFO - Processing /usr/local/lib/python3.10/dist-packages/airflow/example_dags/plugins/decreasing_priority_weight_strategy.py took 0.034 seconds
[2025-10-30T21:08:19.476-0700] {processor.py:161} INFO - Started process (PID=1100) to work on /usr/local/lib/python3.10/dist-packages/airflow/example_dags/plugins/decreasing_priority_weight_strategy.py
[2025-10-30T21:08:19.478-0700] {processor.py:830} INFO - Processing file /usr/local/lib/python3.10/dist-packages/airflow/example_dags/plugins/decreasing_priority_weight_strategy.py for tasks to queue
[2025-10-30T21:08:19.482-0700] {logging_mixin.py:188} INFO - [2025-10-30T21:08:19.481-0700] {dagbag.py:545} INFO - Filling up the DagBag from /usr/local/lib/python3.10/dist-packages/airflow/example_dags/plugins/decreasing_priority_weight_strategy.py
[2025-10-30T21:08:19.486-0700] {processor.py:842} WARNING - No viable dags retrieved from /usr/local/lib/python3.10/dist-packages/airflow/example_dags/plugins/decreasing_priority_weight_strategy.py
[2025-10-30T21:08:19.527-0700] {processor.py:183} INFO - Processing /usr/local/lib/python3.10/dist-packages/airflow/example_dags/plugins/decreasing_priority_weight_strategy.py took 0.063 seconds
[2025-10-30T21:09:24.493-0700] {processor.py:161} INFO - Started process (PID=1161) to work on /usr/local/lib/python3.10/dist-packages/airflow/example_dags/plugins/decreasing_priority_weight_strategy.py
[2025-10-30T21:09:24.494-0700] {processor.py:830} INFO - Processing file /usr/local/lib/python3.10/dist-packages/airflow/example_dags/plugins/decreasing_priority_weight_strategy.py for tasks to queue
[2025-10-30T21:09:24.496-0700] {logging_mixin.py:188} INFO - [2025-10-30T21:09:24.496-0700] {dagbag.py:545} INFO - Filling up the DagBag from /usr/local/lib/python3.10/dist-packages/airflow/example_dags/plugins/decreasing_priority_weight_strategy.py
[2025-10-30T21:09:24.498-0700] {processor.py:842} WARNING - No viable dags retrieved from /usr/local/lib/python3.10/dist-packages/airflow/example_dags/plugins/decreasing_priority_weight_strategy.py
[2025-10-30T21:09:24.518-0700] {processor.py:183} INFO - Processing /usr/local/lib/python3.10/dist-packages/airflow/example_dags/plugins/decreasing_priority_weight_strategy.py took 0.030 seconds
[2025-10-30T21:10:38.895-0700] {processor.py:161} INFO - Started process (PID=1232) to work on /usr/local/lib/python3.10/dist-packages/airflow/example_dags/plugins/decreasing_priority_weight_strategy.py
[2025-10-30T21:10:38.898-0700] {processor.py:830} INFO - Processing file /usr/local/lib/python3.10/dist-packages/airflow/example_dags/plugins/decreasing_priority_weight_strategy.py for tasks to queue
[2025-10-30T21:10:38.902-0700] {logging_mixin.py:188} INFO - [2025-10-30T21:10:38.901-0700] {dagbag.py:545} INFO - Filling up the DagBag from /usr/local/lib/python3.10/dist-packages/airflow/example_dags/plugins/decreasing_priority_weight_strategy.py
[2025-10-30T21:10:38.905-0700] {processor.py:842} WARNING - No viable dags retrieved from /usr/local/lib/python3.10/dist-packages/airflow/example_dags/plugins/decreasing_priority_weight_strategy.py
[2025-10-30T21:10:38.951-0700] {processor.py:183} INFO - Processing /usr/local/lib/python3.10/dist-packages/airflow/example_dags/plugins/decreasing_priority_weight_strategy.py took 0.062 seconds
[2025-10-30T21:11:59.968-0700] {processor.py:161} INFO - Started process (PID=1308) to work on /usr/local/lib/python3.10/dist-packages/airflow/example_dags/plugins/decreasing_priority_weight_strategy.py
[2025-10-30T21:11:59.972-0700] {processor.py:830} INFO - Processing file /usr/local/lib/python3.10/dist-packages/airflow/example_dags/plugins/decreasing_priority_weight_strategy.py for tasks to queue
[2025-10-30T21:11:59.977-0700] {logging_mixin.py:188} INFO - [2025-10-30T21:11:59.976-0700] {dagbag.py:545} INFO - Filling up the DagBag from /usr/local/lib/python3.10/dist-packages/airflow/example_dags/plugins/decreasing_priority_weight_strategy.py
[2025-10-30T21:11:59.981-0700] {processor.py:842} WARNING - No viable dags retrieved from /usr/local/lib/python3.10/dist-packages/airflow/example_dags/plugins/decreasing_priority_weight_strategy.py
[2025-10-30T21:12:00.031-0700] {processor.py:183} INFO - Processing /usr/local/lib/python3.10/dist-packages/airflow/example_dags/plugins/decreasing_priority_weight_strategy.py took 0.073 seconds
[2025-10-30T21:13:22.172-0700] {processor.py:161} INFO - Started process (PID=1391) to work on /usr/local/lib/python3.10/dist-packages/airflow/example_dags/plugins/decreasing_priority_weight_strategy.py
[2025-10-30T21:13:22.174-0700] {processor.py:830} INFO - Processing file /usr/local/lib/python3.10/dist-packages/airflow/example_dags/plugins/decreasing_priority_weight_strategy.py for tasks to queue
[2025-10-30T21:13:22.179-0700] {logging_mixin.py:188} INFO - [2025-10-30T21:13:22.179-0700] {dagbag.py:545} INFO - Filling up the DagBag from /usr/local/lib/python3.10/dist-packages/airflow/example_dags/plugins/decreasing_priority_weight_strategy.py
[2025-10-30T21:13:22.183-0700] {processor.py:842} WARNING - No viable dags retrieved from /usr/local/lib/python3.10/dist-packages/airflow/example_dags/plugins/decreasing_priority_weight_strategy.py
[2025-10-30T21:13:22.216-0700] {processor.py:183} INFO - Processing /usr/local/lib/python3.10/dist-packages/airflow/example_dags/plugins/decreasing_priority_weight_strategy.py took 0.054 seconds
[2025-10-30T21:15:40.684-0700] {processor.py:161} INFO - Started process (PID=1499) to work on /usr/local/lib/python3.10/dist-packages/airflow/example_dags/plugins/decreasing_priority_weight_strategy.py
[2025-10-30T21:15:40.686-0700] {processor.py:830} INFO - Processing file /usr/local/lib/python3.10/dist-packages/airflow/example_dags/plugins/decreasing_priority_weight_strategy.py for tasks to queue
[2025-10-30T21:15:40.690-0700] {logging_mixin.py:188} INFO - [2025-10-30T21:15:40.689-0700] {dagbag.py:545} INFO - Filling up the DagBag from /usr/local/lib/python3.10/dist-packages/airflow/example_dags/plugins/decreasing_priority_weight_strategy.py
[2025-10-30T21:15:40.694-0700] {processor.py:842} WARNING - No viable dags retrieved from /usr/local/lib/python3.10/dist-packages/airflow/example_dags/plugins/decreasing_priority_weight_strategy.py
[2025-10-30T21:15:40.725-0700] {processor.py:183} INFO - Processing /usr/local/lib/python3.10/dist-packages/airflow/example_dags/plugins/decreasing_priority_weight_strategy.py took 0.048 seconds
[2025-10-30T21:16:52.033-0700] {processor.py:161} INFO - Started process (PID=1559) to work on /usr/local/lib/python3.10/dist-packages/airflow/example_dags/plugins/decreasing_priority_weight_strategy.py
[2025-10-30T21:16:52.035-0700] {processor.py:830} INFO - Processing file /usr/local/lib/python3.10/dist-packages/airflow/example_dags/plugins/decreasing_priority_weight_strategy.py for tasks to queue
[2025-10-30T21:16:52.040-0700] {logging_mixin.py:188} INFO - [2025-10-30T21:16:52.039-0700] {dagbag.py:545} INFO - Filling up the DagBag from /usr/local/lib/python3.10/dist-packages/airflow/example_dags/plugins/decreasing_priority_weight_strategy.py
[2025-10-30T21:16:52.043-0700] {processor.py:842} WARNING - No viable dags retrieved from /usr/local/lib/python3.10/dist-packages/airflow/example_dags/plugins/decreasing_priority_weight_strategy.py
[2025-10-30T21:16:52.085-0700] {processor.py:183} INFO - Processing /usr/local/lib/python3.10/dist-packages/airflow/example_dags/plugins/decreasing_priority_weight_strategy.py took 0.061 seconds
[2025-10-30T21:18:14.166-0700] {processor.py:161} INFO - Started process (PID=1635) to work on /usr/local/lib/python3.10/dist-packages/airflow/example_dags/plugins/decreasing_priority_weight_strategy.py
[2025-10-30T21:18:14.168-0700] {processor.py:830} INFO - Processing file /usr/local/lib/python3.10/dist-packages/airflow/example_dags/plugins/decreasing_priority_weight_strategy.py for tasks to queue
[2025-10-30T21:18:14.176-0700] {logging_mixin.py:188} INFO - [2025-10-30T21:18:14.175-0700] {dagbag.py:545} INFO - Filling up the DagBag from /usr/local/lib/python3.10/dist-packages/airflow/example_dags/plugins/decreasing_priority_weight_strategy.py
[2025-10-30T21:18:14.180-0700] {processor.py:842} WARNING - No viable dags retrieved from /usr/local/lib/python3.10/dist-packages/airflow/example_dags/plugins/decreasing_priority_weight_strategy.py
[2025-10-30T21:18:14.231-0700] {processor.py:183} INFO - Processing /usr/local/lib/python3.10/dist-packages/airflow/example_dags/plugins/decreasing_priority_weight_strategy.py took 0.076 seconds
[2025-10-30T21:19:37.457-0700] {processor.py:161} INFO - Started process (PID=1711) to work on /usr/local/lib/python3.10/dist-packages/airflow/example_dags/plugins/decreasing_priority_weight_strategy.py
[2025-10-30T21:19:37.459-0700] {processor.py:830} INFO - Processing file /usr/local/lib/python3.10/dist-packages/airflow/example_dags/plugins/decreasing_priority_weight_strategy.py for tasks to queue
[2025-10-30T21:19:37.462-0700] {logging_mixin.py:188} INFO - [2025-10-30T21:19:37.462-0700] {dagbag.py:545} INFO - Filling up the DagBag from /usr/local/lib/python3.10/dist-packages/airflow/example_dags/plugins/decreasing_priority_weight_strategy.py
[2025-10-30T21:19:37.465-0700] {processor.py:842} WARNING - No viable dags retrieved from /usr/local/lib/python3.10/dist-packages/airflow/example_dags/plugins/decreasing_priority_weight_strategy.py
[2025-10-30T21:19:37.504-0700] {processor.py:183} INFO - Processing /usr/local/lib/python3.10/dist-packages/airflow/example_dags/plugins/decreasing_priority_weight_strategy.py took 0.054 seconds
[2025-10-30T21:21:00.993-0700] {processor.py:161} INFO - Started process (PID=1787) to work on /usr/local/lib/python3.10/dist-packages/airflow/example_dags/plugins/decreasing_priority_weight_strategy.py
[2025-10-30T21:21:00.995-0700] {processor.py:830} INFO - Processing file /usr/local/lib/python3.10/dist-packages/airflow/example_dags/plugins/decreasing_priority_weight_strategy.py for tasks to queue
[2025-10-30T21:21:00.998-0700] {logging_mixin.py:188} INFO - [2025-10-30T21:21:00.997-0700] {dagbag.py:545} INFO - Filling up the DagBag from /usr/local/lib/python3.10/dist-packages/airflow/example_dags/plugins/decreasing_priority_weight_strategy.py
[2025-10-30T21:21:01.001-0700] {processor.py:842} WARNING - No viable dags retrieved from /usr/local/lib/python3.10/dist-packages/airflow/example_dags/plugins/decreasing_priority_weight_strategy.py
[2025-10-30T21:21:01.038-0700] {processor.py:183} INFO - Processing /usr/local/lib/python3.10/dist-packages/airflow/example_dags/plugins/decreasing_priority_weight_strategy.py took 0.055 seconds
[2025-10-30T21:22:20.170-0700] {processor.py:161} INFO - Started process (PID=1870) to work on /usr/local/lib/python3.10/dist-packages/airflow/example_dags/plugins/decreasing_priority_weight_strategy.py
[2025-10-30T21:22:20.173-0700] {processor.py:830} INFO - Processing file /usr/local/lib/python3.10/dist-packages/airflow/example_dags/plugins/decreasing_priority_weight_strategy.py for tasks to queue
[2025-10-30T21:22:20.178-0700] {logging_mixin.py:188} INFO - [2025-10-30T21:22:20.177-0700] {dagbag.py:545} INFO - Filling up the DagBag from /usr/local/lib/python3.10/dist-packages/airflow/example_dags/plugins/decreasing_priority_weight_strategy.py
[2025-10-30T21:22:20.184-0700] {processor.py:842} WARNING - No viable dags retrieved from /usr/local/lib/python3.10/dist-packages/airflow/example_dags/plugins/decreasing_priority_weight_strategy.py
[2025-10-30T21:22:20.246-0700] {processor.py:183} INFO - Processing /usr/local/lib/python3.10/dist-packages/airflow/example_dags/plugins/decreasing_priority_weight_strategy.py took 0.090 seconds
[2025-10-30T21:23:43.060-0700] {processor.py:161} INFO - Started process (PID=1954) to work on /usr/local/lib/python3.10/dist-packages/airflow/example_dags/plugins/decreasing_priority_weight_strategy.py
[2025-10-30T21:23:43.063-0700] {processor.py:830} INFO - Processing file /usr/local/lib/python3.10/dist-packages/airflow/example_dags/plugins/decreasing_priority_weight_strategy.py for tasks to queue
[2025-10-30T21:23:43.067-0700] {logging_mixin.py:188} INFO - [2025-10-30T21:23:43.066-0700] {dagbag.py:545} INFO - Filling up the DagBag from /usr/local/lib/python3.10/dist-packages/airflow/example_dags/plugins/decreasing_priority_weight_strategy.py
[2025-10-30T21:23:43.070-0700] {processor.py:842} WARNING - No viable dags retrieved from /usr/local/lib/python3.10/dist-packages/airflow/example_dags/plugins/decreasing_priority_weight_strategy.py
[2025-10-30T21:23:43.110-0700] {processor.py:183} INFO - Processing /usr/local/lib/python3.10/dist-packages/airflow/example_dags/plugins/decreasing_priority_weight_strategy.py took 0.058 seconds
[2025-10-30T21:25:01.375-0700] {processor.py:161} INFO - Started process (PID=2028) to work on /usr/local/lib/python3.10/dist-packages/airflow/example_dags/plugins/decreasing_priority_weight_strategy.py
[2025-10-30T21:25:01.377-0700] {processor.py:830} INFO - Processing file /usr/local/lib/python3.10/dist-packages/airflow/example_dags/plugins/decreasing_priority_weight_strategy.py for tasks to queue
[2025-10-30T21:25:01.381-0700] {logging_mixin.py:188} INFO - [2025-10-30T21:25:01.380-0700] {dagbag.py:545} INFO - Filling up the DagBag from /usr/local/lib/python3.10/dist-packages/airflow/example_dags/plugins/decreasing_priority_weight_strategy.py
[2025-10-30T21:25:01.385-0700] {processor.py:842} WARNING - No viable dags retrieved from /usr/local/lib/python3.10/dist-packages/airflow/example_dags/plugins/decreasing_priority_weight_strategy.py
[2025-10-30T21:25:01.419-0700] {processor.py:183} INFO - Processing /usr/local/lib/python3.10/dist-packages/airflow/example_dags/plugins/decreasing_priority_weight_strategy.py took 0.054 seconds
[2025-10-30T21:26:26.727-0700] {processor.py:161} INFO - Started process (PID=2104) to work on /usr/local/lib/python3.10/dist-packages/airflow/example_dags/plugins/decreasing_priority_weight_strategy.py
[2025-10-30T21:26:26.729-0700] {processor.py:830} INFO - Processing file /usr/local/lib/python3.10/dist-packages/airflow/example_dags/plugins/decreasing_priority_weight_strategy.py for tasks to queue
[2025-10-30T21:26:26.732-0700] {logging_mixin.py:188} INFO - [2025-10-30T21:26:26.732-0700] {dagbag.py:545} INFO - Filling up the DagBag from /usr/local/lib/python3.10/dist-packages/airflow/example_dags/plugins/decreasing_priority_weight_strategy.py
[2025-10-30T21:26:26.737-0700] {processor.py:842} WARNING - No viable dags retrieved from /usr/local/lib/python3.10/dist-packages/airflow/example_dags/plugins/decreasing_priority_weight_strategy.py
[2025-10-30T21:26:26.779-0700] {processor.py:183} INFO - Processing /usr/local/lib/python3.10/dist-packages/airflow/example_dags/plugins/decreasing_priority_weight_strategy.py took 0.060 seconds
[2025-10-30T21:27:49.328-0700] {processor.py:161} INFO - Started process (PID=2180) to work on /usr/local/lib/python3.10/dist-packages/airflow/example_dags/plugins/decreasing_priority_weight_strategy.py
[2025-10-30T21:27:49.330-0700] {processor.py:830} INFO - Processing file /usr/local/lib/python3.10/dist-packages/airflow/example_dags/plugins/decreasing_priority_weight_strategy.py for tasks to queue
[2025-10-30T21:27:49.333-0700] {logging_mixin.py:188} INFO - [2025-10-30T21:27:49.333-0700] {dagbag.py:545} INFO - Filling up the DagBag from /usr/local/lib/python3.10/dist-packages/airflow/example_dags/plugins/decreasing_priority_weight_strategy.py
[2025-10-30T21:27:49.336-0700] {processor.py:842} WARNING - No viable dags retrieved from /usr/local/lib/python3.10/dist-packages/airflow/example_dags/plugins/decreasing_priority_weight_strategy.py
[2025-10-30T21:27:49.385-0700] {processor.py:183} INFO - Processing /usr/local/lib/python3.10/dist-packages/airflow/example_dags/plugins/decreasing_priority_weight_strategy.py took 0.065 seconds
[2025-10-30T21:29:11.392-0700] {processor.py:161} INFO - Started process (PID=2255) to work on /usr/local/lib/python3.10/dist-packages/airflow/example_dags/plugins/decreasing_priority_weight_strategy.py
[2025-10-30T21:29:11.395-0700] {processor.py:830} INFO - Processing file /usr/local/lib/python3.10/dist-packages/airflow/example_dags/plugins/decreasing_priority_weight_strategy.py for tasks to queue
[2025-10-30T21:29:11.401-0700] {logging_mixin.py:188} INFO - [2025-10-30T21:29:11.400-0700] {dagbag.py:545} INFO - Filling up the DagBag from /usr/local/lib/python3.10/dist-packages/airflow/example_dags/plugins/decreasing_priority_weight_strategy.py
[2025-10-30T21:29:11.406-0700] {processor.py:842} WARNING - No viable dags retrieved from /usr/local/lib/python3.10/dist-packages/airflow/example_dags/plugins/decreasing_priority_weight_strategy.py
[2025-10-30T21:29:11.454-0700] {processor.py:183} INFO - Processing /usr/local/lib/python3.10/dist-packages/airflow/example_dags/plugins/decreasing_priority_weight_strategy.py took 0.073 seconds
[2025-10-30T21:30:35.023-0700] {processor.py:161} INFO - Started process (PID=2330) to work on /usr/local/lib/python3.10/dist-packages/airflow/example_dags/plugins/decreasing_priority_weight_strategy.py
[2025-10-30T21:30:35.024-0700] {processor.py:830} INFO - Processing file /usr/local/lib/python3.10/dist-packages/airflow/example_dags/plugins/decreasing_priority_weight_strategy.py for tasks to queue
[2025-10-30T21:30:35.028-0700] {logging_mixin.py:188} INFO - [2025-10-30T21:30:35.027-0700] {dagbag.py:545} INFO - Filling up the DagBag from /usr/local/lib/python3.10/dist-packages/airflow/example_dags/plugins/decreasing_priority_weight_strategy.py
[2025-10-30T21:30:35.031-0700] {processor.py:842} WARNING - No viable dags retrieved from /usr/local/lib/python3.10/dist-packages/airflow/example_dags/plugins/decreasing_priority_weight_strategy.py
[2025-10-30T21:30:35.060-0700] {processor.py:183} INFO - Processing /usr/local/lib/python3.10/dist-packages/airflow/example_dags/plugins/decreasing_priority_weight_strategy.py took 0.044 seconds
[2025-10-30T21:31:56.148-0700] {processor.py:161} INFO - Started process (PID=2404) to work on /usr/local/lib/python3.10/dist-packages/airflow/example_dags/plugins/decreasing_priority_weight_strategy.py
[2025-10-30T21:31:56.150-0700] {processor.py:830} INFO - Processing file /usr/local/lib/python3.10/dist-packages/airflow/example_dags/plugins/decreasing_priority_weight_strategy.py for tasks to queue
[2025-10-30T21:31:56.154-0700] {logging_mixin.py:188} INFO - [2025-10-30T21:31:56.154-0700] {dagbag.py:545} INFO - Filling up the DagBag from /usr/local/lib/python3.10/dist-packages/airflow/example_dags/plugins/decreasing_priority_weight_strategy.py
[2025-10-30T21:31:56.158-0700] {processor.py:842} WARNING - No viable dags retrieved from /usr/local/lib/python3.10/dist-packages/airflow/example_dags/plugins/decreasing_priority_weight_strategy.py
[2025-10-30T21:31:56.197-0700] {processor.py:183} INFO - Processing /usr/local/lib/python3.10/dist-packages/airflow/example_dags/plugins/decreasing_priority_weight_strategy.py took 0.058 seconds
[2025-10-30T21:33:15.855-0700] {processor.py:161} INFO - Started process (PID=2484) to work on /usr/local/lib/python3.10/dist-packages/airflow/example_dags/plugins/decreasing_priority_weight_strategy.py
[2025-10-30T21:33:15.857-0700] {processor.py:830} INFO - Processing file /usr/local/lib/python3.10/dist-packages/airflow/example_dags/plugins/decreasing_priority_weight_strategy.py for tasks to queue
[2025-10-30T21:33:15.860-0700] {logging_mixin.py:188} INFO - [2025-10-30T21:33:15.860-0700] {dagbag.py:545} INFO - Filling up the DagBag from /usr/local/lib/python3.10/dist-packages/airflow/example_dags/plugins/decreasing_priority_weight_strategy.py
[2025-10-30T21:33:15.863-0700] {processor.py:842} WARNING - No viable dags retrieved from /usr/local/lib/python3.10/dist-packages/airflow/example_dags/plugins/decreasing_priority_weight_strategy.py
[2025-10-30T21:33:15.907-0700] {processor.py:183} INFO - Processing /usr/local/lib/python3.10/dist-packages/airflow/example_dags/plugins/decreasing_priority_weight_strategy.py took 0.061 seconds
[2025-10-30T21:35:11.116-0700] {processor.py:161} INFO - Started process (PID=2560) to work on /usr/local/lib/python3.10/dist-packages/airflow/example_dags/plugins/decreasing_priority_weight_strategy.py
[2025-10-30T21:35:11.118-0700] {processor.py:830} INFO - Processing file /usr/local/lib/python3.10/dist-packages/airflow/example_dags/plugins/decreasing_priority_weight_strategy.py for tasks to queue
[2025-10-30T21:35:11.122-0700] {logging_mixin.py:188} INFO - [2025-10-30T21:35:11.121-0700] {dagbag.py:545} INFO - Filling up the DagBag from /usr/local/lib/python3.10/dist-packages/airflow/example_dags/plugins/decreasing_priority_weight_strategy.py
[2025-10-30T21:35:11.128-0700] {processor.py:842} WARNING - No viable dags retrieved from /usr/local/lib/python3.10/dist-packages/airflow/example_dags/plugins/decreasing_priority_weight_strategy.py
[2025-10-30T21:35:11.173-0700] {processor.py:183} INFO - Processing /usr/local/lib/python3.10/dist-packages/airflow/example_dags/plugins/decreasing_priority_weight_strategy.py took 0.069 seconds
[2025-10-30T21:36:39.048-0700] {processor.py:161} INFO - Started process (PID=2646) to work on /usr/local/lib/python3.10/dist-packages/airflow/example_dags/plugins/decreasing_priority_weight_strategy.py
[2025-10-30T21:36:39.050-0700] {processor.py:830} INFO - Processing file /usr/local/lib/python3.10/dist-packages/airflow/example_dags/plugins/decreasing_priority_weight_strategy.py for tasks to queue
[2025-10-30T21:36:39.053-0700] {logging_mixin.py:188} INFO - [2025-10-30T21:36:39.052-0700] {dagbag.py:545} INFO - Filling up the DagBag from /usr/local/lib/python3.10/dist-packages/airflow/example_dags/plugins/decreasing_priority_weight_strategy.py
[2025-10-30T21:36:39.056-0700] {processor.py:842} WARNING - No viable dags retrieved from /usr/local/lib/python3.10/dist-packages/airflow/example_dags/plugins/decreasing_priority_weight_strategy.py
[2025-10-30T21:36:39.096-0700] {processor.py:183} INFO - Processing /usr/local/lib/python3.10/dist-packages/airflow/example_dags/plugins/decreasing_priority_weight_strategy.py took 0.058 seconds
[2025-10-30T21:38:15.746-0700] {processor.py:161} INFO - Started process (PID=2727) to work on /usr/local/lib/python3.10/dist-packages/airflow/example_dags/plugins/decreasing_priority_weight_strategy.py
[2025-10-30T21:38:15.749-0700] {processor.py:830} INFO - Processing file /usr/local/lib/python3.10/dist-packages/airflow/example_dags/plugins/decreasing_priority_weight_strategy.py for tasks to queue
[2025-10-30T21:38:15.751-0700] {logging_mixin.py:188} INFO - [2025-10-30T21:38:15.751-0700] {dagbag.py:545} INFO - Filling up the DagBag from /usr/local/lib/python3.10/dist-packages/airflow/example_dags/plugins/decreasing_priority_weight_strategy.py
[2025-10-30T21:38:15.754-0700] {processor.py:842} WARNING - No viable dags retrieved from /usr/local/lib/python3.10/dist-packages/airflow/example_dags/plugins/decreasing_priority_weight_strategy.py
[2025-10-30T21:38:15.792-0700] {processor.py:183} INFO - Processing /usr/local/lib/python3.10/dist-packages/airflow/example_dags/plugins/decreasing_priority_weight_strategy.py took 0.055 seconds
[2025-10-30T21:39:46.748-0700] {processor.py:161} INFO - Started process (PID=2829) to work on /usr/local/lib/python3.10/dist-packages/airflow/example_dags/plugins/decreasing_priority_weight_strategy.py
[2025-10-30T21:39:46.751-0700] {processor.py:830} INFO - Processing file /usr/local/lib/python3.10/dist-packages/airflow/example_dags/plugins/decreasing_priority_weight_strategy.py for tasks to queue
[2025-10-30T21:39:46.757-0700] {logging_mixin.py:188} INFO - [2025-10-30T21:39:46.756-0700] {dagbag.py:545} INFO - Filling up the DagBag from /usr/local/lib/python3.10/dist-packages/airflow/example_dags/plugins/decreasing_priority_weight_strategy.py
[2025-10-30T21:39:46.764-0700] {processor.py:842} WARNING - No viable dags retrieved from /usr/local/lib/python3.10/dist-packages/airflow/example_dags/plugins/decreasing_priority_weight_strategy.py
[2025-10-30T21:39:46.836-0700] {processor.py:183} INFO - Processing /usr/local/lib/python3.10/dist-packages/airflow/example_dags/plugins/decreasing_priority_weight_strategy.py took 0.106 seconds
[2025-10-30T21:41:16.176-0700] {processor.py:161} INFO - Started process (PID=2907) to work on /usr/local/lib/python3.10/dist-packages/airflow/example_dags/plugins/decreasing_priority_weight_strategy.py
[2025-10-30T21:41:16.178-0700] {processor.py:830} INFO - Processing file /usr/local/lib/python3.10/dist-packages/airflow/example_dags/plugins/decreasing_priority_weight_strategy.py for tasks to queue
[2025-10-30T21:41:16.181-0700] {logging_mixin.py:188} INFO - [2025-10-30T21:41:16.181-0700] {dagbag.py:545} INFO - Filling up the DagBag from /usr/local/lib/python3.10/dist-packages/airflow/example_dags/plugins/decreasing_priority_weight_strategy.py
[2025-10-30T21:41:16.185-0700] {processor.py:842} WARNING - No viable dags retrieved from /usr/local/lib/python3.10/dist-packages/airflow/example_dags/plugins/decreasing_priority_weight_strategy.py
[2025-10-30T21:41:16.226-0700] {processor.py:183} INFO - Processing /usr/local/lib/python3.10/dist-packages/airflow/example_dags/plugins/decreasing_priority_weight_strategy.py took 0.060 seconds
[2025-10-30T21:42:47.655-0700] {processor.py:161} INFO - Started process (PID=2986) to work on /usr/local/lib/python3.10/dist-packages/airflow/example_dags/plugins/decreasing_priority_weight_strategy.py
[2025-10-30T21:42:47.657-0700] {processor.py:830} INFO - Processing file /usr/local/lib/python3.10/dist-packages/airflow/example_dags/plugins/decreasing_priority_weight_strategy.py for tasks to queue
[2025-10-30T21:42:47.663-0700] {logging_mixin.py:188} INFO - [2025-10-30T21:42:47.662-0700] {dagbag.py:545} INFO - Filling up the DagBag from /usr/local/lib/python3.10/dist-packages/airflow/example_dags/plugins/decreasing_priority_weight_strategy.py
[2025-10-30T21:42:47.667-0700] {processor.py:842} WARNING - No viable dags retrieved from /usr/local/lib/python3.10/dist-packages/airflow/example_dags/plugins/decreasing_priority_weight_strategy.py
[2025-10-30T21:42:47.725-0700] {processor.py:183} INFO - Processing /usr/local/lib/python3.10/dist-packages/airflow/example_dags/plugins/decreasing_priority_weight_strategy.py took 0.077 seconds
[2025-10-30T21:44:15.115-0700] {processor.py:161} INFO - Started process (PID=3063) to work on /usr/local/lib/python3.10/dist-packages/airflow/example_dags/plugins/decreasing_priority_weight_strategy.py
[2025-10-30T21:44:15.118-0700] {processor.py:830} INFO - Processing file /usr/local/lib/python3.10/dist-packages/airflow/example_dags/plugins/decreasing_priority_weight_strategy.py for tasks to queue
[2025-10-30T21:44:15.124-0700] {logging_mixin.py:188} INFO - [2025-10-30T21:44:15.123-0700] {dagbag.py:545} INFO - Filling up the DagBag from /usr/local/lib/python3.10/dist-packages/airflow/example_dags/plugins/decreasing_priority_weight_strategy.py
[2025-10-30T21:44:15.128-0700] {processor.py:842} WARNING - No viable dags retrieved from /usr/local/lib/python3.10/dist-packages/airflow/example_dags/plugins/decreasing_priority_weight_strategy.py
[2025-10-30T21:44:15.170-0700] {processor.py:183} INFO - Processing /usr/local/lib/python3.10/dist-packages/airflow/example_dags/plugins/decreasing_priority_weight_strategy.py took 0.064 seconds
[2025-10-30T21:46:02.814-0700] {processor.py:161} INFO - Started process (PID=3173) to work on /usr/local/lib/python3.10/dist-packages/airflow/example_dags/plugins/decreasing_priority_weight_strategy.py
[2025-10-30T21:46:02.816-0700] {processor.py:830} INFO - Processing file /usr/local/lib/python3.10/dist-packages/airflow/example_dags/plugins/decreasing_priority_weight_strategy.py for tasks to queue
[2025-10-30T21:46:02.821-0700] {logging_mixin.py:188} INFO - [2025-10-30T21:46:02.820-0700] {dagbag.py:545} INFO - Filling up the DagBag from /usr/local/lib/python3.10/dist-packages/airflow/example_dags/plugins/decreasing_priority_weight_strategy.py
[2025-10-30T21:46:02.824-0700] {processor.py:842} WARNING - No viable dags retrieved from /usr/local/lib/python3.10/dist-packages/airflow/example_dags/plugins/decreasing_priority_weight_strategy.py
[2025-10-30T21:46:02.859-0700] {processor.py:183} INFO - Processing /usr/local/lib/python3.10/dist-packages/airflow/example_dags/plugins/decreasing_priority_weight_strategy.py took 0.052 seconds
[2025-10-30T21:47:29.603-0700] {processor.py:161} INFO - Started process (PID=3250) to work on /usr/local/lib/python3.10/dist-packages/airflow/example_dags/plugins/decreasing_priority_weight_strategy.py
[2025-10-30T21:47:29.605-0700] {processor.py:830} INFO - Processing file /usr/local/lib/python3.10/dist-packages/airflow/example_dags/plugins/decreasing_priority_weight_strategy.py for tasks to queue
[2025-10-30T21:47:29.608-0700] {logging_mixin.py:188} INFO - [2025-10-30T21:47:29.607-0700] {dagbag.py:545} INFO - Filling up the DagBag from /usr/local/lib/python3.10/dist-packages/airflow/example_dags/plugins/decreasing_priority_weight_strategy.py
[2025-10-30T21:47:29.610-0700] {processor.py:842} WARNING - No viable dags retrieved from /usr/local/lib/python3.10/dist-packages/airflow/example_dags/plugins/decreasing_priority_weight_strategy.py
[2025-10-30T21:47:29.652-0700] {processor.py:183} INFO - Processing /usr/local/lib/python3.10/dist-packages/airflow/example_dags/plugins/decreasing_priority_weight_strategy.py took 0.056 seconds
[2025-10-30T21:50:36.561-0700] {processor.py:161} INFO - Started process (PID=3643) to work on /usr/local/lib/python3.10/dist-packages/airflow/example_dags/plugins/decreasing_priority_weight_strategy.py
[2025-10-30T21:50:36.563-0700] {processor.py:830} INFO - Processing file /usr/local/lib/python3.10/dist-packages/airflow/example_dags/plugins/decreasing_priority_weight_strategy.py for tasks to queue
[2025-10-30T21:50:36.567-0700] {logging_mixin.py:188} INFO - [2025-10-30T21:50:36.566-0700] {dagbag.py:545} INFO - Filling up the DagBag from /usr/local/lib/python3.10/dist-packages/airflow/example_dags/plugins/decreasing_priority_weight_strategy.py
[2025-10-30T21:50:36.570-0700] {processor.py:842} WARNING - No viable dags retrieved from /usr/local/lib/python3.10/dist-packages/airflow/example_dags/plugins/decreasing_priority_weight_strategy.py
[2025-10-30T21:50:36.605-0700] {processor.py:183} INFO - Processing /usr/local/lib/python3.10/dist-packages/airflow/example_dags/plugins/decreasing_priority_weight_strategy.py took 0.053 seconds
[2025-10-30T21:52:02.456-0700] {processor.py:161} INFO - Started process (PID=3720) to work on /usr/local/lib/python3.10/dist-packages/airflow/example_dags/plugins/decreasing_priority_weight_strategy.py
[2025-10-30T21:52:02.459-0700] {processor.py:830} INFO - Processing file /usr/local/lib/python3.10/dist-packages/airflow/example_dags/plugins/decreasing_priority_weight_strategy.py for tasks to queue
[2025-10-30T21:52:02.464-0700] {logging_mixin.py:188} INFO - [2025-10-30T21:52:02.463-0700] {dagbag.py:545} INFO - Filling up the DagBag from /usr/local/lib/python3.10/dist-packages/airflow/example_dags/plugins/decreasing_priority_weight_strategy.py
[2025-10-30T21:52:02.471-0700] {processor.py:842} WARNING - No viable dags retrieved from /usr/local/lib/python3.10/dist-packages/airflow/example_dags/plugins/decreasing_priority_weight_strategy.py
[2025-10-30T21:52:02.524-0700] {processor.py:183} INFO - Processing /usr/local/lib/python3.10/dist-packages/airflow/example_dags/plugins/decreasing_priority_weight_strategy.py took 0.084 seconds
[2025-10-30T21:53:30.626-0700] {processor.py:161} INFO - Started process (PID=3798) to work on /usr/local/lib/python3.10/dist-packages/airflow/example_dags/plugins/decreasing_priority_weight_strategy.py
[2025-10-30T21:53:30.628-0700] {processor.py:830} INFO - Processing file /usr/local/lib/python3.10/dist-packages/airflow/example_dags/plugins/decreasing_priority_weight_strategy.py for tasks to queue
[2025-10-30T21:53:30.631-0700] {logging_mixin.py:188} INFO - [2025-10-30T21:53:30.631-0700] {dagbag.py:545} INFO - Filling up the DagBag from /usr/local/lib/python3.10/dist-packages/airflow/example_dags/plugins/decreasing_priority_weight_strategy.py
[2025-10-30T21:53:30.636-0700] {processor.py:842} WARNING - No viable dags retrieved from /usr/local/lib/python3.10/dist-packages/airflow/example_dags/plugins/decreasing_priority_weight_strategy.py
[2025-10-30T21:53:30.673-0700] {processor.py:183} INFO - Processing /usr/local/lib/python3.10/dist-packages/airflow/example_dags/plugins/decreasing_priority_weight_strategy.py took 0.057 seconds
[2025-10-30T21:55:52.013-0700] {processor.py:161} INFO - Started process (PID=4020) to work on /usr/local/lib/python3.10/dist-packages/airflow/example_dags/plugins/decreasing_priority_weight_strategy.py
[2025-10-30T21:55:52.016-0700] {processor.py:830} INFO - Processing file /usr/local/lib/python3.10/dist-packages/airflow/example_dags/plugins/decreasing_priority_weight_strategy.py for tasks to queue
[2025-10-30T21:55:52.020-0700] {logging_mixin.py:188} INFO - [2025-10-30T21:55:52.020-0700] {dagbag.py:545} INFO - Filling up the DagBag from /usr/local/lib/python3.10/dist-packages/airflow/example_dags/plugins/decreasing_priority_weight_strategy.py
[2025-10-30T21:55:52.024-0700] {processor.py:842} WARNING - No viable dags retrieved from /usr/local/lib/python3.10/dist-packages/airflow/example_dags/plugins/decreasing_priority_weight_strategy.py
[2025-10-30T21:55:52.063-0700] {processor.py:183} INFO - Processing /usr/local/lib/python3.10/dist-packages/airflow/example_dags/plugins/decreasing_priority_weight_strategy.py took 0.060 seconds
[2025-10-30T21:57:19.323-0700] {processor.py:161} INFO - Started process (PID=4097) to work on /usr/local/lib/python3.10/dist-packages/airflow/example_dags/plugins/decreasing_priority_weight_strategy.py
[2025-10-30T21:57:19.325-0700] {processor.py:830} INFO - Processing file /usr/local/lib/python3.10/dist-packages/airflow/example_dags/plugins/decreasing_priority_weight_strategy.py for tasks to queue
[2025-10-30T21:57:19.329-0700] {logging_mixin.py:188} INFO - [2025-10-30T21:57:19.328-0700] {dagbag.py:545} INFO - Filling up the DagBag from /usr/local/lib/python3.10/dist-packages/airflow/example_dags/plugins/decreasing_priority_weight_strategy.py
[2025-10-30T21:57:19.332-0700] {processor.py:842} WARNING - No viable dags retrieved from /usr/local/lib/python3.10/dist-packages/airflow/example_dags/plugins/decreasing_priority_weight_strategy.py
[2025-10-30T21:57:19.371-0700] {processor.py:183} INFO - Processing /usr/local/lib/python3.10/dist-packages/airflow/example_dags/plugins/decreasing_priority_weight_strategy.py took 0.061 seconds
[2025-10-30T21:58:41.722-0700] {processor.py:161} INFO - Started process (PID=4173) to work on /usr/local/lib/python3.10/dist-packages/airflow/example_dags/plugins/decreasing_priority_weight_strategy.py
[2025-10-30T21:58:41.724-0700] {processor.py:830} INFO - Processing file /usr/local/lib/python3.10/dist-packages/airflow/example_dags/plugins/decreasing_priority_weight_strategy.py for tasks to queue
[2025-10-30T21:58:41.726-0700] {logging_mixin.py:188} INFO - [2025-10-30T21:58:41.726-0700] {dagbag.py:545} INFO - Filling up the DagBag from /usr/local/lib/python3.10/dist-packages/airflow/example_dags/plugins/decreasing_priority_weight_strategy.py
[2025-10-30T21:58:41.729-0700] {processor.py:842} WARNING - No viable dags retrieved from /usr/local/lib/python3.10/dist-packages/airflow/example_dags/plugins/decreasing_priority_weight_strategy.py
[2025-10-30T21:58:41.772-0700] {processor.py:183} INFO - Processing /usr/local/lib/python3.10/dist-packages/airflow/example_dags/plugins/decreasing_priority_weight_strategy.py took 0.057 seconds
[2025-10-30T22:00:04.709-0700] {processor.py:161} INFO - Started process (PID=4249) to work on /usr/local/lib/python3.10/dist-packages/airflow/example_dags/plugins/decreasing_priority_weight_strategy.py
[2025-10-30T22:00:04.712-0700] {processor.py:830} INFO - Processing file /usr/local/lib/python3.10/dist-packages/airflow/example_dags/plugins/decreasing_priority_weight_strategy.py for tasks to queue
[2025-10-30T22:00:04.716-0700] {logging_mixin.py:188} INFO - [2025-10-30T22:00:04.715-0700] {dagbag.py:545} INFO - Filling up the DagBag from /usr/local/lib/python3.10/dist-packages/airflow/example_dags/plugins/decreasing_priority_weight_strategy.py
[2025-10-30T22:00:04.721-0700] {processor.py:842} WARNING - No viable dags retrieved from /usr/local/lib/python3.10/dist-packages/airflow/example_dags/plugins/decreasing_priority_weight_strategy.py
[2025-10-30T22:00:04.765-0700] {processor.py:183} INFO - Processing /usr/local/lib/python3.10/dist-packages/airflow/example_dags/plugins/decreasing_priority_weight_strategy.py took 0.069 seconds
[2025-10-30T22:01:27.865-0700] {processor.py:161} INFO - Started process (PID=4325) to work on /usr/local/lib/python3.10/dist-packages/airflow/example_dags/plugins/decreasing_priority_weight_strategy.py
[2025-10-30T22:01:27.869-0700] {processor.py:830} INFO - Processing file /usr/local/lib/python3.10/dist-packages/airflow/example_dags/plugins/decreasing_priority_weight_strategy.py for tasks to queue
[2025-10-30T22:01:27.874-0700] {logging_mixin.py:188} INFO - [2025-10-30T22:01:27.872-0700] {dagbag.py:545} INFO - Filling up the DagBag from /usr/local/lib/python3.10/dist-packages/airflow/example_dags/plugins/decreasing_priority_weight_strategy.py
[2025-10-30T22:01:27.878-0700] {processor.py:842} WARNING - No viable dags retrieved from /usr/local/lib/python3.10/dist-packages/airflow/example_dags/plugins/decreasing_priority_weight_strategy.py
[2025-10-30T22:01:27.916-0700] {processor.py:183} INFO - Processing /usr/local/lib/python3.10/dist-packages/airflow/example_dags/plugins/decreasing_priority_weight_strategy.py took 0.062 seconds
[2025-10-30T22:02:50.285-0700] {processor.py:161} INFO - Started process (PID=4401) to work on /usr/local/lib/python3.10/dist-packages/airflow/example_dags/plugins/decreasing_priority_weight_strategy.py
[2025-10-30T22:02:50.288-0700] {processor.py:830} INFO - Processing file /usr/local/lib/python3.10/dist-packages/airflow/example_dags/plugins/decreasing_priority_weight_strategy.py for tasks to queue
[2025-10-30T22:02:50.291-0700] {logging_mixin.py:188} INFO - [2025-10-30T22:02:50.291-0700] {dagbag.py:545} INFO - Filling up the DagBag from /usr/local/lib/python3.10/dist-packages/airflow/example_dags/plugins/decreasing_priority_weight_strategy.py
[2025-10-30T22:02:50.295-0700] {processor.py:842} WARNING - No viable dags retrieved from /usr/local/lib/python3.10/dist-packages/airflow/example_dags/plugins/decreasing_priority_weight_strategy.py
[2025-10-30T22:02:50.350-0700] {processor.py:183} INFO - Processing /usr/local/lib/python3.10/dist-packages/airflow/example_dags/plugins/decreasing_priority_weight_strategy.py took 0.077 seconds
[2025-10-30T22:04:23.111-0700] {processor.py:161} INFO - Started process (PID=4480) to work on /usr/local/lib/python3.10/dist-packages/airflow/example_dags/plugins/decreasing_priority_weight_strategy.py
[2025-10-30T22:04:23.113-0700] {processor.py:830} INFO - Processing file /usr/local/lib/python3.10/dist-packages/airflow/example_dags/plugins/decreasing_priority_weight_strategy.py for tasks to queue
[2025-10-30T22:04:23.116-0700] {logging_mixin.py:188} INFO - [2025-10-30T22:04:23.116-0700] {dagbag.py:545} INFO - Filling up the DagBag from /usr/local/lib/python3.10/dist-packages/airflow/example_dags/plugins/decreasing_priority_weight_strategy.py
[2025-10-30T22:04:23.119-0700] {processor.py:842} WARNING - No viable dags retrieved from /usr/local/lib/python3.10/dist-packages/airflow/example_dags/plugins/decreasing_priority_weight_strategy.py
[2025-10-30T22:04:23.164-0700] {processor.py:183} INFO - Processing /usr/local/lib/python3.10/dist-packages/airflow/example_dags/plugins/decreasing_priority_weight_strategy.py took 0.060 seconds
