[2025-10-30T21:53:35.330-0700] {local_task_job_runner.py:120} INFO - ::group::Pre task execution logs
[2025-10-30T21:53:35.374-0700] {taskinstance.py:2076} INFO - Dependencies all met for dep_context=non-requeueable deps ti=<TaskInstance: x_market_etl_dag.fetch_tweets manual__2025-10-31T04:53:29.538876+00:00 [queued]>
[2025-10-30T21:53:35.393-0700] {taskinstance.py:2076} INFO - Dependencies all met for dep_context=requeueable deps ti=<TaskInstance: x_market_etl_dag.fetch_tweets manual__2025-10-31T04:53:29.538876+00:00 [queued]>
[2025-10-30T21:53:35.393-0700] {taskinstance.py:2306} INFO - Starting attempt 1 of 2
[2025-10-30T21:53:35.454-0700] {taskinstance.py:2330} INFO - Executing <Task(BashOperator): fetch_tweets> on 2025-10-31 04:53:29.538876+00:00
[2025-10-30T21:53:35.462-0700] {standard_task_runner.py:64} INFO - Started process 3808 to run task
[2025-10-30T21:53:35.473-0700] {standard_task_runner.py:90} INFO - Running: ['airflow', 'tasks', 'run', 'x_market_etl_dag', 'fetch_tweets', 'manual__2025-10-31T04:53:29.538876+00:00', '--job-id', '13', '--raw', '--subdir', 'DAGS_FOLDER/x_market_etl_dag.py', '--cfg-path', '/tmp/tmp2bejydjz']
[2025-10-30T21:53:35.479-0700] {standard_task_runner.py:91} INFO - Job 13: Subtask fetch_tweets
[2025-10-30T21:53:35.663-0700] {task_command.py:426} INFO - Running <TaskInstance: x_market_etl_dag.fetch_tweets manual__2025-10-31T04:53:29.538876+00:00 [running]> on host MY-PC.localdomain
[2025-10-30T21:53:35.935-0700] {taskinstance.py:2648} INFO - Exporting env vars: AIRFLOW_CTX_DAG_OWNER='vishn' AIRFLOW_CTX_DAG_ID='x_market_etl_dag' AIRFLOW_CTX_TASK_ID='fetch_tweets' AIRFLOW_CTX_EXECUTION_DATE='2025-10-31T04:53:29.538876+00:00' AIRFLOW_CTX_TRY_NUMBER='1' AIRFLOW_CTX_DAG_RUN_ID='manual__2025-10-31T04:53:29.538876+00:00'
[2025-10-30T21:53:35.939-0700] {taskinstance.py:430} INFO - ::endgroup::
[2025-10-30T21:53:35.940-0700] {subprocess.py:63} INFO - Tmp dir root location: /tmp
[2025-10-30T21:53:35.948-0700] {subprocess.py:75} INFO - Running command: ['/usr/bin/bash', '-c', "python '/mnt/c/Users/vishn/Downloads/Shift/Programming/code+lab/X_Market_Analysis/scripts/fetch_tweets.py'"]
[2025-10-30T21:53:35.964-0700] {subprocess.py:86} INFO - Output:
[2025-10-30T21:53:37.669-0700] {subprocess.py:93} INFO - [2025-10-30 21:53:37] 🔍 Querying Twitter: fed rate cut lang:en -is:retweet
[2025-10-30T21:53:37.672-0700] {subprocess.py:93} INFO - ⚠️ Twitter API error: 429 Too Many Requests
[2025-10-30T21:53:37.674-0700] {subprocess.py:93} INFO - Usage cap exceeded: Monthly product cap
[2025-10-30T21:53:37.676-0700] {subprocess.py:93} INFO - ⏭️ Skipping fetch_tweets task gracefully (API quota limit reached).
[2025-10-30T21:53:37.817-0700] {subprocess.py:97} INFO - Command exited with return code 0
[2025-10-30T21:53:37.820-0700] {taskinstance.py:441} INFO - ::group::Post task execution logs
[2025-10-30T21:53:37.917-0700] {taskinstance.py:1206} INFO - Marking task as SUCCESS. dag_id=x_market_etl_dag, task_id=fetch_tweets, run_id=manual__2025-10-31T04:53:29.538876+00:00, execution_date=20251031T045329, start_date=20251031T045335, end_date=20251031T045337
[2025-10-30T21:53:38.020-0700] {local_task_job_runner.py:243} INFO - Task exited with return code 0
[2025-10-30T21:53:38.084-0700] {taskinstance.py:3503} INFO - 1 downstream tasks scheduled from follow-on schedule check
[2025-10-30T21:53:38.106-0700] {local_task_job_runner.py:222} INFO - ::endgroup::
