[2025-10-30T21:45:10.384-0700] {local_task_job_runner.py:120} INFO - ::group::Pre task execution logs
[2025-10-30T21:45:10.431-0700] {taskinstance.py:2076} INFO - Dependencies all met for dep_context=non-requeueable deps ti=<TaskInstance: x_market_etl_dag.fetch_tweets manual__2025-10-31T04:45:04.360434+00:00 [queued]>
[2025-10-30T21:45:10.453-0700] {taskinstance.py:2076} INFO - Dependencies all met for dep_context=requeueable deps ti=<TaskInstance: x_market_etl_dag.fetch_tweets manual__2025-10-31T04:45:04.360434+00:00 [queued]>
[2025-10-30T21:45:10.454-0700] {taskinstance.py:2306} INFO - Starting attempt 1 of 2
[2025-10-30T21:45:10.512-0700] {taskinstance.py:2330} INFO - Executing <Task(BashOperator): fetch_tweets> on 2025-10-31 04:45:04.360434+00:00
[2025-10-30T21:45:10.520-0700] {standard_task_runner.py:64} INFO - Started process 3116 to run task
[2025-10-30T21:45:10.525-0700] {standard_task_runner.py:90} INFO - Running: ['airflow', 'tasks', 'run', 'x_market_etl_dag', 'fetch_tweets', 'manual__2025-10-31T04:45:04.360434+00:00', '--job-id', '7', '--raw', '--subdir', 'DAGS_FOLDER/x_market_etl_dag.py', '--cfg-path', '/tmp/tmpkhqeotos']
[2025-10-30T21:45:10.529-0700] {standard_task_runner.py:91} INFO - Job 7: Subtask fetch_tweets
[2025-10-30T21:45:10.697-0700] {task_command.py:426} INFO - Running <TaskInstance: x_market_etl_dag.fetch_tweets manual__2025-10-31T04:45:04.360434+00:00 [running]> on host MY-PC.localdomain
[2025-10-30T21:45:10.936-0700] {taskinstance.py:2648} INFO - Exporting env vars: AIRFLOW_CTX_DAG_OWNER='vishn' AIRFLOW_CTX_DAG_ID='x_market_etl_dag' AIRFLOW_CTX_TASK_ID='fetch_tweets' AIRFLOW_CTX_EXECUTION_DATE='2025-10-31T04:45:04.360434+00:00' AIRFLOW_CTX_TRY_NUMBER='1' AIRFLOW_CTX_DAG_RUN_ID='manual__2025-10-31T04:45:04.360434+00:00'
[2025-10-30T21:45:10.939-0700] {taskinstance.py:430} INFO - ::endgroup::
[2025-10-30T21:45:10.940-0700] {subprocess.py:63} INFO - Tmp dir root location: /tmp
[2025-10-30T21:45:10.943-0700] {subprocess.py:75} INFO - Running command: ['/usr/bin/bash', '-c', "python '/mnt/c/Users/vishn/Downloads/Shift/Programming/code+lab/X_Market_Analysis/scripts/fetch_tweets.py'"]
[2025-10-30T21:45:10.953-0700] {subprocess.py:86} INFO - Output:
[2025-10-30T21:45:12.493-0700] {subprocess.py:93} INFO - [2025-10-30 21:45:12] 🔍 Querying Twitter: fed rate cut lang:en -is:retweet
[2025-10-30T21:45:12.495-0700] {subprocess.py:93} INFO - [2025-10-30 21:45:12] ❌ Twitter API error: 429 Too Many Requests
[2025-10-30T21:45:12.497-0700] {subprocess.py:93} INFO - Too Many Requests
[2025-10-30T21:45:12.637-0700] {subprocess.py:97} INFO - Command exited with return code 1
[2025-10-30T21:45:12.639-0700] {taskinstance.py:441} INFO - ::group::Post task execution logs
[2025-10-30T21:45:12.659-0700] {taskinstance.py:2905} ERROR - Task failed with exception
Traceback (most recent call last):
  File "/usr/local/lib/python3.10/dist-packages/airflow/models/taskinstance.py", line 465, in _execute_task
    result = _execute_callable(context=context, **execute_callable_kwargs)
  File "/usr/local/lib/python3.10/dist-packages/airflow/models/taskinstance.py", line 432, in _execute_callable
    return execute_callable(context=context, **execute_callable_kwargs)
  File "/usr/local/lib/python3.10/dist-packages/airflow/models/baseoperator.py", line 401, in wrapper
    return func(self, *args, **kwargs)
  File "/usr/local/lib/python3.10/dist-packages/airflow/operators/bash.py", line 243, in execute
    raise AirflowException(
airflow.exceptions.AirflowException: Bash command failed. The command returned a non-zero exit code 1.
[2025-10-30T21:45:12.666-0700] {taskinstance.py:1206} INFO - Marking task as UP_FOR_RETRY. dag_id=x_market_etl_dag, task_id=fetch_tweets, run_id=manual__2025-10-31T04:45:04.360434+00:00, execution_date=20251031T044504, start_date=20251031T044510, end_date=20251031T044512
[2025-10-30T21:45:12.727-0700] {standard_task_runner.py:110} ERROR - Failed to execute job 7 for task fetch_tweets (Bash command failed. The command returned a non-zero exit code 1.; 3116)
[2025-10-30T21:45:12.755-0700] {local_task_job_runner.py:243} INFO - Task exited with return code 1
[2025-10-30T21:45:12.797-0700] {taskinstance.py:3503} INFO - 0 downstream tasks scheduled from follow-on schedule check
[2025-10-30T21:45:12.799-0700] {local_task_job_runner.py:222} INFO - ::endgroup::
