[2025-10-30T21:48:16.798-0700] {local_task_job_runner.py:120} INFO - ::group::Pre task execution logs
[2025-10-30T21:48:16.840-0700] {taskinstance.py:2076} INFO - Dependencies all met for dep_context=non-requeueable deps ti=<TaskInstance: x_market_etl_dag.fetch_tweets manual__2025-10-31T04:45:04.360434+00:00 [queued]>
[2025-10-30T21:48:16.864-0700] {taskinstance.py:2076} INFO - Dependencies all met for dep_context=requeueable deps ti=<TaskInstance: x_market_etl_dag.fetch_tweets manual__2025-10-31T04:45:04.360434+00:00 [queued]>
[2025-10-30T21:48:16.865-0700] {taskinstance.py:2306} INFO - Starting attempt 2 of 2
[2025-10-30T21:48:16.939-0700] {taskinstance.py:2330} INFO - Executing <Task(BashOperator): fetch_tweets> on 2025-10-31 04:45:04.360434+00:00
[2025-10-30T21:48:16.947-0700] {standard_task_runner.py:64} INFO - Started process 3432 to run task
[2025-10-30T21:48:16.953-0700] {standard_task_runner.py:90} INFO - Running: ['airflow', 'tasks', 'run', 'x_market_etl_dag', 'fetch_tweets', 'manual__2025-10-31T04:45:04.360434+00:00', '--job-id', '8', '--raw', '--subdir', 'DAGS_FOLDER/x_market_etl_dag.py', '--cfg-path', '/tmp/tmpwkk7dxzr']
[2025-10-30T21:48:16.957-0700] {standard_task_runner.py:91} INFO - Job 8: Subtask fetch_tweets
[2025-10-30T21:48:17.157-0700] {task_command.py:426} INFO - Running <TaskInstance: x_market_etl_dag.fetch_tweets manual__2025-10-31T04:45:04.360434+00:00 [running]> on host MY-PC.localdomain
[2025-10-30T21:48:17.356-0700] {taskinstance.py:2648} INFO - Exporting env vars: AIRFLOW_CTX_DAG_OWNER='vishn' AIRFLOW_CTX_DAG_ID='x_market_etl_dag' AIRFLOW_CTX_TASK_ID='fetch_tweets' AIRFLOW_CTX_EXECUTION_DATE='2025-10-31T04:45:04.360434+00:00' AIRFLOW_CTX_TRY_NUMBER='2' AIRFLOW_CTX_DAG_RUN_ID='manual__2025-10-31T04:45:04.360434+00:00'
[2025-10-30T21:48:17.360-0700] {taskinstance.py:430} INFO - ::endgroup::
[2025-10-30T21:48:17.362-0700] {subprocess.py:63} INFO - Tmp dir root location: /tmp
[2025-10-30T21:48:17.367-0700] {subprocess.py:75} INFO - Running command: ['/usr/bin/bash', '-c', "python '/mnt/c/Users/vishn/Downloads/Shift/Programming/code+lab/X_Market_Analysis/scripts/fetch_tweets.py'"]
[2025-10-30T21:48:17.382-0700] {subprocess.py:86} INFO - Output:
[2025-10-30T21:48:18.784-0700] {subprocess.py:93} INFO - [2025-10-30 21:48:18] 🔍 Querying Twitter: fed rate cut lang:en -is:retweet
[2025-10-30T21:48:18.786-0700] {subprocess.py:93} INFO - [2025-10-30 21:48:18] ❌ Twitter API error: 429 Too Many Requests
[2025-10-30T21:48:18.787-0700] {subprocess.py:93} INFO - Too Many Requests
[2025-10-30T21:48:18.911-0700] {subprocess.py:97} INFO - Command exited with return code 1
[2025-10-30T21:48:18.912-0700] {taskinstance.py:441} INFO - ::group::Post task execution logs
[2025-10-30T21:48:18.943-0700] {taskinstance.py:2905} ERROR - Task failed with exception
Traceback (most recent call last):
  File "/usr/local/lib/python3.10/dist-packages/airflow/models/taskinstance.py", line 465, in _execute_task
    result = _execute_callable(context=context, **execute_callable_kwargs)
  File "/usr/local/lib/python3.10/dist-packages/airflow/models/taskinstance.py", line 432, in _execute_callable
    return execute_callable(context=context, **execute_callable_kwargs)
  File "/usr/local/lib/python3.10/dist-packages/airflow/models/baseoperator.py", line 401, in wrapper
    return func(self, *args, **kwargs)
  File "/usr/local/lib/python3.10/dist-packages/airflow/operators/bash.py", line 243, in execute
    raise AirflowException(
airflow.exceptions.AirflowException: Bash command failed. The command returned a non-zero exit code 1.
[2025-10-30T21:48:18.952-0700] {taskinstance.py:1206} INFO - Marking task as FAILED. dag_id=x_market_etl_dag, task_id=fetch_tweets, run_id=manual__2025-10-31T04:45:04.360434+00:00, execution_date=20251031T044504, start_date=20251031T044816, end_date=20251031T044818
[2025-10-30T21:48:19.015-0700] {standard_task_runner.py:110} ERROR - Failed to execute job 8 for task fetch_tweets (Bash command failed. The command returned a non-zero exit code 1.; 3432)
[2025-10-30T21:48:19.061-0700] {local_task_job_runner.py:243} INFO - Task exited with return code 1
[2025-10-30T21:48:19.098-0700] {taskinstance.py:3503} INFO - 0 downstream tasks scheduled from follow-on schedule check
[2025-10-30T21:48:19.153-0700] {local_task_job_runner.py:222} INFO - ::endgroup::
