[2025-10-30T21:48:51.100-0700] {local_task_job_runner.py:120} INFO - ::group::Pre task execution logs
[2025-10-30T21:48:51.155-0700] {taskinstance.py:2076} INFO - Dependencies all met for dep_context=non-requeueable deps ti=<TaskInstance: x_market_etl_dag.textblob_sentiment manual__2025-10-31T04:45:04.360434+00:00 [queued]>
[2025-10-30T21:48:51.184-0700] {taskinstance.py:2076} INFO - Dependencies all met for dep_context=requeueable deps ti=<TaskInstance: x_market_etl_dag.textblob_sentiment manual__2025-10-31T04:45:04.360434+00:00 [queued]>
[2025-10-30T21:48:51.185-0700] {taskinstance.py:2306} INFO - Starting attempt 1 of 2
[2025-10-30T21:48:51.248-0700] {taskinstance.py:2330} INFO - Executing <Task(BashOperator): textblob_sentiment> on 2025-10-31 04:45:04.360434+00:00
[2025-10-30T21:48:51.255-0700] {standard_task_runner.py:64} INFO - Started process 3485 to run task
[2025-10-30T21:48:51.262-0700] {standard_task_runner.py:90} INFO - Running: ['airflow', 'tasks', 'run', 'x_market_etl_dag', 'textblob_sentiment', 'manual__2025-10-31T04:45:04.360434+00:00', '--job-id', '9', '--raw', '--subdir', 'DAGS_FOLDER/x_market_etl_dag.py', '--cfg-path', '/tmp/tmpns595wnh']
[2025-10-30T21:48:51.266-0700] {standard_task_runner.py:91} INFO - Job 9: Subtask textblob_sentiment
[2025-10-30T21:48:51.440-0700] {task_command.py:426} INFO - Running <TaskInstance: x_market_etl_dag.textblob_sentiment manual__2025-10-31T04:45:04.360434+00:00 [running]> on host MY-PC.localdomain
[2025-10-30T21:48:51.675-0700] {taskinstance.py:2648} INFO - Exporting env vars: AIRFLOW_CTX_DAG_OWNER='vishn' AIRFLOW_CTX_DAG_ID='x_market_etl_dag' AIRFLOW_CTX_TASK_ID='textblob_sentiment' AIRFLOW_CTX_EXECUTION_DATE='2025-10-31T04:45:04.360434+00:00' AIRFLOW_CTX_TRY_NUMBER='1' AIRFLOW_CTX_DAG_RUN_ID='manual__2025-10-31T04:45:04.360434+00:00'
[2025-10-30T21:48:51.679-0700] {taskinstance.py:430} INFO - ::endgroup::
[2025-10-30T21:48:51.680-0700] {subprocess.py:63} INFO - Tmp dir root location: /tmp
[2025-10-30T21:48:51.682-0700] {subprocess.py:75} INFO - Running command: ['/usr/bin/bash', '-c', "python '/mnt/c/Users/vishn/Downloads/Shift/Programming/code+lab/X_Market_Analysis/scripts/textblob_sentiment.py'"]
[2025-10-30T21:48:51.695-0700] {subprocess.py:86} INFO - Output:
[2025-10-30T21:48:54.542-0700] {subprocess.py:93} INFO - 🌐 Running in WSL — using Windows host IP: 172.23.240.1
[2025-10-30T21:48:54.544-0700] {subprocess.py:93} INFO - 🔗 Connected to PostgreSQL at 172.23.240.1:5432
[2025-10-30T21:48:54.545-0700] {subprocess.py:93} INFO - 📂 Loaded 100 tweets from /mnt/c/Users/vishn/Downloads/Shift/Programming/code+lab/X_Market_Analysis/fed_sentiment_tweets.csv
[2025-10-30T21:48:54.545-0700] {subprocess.py:93} INFO - 🧮 Found 210 existing analyzed tweets.
[2025-10-30T21:48:54.546-0700] {subprocess.py:93} INFO - ✅ No new tweets to analyze.
[2025-10-30T21:48:54.761-0700] {subprocess.py:97} INFO - Command exited with return code 0
[2025-10-30T21:48:54.764-0700] {taskinstance.py:441} INFO - ::group::Post task execution logs
[2025-10-30T21:48:54.873-0700] {taskinstance.py:1206} INFO - Marking task as SUCCESS. dag_id=x_market_etl_dag, task_id=textblob_sentiment, run_id=manual__2025-10-31T04:45:04.360434+00:00, execution_date=20251031T044504, start_date=20251031T044851, end_date=20251031T044854
[2025-10-30T21:48:55.017-0700] {local_task_job_runner.py:243} INFO - Task exited with return code 0
[2025-10-30T21:48:55.115-0700] {taskinstance.py:3503} INFO - 1 downstream tasks scheduled from follow-on schedule check
[2025-10-30T21:48:55.149-0700] {local_task_job_runner.py:222} INFO - ::endgroup::
